ARM GAS  C:\Users\Abude\AppData\Local\Temp\cc0BqqrX.s 			page 1


   1              		.syntax unified
   2              		.cpu cortex-m3
   3              		.fpu softvfp
   4              		.eabi_attribute 20, 1
   5              		.eabi_attribute 21, 1
   6              		.eabi_attribute 23, 3
   7              		.eabi_attribute 24, 1
   8              		.eabi_attribute 25, 1
   9              		.eabi_attribute 26, 1
  10              		.eabi_attribute 30, 1
  11              		.eabi_attribute 34, 1
  12              		.eabi_attribute 18, 4
  13              		.thumb
  14              		.syntax unified
  15              		.file	"cymetadata.c"
  16              		.text
  17              	.Ltext0:
  18              		.cfi_sections	.debug_frame
  19              		.global	cy_metadata
  20              		.global	cy_meta_flashprotect
  21              		.global	cy_meta_wonvl
  22              		.global	cy_meta_custnvl
  23              		.global	cy_meta_configecc
  24              		.section	.cyconfigecc,"a",%progbits
  25              		.align	2
  26              		.type	cy_meta_configecc, %object
  27              		.size	cy_meta_configecc, 1968
  28              	cy_meta_configecc:
  29 0000 01       		.byte	1
  30 0001 45       		.byte	69
  31 0002 00       		.byte	0
  32 0003 40       		.byte	64
  33 0004 02       		.byte	2
  34 0005 52       		.byte	82
  35 0006 00       		.byte	0
  36 0007 40       		.byte	64
  37 0008 04       		.byte	4
  38 0009 64       		.byte	100
  39 000a 00       		.byte	0
  40 000b 40       		.byte	64
  41 000c 02       		.byte	2
  42 000d 65       		.byte	101
  43 000e 00       		.byte	0
  44 000f 40       		.byte	64
  45 0010 04       		.byte	4
  46 0011 00       		.byte	0
  47 0012 01       		.byte	1
  48 0013 40       		.byte	64
  49 0014 02       		.byte	2
  50 0015 01       		.byte	1
  51 0016 01       		.byte	1
  52 0017 40       		.byte	64
  53 0018 01       		.byte	1
  54 0019 03       		.byte	3
  55 001a 01       		.byte	1
  56 001b 40       		.byte	64
  57 001c 47       		.byte	71
ARM GAS  C:\Users\Abude\AppData\Local\Temp\cc0BqqrX.s 			page 2


  58 001d 08       		.byte	8
  59 001e 01       		.byte	1
  60 001f 40       		.byte	64
  61 0020 39       		.byte	57
  62 0021 09       		.byte	9
  63 0022 01       		.byte	1
  64 0023 40       		.byte	64
  65 0024 63       		.byte	99
  66 0025 0A       		.byte	10
  67 0026 01       		.byte	1
  68 0027 40       		.byte	64
  69 0028 3A       		.byte	58
  70 0029 0B       		.byte	11
  71 002a 01       		.byte	1
  72 002b 40       		.byte	64
  73 002c 18       		.byte	24
  74 002d 0C       		.byte	12
  75 002e 01       		.byte	1
  76 002f 40       		.byte	64
  77 0030 3A       		.byte	58
  78 0031 0D       		.byte	13
  79 0032 01       		.byte	1
  80 0033 40       		.byte	64
  81 0034 4F       		.byte	79
  82 0035 0E       		.byte	14
  83 0036 01       		.byte	1
  84 0037 40       		.byte	64
  85 0038 29       		.byte	41
  86 0039 0F       		.byte	15
  87 003a 01       		.byte	1
  88 003b 40       		.byte	64
  89 003c 4F       		.byte	79
  90 003d 18       		.byte	24
  91 003e 01       		.byte	1
  92 003f 40       		.byte	64
  93 0040 41       		.byte	65
  94 0041 19       		.byte	25
  95 0042 01       		.byte	1
  96 0043 40       		.byte	64
  97 0044 63       		.byte	99
  98 0045 1A       		.byte	26
  99 0046 01       		.byte	1
 100 0047 40       		.byte	64
 101 0048 42       		.byte	66
 102 0049 1B       		.byte	27
 103 004a 01       		.byte	1
 104 004b 40       		.byte	64
 105 004c 04       		.byte	4
 106 004d 40       		.byte	64
 107 004e 01       		.byte	1
 108 004f 40       		.byte	64
 109 0050 08       		.byte	8
 110 0051 45       		.byte	69
 111 0052 01       		.byte	1
 112 0053 40       		.byte	64
 113 0054 01       		.byte	1
 114 0055 46       		.byte	70
ARM GAS  C:\Users\Abude\AppData\Local\Temp\cc0BqqrX.s 			page 3


 115 0056 01       		.byte	1
 116 0057 40       		.byte	64
 117 0058 03       		.byte	3
 118 0059 47       		.byte	71
 119 005a 01       		.byte	1
 120 005b 40       		.byte	64
 121 005c 02       		.byte	2
 122 005d 4C       		.byte	76
 123 005e 01       		.byte	1
 124 005f 40       		.byte	64
 125 0060 0A       		.byte	10
 126 0061 4D       		.byte	77
 127 0062 01       		.byte	1
 128 0063 40       		.byte	64
 129 0064 05       		.byte	5
 130 0065 50       		.byte	80
 131 0066 01       		.byte	1
 132 0067 40       		.byte	64
 133 0068 01       		.byte	1
 134 0069 51       		.byte	81
 135 006a 01       		.byte	1
 136 006b 40       		.byte	64
 137 006c 15       		.byte	21
 138 006d 02       		.byte	2
 139 006e 10       		.byte	16
 140 006f 40       		.byte	64
 141 0070 11       		.byte	17
 142 0071 02       		.byte	2
 143 0072 89       		.byte	-119
 144 0073 0F       		.byte	15
 145 0074 8B       		.byte	-117
 146 0075 72       		.byte	114
 147 0076 8D       		.byte	-115
 148 0077 77       		.byte	119
 149 0078 8F       		.byte	-113
 150 0079 0D       		.byte	13
 151 007a 88       		.byte	-120
 152 007b 38       		.byte	56
 153 007c 89       		.byte	-119
 154 007d 0D       		.byte	13
 155 007e 39       		.byte	57
 156 007f 08       		.byte	8
 157 0080 3F       		.byte	63
 158 0081 04       		.byte	4
 159 0082 59       		.byte	89
 160 0083 04       		.byte	4
 161 0084 5F       		.byte	95
 162 0085 01       		.byte	1
 163 0086 22       		.byte	34
 164 0087 08       		.byte	8
 165 0088 E6       		.byte	-26
 166 0089 04       		.byte	4
 167 008a B2       		.byte	-78
 168 008b 08       		.byte	8
 169 008c 00       		.byte	0
 170 008d 03       		.byte	3
 171 008e 04       		.byte	4
ARM GAS  C:\Users\Abude\AppData\Local\Temp\cc0BqqrX.s 			page 4


 172 008f 0C       		.byte	12
 173 0090 08       		.byte	8
 174 0091 04       		.byte	4
 175 0092 0C       		.byte	12
 176 0093 08       		.byte	8
 177 0094 10       		.byte	16
 178 0095 0F       		.byte	15
 179 0096 15       		.byte	21
 180 0097 01       		.byte	1
 181 0098 16       		.byte	22
 182 0099 03       		.byte	3
 183 009a 18       		.byte	24
 184 009b 0C       		.byte	12
 185 009c 1A       		.byte	26
 186 009d 03       		.byte	3
 187 009e 1C       		.byte	28
 188 009f 02       		.byte	2
 189 00a0 20       		.byte	32
 190 00a1 03       		.byte	3
 191 00a2 22       		.byte	34
 192 00a3 0C       		.byte	12
 193 00a4 24       		.byte	36
 194 00a5 0F       		.byte	15
 195 00a6 25       		.byte	37
 196 00a7 01       		.byte	1
 197 00a8 29       		.byte	41
 198 00a9 01       		.byte	1
 199 00aa 2C       		.byte	44
 200 00ab 01       		.byte	1
 201 00ac 2D       		.byte	45
 202 00ad 01       		.byte	1
 203 00ae 30       		.byte	48
 204 00af 0F       		.byte	15
 205 00b0 31       		.byte	49
 206 00b1 01       		.byte	1
 207 00b2 3A       		.byte	58
 208 00b3 02       		.byte	2
 209 00b4 3F       		.byte	63
 210 00b5 01       		.byte	1
 211 00b6 58       		.byte	88
 212 00b7 04       		.byte	4
 213 00b8 59       		.byte	89
 214 00b9 04       		.byte	4
 215 00ba 5C       		.byte	92
 216 00bb 01       		.byte	1
 217 00bc 5F       		.byte	95
 218 00bd 01       		.byte	1
 219 00be 80       		.byte	-128
 220 00bf 01       		.byte	1
 221 00c0 85       		.byte	-123
 222 00c1 28       		.byte	40
 223 00c2 86       		.byte	-122
 224 00c3 02       		.byte	2
 225 00c4 89       		.byte	-119
 226 00c5 12       		.byte	18
 227 00c6 8B       		.byte	-117
 228 00c7 20       		.byte	32
ARM GAS  C:\Users\Abude\AppData\Local\Temp\cc0BqqrX.s 			page 5


 229 00c8 8C       		.byte	-116
 230 00c9 02       		.byte	2
 231 00ca 95       		.byte	-107
 232 00cb 01       		.byte	1
 233 00cc 99       		.byte	-103
 234 00cd 20       		.byte	32
 235 00ce 9C       		.byte	-100
 236 00cf 02       		.byte	2
 237 00d0 9F       		.byte	-97
 238 00d1 06       		.byte	6
 239 00d2 A1       		.byte	-95
 240 00d3 18       		.byte	24
 241 00d4 A2       		.byte	-94
 242 00d5 02       		.byte	2
 243 00d6 A3       		.byte	-93
 244 00d7 22       		.byte	34
 245 00d8 A5       		.byte	-91
 246 00d9 38       		.byte	56
 247 00da A7       		.byte	-89
 248 00db 04       		.byte	4
 249 00dc AA       		.byte	-86
 250 00dd 02       		.byte	2
 251 00de AD       		.byte	-83
 252 00df 20       		.byte	32
 253 00e0 AF       		.byte	-81
 254 00e1 18       		.byte	24
 255 00e2 B0       		.byte	-80
 256 00e3 02       		.byte	2
 257 00e4 B2       		.byte	-78
 258 00e5 01       		.byte	1
 259 00e6 B3       		.byte	-77
 260 00e7 01       		.byte	1
 261 00e8 B7       		.byte	-73
 262 00e9 3E       		.byte	62
 263 00ea BE       		.byte	-66
 264 00eb 05       		.byte	5
 265 00ec BF       		.byte	-65
 266 00ed 04       		.byte	4
 267 00ee C0       		.byte	-64
 268 00ef 56       		.byte	86
 269 00f0 C1       		.byte	-63
 270 00f1 01       		.byte	1
 271 00f2 C5       		.byte	-59
 272 00f3 CE       		.byte	-50
 273 00f4 C7       		.byte	-57
 274 00f5 0B       		.byte	11
 275 00f6 C8       		.byte	-56
 276 00f7 13       		.byte	19
 277 00f8 C9       		.byte	-55
 278 00f9 FF       		.byte	-1
 279 00fa CA       		.byte	-54
 280 00fb FF       		.byte	-1
 281 00fc CB       		.byte	-53
 282 00fd FF       		.byte	-1
 283 00fe CE       		.byte	-50
 284 00ff F0       		.byte	-16
 285 0100 CF       		.byte	-49
ARM GAS  C:\Users\Abude\AppData\Local\Temp\cc0BqqrX.s 			page 6


 286 0101 44       		.byte	68
 287 0102 D0       		.byte	-48
 288 0103 0C       		.byte	12
 289 0104 D4       		.byte	-44
 290 0105 01       		.byte	1
 291 0106 D8       		.byte	-40
 292 0107 04       		.byte	4
 293 0108 D9       		.byte	-39
 294 0109 04       		.byte	4
 295 010a DA       		.byte	-38
 296 010b 04       		.byte	4
 297 010c DB       		.byte	-37
 298 010d 04       		.byte	4
 299 010e DC       		.byte	-36
 300 010f 10       		.byte	16
 301 0110 DD       		.byte	-35
 302 0111 11       		.byte	17
 303 0112 DF       		.byte	-33
 304 0113 01       		.byte	1
 305 0114 E6       		.byte	-26
 306 0115 C0       		.byte	-64
 307 0116 EA       		.byte	-22
 308 0117 40       		.byte	64
 309 0118 EB       		.byte	-21
 310 0119 02       		.byte	2
 311 011a 00       		.byte	0
 312 011b 88       		.byte	-120
 313 011c 01       		.byte	1
 314 011d 88       		.byte	-120
 315 011e 02       		.byte	2
 316 011f 82       		.byte	-126
 317 0120 06       		.byte	6
 318 0121 08       		.byte	8
 319 0122 07       		.byte	7
 320 0123 61       		.byte	97
 321 0124 08       		.byte	8
 322 0125 40       		.byte	64
 323 0126 09       		.byte	9
 324 0127 40       		.byte	64
 325 0128 0A       		.byte	10
 326 0129 01       		.byte	1
 327 012a 0D       		.byte	13
 328 012b 09       		.byte	9
 329 012c 0F       		.byte	15
 330 012d 0A       		.byte	10
 331 012e 10       		.byte	16
 332 012f 80       		.byte	-128
 333 0130 12       		.byte	18
 334 0131 08       		.byte	8
 335 0132 16       		.byte	22
 336 0133 81       		.byte	-127
 337 0134 17       		.byte	23
 338 0135 04       		.byte	4
 339 0136 1A       		.byte	26
 340 0137 A0       		.byte	-96
 341 0138 1E       		.byte	30
 342 0139 40       		.byte	64
ARM GAS  C:\Users\Abude\AppData\Local\Temp\cc0BqqrX.s 			page 7


 343 013a 22       		.byte	34
 344 013b 84       		.byte	-124
 345 013c 26       		.byte	38
 346 013d 01       		.byte	1
 347 013e 28       		.byte	40
 348 013f 40       		.byte	64
 349 0140 29       		.byte	41
 350 0141 88       		.byte	-120
 351 0142 2D       		.byte	45
 352 0143 40       		.byte	64
 353 0144 2E       		.byte	46
 354 0145 C0       		.byte	-64
 355 0146 2F       		.byte	47
 356 0147 18       		.byte	24
 357 0148 31       		.byte	49
 358 0149 04       		.byte	4
 359 014a 32       		.byte	50
 360 014b A0       		.byte	-96
 361 014c 36       		.byte	54
 362 014d 04       		.byte	4
 363 014e 37       		.byte	55
 364 014f 04       		.byte	4
 365 0150 38       		.byte	56
 366 0151 28       		.byte	40
 367 0152 42       		.byte	66
 368 0153 01       		.byte	1
 369 0154 48       		.byte	72
 370 0155 80       		.byte	-128
 371 0156 49       		.byte	73
 372 0157 05       		.byte	5
 373 0158 4A       		.byte	74
 374 0159 0A       		.byte	10
 375 015a 50       		.byte	80
 376 015b 04       		.byte	4
 377 015c 58       		.byte	88
 378 015d 02       		.byte	2
 379 015e 5A       		.byte	90
 380 015f 88       		.byte	-120
 381 0160 5B       		.byte	91
 382 0161 10       		.byte	16
 383 0162 8E       		.byte	-114
 384 0163 10       		.byte	16
 385 0164 90       		.byte	-112
 386 0165 20       		.byte	32
 387 0166 91       		.byte	-111
 388 0167 10       		.byte	16
 389 0168 92       		.byte	-110
 390 0169 04       		.byte	4
 391 016a 9A       		.byte	-102
 392 016b 08       		.byte	8
 393 016c 9B       		.byte	-101
 394 016d 21       		.byte	33
 395 016e 9D       		.byte	-99
 396 016f 01       		.byte	1
 397 0170 A0       		.byte	-96
 398 0171 64       		.byte	100
 399 0172 A1       		.byte	-95
ARM GAS  C:\Users\Abude\AppData\Local\Temp\cc0BqqrX.s 			page 8


 400 0173 48       		.byte	72
 401 0174 A6       		.byte	-90
 402 0175 29       		.byte	41
 403 0176 B2       		.byte	-78
 404 0177 20       		.byte	32
 405 0178 B3       		.byte	-77
 406 0179 40       		.byte	64
 407 017a C0       		.byte	-64
 408 017b FD       		.byte	-3
 409 017c C2       		.byte	-62
 410 017d F1       		.byte	-15
 411 017e C4       		.byte	-60
 412 017f BA       		.byte	-70
 413 0180 CA       		.byte	-54
 414 0181 7B       		.byte	123
 415 0182 CC       		.byte	-52
 416 0183 4E       		.byte	78
 417 0184 CE       		.byte	-50
 418 0185 06       		.byte	6
 419 0186 D0       		.byte	-48
 420 0187 08       		.byte	8
 421 0188 D2       		.byte	-46
 422 0189 0C       		.byte	12
 423 018a D6       		.byte	-42
 424 018b 0F       		.byte	15
 425 018c 06       		.byte	6
 426 018d 01       		.byte	1
 427 018e 0C       		.byte	12
 428 018f 01       		.byte	1
 429 0190 0D       		.byte	13
 430 0191 03       		.byte	3
 431 0192 0F       		.byte	15
 432 0193 0C       		.byte	12
 433 0194 17       		.byte	23
 434 0195 05       		.byte	5
 435 0196 19       		.byte	25
 436 0197 0A       		.byte	10
 437 0198 1B       		.byte	27
 438 0199 04       		.byte	4
 439 019a 1D       		.byte	29
 440 019b 03       		.byte	3
 441 019c 1F       		.byte	31
 442 019d 04       		.byte	4
 443 019e 21       		.byte	33
 444 019f 03       		.byte	3
 445 01a0 23       		.byte	35
 446 01a1 04       		.byte	4
 447 01a2 27       		.byte	39
 448 01a3 08       		.byte	8
 449 01a4 28       		.byte	40
 450 01a5 02       		.byte	2
 451 01a6 2C       		.byte	44
 452 01a7 01       		.byte	1
 453 01a8 31       		.byte	49
 454 01a9 0F       		.byte	15
 455 01aa 32       		.byte	50
 456 01ab 03       		.byte	3
ARM GAS  C:\Users\Abude\AppData\Local\Temp\cc0BqqrX.s 			page 9


 457 01ac 38       		.byte	56
 458 01ad 08       		.byte	8
 459 01ae 3B       		.byte	59
 460 01af 02       		.byte	2
 461 01b0 40       		.byte	64
 462 01b1 63       		.byte	99
 463 01b2 41       		.byte	65
 464 01b3 05       		.byte	5
 465 01b4 42       		.byte	66
 466 01b5 03       		.byte	3
 467 01b6 49       		.byte	73
 468 01b7 FF       		.byte	-1
 469 01b8 4A       		.byte	74
 470 01b9 FF       		.byte	-1
 471 01ba 4B       		.byte	75
 472 01bb FF       		.byte	-1
 473 01bc 4D       		.byte	77
 474 01bd A0       		.byte	-96
 475 01be 4F       		.byte	79
 476 01bf 01       		.byte	1
 477 01c0 50       		.byte	80
 478 01c1 18       		.byte	24
 479 01c2 58       		.byte	88
 480 01c3 04       		.byte	4
 481 01c4 59       		.byte	89
 482 01c5 04       		.byte	4
 483 01c6 5A       		.byte	90
 484 01c7 04       		.byte	4
 485 01c8 5C       		.byte	92
 486 01c9 11       		.byte	17
 487 01ca 5F       		.byte	95
 488 01cb 01       		.byte	1
 489 01cc 60       		.byte	96
 490 01cd 40       		.byte	64
 491 01ce 62       		.byte	98
 492 01cf 80       		.byte	-128
 493 01d0 64       		.byte	100
 494 01d1 40       		.byte	64
 495 01d2 65       		.byte	101
 496 01d3 40       		.byte	64
 497 01d4 66       		.byte	102
 498 01d5 80       		.byte	-128
 499 01d6 68       		.byte	104
 500 01d7 40       		.byte	64
 501 01d8 6A       		.byte	106
 502 01d9 50       		.byte	80
 503 01da 6B       		.byte	107
 504 01db A8       		.byte	-88
 505 01dc 6C       		.byte	108
 506 01dd 40       		.byte	64
 507 01de 6D       		.byte	109
 508 01df 20       		.byte	32
 509 01e0 6E       		.byte	110
 510 01e1 50       		.byte	80
 511 01e2 6F       		.byte	111
 512 01e3 A8       		.byte	-88
 513 01e4 80       		.byte	-128
ARM GAS  C:\Users\Abude\AppData\Local\Temp\cc0BqqrX.s 			page 10


 514 01e5 10       		.byte	16
 515 01e6 85       		.byte	-123
 516 01e7 06       		.byte	6
 517 01e8 86       		.byte	-122
 518 01e9 0C       		.byte	12
 519 01ea 87       		.byte	-121
 520 01eb 01       		.byte	1
 521 01ec 88       		.byte	-120
 522 01ed 0C       		.byte	12
 523 01ee 8A       		.byte	-118
 524 01ef 03       		.byte	3
 525 01f0 8C       		.byte	-116
 526 01f1 01       		.byte	1
 527 01f2 8E       		.byte	-114
 528 01f3 0E       		.byte	14
 529 01f4 8F       		.byte	-113
 530 01f5 05       		.byte	5
 531 01f6 90       		.byte	-112
 532 01f7 01       		.byte	1
 533 01f8 92       		.byte	-110
 534 01f9 06       		.byte	6
 535 01fa 93       		.byte	-109
 536 01fb 03       		.byte	3
 537 01fc 97       		.byte	-105
 538 01fd 01       		.byte	1
 539 01fe 9A       		.byte	-102
 540 01ff 03       		.byte	3
 541 0200 9B       		.byte	-101
 542 0201 02       		.byte	2
 543 0202 9E       		.byte	-98
 544 0203 08       		.byte	8
 545 0204 A4       		.byte	-92
 546 0205 10       		.byte	16
 547 0206 A8       		.byte	-88
 548 0207 10       		.byte	16
 549 0208 AB       		.byte	-85
 550 0209 06       		.byte	6
 551 020a B2       		.byte	-78
 552 020b 10       		.byte	16
 553 020c B4       		.byte	-76
 554 020d 0F       		.byte	15
 555 020e B7       		.byte	-73
 556 020f 07       		.byte	7
 557 0210 BA       		.byte	-70
 558 0211 20       		.byte	32
 559 0212 BB       		.byte	-69
 560 0213 80       		.byte	-128
 561 0214 C0       		.byte	-64
 562 0215 65       		.byte	101
 563 0216 C1       		.byte	-63
 564 0217 03       		.byte	3
 565 0218 C2       		.byte	-62
 566 0219 05       		.byte	5
 567 021a C9       		.byte	-55
 568 021b FF       		.byte	-1
 569 021c CA       		.byte	-54
 570 021d FF       		.byte	-1
ARM GAS  C:\Users\Abude\AppData\Local\Temp\cc0BqqrX.s 			page 11


 571 021e CB       		.byte	-53
 572 021f FF       		.byte	-1
 573 0220 CD       		.byte	-51
 574 0221 AF       		.byte	-81
 575 0222 CE       		.byte	-50
 576 0223 07       		.byte	7
 577 0224 CF       		.byte	-49
 578 0225 01       		.byte	1
 579 0226 D0       		.byte	-48
 580 0227 18       		.byte	24
 581 0228 D6       		.byte	-42
 582 0229 02       		.byte	2
 583 022a D7       		.byte	-41
 584 022b 13       		.byte	19
 585 022c D8       		.byte	-40
 586 022d 04       		.byte	4
 587 022e D9       		.byte	-39
 588 022f 04       		.byte	4
 589 0230 DA       		.byte	-38
 590 0231 04       		.byte	4
 591 0232 DB       		.byte	-37
 592 0233 04       		.byte	4
 593 0234 DC       		.byte	-36
 594 0235 11       		.byte	17
 595 0236 DD       		.byte	-35
 596 0237 10       		.byte	16
 597 0238 DF       		.byte	-33
 598 0239 01       		.byte	1
 599 023a E0       		.byte	-32
 600 023b 40       		.byte	64
 601 023c E2       		.byte	-30
 602 023d 80       		.byte	-128
 603 023e E4       		.byte	-28
 604 023f 40       		.byte	64
 605 0240 E5       		.byte	-27
 606 0241 40       		.byte	64
 607 0242 E6       		.byte	-26
 608 0243 80       		.byte	-128
 609 0244 E8       		.byte	-24
 610 0245 40       		.byte	64
 611 0246 EA       		.byte	-22
 612 0247 50       		.byte	80
 613 0248 EB       		.byte	-21
 614 0249 A8       		.byte	-88
 615 024a EC       		.byte	-20
 616 024b 40       		.byte	64
 617 024c ED       		.byte	-19
 618 024d 20       		.byte	32
 619 024e EE       		.byte	-18
 620 024f 50       		.byte	80
 621 0250 EF       		.byte	-17
 622 0251 A8       		.byte	-88
 623 0252 00       		.byte	0
 624 0253 88       		.byte	-120
 625 0254 04       		.byte	4
 626 0255 02       		.byte	2
 627 0256 05       		.byte	5
ARM GAS  C:\Users\Abude\AppData\Local\Temp\cc0BqqrX.s 			page 12


 628 0257 14       		.byte	20
 629 0258 07       		.byte	7
 630 0259 02       		.byte	2
 631 025a 0D       		.byte	13
 632 025b 80       		.byte	-128
 633 025c 0E       		.byte	14
 634 025d 08       		.byte	8
 635 025e 0F       		.byte	15
 636 025f 40       		.byte	64
 637 0260 11       		.byte	17
 638 0261 80       		.byte	-128
 639 0262 12       		.byte	18
 640 0263 08       		.byte	8
 641 0264 17       		.byte	23
 642 0265 14       		.byte	20
 643 0266 18       		.byte	24
 644 0267 20       		.byte	32
 645 0268 19       		.byte	25
 646 0269 04       		.byte	4
 647 026a 1B       		.byte	27
 648 026b 08       		.byte	8
 649 026c 1C       		.byte	28
 650 026d 08       		.byte	8
 651 026e 1D       		.byte	29
 652 026f 18       		.byte	24
 653 0270 20       		.byte	32
 654 0271 80       		.byte	-128
 655 0272 23       		.byte	35
 656 0273 40       		.byte	64
 657 0274 25       		.byte	37
 658 0275 40       		.byte	64
 659 0276 26       		.byte	38
 660 0277 80       		.byte	-128
 661 0278 27       		.byte	39
 662 0279 02       		.byte	2
 663 027a 29       		.byte	41
 664 027b 05       		.byte	5
 665 027c 2F       		.byte	47
 666 027d 08       		.byte	8
 667 027e 31       		.byte	49
 668 027f 10       		.byte	16
 669 0280 32       		.byte	50
 670 0281 88       		.byte	-120
 671 0282 36       		.byte	54
 672 0283 2C       		.byte	44
 673 0284 37       		.byte	55
 674 0285 02       		.byte	2
 675 0286 3B       		.byte	59
 676 0287 40       		.byte	64
 677 0288 3C       		.byte	60
 678 0289 08       		.byte	8
 679 028a 3F       		.byte	63
 680 028b 40       		.byte	64
 681 028c 40       		.byte	64
 682 028d 10       		.byte	16
 683 028e 46       		.byte	70
 684 028f 20       		.byte	32
ARM GAS  C:\Users\Abude\AppData\Local\Temp\cc0BqqrX.s 			page 13


 685 0290 49       		.byte	73
 686 0291 20       		.byte	32
 687 0292 4B       		.byte	75
 688 0293 80       		.byte	-128
 689 0294 4D       		.byte	77
 690 0295 20       		.byte	32
 691 0296 4E       		.byte	78
 692 0297 01       		.byte	1
 693 0298 5E       		.byte	94
 694 0299 02       		.byte	2
 695 029a 6C       		.byte	108
 696 029b 21       		.byte	33
 697 029c 6D       		.byte	109
 698 029d 10       		.byte	16
 699 029e 6E       		.byte	110
 700 029f 04       		.byte	4
 701 02a0 6F       		.byte	111
 702 02a1 14       		.byte	20
 703 02a2 76       		.byte	118
 704 02a3 08       		.byte	8
 705 02a4 77       		.byte	119
 706 02a5 21       		.byte	33
 707 02a6 8D       		.byte	-115
 708 02a7 80       		.byte	-128
 709 02a8 8E       		.byte	-114
 710 02a9 20       		.byte	32
 711 02aa 90       		.byte	-112
 712 02ab 10       		.byte	16
 713 02ac 92       		.byte	-110
 714 02ad 02       		.byte	2
 715 02ae 93       		.byte	-109
 716 02af 80       		.byte	-128
 717 02b0 99       		.byte	-103
 718 02b1 20       		.byte	32
 719 02b2 9E       		.byte	-98
 720 02b3 20       		.byte	32
 721 02b4 C0       		.byte	-64
 722 02b5 F5       		.byte	-11
 723 02b6 C2       		.byte	-62
 724 02b7 D0       		.byte	-48
 725 02b8 C4       		.byte	-60
 726 02b9 63       		.byte	99
 727 02ba CA       		.byte	-54
 728 02bb 23       		.byte	35
 729 02bc CC       		.byte	-52
 730 02bd EE       		.byte	-18
 731 02be CE       		.byte	-50
 732 02bf 58       		.byte	88
 733 02c0 D0       		.byte	-48
 734 02c1 42       		.byte	66
 735 02c2 D2       		.byte	-46
 736 02c3 3C       		.byte	60
 737 02c4 D6       		.byte	-42
 738 02c5 80       		.byte	-128
 739 02c6 40       		.byte	64
 740 02c7 65       		.byte	101
 741 02c8 41       		.byte	65
ARM GAS  C:\Users\Abude\AppData\Local\Temp\cc0BqqrX.s 			page 14


 742 02c9 03       		.byte	3
 743 02ca 42       		.byte	66
 744 02cb 05       		.byte	5
 745 02cc 49       		.byte	73
 746 02cd FF       		.byte	-1
 747 02ce 4A       		.byte	74
 748 02cf FF       		.byte	-1
 749 02d0 4B       		.byte	75
 750 02d1 FF       		.byte	-1
 751 02d2 4D       		.byte	77
 752 02d3 AF       		.byte	-81
 753 02d4 4E       		.byte	78
 754 02d5 07       		.byte	7
 755 02d6 4F       		.byte	79
 756 02d7 01       		.byte	1
 757 02d8 50       		.byte	80
 758 02d9 18       		.byte	24
 759 02da 5A       		.byte	90
 760 02db 04       		.byte	4
 761 02dc 5F       		.byte	95
 762 02dd 01       		.byte	1
 763 02de 60       		.byte	96
 764 02df 40       		.byte	64
 765 02e0 62       		.byte	98
 766 02e1 80       		.byte	-128
 767 02e2 64       		.byte	100
 768 02e3 40       		.byte	64
 769 02e4 65       		.byte	101
 770 02e5 40       		.byte	64
 771 02e6 66       		.byte	102
 772 02e7 80       		.byte	-128
 773 02e8 68       		.byte	104
 774 02e9 40       		.byte	64
 775 02ea 6A       		.byte	106
 776 02eb 50       		.byte	80
 777 02ec 6B       		.byte	107
 778 02ed A8       		.byte	-88
 779 02ee 6C       		.byte	108
 780 02ef 40       		.byte	64
 781 02f0 6D       		.byte	109
 782 02f1 20       		.byte	32
 783 02f2 6E       		.byte	110
 784 02f3 50       		.byte	80
 785 02f4 6F       		.byte	111
 786 02f5 A8       		.byte	-88
 787 02f6 00       		.byte	0
 788 02f7 08       		.byte	8
 789 02f8 03       		.byte	3
 790 02f9 01       		.byte	1
 791 02fa 09       		.byte	9
 792 02fb 14       		.byte	20
 793 02fc 0A       		.byte	10
 794 02fd 40       		.byte	64
 795 02fe 0B       		.byte	11
 796 02ff 02       		.byte	2
 797 0300 10       		.byte	16
 798 0301 A0       		.byte	-96
ARM GAS  C:\Users\Abude\AppData\Local\Temp\cc0BqqrX.s 			page 15


 799 0302 11       		.byte	17
 800 0303 10       		.byte	16
 801 0304 13       		.byte	19
 802 0305 40       		.byte	64
 803 0306 19       		.byte	25
 804 0307 24       		.byte	36
 805 0308 1A       		.byte	26
 806 0309 40       		.byte	64
 807 030a 1B       		.byte	27
 808 030b 80       		.byte	-128
 809 030c 20       		.byte	32
 810 030d 08       		.byte	8
 811 030e 22       		.byte	34
 812 030f 40       		.byte	64
 813 0310 29       		.byte	41
 814 0311 81       		.byte	-127
 815 0312 33       		.byte	51
 816 0313 81       		.byte	-127
 817 0314 38       		.byte	56
 818 0315 80       		.byte	-128
 819 0316 39       		.byte	57
 820 0317 14       		.byte	20
 821 0318 40       		.byte	64
 822 0319 10       		.byte	16
 823 031a 46       		.byte	70
 824 031b 20       		.byte	32
 825 031c 48       		.byte	72
 826 031d 80       		.byte	-128
 827 031e 49       		.byte	73
 828 031f 21       		.byte	33
 829 0320 4A       		.byte	74
 830 0321 10       		.byte	16
 831 0322 4B       		.byte	75
 832 0323 80       		.byte	-128
 833 0324 4D       		.byte	77
 834 0325 20       		.byte	32
 835 0326 4E       		.byte	78
 836 0327 01       		.byte	1
 837 0328 50       		.byte	80
 838 0329 40       		.byte	64
 839 032a 51       		.byte	81
 840 032b 08       		.byte	8
 841 032c 52       		.byte	82
 842 032d 10       		.byte	16
 843 032e 53       		.byte	83
 844 032f 01       		.byte	1
 845 0330 58       		.byte	88
 846 0331 20       		.byte	32
 847 0332 59       		.byte	89
 848 0333 04       		.byte	4
 849 0334 5A       		.byte	90
 850 0335 80       		.byte	-128
 851 0336 5C       		.byte	92
 852 0337 20       		.byte	32
 853 0338 5E       		.byte	94
 854 0339 20       		.byte	32
 855 033a 61       		.byte	97
ARM GAS  C:\Users\Abude\AppData\Local\Temp\cc0BqqrX.s 			page 16


 856 033b 48       		.byte	72
 857 033c 62       		.byte	98
 858 033d 10       		.byte	16
 859 033e 68       		.byte	104
 860 033f 20       		.byte	32
 861 0340 69       		.byte	105
 862 0341 14       		.byte	20
 863 0342 6B       		.byte	107
 864 0343 01       		.byte	1
 865 0344 73       		.byte	115
 866 0345 40       		.byte	64
 867 0346 8C       		.byte	-116
 868 0347 40       		.byte	64
 869 0348 8D       		.byte	-115
 870 0349 94       		.byte	-108
 871 034a 90       		.byte	-112
 872 034b 10       		.byte	16
 873 034c 92       		.byte	-110
 874 034d 02       		.byte	2
 875 034e 93       		.byte	-109
 876 034f 80       		.byte	-128
 877 0350 99       		.byte	-103
 878 0351 40       		.byte	64
 879 0352 B3       		.byte	-77
 880 0353 40       		.byte	64
 881 0354 C0       		.byte	-64
 882 0355 05       		.byte	5
 883 0356 C2       		.byte	-62
 884 0357 0F       		.byte	15
 885 0358 C4       		.byte	-60
 886 0359 0F       		.byte	15
 887 035a CA       		.byte	-54
 888 035b 09       		.byte	9
 889 035c CC       		.byte	-52
 890 035d 09       		.byte	9
 891 035e CE       		.byte	-50
 892 035f 0E       		.byte	14
 893 0360 D0       		.byte	-48
 894 0361 42       		.byte	66
 895 0362 D2       		.byte	-46
 896 0363 3C       		.byte	60
 897 0364 D6       		.byte	-42
 898 0365 0E       		.byte	14
 899 0366 D8       		.byte	-40
 900 0367 0E       		.byte	14
 901 0368 EC       		.byte	-20
 902 0369 80       		.byte	-128
 903 036a 03       		.byte	3
 904 036b 01       		.byte	1
 905 036c 0C       		.byte	12
 906 036d 01       		.byte	1
 907 036e 0F       		.byte	15
 908 036f 06       		.byte	6
 909 0370 1A       		.byte	26
 910 0371 03       		.byte	3
 911 0372 23       		.byte	35
 912 0373 04       		.byte	4
ARM GAS  C:\Users\Abude\AppData\Local\Temp\cc0BqqrX.s 			page 17


 913 0374 27       		.byte	39
 914 0375 02       		.byte	2
 915 0376 30       		.byte	48
 916 0377 02       		.byte	2
 917 0378 32       		.byte	50
 918 0379 01       		.byte	1
 919 037a 35       		.byte	53
 920 037b 06       		.byte	6
 921 037c 36       		.byte	54
 922 037d 01       		.byte	1
 923 037e 37       		.byte	55
 924 037f 01       		.byte	1
 925 0380 3E       		.byte	62
 926 0381 44       		.byte	68
 927 0382 40       		.byte	64
 928 0383 50       		.byte	80
 929 0384 41       		.byte	65
 930 0385 06       		.byte	6
 931 0386 49       		.byte	73
 932 0387 FF       		.byte	-1
 933 0388 4A       		.byte	74
 934 0389 FF       		.byte	-1
 935 038a 4B       		.byte	75
 936 038b FF       		.byte	-1
 937 038c 4D       		.byte	77
 938 038d A0       		.byte	-96
 939 038e 4F       		.byte	79
 940 038f 04       		.byte	4
 941 0390 50       		.byte	80
 942 0391 18       		.byte	24
 943 0392 52       		.byte	82
 944 0393 80       		.byte	-128
 945 0394 58       		.byte	88
 946 0395 04       		.byte	4
 947 0396 59       		.byte	89
 948 0397 04       		.byte	4
 949 0398 5A       		.byte	90
 950 0399 04       		.byte	4
 951 039a 5B       		.byte	91
 952 039b 04       		.byte	4
 953 039c 5C       		.byte	92
 954 039d 20       		.byte	32
 955 039e 5D       		.byte	93
 956 039f 22       		.byte	34
 957 03a0 5F       		.byte	95
 958 03a1 01       		.byte	1
 959 03a2 60       		.byte	96
 960 03a3 40       		.byte	64
 961 03a4 62       		.byte	98
 962 03a5 C0       		.byte	-64
 963 03a6 64       		.byte	100
 964 03a7 40       		.byte	64
 965 03a8 65       		.byte	101
 966 03a9 40       		.byte	64
 967 03aa 66       		.byte	102
 968 03ab C0       		.byte	-64
 969 03ac 68       		.byte	104
ARM GAS  C:\Users\Abude\AppData\Local\Temp\cc0BqqrX.s 			page 18


 970 03ad C0       		.byte	-64
 971 03ae 6A       		.byte	106
 972 03af C0       		.byte	-64
 973 03b0 6C       		.byte	108
 974 03b1 C0       		.byte	-64
 975 03b2 6E       		.byte	110
 976 03b3 C0       		.byte	-64
 977 03b4 83       		.byte	-125
 978 03b5 02       		.byte	2
 979 03b6 8B       		.byte	-117
 980 03b7 01       		.byte	1
 981 03b8 8E       		.byte	-114
 982 03b9 02       		.byte	2
 983 03ba 94       		.byte	-108
 984 03bb 01       		.byte	1
 985 03bc A1       		.byte	-95
 986 03bd 03       		.byte	3
 987 03be AA       		.byte	-86
 988 03bf 02       		.byte	2
 989 03c0 AC       		.byte	-84
 990 03c1 01       		.byte	1
 991 03c2 B1       		.byte	-79
 992 03c3 03       		.byte	3
 993 03c4 B4       		.byte	-76
 994 03c5 02       		.byte	2
 995 03c6 B6       		.byte	-74
 996 03c7 01       		.byte	1
 997 03c8 B8       		.byte	-72
 998 03c9 80       		.byte	-128
 999 03ca BE       		.byte	-66
 1000 03cb 10       		.byte	16
 1001 03cc C0       		.byte	-64
 1002 03cd 40       		.byte	64
 1003 03ce C1       		.byte	-63
 1004 03cf 02       		.byte	2
 1005 03d0 C5       		.byte	-59
 1006 03d1 D0       		.byte	-48
 1007 03d2 C7       		.byte	-57
 1008 03d3 12       		.byte	18
 1009 03d4 C8       		.byte	-56
 1010 03d5 3A       		.byte	58
 1011 03d6 C9       		.byte	-55
 1012 03d7 FF       		.byte	-1
 1013 03d8 CA       		.byte	-54
 1014 03d9 FF       		.byte	-1
 1015 03da CB       		.byte	-53
 1016 03db FF       		.byte	-1
 1017 03dc CD       		.byte	-51
 1018 03dd AF       		.byte	-81
 1019 03de CE       		.byte	-50
 1020 03df 0F       		.byte	15
 1021 03e0 CF       		.byte	-49
 1022 03e1 04       		.byte	4
 1023 03e2 D0       		.byte	-48
 1024 03e3 18       		.byte	24
 1025 03e4 D4       		.byte	-44
 1026 03e5 05       		.byte	5
ARM GAS  C:\Users\Abude\AppData\Local\Temp\cc0BqqrX.s 			page 19


 1027 03e6 D6       		.byte	-42
 1028 03e7 04       		.byte	4
 1029 03e8 D8       		.byte	-40
 1030 03e9 04       		.byte	4
 1031 03ea D9       		.byte	-39
 1032 03eb 04       		.byte	4
 1033 03ec DA       		.byte	-38
 1034 03ed 04       		.byte	4
 1035 03ee DB       		.byte	-37
 1036 03ef 04       		.byte	4
 1037 03f0 DC       		.byte	-36
 1038 03f1 22       		.byte	34
 1039 03f2 DD       		.byte	-35
 1040 03f3 22       		.byte	34
 1041 03f4 DF       		.byte	-33
 1042 03f5 01       		.byte	1
 1043 03f6 E0       		.byte	-32
 1044 03f7 40       		.byte	64
 1045 03f8 E2       		.byte	-30
 1046 03f9 C0       		.byte	-64
 1047 03fa E4       		.byte	-28
 1048 03fb 40       		.byte	64
 1049 03fc E5       		.byte	-27
 1050 03fd 40       		.byte	64
 1051 03fe E6       		.byte	-26
 1052 03ff C0       		.byte	-64
 1053 0400 E8       		.byte	-24
 1054 0401 C0       		.byte	-64
 1055 0402 EA       		.byte	-22
 1056 0403 C0       		.byte	-64
 1057 0404 EC       		.byte	-20
 1058 0405 C0       		.byte	-64
 1059 0406 EE       		.byte	-18
 1060 0407 C0       		.byte	-64
 1061 0408 00       		.byte	0
 1062 0409 40       		.byte	64
 1063 040a 07       		.byte	7
 1064 040b 02       		.byte	2
 1065 040c 09       		.byte	9
 1066 040d 20       		.byte	32
 1067 040e 0F       		.byte	15
 1068 040f 20       		.byte	32
 1069 0410 16       		.byte	22
 1070 0411 05       		.byte	5
 1071 0412 18       		.byte	24
 1072 0413 50       		.byte	80
 1073 0414 19       		.byte	25
 1074 0415 40       		.byte	64
 1075 0416 1A       		.byte	26
 1076 0417 02       		.byte	2
 1077 0418 1E       		.byte	30
 1078 0419 08       		.byte	8
 1079 041a 1F       		.byte	31
 1080 041b 80       		.byte	-128
 1081 041c 20       		.byte	32
 1082 041d 02       		.byte	2
 1083 041e 21       		.byte	33
ARM GAS  C:\Users\Abude\AppData\Local\Temp\cc0BqqrX.s 			page 20


 1084 041f 60       		.byte	96
 1085 0420 23       		.byte	35
 1086 0421 02       		.byte	2
 1087 0422 27       		.byte	39
 1088 0423 80       		.byte	-128
 1089 0424 2A       		.byte	42
 1090 0425 01       		.byte	1
 1091 0426 2B       		.byte	43
 1092 0427 10       		.byte	16
 1093 0428 2F       		.byte	47
 1094 0429 80       		.byte	-128
 1095 042a 38       		.byte	56
 1096 042b 02       		.byte	2
 1097 042c 39       		.byte	57
 1098 042d 80       		.byte	-128
 1099 042e 3F       		.byte	63
 1100 042f 22       		.byte	34
 1101 0430 46       		.byte	70
 1102 0431 04       		.byte	4
 1103 0432 47       		.byte	71
 1104 0433 02       		.byte	2
 1105 0434 48       		.byte	72
 1106 0435 05       		.byte	5
 1107 0436 4F       		.byte	79
 1108 0437 01       		.byte	1
 1109 0438 54       		.byte	84
 1110 0439 04       		.byte	4
 1111 043a 56       		.byte	86
 1112 043b 05       		.byte	5
 1113 043c 57       		.byte	87
 1114 043d 11       		.byte	17
 1115 043e 5E       		.byte	94
 1116 043f 08       		.byte	8
 1117 0440 5F       		.byte	95
 1118 0441 81       		.byte	-127
 1119 0442 66       		.byte	102
 1120 0443 02       		.byte	2
 1121 0444 70       		.byte	112
 1122 0445 01       		.byte	1
 1123 0446 82       		.byte	-126
 1124 0447 02       		.byte	2
 1125 0448 C0       		.byte	-64
 1126 0449 81       		.byte	-127
 1127 044a C2       		.byte	-62
 1128 044b 22       		.byte	34
 1129 044c C4       		.byte	-60
 1130 044d C0       		.byte	-64
 1131 044e CA       		.byte	-54
 1132 044f 83       		.byte	-125
 1133 0450 CE       		.byte	-50
 1134 0451 A9       		.byte	-87
 1135 0452 D0       		.byte	-48
 1136 0453 A0       		.byte	-96
 1137 0454 D2       		.byte	-46
 1138 0455 0C       		.byte	12
 1139 0456 D6       		.byte	-42
 1140 0457 D0       		.byte	-48
ARM GAS  C:\Users\Abude\AppData\Local\Temp\cc0BqqrX.s 			page 21


 1141 0458 D8       		.byte	-40
 1142 0459 80       		.byte	-128
 1143 045a 01       		.byte	1
 1144 045b 08       		.byte	8
 1145 045c 02       		.byte	2
 1146 045d 01       		.byte	1
 1147 045e 03       		.byte	3
 1148 045f 04       		.byte	4
 1149 0460 04       		.byte	4
 1150 0461 0C       		.byte	12
 1151 0462 05       		.byte	5
 1152 0463 0E       		.byte	14
 1153 0464 08       		.byte	8
 1154 0465 04       		.byte	4
 1155 0466 09       		.byte	9
 1156 0467 0E       		.byte	14
 1157 0468 0F       		.byte	15
 1158 0469 01       		.byte	1
 1159 046a 10       		.byte	16
 1160 046b 0C       		.byte	12
 1161 046c 11       		.byte	17
 1162 046d 02       		.byte	2
 1163 046e 12       		.byte	18
 1164 046f 12       		.byte	18
 1165 0470 13       		.byte	19
 1166 0471 04       		.byte	4
 1167 0472 16       		.byte	22
 1168 0473 02       		.byte	2
 1169 0474 18       		.byte	24
 1170 0475 0C       		.byte	12
 1171 0476 1A       		.byte	26
 1172 0477 12       		.byte	18
 1173 0478 1D       		.byte	29
 1174 0479 04       		.byte	4
 1175 047a 1E       		.byte	30
 1176 047b 01       		.byte	1
 1177 047c 1F       		.byte	31
 1178 047d 0A       		.byte	10
 1179 047e 20       		.byte	32
 1180 047f 08       		.byte	8
 1181 0480 24       		.byte	36
 1182 0481 1E       		.byte	30
 1183 0482 27       		.byte	39
 1184 0483 01       		.byte	1
 1185 0484 2C       		.byte	44
 1186 0485 12       		.byte	18
 1187 0486 2E       		.byte	46
 1188 0487 0C       		.byte	12
 1189 0488 31       		.byte	49
 1190 0489 0E       		.byte	14
 1191 048a 32       		.byte	50
 1192 048b 01       		.byte	1
 1193 048c 34       		.byte	52
 1194 048d 0E       		.byte	14
 1195 048e 35       		.byte	53
 1196 048f 01       		.byte	1
 1197 0490 36       		.byte	54
ARM GAS  C:\Users\Abude\AppData\Local\Temp\cc0BqqrX.s 			page 22


 1198 0491 10       		.byte	16
 1199 0492 38       		.byte	56
 1200 0493 80       		.byte	-128
 1201 0494 3A       		.byte	58
 1202 0495 20       		.byte	32
 1203 0496 3E       		.byte	62
 1204 0497 04       		.byte	4
 1205 0498 3F       		.byte	63
 1206 0499 10       		.byte	16
 1207 049a 54       		.byte	84
 1208 049b 18       		.byte	24
 1209 049c 58       		.byte	88
 1210 049d 04       		.byte	4
 1211 049e 59       		.byte	89
 1212 049f 04       		.byte	4
 1213 04a0 5B       		.byte	91
 1214 04a1 04       		.byte	4
 1215 04a2 5C       		.byte	92
 1216 04a3 11       		.byte	17
 1217 04a4 5D       		.byte	93
 1218 04a5 10       		.byte	16
 1219 04a6 5F       		.byte	95
 1220 04a7 01       		.byte	1
 1221 04a8 84       		.byte	-124
 1222 04a9 02       		.byte	2
 1223 04aa 85       		.byte	-123
 1224 04ab 01       		.byte	1
 1225 04ac 88       		.byte	-120
 1226 04ad 0C       		.byte	12
 1227 04ae 8C       		.byte	-116
 1228 04af 03       		.byte	3
 1229 04b0 90       		.byte	-112
 1230 04b1 08       		.byte	8
 1231 04b2 92       		.byte	-110
 1232 04b3 04       		.byte	4
 1233 04b4 97       		.byte	-105
 1234 04b5 03       		.byte	3
 1235 04b6 9C       		.byte	-100
 1236 04b7 03       		.byte	3
 1237 04b8 A2       		.byte	-94
 1238 04b9 01       		.byte	1
 1239 04ba A4       		.byte	-92
 1240 04bb 0C       		.byte	12
 1241 04bc AC       		.byte	-84
 1242 04bd 04       		.byte	4
 1243 04be AE       		.byte	-82
 1244 04bf 08       		.byte	8
 1245 04c0 B0       		.byte	-80
 1246 04c1 0C       		.byte	12
 1247 04c2 B3       		.byte	-77
 1248 04c3 02       		.byte	2
 1249 04c4 B4       		.byte	-76
 1250 04c5 03       		.byte	3
 1251 04c6 B7       		.byte	-73
 1252 04c7 01       		.byte	1
 1253 04c8 B8       		.byte	-72
 1254 04c9 20       		.byte	32
ARM GAS  C:\Users\Abude\AppData\Local\Temp\cc0BqqrX.s 			page 23


 1255 04ca BE       		.byte	-66
 1256 04cb 10       		.byte	16
 1257 04cc C0       		.byte	-64
 1258 04cd 02       		.byte	2
 1259 04ce C6       		.byte	-58
 1260 04cf 40       		.byte	64
 1261 04d0 C9       		.byte	-55
 1262 04d1 FF       		.byte	-1
 1263 04d2 CA       		.byte	-54
 1264 04d3 07       		.byte	7
 1265 04d4 CB       		.byte	-53
 1266 04d5 FF       		.byte	-1
 1267 04d6 CC       		.byte	-52
 1268 04d7 40       		.byte	64
 1269 04d8 CD       		.byte	-51
 1270 04d9 20       		.byte	32
 1271 04da CE       		.byte	-50
 1272 04db F0       		.byte	-16
 1273 04dc CF       		.byte	-49
 1274 04dd 05       		.byte	5
 1275 04de D0       		.byte	-48
 1276 04df 08       		.byte	8
 1277 04e0 D4       		.byte	-44
 1278 04e1 05       		.byte	5
 1279 04e2 D8       		.byte	-40
 1280 04e3 04       		.byte	4
 1281 04e4 D9       		.byte	-39
 1282 04e5 04       		.byte	4
 1283 04e6 DA       		.byte	-38
 1284 04e7 04       		.byte	4
 1285 04e8 DB       		.byte	-37
 1286 04e9 04       		.byte	4
 1287 04ea DC       		.byte	-36
 1288 04eb 31       		.byte	49
 1289 04ec DD       		.byte	-35
 1290 04ed 31       		.byte	49
 1291 04ee DF       		.byte	-33
 1292 04ef 01       		.byte	1
 1293 04f0 E0       		.byte	-32
 1294 04f1 40       		.byte	64
 1295 04f2 E1       		.byte	-31
 1296 04f3 A8       		.byte	-88
 1297 04f4 E2       		.byte	-30
 1298 04f5 40       		.byte	64
 1299 04f6 E3       		.byte	-29
 1300 04f7 20       		.byte	32
 1301 04f8 00       		.byte	0
 1302 04f9 88       		.byte	-120
 1303 04fa 01       		.byte	1
 1304 04fb 10       		.byte	16
 1305 04fc 06       		.byte	6
 1306 04fd 48       		.byte	72
 1307 04fe 07       		.byte	7
 1308 04ff 20       		.byte	32
 1309 0500 09       		.byte	9
 1310 0501 40       		.byte	64
 1311 0502 0A       		.byte	10
ARM GAS  C:\Users\Abude\AppData\Local\Temp\cc0BqqrX.s 			page 24


 1312 0503 40       		.byte	64
 1313 0504 0D       		.byte	13
 1314 0505 09       		.byte	9
 1315 0506 0E       		.byte	14
 1316 0507 01       		.byte	1
 1317 0508 0F       		.byte	15
 1318 0509 08       		.byte	8
 1319 050a 10       		.byte	16
 1320 050b A0       		.byte	-96
 1321 050c 12       		.byte	18
 1322 050d 01       		.byte	1
 1323 050e 15       		.byte	21
 1324 050f 40       		.byte	64
 1325 0510 17       		.byte	23
 1326 0511 05       		.byte	5
 1327 0512 18       		.byte	24
 1328 0513 04       		.byte	4
 1329 0514 1A       		.byte	26
 1330 0515 40       		.byte	64
 1331 0516 1B       		.byte	27
 1332 0517 01       		.byte	1
 1333 0518 1E       		.byte	30
 1334 0519 01       		.byte	1
 1335 051a 1F       		.byte	31
 1336 051b 14       		.byte	20
 1337 051c 21       		.byte	33
 1338 051d 04       		.byte	4
 1339 051e 22       		.byte	34
 1340 051f 40       		.byte	64
 1341 0520 25       		.byte	37
 1342 0521 10       		.byte	16
 1343 0522 27       		.byte	39
 1344 0523 40       		.byte	64
 1345 0524 2B       		.byte	43
 1346 0525 0C       		.byte	12
 1347 0526 2F       		.byte	47
 1348 0527 20       		.byte	32
 1349 0528 30       		.byte	48
 1350 0529 08       		.byte	8
 1351 052a 34       		.byte	52
 1352 052b 02       		.byte	2
 1353 052c 37       		.byte	55
 1354 052d 40       		.byte	64
 1355 052e 39       		.byte	57
 1356 052f 08       		.byte	8
 1357 0530 3C       		.byte	60
 1358 0531 40       		.byte	64
 1359 0532 3D       		.byte	61
 1360 0533 10       		.byte	16
 1361 0534 3E       		.byte	62
 1362 0535 04       		.byte	4
 1363 0536 3F       		.byte	63
 1364 0537 02       		.byte	2
 1365 0538 40       		.byte	64
 1366 0539 04       		.byte	4
 1367 053a 48       		.byte	72
 1368 053b 80       		.byte	-128
ARM GAS  C:\Users\Abude\AppData\Local\Temp\cc0BqqrX.s 			page 25


 1369 053c 52       		.byte	82
 1370 053d 20       		.byte	32
 1371 053e 59       		.byte	89
 1372 053f 01       		.byte	1
 1373 0540 5A       		.byte	90
 1374 0541 88       		.byte	-120
 1375 0542 5E       		.byte	94
 1376 0543 02       		.byte	2
 1377 0544 67       		.byte	103
 1378 0545 09       		.byte	9
 1379 0546 8C       		.byte	-116
 1380 0547 80       		.byte	-128
 1381 0548 8E       		.byte	-114
 1382 0549 08       		.byte	8
 1383 054a 91       		.byte	-111
 1384 054b 50       		.byte	80
 1385 054c 92       		.byte	-110
 1386 054d 04       		.byte	4
 1387 054e 95       		.byte	-107
 1388 054f 02       		.byte	2
 1389 0550 97       		.byte	-105
 1390 0551 20       		.byte	32
 1391 0552 9A       		.byte	-102
 1392 0553 08       		.byte	8
 1393 0554 9B       		.byte	-101
 1394 0555 25       		.byte	37
 1395 0556 9E       		.byte	-98
 1396 0557 01       		.byte	1
 1397 0558 9F       		.byte	-97
 1398 0559 40       		.byte	64
 1399 055a A0       		.byte	-96
 1400 055b 64       		.byte	100
 1401 055c A1       		.byte	-95
 1402 055d 48       		.byte	72
 1403 055e A6       		.byte	-90
 1404 055f 2C       		.byte	44
 1405 0560 A7       		.byte	-89
 1406 0561 0D       		.byte	13
 1407 0562 B4       		.byte	-76
 1408 0563 82       		.byte	-126
 1409 0564 B5       		.byte	-75
 1410 0565 04       		.byte	4
 1411 0566 B7       		.byte	-73
 1412 0567 10       		.byte	16
 1413 0568 C0       		.byte	-64
 1414 0569 77       		.byte	119
 1415 056a C2       		.byte	-62
 1416 056b F9       		.byte	-7
 1417 056c C4       		.byte	-60
 1418 056d BD       		.byte	-67
 1419 056e CA       		.byte	-54
 1420 056f 40       		.byte	64
 1421 0570 CC       		.byte	-52
 1422 0571 92       		.byte	-110
 1423 0572 CE       		.byte	-50
 1424 0573 F2       		.byte	-14
 1425 0574 D0       		.byte	-48
ARM GAS  C:\Users\Abude\AppData\Local\Temp\cc0BqqrX.s 			page 26


 1426 0575 04       		.byte	4
 1427 0576 D6       		.byte	-42
 1428 0577 8B       		.byte	-117
 1429 0578 D8       		.byte	-40
 1430 0579 30       		.byte	48
 1431 057a 12       		.byte	18
 1432 057b 02       		.byte	2
 1433 057c 17       		.byte	23
 1434 057d 01       		.byte	1
 1435 057e 1E       		.byte	30
 1436 057f 01       		.byte	1
 1437 0580 26       		.byte	38
 1438 0581 01       		.byte	1
 1439 0582 2F       		.byte	47
 1440 0583 01       		.byte	1
 1441 0584 34       		.byte	52
 1442 0585 01       		.byte	1
 1443 0586 35       		.byte	53
 1444 0587 01       		.byte	1
 1445 0588 36       		.byte	54
 1446 0589 02       		.byte	2
 1447 058a 3E       		.byte	62
 1448 058b 10       		.byte	16
 1449 058c 40       		.byte	64
 1450 058d 10       		.byte	16
 1451 058e 41       		.byte	65
 1452 058f 06       		.byte	6
 1453 0590 45       		.byte	69
 1454 0591 D0       		.byte	-48
 1455 0592 46       		.byte	70
 1456 0593 20       		.byte	32
 1457 0594 47       		.byte	71
 1458 0595 01       		.byte	1
 1459 0596 48       		.byte	72
 1460 0597 1A       		.byte	26
 1461 0598 49       		.byte	73
 1462 0599 FF       		.byte	-1
 1463 059a 4A       		.byte	74
 1464 059b FF       		.byte	-1
 1465 059c 4B       		.byte	75
 1466 059d FF       		.byte	-1
 1467 059e 4D       		.byte	77
 1468 059f A0       		.byte	-96
 1469 05a0 4F       		.byte	79
 1470 05a1 04       		.byte	4
 1471 05a2 50       		.byte	80
 1472 05a3 18       		.byte	24
 1473 05a4 52       		.byte	82
 1474 05a5 80       		.byte	-128
 1475 05a6 58       		.byte	88
 1476 05a7 04       		.byte	4
 1477 05a8 59       		.byte	89
 1478 05a9 04       		.byte	4
 1479 05aa 5A       		.byte	90
 1480 05ab 04       		.byte	4
 1481 05ac 5B       		.byte	91
 1482 05ad 04       		.byte	4
ARM GAS  C:\Users\Abude\AppData\Local\Temp\cc0BqqrX.s 			page 27


 1483 05ae 5C       		.byte	92
 1484 05af 33       		.byte	51
 1485 05b0 5D       		.byte	93
 1486 05b1 33       		.byte	51
 1487 05b2 5F       		.byte	95
 1488 05b3 01       		.byte	1
 1489 05b4 60       		.byte	96
 1490 05b5 40       		.byte	64
 1491 05b6 62       		.byte	98
 1492 05b7 C0       		.byte	-64
 1493 05b8 64       		.byte	100
 1494 05b9 40       		.byte	64
 1495 05ba 65       		.byte	101
 1496 05bb 40       		.byte	64
 1497 05bc 66       		.byte	102
 1498 05bd C0       		.byte	-64
 1499 05be 68       		.byte	104
 1500 05bf C0       		.byte	-64
 1501 05c0 6A       		.byte	106
 1502 05c1 C0       		.byte	-64
 1503 05c2 6C       		.byte	108
 1504 05c3 C0       		.byte	-64
 1505 05c4 6E       		.byte	110
 1506 05c5 C0       		.byte	-64
 1507 05c6 81       		.byte	-127
 1508 05c7 04       		.byte	4
 1509 05c8 82       		.byte	-126
 1510 05c9 80       		.byte	-128
 1511 05ca 84       		.byte	-124
 1512 05cb 18       		.byte	24
 1513 05cc 87       		.byte	-121
 1514 05cd 06       		.byte	6
 1515 05ce 8A       		.byte	-118
 1516 05cf 01       		.byte	1
 1517 05d0 8C       		.byte	-116
 1518 05d1 27       		.byte	39
 1519 05d2 8E       		.byte	-114
 1520 05d3 18       		.byte	24
 1521 05d4 8F       		.byte	-113
 1522 05d5 06       		.byte	6
 1523 05d6 90       		.byte	-112
 1524 05d7 19       		.byte	25
 1525 05d8 91       		.byte	-111
 1526 05d9 02       		.byte	2
 1527 05da 92       		.byte	-110
 1528 05db 22       		.byte	34
 1529 05dc 93       		.byte	-109
 1530 05dd 01       		.byte	1
 1531 05de 95       		.byte	-107
 1532 05df 06       		.byte	6
 1533 05e0 96       		.byte	-106
 1534 05e1 26       		.byte	38
 1535 05e2 98       		.byte	-104
 1536 05e3 3F       		.byte	63
 1537 05e4 9D       		.byte	-99
 1538 05e5 06       		.byte	6
 1539 05e6 9E       		.byte	-98
ARM GAS  C:\Users\Abude\AppData\Local\Temp\cc0BqqrX.s 			page 28


 1540 05e7 40       		.byte	64
 1541 05e8 A0       		.byte	-96
 1542 05e9 10       		.byte	16
 1543 05ea A4       		.byte	-92
 1544 05eb 39       		.byte	57
 1545 05ec A6       		.byte	-90
 1546 05ed 04       		.byte	4
 1547 05ee A8       		.byte	-88
 1548 05ef 08       		.byte	8
 1549 05f0 AB       		.byte	-85
 1550 05f1 06       		.byte	6
 1551 05f2 AC       		.byte	-84
 1552 05f3 01       		.byte	1
 1553 05f4 AD       		.byte	-83
 1554 05f5 06       		.byte	6
 1555 05f6 AE       		.byte	-82
 1556 05f7 40       		.byte	64
 1557 05f8 B0       		.byte	-80
 1558 05f9 38       		.byte	56
 1559 05fa B1       		.byte	-79
 1560 05fb 06       		.byte	6
 1561 05fc B2       		.byte	-78
 1562 05fd 1F       		.byte	31
 1563 05fe B4       		.byte	-76
 1564 05ff C0       		.byte	-64
 1565 0600 B5       		.byte	-75
 1566 0601 01       		.byte	1
 1567 0602 BA       		.byte	-70
 1568 0603 08       		.byte	8
 1569 0604 BB       		.byte	-69
 1570 0605 08       		.byte	8
 1571 0606 BE       		.byte	-66
 1572 0607 10       		.byte	16
 1573 0608 C0       		.byte	-64
 1574 0609 53       		.byte	83
 1575 060a C1       		.byte	-63
 1576 060b 06       		.byte	6
 1577 060c C2       		.byte	-62
 1578 060d 04       		.byte	4
 1579 060e C4       		.byte	-60
 1580 060f 02       		.byte	2
 1581 0610 C6       		.byte	-58
 1582 0611 CE       		.byte	-50
 1583 0612 C8       		.byte	-56
 1584 0613 0C       		.byte	12
 1585 0614 C9       		.byte	-55
 1586 0615 FF       		.byte	-1
 1587 0616 CA       		.byte	-54
 1588 0617 FF       		.byte	-1
 1589 0618 CB       		.byte	-53
 1590 0619 FF       		.byte	-1
 1591 061a CC       		.byte	-52
 1592 061b 62       		.byte	98
 1593 061c CD       		.byte	-51
 1594 061d A0       		.byte	-96
 1595 061e CE       		.byte	-50
 1596 061f F0       		.byte	-16
ARM GAS  C:\Users\Abude\AppData\Local\Temp\cc0BqqrX.s 			page 29


 1597 0620 CF       		.byte	-49
 1598 0621 41       		.byte	65
 1599 0622 D0       		.byte	-48
 1600 0623 0C       		.byte	12
 1601 0624 D8       		.byte	-40
 1602 0625 04       		.byte	4
 1603 0626 D9       		.byte	-39
 1604 0627 04       		.byte	4
 1605 0628 DA       		.byte	-38
 1606 0629 04       		.byte	4
 1607 062a DC       		.byte	-36
 1608 062b 11       		.byte	17
 1609 062c DD       		.byte	-35
 1610 062d 01       		.byte	1
 1611 062e DF       		.byte	-33
 1612 062f 01       		.byte	1
 1613 0630 E6       		.byte	-26
 1614 0631 40       		.byte	64
 1615 0632 E7       		.byte	-25
 1616 0633 02       		.byte	2
 1617 0634 E9       		.byte	-23
 1618 0635 10       		.byte	16
 1619 0636 EA       		.byte	-22
 1620 0637 30       		.byte	48
 1621 0638 EB       		.byte	-21
 1622 0639 10       		.byte	16
 1623 063a ED       		.byte	-19
 1624 063b 10       		.byte	16
 1625 063c EE       		.byte	-18
 1626 063d 10       		.byte	16
 1627 063e EF       		.byte	-17
 1628 063f 12       		.byte	18
 1629 0640 03       		.byte	3
 1630 0641 0C       		.byte	12
 1631 0642 05       		.byte	5
 1632 0643 80       		.byte	-128
 1633 0644 07       		.byte	7
 1634 0645 68       		.byte	104
 1635 0646 0A       		.byte	10
 1636 0647 41       		.byte	65
 1637 0648 0D       		.byte	13
 1638 0649 09       		.byte	9
 1639 064a 0E       		.byte	14
 1640 064b 08       		.byte	8
 1641 064c 0F       		.byte	15
 1642 064d 42       		.byte	66
 1643 064e 10       		.byte	16
 1644 064f 20       		.byte	32
 1645 0650 14       		.byte	20
 1646 0651 02       		.byte	2
 1647 0652 16       		.byte	22
 1648 0653 09       		.byte	9
 1649 0654 17       		.byte	23
 1650 0655 05       		.byte	5
 1651 0656 19       		.byte	25
 1652 0657 40       		.byte	64
 1653 0658 1A       		.byte	26
ARM GAS  C:\Users\Abude\AppData\Local\Temp\cc0BqqrX.s 			page 30


 1654 0659 09       		.byte	9
 1655 065a 1C       		.byte	28
 1656 065b 40       		.byte	64
 1657 065c 1D       		.byte	29
 1658 065d 22       		.byte	34
 1659 065e 1F       		.byte	31
 1660 065f 08       		.byte	8
 1661 0660 20       		.byte	32
 1662 0661 08       		.byte	8
 1663 0662 26       		.byte	38
 1664 0663 0D       		.byte	13
 1665 0664 27       		.byte	39
 1666 0665 08       		.byte	8
 1667 0666 29       		.byte	41
 1668 0667 40       		.byte	64
 1669 0668 2D       		.byte	45
 1670 0669 40       		.byte	64
 1671 066a 2F       		.byte	47
 1672 066b 08       		.byte	8
 1673 066c 30       		.byte	48
 1674 066d 08       		.byte	8
 1675 066e 34       		.byte	52
 1676 066f 02       		.byte	2
 1677 0670 36       		.byte	54
 1678 0671 04       		.byte	4
 1679 0672 37       		.byte	55
 1680 0673 40       		.byte	64
 1681 0674 3D       		.byte	61
 1682 0675 08       		.byte	8
 1683 0676 3F       		.byte	63
 1684 0677 42       		.byte	66
 1685 0678 42       		.byte	66
 1686 0679 01       		.byte	1
 1687 067a 45       		.byte	69
 1688 067b 2E       		.byte	46
 1689 067c 49       		.byte	73
 1690 067d 01       		.byte	1
 1691 067e 4B       		.byte	75
 1692 067f 20       		.byte	32
 1693 0680 4D       		.byte	77
 1694 0681 C0       		.byte	-64
 1695 0682 4E       		.byte	78
 1696 0683 08       		.byte	8
 1697 0684 50       		.byte	80
 1698 0685 28       		.byte	40
 1699 0686 53       		.byte	83
 1700 0687 10       		.byte	16
 1701 0688 56       		.byte	86
 1702 0689 40       		.byte	64
 1703 068a 57       		.byte	87
 1704 068b 20       		.byte	32
 1705 068c 72       		.byte	114
 1706 068d 40       		.byte	64
 1707 068e 88       		.byte	-120
 1708 068f 04       		.byte	4
 1709 0690 8E       		.byte	-114
 1710 0691 01       		.byte	1
ARM GAS  C:\Users\Abude\AppData\Local\Temp\cc0BqqrX.s 			page 31


 1711 0692 91       		.byte	-111
 1712 0693 42       		.byte	66
 1713 0694 94       		.byte	-108
 1714 0695 40       		.byte	64
 1715 0696 96       		.byte	-106
 1716 0697 08       		.byte	8
 1717 0698 9A       		.byte	-102
 1718 0699 08       		.byte	8
 1719 069a 9B       		.byte	-101
 1720 069b 61       		.byte	97
 1721 069c 9C       		.byte	-100
 1722 069d 02       		.byte	2
 1723 069e 9D       		.byte	-99
 1724 069f 01       		.byte	1
 1725 06a0 9E       		.byte	-98
 1726 06a1 41       		.byte	65
 1727 06a2 A1       		.byte	-95
 1728 06a3 08       		.byte	8
 1729 06a4 A3       		.byte	-93
 1730 06a5 01       		.byte	1
 1731 06a6 A4       		.byte	-92
 1732 06a7 08       		.byte	8
 1733 06a8 A6       		.byte	-90
 1734 06a9 05       		.byte	5
 1735 06aa A7       		.byte	-89
 1736 06ab 28       		.byte	40
 1737 06ac B1       		.byte	-79
 1738 06ad 01       		.byte	1
 1739 06ae B3       		.byte	-77
 1740 06af 10       		.byte	16
 1741 06b0 B5       		.byte	-75
 1742 06b1 10       		.byte	16
 1743 06b2 B7       		.byte	-73
 1744 06b3 01       		.byte	1
 1745 06b4 C0       		.byte	-64
 1746 06b5 F0       		.byte	-16
 1747 06b6 C2       		.byte	-62
 1748 06b7 F9       		.byte	-7
 1749 06b8 C4       		.byte	-60
 1750 06b9 F4       		.byte	-12
 1751 06ba CA       		.byte	-54
 1752 06bb 38       		.byte	56
 1753 06bc CC       		.byte	-52
 1754 06bd D2       		.byte	-46
 1755 06be CE       		.byte	-50
 1756 06bf D0       		.byte	-48
 1757 06c0 D0       		.byte	-48
 1758 06c1 E8       		.byte	-24
 1759 06c2 D2       		.byte	-46
 1760 06c3 34       		.byte	52
 1761 06c4 33       		.byte	51
 1762 06c5 80       		.byte	-128
 1763 06c6 83       		.byte	-125
 1764 06c7 80       		.byte	-128
 1765 06c8 CC       		.byte	-52
 1766 06c9 10       		.byte	16
 1767 06ca E6       		.byte	-26
ARM GAS  C:\Users\Abude\AppData\Local\Temp\cc0BqqrX.s 			page 32


 1768 06cb 20       		.byte	32
 1769 06cc 03       		.byte	3
 1770 06cd 10       		.byte	16
 1771 06ce 5B       		.byte	91
 1772 06cf 10       		.byte	16
 1773 06d0 5C       		.byte	92
 1774 06d1 02       		.byte	2
 1775 06d2 8F       		.byte	-113
 1776 06d3 10       		.byte	16
 1777 06d4 C0       		.byte	-64
 1778 06d5 08       		.byte	8
 1779 06d6 D4       		.byte	-44
 1780 06d7 01       		.byte	1
 1781 06d8 D6       		.byte	-42
 1782 06d9 01       		.byte	1
 1783 06da E6       		.byte	-26
 1784 06db 02       		.byte	2
 1785 06dc 9C       		.byte	-100
 1786 06dd 02       		.byte	2
 1787 06de 8D       		.byte	-115
 1788 06df 02       		.byte	2
 1789 06e0 9C       		.byte	-100
 1790 06e1 02       		.byte	2
 1791 06e2 E0       		.byte	-32
 1792 06e3 02       		.byte	2
 1793 06e4 99       		.byte	-103
 1794 06e5 02       		.byte	2
 1795 06e6 9C       		.byte	-100
 1796 06e7 02       		.byte	2
 1797 06e8 10       		.byte	16
 1798 06e9 80       		.byte	-128
 1799 06ea 75       		.byte	117
 1800 06eb 02       		.byte	2
 1801 06ec 88       		.byte	-120
 1802 06ed 02       		.byte	2
 1803 06ee 8C       		.byte	-116
 1804 06ef 80       		.byte	-128
 1805 06f0 99       		.byte	-103
 1806 06f1 02       		.byte	2
 1807 06f2 9C       		.byte	-100
 1808 06f3 02       		.byte	2
 1809 06f4 C4       		.byte	-60
 1810 06f5 08       		.byte	8
 1811 06f6 DE       		.byte	-34
 1812 06f7 04       		.byte	4
 1813 06f8 E0       		.byte	-32
 1814 06f9 04       		.byte	4
 1815 06fa E6       		.byte	-26
 1816 06fb 02       		.byte	2
 1817 06fc 00       		.byte	0
 1818 06fd 07       		.byte	7
 1819 06fe 0C       		.byte	12
 1820 06ff 03       		.byte	3
 1821 0700 0E       		.byte	14
 1822 0701 05       		.byte	5
 1823 0702 10       		.byte	16
 1824 0703 0A       		.byte	10
ARM GAS  C:\Users\Abude\AppData\Local\Temp\cc0BqqrX.s 			page 33


 1825 0704 1C       		.byte	28
 1826 0705 0A       		.byte	10
 1827 0706 00       		.byte	0
 1828 0707 03       		.byte	3
 1829 0708 80       		.byte	-128
 1830 0709 80       		.byte	-128
 1831 070a 00       		.byte	0
 1832 070b 00       		.byte	0
 1833 070c 40       		.byte	64
 1834 070d 00       		.byte	0
 1835 070e 00       		.byte	0
 1836 070f 00       		.byte	0
 1837 0710 00       		.byte	0
 1838 0711 00       		.byte	0
 1839 0712 00       		.byte	0
 1840 0713 00       		.byte	0
 1841 0714 80       		.byte	-128
 1842 0715 0E       		.byte	14
 1843 0716 00       		.byte	0
 1844 0717 10       		.byte	16
 1845 0718 00       		.byte	0
 1846 0719 02       		.byte	2
 1847 071a 00       		.byte	0
 1848 071b 24       		.byte	36
 1849 071c 06       		.byte	6
 1850 071d 30       		.byte	48
 1851 071e 11       		.byte	17
 1852 071f 06       		.byte	6
 1853 0720 40       		.byte	64
 1854 0721 0C       		.byte	12
 1855 0722 00       		.byte	0
 1856 0723 22       		.byte	34
 1857 0724 00       		.byte	0
 1858 0725 00       		.byte	0
 1859 0726 80       		.byte	-128
 1860 0727 00       		.byte	0
 1861 0728 18       		.byte	24
 1862 0729 00       		.byte	0
 1863 072a 03       		.byte	3
 1864 072b 00       		.byte	0
 1865 072c 00       		.byte	0
 1866 072d 3E       		.byte	62
 1867 072e 60       		.byte	96
 1868 072f 00       		.byte	0
 1869 0730 10       		.byte	16
 1870 0731 20       		.byte	32
 1871 0732 04       		.byte	4
 1872 0733 08       		.byte	8
 1873 0734 07       		.byte	7
 1874 0735 00       		.byte	0
 1875 0736 08       		.byte	8
 1876 0737 00       		.byte	0
 1877 0738 01       		.byte	1
 1878 0739 00       		.byte	0
 1879 073a 12       		.byte	18
 1880 073b 00       		.byte	0
 1881 073c 00       		.byte	0
ARM GAS  C:\Users\Abude\AppData\Local\Temp\cc0BqqrX.s 			page 34


 1882 073d 00       		.byte	0
 1883 073e 80       		.byte	-128
 1884 073f 01       		.byte	1
 1885 0740 20       		.byte	32
 1886 0741 00       		.byte	0
 1887 0742 40       		.byte	64
 1888 0743 00       		.byte	0
 1889 0744 80       		.byte	-128
 1890 0745 01       		.byte	1
 1891 0746 1F       		.byte	31
 1892 0747 3E       		.byte	62
 1893 0748 00       		.byte	0
 1894 0749 00       		.byte	0
 1895 074a 00       		.byte	0
 1896 074b 00       		.byte	0
 1897 074c 00       		.byte	0
 1898 074d 00       		.byte	0
 1899 074e 14       		.byte	20
 1900 074f 40       		.byte	64
 1901 0750 63       		.byte	99
 1902 0751 05       		.byte	5
 1903 0752 03       		.byte	3
 1904 0753 00       		.byte	0
 1905 0754 00       		.byte	0
 1906 0755 42       		.byte	66
 1907 0756 C5       		.byte	-59
 1908 0757 0E       		.byte	14
 1909 0758 3F       		.byte	63
 1910 0759 FF       		.byte	-1
 1911 075a FF       		.byte	-1
 1912 075b FF       		.byte	-1
 1913 075c 00       		.byte	0
 1914 075d AF       		.byte	-81
 1915 075e 07       		.byte	7
 1916 075f 01       		.byte	1
 1917 0760 18       		.byte	24
 1918 0761 00       		.byte	0
 1919 0762 87       		.byte	-121
 1920 0763 00       		.byte	0
 1921 0764 17       		.byte	23
 1922 0765 00       		.byte	0
 1923 0766 00       		.byte	0
 1924 0767 00       		.byte	0
 1925 0768 04       		.byte	4
 1926 0769 04       		.byte	4
 1927 076a 04       		.byte	4
 1928 076b 04       		.byte	4
 1929 076c 00       		.byte	0
 1930 076d 00       		.byte	0
 1931 076e 00       		.byte	0
 1932 076f 01       		.byte	1
 1933 0770 40       		.byte	64
 1934 0771 00       		.byte	0
 1935 0772 80       		.byte	-128
 1936 0773 00       		.byte	0
 1937 0774 40       		.byte	64
 1938 0775 40       		.byte	64
ARM GAS  C:\Users\Abude\AppData\Local\Temp\cc0BqqrX.s 			page 35


 1939 0776 80       		.byte	-128
 1940 0777 00       		.byte	0
 1941 0778 40       		.byte	64
 1942 0779 00       		.byte	0
 1943 077a 50       		.byte	80
 1944 077b A8       		.byte	-88
 1945 077c 40       		.byte	64
 1946 077d 20       		.byte	32
 1947 077e 50       		.byte	80
 1948 077f A8       		.byte	-88
 1949 0780 00       		.byte	0
 1950 0781 00       		.byte	0
 1951 0782 00       		.byte	0
 1952 0783 00       		.byte	0
 1953 0784 00       		.byte	0
 1954 0785 00       		.byte	0
 1955 0786 00       		.byte	0
 1956 0787 00       		.byte	0
 1957 0788 00       		.byte	0
 1958 0789 00       		.byte	0
 1959 078a 00       		.byte	0
 1960 078b 00       		.byte	0
 1961 078c 00       		.byte	0
 1962 078d 00       		.byte	0
 1963 078e 00       		.byte	0
 1964 078f 00       		.byte	0
 1965 0790 80       		.byte	-128
 1966 0791 00       		.byte	0
 1967 0792 40       		.byte	64
 1968 0793 80       		.byte	-128
 1969 0794 80       		.byte	-128
 1970 0795 00       		.byte	0
 1971 0796 80       		.byte	-128
 1972 0797 00       		.byte	0
 1973 0798 00       		.byte	0
 1974 0799 00       		.byte	0
 1975 079a 00       		.byte	0
 1976 079b 00       		.byte	0
 1977 079c 00       		.byte	0
 1978 079d 0B       		.byte	11
 1979 079e 0B       		.byte	11
 1980 079f 00       		.byte	0
 1981 07a0 00       		.byte	0
 1982 07a1 00       		.byte	0
 1983 07a2 00       		.byte	0
 1984 07a3 00       		.byte	0
 1985 07a4 30       		.byte	48
 1986 07a5 00       		.byte	0
 1987 07a6 01       		.byte	1
 1988 07a7 F2       		.byte	-14
 1989 07a8 C2       		.byte	-62
 1990 07a9 00       		.byte	0
 1991 07aa 42       		.byte	66
 1992 07ab 00       		.byte	0
 1993 07ac 00       		.byte	0
 1994 07ad 00       		.byte	0
 1995 07ae 00       		.byte	0
ARM GAS  C:\Users\Abude\AppData\Local\Temp\cc0BqqrX.s 			page 36


 1996 07af 00       		.byte	0
 1997              		.section	.cywolatch,"a",%progbits
 1998              		.align	2
 1999              		.type	cy_meta_wonvl, %object
 2000              		.size	cy_meta_wonvl, 4
 2001              	cy_meta_wonvl:
 2002 0000 BC       		.byte	-68
 2003 0001 90       		.byte	-112
 2004 0002 AC       		.byte	-84
 2005 0003 AF       		.byte	-81
 2006              		.section	.cycustnvl,"a",%progbits
 2007              		.align	2
 2008              		.type	cy_meta_custnvl, %object
 2009              		.size	cy_meta_custnvl, 4
 2010              	cy_meta_custnvl:
 2011 0000 00       		.byte	0
 2012 0001 00       		.byte	0
 2013 0002 40       		.byte	64
 2014 0003 05       		.byte	5
 2015              		.section	.cymeta,"a",%progbits
 2016              		.align	2
 2017              		.type	cy_metadata, %object
 2018              		.size	cy_metadata, 12
 2019              	cy_metadata:
 2020 0000 00       		.byte	0
 2021 0001 01       		.byte	1
 2022 0002 2E       		.byte	46
 2023 0003 16       		.byte	22
 2024 0004 10       		.byte	16
 2025 0005 69       		.byte	105
 2026 0006 00       		.byte	0
 2027 0007 01       		.byte	1
 2028 0008 00       		.byte	0
 2029 0009 00       		.byte	0
 2030 000a 00       		.byte	0
 2031 000b 00       		.byte	0
 2032              		.section	.cyflashprotect,"a",%progbits
 2033              		.align	2
 2034              		.type	cy_meta_flashprotect, %object
 2035              		.size	cy_meta_flashprotect, 256
 2036              	cy_meta_flashprotect:
 2037 0000 00000000 		.space	256
 2037      00000000 
 2037      00000000 
 2037      00000000 
 2037      00000000 
 2038              		.text
 2039              	.Letext0:
 2040              		.file 1 "c:\\program files (x86)\\cypress\\psoc creator\\4.4\\psoc creator\\import\\gnu\\arm\\5.4.
 2041              		.file 2 "c:\\program files (x86)\\cypress\\psoc creator\\4.4\\psoc creator\\import\\gnu\\arm\\5.4.
 2042              		.file 3 "Generated_Source\\PSoC5\\cymetadata.c"
 2043              		.section	.debug_info,"",%progbits
 2044              	.Ldebug_info0:
 2045 0000 35010000 		.4byte	0x135
 2046 0004 0400     		.2byte	0x4
 2047 0006 00000000 		.4byte	.Ldebug_abbrev0
 2048 000a 04       		.byte	0x4
ARM GAS  C:\Users\Abude\AppData\Local\Temp\cc0BqqrX.s 			page 37


 2049 000b 01       		.uleb128 0x1
 2050 000c 65000000 		.4byte	.LASF17
 2051 0010 0C       		.byte	0xc
 2052 0011 BF010000 		.4byte	.LASF18
 2053 0015 0A000000 		.4byte	.LASF19
 2054 0019 00000000 		.4byte	.Ldebug_line0
 2055 001d 02       		.uleb128 0x2
 2056 001e 01       		.byte	0x1
 2057 001f 06       		.byte	0x6
 2058 0020 B3010000 		.4byte	.LASF0
 2059 0024 03       		.uleb128 0x3
 2060 0025 00000000 		.4byte	.LASF9
 2061 0029 01       		.byte	0x1
 2062 002a 1D       		.byte	0x1d
 2063 002b 2F000000 		.4byte	0x2f
 2064 002f 02       		.uleb128 0x2
 2065 0030 01       		.byte	0x1
 2066 0031 08       		.byte	0x8
 2067 0032 57000000 		.4byte	.LASF1
 2068 0036 02       		.uleb128 0x2
 2069 0037 02       		.byte	0x2
 2070 0038 05       		.byte	0x5
 2071 0039 A0010000 		.4byte	.LASF2
 2072 003d 02       		.uleb128 0x2
 2073 003e 02       		.byte	0x2
 2074 003f 07       		.byte	0x7
 2075 0040 05010000 		.4byte	.LASF3
 2076 0044 02       		.uleb128 0x2
 2077 0045 04       		.byte	0x4
 2078 0046 05       		.byte	0x5
 2079 0047 AA010000 		.4byte	.LASF4
 2080 004b 02       		.uleb128 0x2
 2081 004c 04       		.byte	0x4
 2082 004d 07       		.byte	0x7
 2083 004e F3000000 		.4byte	.LASF5
 2084 0052 02       		.uleb128 0x2
 2085 0053 08       		.byte	0x8
 2086 0054 05       		.byte	0x5
 2087 0055 92010000 		.4byte	.LASF6
 2088 0059 02       		.uleb128 0x2
 2089 005a 08       		.byte	0x8
 2090 005b 07       		.byte	0x7
 2091 005c 47010000 		.4byte	.LASF7
 2092 0060 04       		.uleb128 0x4
 2093 0061 04       		.byte	0x4
 2094 0062 05       		.byte	0x5
 2095 0063 696E7400 		.ascii	"int\000"
 2096 0067 02       		.uleb128 0x2
 2097 0068 04       		.byte	0x4
 2098 0069 07       		.byte	0x7
 2099 006a 3A010000 		.4byte	.LASF8
 2100 006e 03       		.uleb128 0x3
 2101 006f 5E010000 		.4byte	.LASF10
 2102 0073 02       		.byte	0x2
 2103 0074 18       		.byte	0x18
 2104 0075 24000000 		.4byte	0x24
 2105 0079 05       		.uleb128 0x5
ARM GAS  C:\Users\Abude\AppData\Local\Temp\cc0BqqrX.s 			page 38


 2106 007a 91000000 		.4byte	0x91
 2107 007e 8A000000 		.4byte	0x8a
 2108 0082 06       		.uleb128 0x6
 2109 0083 8A000000 		.4byte	0x8a
 2110 0087 AF07     		.2byte	0x7af
 2111 0089 00       		.byte	0
 2112 008a 02       		.uleb128 0x2
 2113 008b 04       		.byte	0x4
 2114 008c 07       		.byte	0x7
 2115 008d 89010000 		.4byte	.LASF11
 2116 0091 07       		.uleb128 0x7
 2117 0092 6E000000 		.4byte	0x6e
 2118 0096 08       		.uleb128 0x8
 2119 0097 28010000 		.4byte	.LASF12
 2120 009b 03       		.byte	0x3
 2121 009c 1F       		.byte	0x1f
 2122 009d A7000000 		.4byte	0xa7
 2123 00a1 05       		.uleb128 0x5
 2124 00a2 03       		.byte	0x3
 2125 00a3 00000000 		.4byte	cy_meta_configecc
 2126 00a7 07       		.uleb128 0x7
 2127 00a8 79000000 		.4byte	0x79
 2128 00ac 05       		.uleb128 0x5
 2129 00ad 91000000 		.4byte	0x91
 2130 00b1 BC000000 		.4byte	0xbc
 2131 00b5 09       		.uleb128 0x9
 2132 00b6 8A000000 		.4byte	0x8a
 2133 00ba 03       		.byte	0x3
 2134 00bb 00       		.byte	0
 2135 00bc 0A       		.uleb128 0xa
 2136 00bd 18010000 		.4byte	.LASF13
 2137 00c1 03       		.byte	0x3
 2138 00c2 2201     		.2byte	0x122
 2139 00c4 CE000000 		.4byte	0xce
 2140 00c8 05       		.uleb128 0x5
 2141 00c9 03       		.byte	0x3
 2142 00ca 00000000 		.4byte	cy_meta_custnvl
 2143 00ce 07       		.uleb128 0x7
 2144 00cf AC000000 		.4byte	0xac
 2145 00d3 0A       		.uleb128 0xa
 2146 00d4 7B010000 		.4byte	.LASF14
 2147 00d8 03       		.byte	0x3
 2148 00d9 3001     		.2byte	0x130
 2149 00db E5000000 		.4byte	0xe5
 2150 00df 05       		.uleb128 0x5
 2151 00e0 03       		.byte	0x3
 2152 00e1 00000000 		.4byte	cy_meta_wonvl
 2153 00e5 07       		.uleb128 0x7
 2154 00e6 AC000000 		.4byte	0xac
 2155 00ea 05       		.uleb128 0x5
 2156 00eb 91000000 		.4byte	0x91
 2157 00ef FA000000 		.4byte	0xfa
 2158 00f3 09       		.uleb128 0x9
 2159 00f4 8A000000 		.4byte	0x8a
 2160 00f8 FF       		.byte	0xff
 2161 00f9 00       		.byte	0
 2162 00fa 0A       		.uleb128 0xa
ARM GAS  C:\Users\Abude\AppData\Local\Temp\cc0BqqrX.s 			page 39


 2163 00fb 66010000 		.4byte	.LASF15
 2164 00ff 03       		.byte	0x3
 2165 0100 3E01     		.2byte	0x13e
 2166 0102 0C010000 		.4byte	0x10c
 2167 0106 05       		.uleb128 0x5
 2168 0107 03       		.byte	0x3
 2169 0108 00000000 		.4byte	cy_meta_flashprotect
 2170 010c 07       		.uleb128 0x7
 2171 010d EA000000 		.4byte	0xea
 2172 0111 05       		.uleb128 0x5
 2173 0112 91000000 		.4byte	0x91
 2174 0116 21010000 		.4byte	0x121
 2175 011a 09       		.uleb128 0x9
 2176 011b 8A000000 		.4byte	0x8a
 2177 011f 0B       		.byte	0xb
 2178 0120 00       		.byte	0
 2179 0121 0A       		.uleb128 0xa
 2180 0122 4B000000 		.4byte	.LASF16
 2181 0126 03       		.byte	0x3
 2182 0127 6B01     		.2byte	0x16b
 2183 0129 33010000 		.4byte	0x133
 2184 012d 05       		.uleb128 0x5
 2185 012e 03       		.byte	0x3
 2186 012f 00000000 		.4byte	cy_metadata
 2187 0133 07       		.uleb128 0x7
 2188 0134 11010000 		.4byte	0x111
 2189 0138 00       		.byte	0
 2190              		.section	.debug_abbrev,"",%progbits
 2191              	.Ldebug_abbrev0:
 2192 0000 01       		.uleb128 0x1
 2193 0001 11       		.uleb128 0x11
 2194 0002 01       		.byte	0x1
 2195 0003 25       		.uleb128 0x25
 2196 0004 0E       		.uleb128 0xe
 2197 0005 13       		.uleb128 0x13
 2198 0006 0B       		.uleb128 0xb
 2199 0007 03       		.uleb128 0x3
 2200 0008 0E       		.uleb128 0xe
 2201 0009 1B       		.uleb128 0x1b
 2202 000a 0E       		.uleb128 0xe
 2203 000b 10       		.uleb128 0x10
 2204 000c 17       		.uleb128 0x17
 2205 000d 00       		.byte	0
 2206 000e 00       		.byte	0
 2207 000f 02       		.uleb128 0x2
 2208 0010 24       		.uleb128 0x24
 2209 0011 00       		.byte	0
 2210 0012 0B       		.uleb128 0xb
 2211 0013 0B       		.uleb128 0xb
 2212 0014 3E       		.uleb128 0x3e
 2213 0015 0B       		.uleb128 0xb
 2214 0016 03       		.uleb128 0x3
 2215 0017 0E       		.uleb128 0xe
 2216 0018 00       		.byte	0
 2217 0019 00       		.byte	0
 2218 001a 03       		.uleb128 0x3
 2219 001b 16       		.uleb128 0x16
ARM GAS  C:\Users\Abude\AppData\Local\Temp\cc0BqqrX.s 			page 40


 2220 001c 00       		.byte	0
 2221 001d 03       		.uleb128 0x3
 2222 001e 0E       		.uleb128 0xe
 2223 001f 3A       		.uleb128 0x3a
 2224 0020 0B       		.uleb128 0xb
 2225 0021 3B       		.uleb128 0x3b
 2226 0022 0B       		.uleb128 0xb
 2227 0023 49       		.uleb128 0x49
 2228 0024 13       		.uleb128 0x13
 2229 0025 00       		.byte	0
 2230 0026 00       		.byte	0
 2231 0027 04       		.uleb128 0x4
 2232 0028 24       		.uleb128 0x24
 2233 0029 00       		.byte	0
 2234 002a 0B       		.uleb128 0xb
 2235 002b 0B       		.uleb128 0xb
 2236 002c 3E       		.uleb128 0x3e
 2237 002d 0B       		.uleb128 0xb
 2238 002e 03       		.uleb128 0x3
 2239 002f 08       		.uleb128 0x8
 2240 0030 00       		.byte	0
 2241 0031 00       		.byte	0
 2242 0032 05       		.uleb128 0x5
 2243 0033 01       		.uleb128 0x1
 2244 0034 01       		.byte	0x1
 2245 0035 49       		.uleb128 0x49
 2246 0036 13       		.uleb128 0x13
 2247 0037 01       		.uleb128 0x1
 2248 0038 13       		.uleb128 0x13
 2249 0039 00       		.byte	0
 2250 003a 00       		.byte	0
 2251 003b 06       		.uleb128 0x6
 2252 003c 21       		.uleb128 0x21
 2253 003d 00       		.byte	0
 2254 003e 49       		.uleb128 0x49
 2255 003f 13       		.uleb128 0x13
 2256 0040 2F       		.uleb128 0x2f
 2257 0041 05       		.uleb128 0x5
 2258 0042 00       		.byte	0
 2259 0043 00       		.byte	0
 2260 0044 07       		.uleb128 0x7
 2261 0045 26       		.uleb128 0x26
 2262 0046 00       		.byte	0
 2263 0047 49       		.uleb128 0x49
 2264 0048 13       		.uleb128 0x13
 2265 0049 00       		.byte	0
 2266 004a 00       		.byte	0
 2267 004b 08       		.uleb128 0x8
 2268 004c 34       		.uleb128 0x34
 2269 004d 00       		.byte	0
 2270 004e 03       		.uleb128 0x3
 2271 004f 0E       		.uleb128 0xe
 2272 0050 3A       		.uleb128 0x3a
 2273 0051 0B       		.uleb128 0xb
 2274 0052 3B       		.uleb128 0x3b
 2275 0053 0B       		.uleb128 0xb
 2276 0054 49       		.uleb128 0x49
ARM GAS  C:\Users\Abude\AppData\Local\Temp\cc0BqqrX.s 			page 41


 2277 0055 13       		.uleb128 0x13
 2278 0056 3F       		.uleb128 0x3f
 2279 0057 19       		.uleb128 0x19
 2280 0058 02       		.uleb128 0x2
 2281 0059 18       		.uleb128 0x18
 2282 005a 00       		.byte	0
 2283 005b 00       		.byte	0
 2284 005c 09       		.uleb128 0x9
 2285 005d 21       		.uleb128 0x21
 2286 005e 00       		.byte	0
 2287 005f 49       		.uleb128 0x49
 2288 0060 13       		.uleb128 0x13
 2289 0061 2F       		.uleb128 0x2f
 2290 0062 0B       		.uleb128 0xb
 2291 0063 00       		.byte	0
 2292 0064 00       		.byte	0
 2293 0065 0A       		.uleb128 0xa
 2294 0066 34       		.uleb128 0x34
 2295 0067 00       		.byte	0
 2296 0068 03       		.uleb128 0x3
 2297 0069 0E       		.uleb128 0xe
 2298 006a 3A       		.uleb128 0x3a
 2299 006b 0B       		.uleb128 0xb
 2300 006c 3B       		.uleb128 0x3b
 2301 006d 05       		.uleb128 0x5
 2302 006e 49       		.uleb128 0x49
 2303 006f 13       		.uleb128 0x13
 2304 0070 3F       		.uleb128 0x3f
 2305 0071 19       		.uleb128 0x19
 2306 0072 02       		.uleb128 0x2
 2307 0073 18       		.uleb128 0x18
 2308 0074 00       		.byte	0
 2309 0075 00       		.byte	0
 2310 0076 00       		.byte	0
 2311              		.section	.debug_aranges,"",%progbits
 2312 0000 14000000 		.4byte	0x14
 2313 0004 0200     		.2byte	0x2
 2314 0006 00000000 		.4byte	.Ldebug_info0
 2315 000a 04       		.byte	0x4
 2316 000b 00       		.byte	0
 2317 000c 0000     		.2byte	0
 2318 000e 0000     		.2byte	0
 2319 0010 00000000 		.4byte	0
 2320 0014 00000000 		.4byte	0
 2321              		.section	.debug_line,"",%progbits
 2322              	.Ldebug_line0:
 2323 0000 3D010000 		.section	.debug_str,"MS",%progbits,1
 2323      02003701 
 2323      00000201 
 2323      FB0E0D00 
 2323      01010101 
 2324              	.LASF9:
 2325 0000 5F5F7569 		.ascii	"__uint8_t\000"
 2325      6E74385F 
 2325      7400
 2326              	.LASF19:
 2327 000a 433A5C55 		.ascii	"C:\\Users\\Abude\\Documents\\PSoC Creator\\Embedded"
ARM GAS  C:\Users\Abude\AppData\Local\Temp\cc0BqqrX.s 			page 42


 2327      73657273 
 2327      5C416275 
 2327      64655C44 
 2327      6F63756D 
 2328 0038 53797374 		.ascii	"System2\\Lab4.cydsn\000"
 2328      656D325C 
 2328      4C616234 
 2328      2E637964 
 2328      736E00
 2329              	.LASF16:
 2330 004b 63795F6D 		.ascii	"cy_metadata\000"
 2330      65746164 
 2330      61746100 
 2331              	.LASF1:
 2332 0057 756E7369 		.ascii	"unsigned char\000"
 2332      676E6564 
 2332      20636861 
 2332      7200
 2333              	.LASF17:
 2334 0065 474E5520 		.ascii	"GNU C11 5.4.1 20160609 (release) [ARM/embedded-5-br"
 2334      43313120 
 2334      352E342E 
 2334      31203230 
 2334      31363036 
 2335 0098 616E6368 		.ascii	"anch revision 237715] -mcpu=cortex-m3 -mthumb -g -O"
 2335      20726576 
 2335      6973696F 
 2335      6E203233 
 2335      37373135 
 2336 00cb 67202D66 		.ascii	"g -ffunction-sections -ffat-lto-objects\000"
 2336      66756E63 
 2336      74696F6E 
 2336      2D736563 
 2336      74696F6E 
 2337              	.LASF5:
 2338 00f3 6C6F6E67 		.ascii	"long unsigned int\000"
 2338      20756E73 
 2338      69676E65 
 2338      6420696E 
 2338      7400
 2339              	.LASF3:
 2340 0105 73686F72 		.ascii	"short unsigned int\000"
 2340      7420756E 
 2340      7369676E 
 2340      65642069 
 2340      6E7400
 2341              	.LASF13:
 2342 0118 63795F6D 		.ascii	"cy_meta_custnvl\000"
 2342      6574615F 
 2342      63757374 
 2342      6E766C00 
 2343              	.LASF12:
 2344 0128 63795F6D 		.ascii	"cy_meta_configecc\000"
 2344      6574615F 
 2344      636F6E66 
 2344      69676563 
 2344      6300
ARM GAS  C:\Users\Abude\AppData\Local\Temp\cc0BqqrX.s 			page 43


 2345              	.LASF8:
 2346 013a 756E7369 		.ascii	"unsigned int\000"
 2346      676E6564 
 2346      20696E74 
 2346      00
 2347              	.LASF7:
 2348 0147 6C6F6E67 		.ascii	"long long unsigned int\000"
 2348      206C6F6E 
 2348      6720756E 
 2348      7369676E 
 2348      65642069 
 2349              	.LASF10:
 2350 015e 75696E74 		.ascii	"uint8_t\000"
 2350      385F7400 
 2351              	.LASF15:
 2352 0166 63795F6D 		.ascii	"cy_meta_flashprotect\000"
 2352      6574615F 
 2352      666C6173 
 2352      6870726F 
 2352      74656374 
 2353              	.LASF14:
 2354 017b 63795F6D 		.ascii	"cy_meta_wonvl\000"
 2354      6574615F 
 2354      776F6E76 
 2354      6C00
 2355              	.LASF11:
 2356 0189 73697A65 		.ascii	"sizetype\000"
 2356      74797065 
 2356      00
 2357              	.LASF6:
 2358 0192 6C6F6E67 		.ascii	"long long int\000"
 2358      206C6F6E 
 2358      6720696E 
 2358      7400
 2359              	.LASF2:
 2360 01a0 73686F72 		.ascii	"short int\000"
 2360      7420696E 
 2360      7400
 2361              	.LASF4:
 2362 01aa 6C6F6E67 		.ascii	"long int\000"
 2362      20696E74 
 2362      00
 2363              	.LASF0:
 2364 01b3 7369676E 		.ascii	"signed char\000"
 2364      65642063 
 2364      68617200 
 2365              	.LASF18:
 2366 01bf 47656E65 		.ascii	"Generated_Source\\PSoC5\\cymetadata.c\000"
 2366      72617465 
 2366      645F536F 
 2366      75726365 
 2366      5C50536F 
 2367              		.ident	"GCC: (GNU Tools for ARM Embedded Processors) 5.4.1 20160609 (release) [ARM/embedded-5-bran
