ARM GAS  C:\Users\Abude\AppData\Local\Temp\ccaEkJ6e.s 			page 1


   1              		.syntax unified
   2              		.cpu cortex-m3
   3              		.fpu softvfp
   4              		.eabi_attribute 20, 1
   5              		.eabi_attribute 21, 1
   6              		.eabi_attribute 23, 3
   7              		.eabi_attribute 24, 1
   8              		.eabi_attribute 25, 1
   9              		.eabi_attribute 26, 1
  10              		.eabi_attribute 30, 1
  11              		.eabi_attribute 34, 1
  12              		.eabi_attribute 18, 4
  13              		.thumb
  14              		.syntax unified
  15              		.file	"cymetadata.c"
  16              		.text
  17              	.Ltext0:
  18              		.cfi_sections	.debug_frame
  19              		.global	cy_metadata
  20              		.global	cy_meta_flashprotect
  21              		.global	cy_meta_wonvl
  22              		.global	cy_meta_custnvl
  23              		.global	cy_meta_configecc
  24              		.section	.cyconfigecc,"a",%progbits
  25              		.align	2
  26              		.type	cy_meta_configecc, %object
  27              		.size	cy_meta_configecc, 448
  28              	cy_meta_configecc:
  29 0000 01       		.byte	1
  30 0001 52       		.byte	82
  31 0002 00       		.byte	0
  32 0003 40       		.byte	64
  33 0004 02       		.byte	2
  34 0005 65       		.byte	101
  35 0006 00       		.byte	0
  36 0007 40       		.byte	64
  37 0008 01       		.byte	1
  38 0009 09       		.byte	9
  39 000a 01       		.byte	1
  40 000b 40       		.byte	64
  41 000c 02       		.byte	2
  42 000d 0B       		.byte	11
  43 000e 01       		.byte	1
  44 000f 40       		.byte	64
  45 0010 3F       		.byte	63
  46 0011 14       		.byte	20
  47 0012 01       		.byte	1
  48 0013 40       		.byte	64
  49 0014 16       		.byte	22
  50 0015 15       		.byte	21
  51 0016 01       		.byte	1
  52 0017 40       		.byte	64
  53 0018 01       		.byte	1
  54 0019 19       		.byte	25
  55 001a 01       		.byte	1
  56 001b 40       		.byte	64
  57 001c 3B       		.byte	59
ARM GAS  C:\Users\Abude\AppData\Local\Temp\ccaEkJ6e.s 			page 2


  58 001d 1A       		.byte	26
  59 001e 01       		.byte	1
  60 001f 40       		.byte	64
  61 0020 1D       		.byte	29
  62 0021 1B       		.byte	27
  63 0022 01       		.byte	1
  64 0023 40       		.byte	64
  65 0024 02       		.byte	2
  66 0025 45       		.byte	69
  67 0026 01       		.byte	1
  68 0027 40       		.byte	64
  69 0028 02       		.byte	2
  70 0029 46       		.byte	70
  71 002a 01       		.byte	1
  72 002b 40       		.byte	64
  73 002c 03       		.byte	3
  74 002d 50       		.byte	80
  75 002e 01       		.byte	1
  76 002f 40       		.byte	64
  77 0030 11       		.byte	17
  78 0031 40       		.byte	64
  79 0032 85       		.byte	-123
  80 0033 0D       		.byte	13
  81 0034 8B       		.byte	-117
  82 0035 0D       		.byte	13
  83 0036 97       		.byte	-105
  84 0037 80       		.byte	-128
  85 0038 87       		.byte	-121
  86 0039 40       		.byte	64
  87 003a E0       		.byte	-32
  88 003b 08       		.byte	8
  89 003c 2E       		.byte	46
  90 003d 01       		.byte	1
  91 003e 34       		.byte	52
  92 003f 01       		.byte	1
  93 0040 36       		.byte	54
  94 0041 01       		.byte	1
  95 0042 40       		.byte	64
  96 0043 10       		.byte	16
  97 0044 41       		.byte	65
  98 0045 04       		.byte	4
  99 0046 49       		.byte	73
 100 0047 FF       		.byte	-1
 101 0048 4A       		.byte	74
 102 0049 FF       		.byte	-1
 103 004a 4B       		.byte	75
 104 004b FF       		.byte	-1
 105 004c 4D       		.byte	77
 106 004d A0       		.byte	-96
 107 004e 4F       		.byte	79
 108 004f 04       		.byte	4
 109 0050 50       		.byte	80
 110 0051 18       		.byte	24
 111 0052 52       		.byte	82
 112 0053 80       		.byte	-128
 113 0054 58       		.byte	88
 114 0055 04       		.byte	4
ARM GAS  C:\Users\Abude\AppData\Local\Temp\ccaEkJ6e.s 			page 3


 115 0056 5A       		.byte	90
 116 0057 04       		.byte	4
 117 0058 5B       		.byte	91
 118 0059 04       		.byte	4
 119 005a 5C       		.byte	92
 120 005b 01       		.byte	1
 121 005c 5D       		.byte	93
 122 005d 11       		.byte	17
 123 005e 5F       		.byte	95
 124 005f 01       		.byte	1
 125 0060 60       		.byte	96
 126 0061 40       		.byte	64
 127 0062 62       		.byte	98
 128 0063 C0       		.byte	-64
 129 0064 64       		.byte	100
 130 0065 40       		.byte	64
 131 0066 65       		.byte	101
 132 0067 40       		.byte	64
 133 0068 66       		.byte	102
 134 0069 C0       		.byte	-64
 135 006a 68       		.byte	104
 136 006b C0       		.byte	-64
 137 006c 6A       		.byte	106
 138 006d C0       		.byte	-64
 139 006e 6C       		.byte	108
 140 006f C0       		.byte	-64
 141 0070 6E       		.byte	110
 142 0071 C0       		.byte	-64
 143 0072 82       		.byte	-126
 144 0073 04       		.byte	4
 145 0074 94       		.byte	-108
 146 0075 02       		.byte	2
 147 0076 9E       		.byte	-98
 148 0077 04       		.byte	4
 149 0078 A6       		.byte	-90
 150 0079 03       		.byte	3
 151 007a B0       		.byte	-80
 152 007b 02       		.byte	2
 153 007c B2       		.byte	-78
 154 007d 01       		.byte	1
 155 007e B4       		.byte	-76
 156 007f 04       		.byte	4
 157 0080 BE       		.byte	-66
 158 0081 10       		.byte	16
 159 0082 C0       		.byte	-64
 160 0083 60       		.byte	96
 161 0084 C1       		.byte	-63
 162 0085 04       		.byte	4
 163 0086 C5       		.byte	-59
 164 0087 D0       		.byte	-48
 165 0088 C6       		.byte	-58
 166 0089 12       		.byte	18
 167 008a C8       		.byte	-56
 168 008b 0E       		.byte	14
 169 008c C9       		.byte	-55
 170 008d FF       		.byte	-1
 171 008e CA       		.byte	-54
ARM GAS  C:\Users\Abude\AppData\Local\Temp\ccaEkJ6e.s 			page 4


 172 008f FF       		.byte	-1
 173 0090 CB       		.byte	-53
 174 0091 FF       		.byte	-1
 175 0092 CD       		.byte	-51
 176 0093 AF       		.byte	-81
 177 0094 CE       		.byte	-50
 178 0095 0F       		.byte	15
 179 0096 CF       		.byte	-49
 180 0097 04       		.byte	4
 181 0098 D0       		.byte	-48
 182 0099 18       		.byte	24
 183 009a D4       		.byte	-44
 184 009b 05       		.byte	5
 185 009c D8       		.byte	-40
 186 009d 04       		.byte	4
 187 009e DA       		.byte	-38
 188 009f 04       		.byte	4
 189 00a0 DB       		.byte	-37
 190 00a1 04       		.byte	4
 191 00a2 DC       		.byte	-36
 192 00a3 01       		.byte	1
 193 00a4 DD       		.byte	-35
 194 00a5 11       		.byte	17
 195 00a6 DF       		.byte	-33
 196 00a7 01       		.byte	1
 197 00a8 E0       		.byte	-32
 198 00a9 40       		.byte	64
 199 00aa E2       		.byte	-30
 200 00ab C0       		.byte	-64
 201 00ac E4       		.byte	-28
 202 00ad 40       		.byte	64
 203 00ae E5       		.byte	-27
 204 00af 40       		.byte	64
 205 00b0 E6       		.byte	-26
 206 00b1 C0       		.byte	-64
 207 00b2 E8       		.byte	-24
 208 00b3 C0       		.byte	-64
 209 00b4 EA       		.byte	-22
 210 00b5 C0       		.byte	-64
 211 00b6 EC       		.byte	-20
 212 00b7 C0       		.byte	-64
 213 00b8 EE       		.byte	-18
 214 00b9 C0       		.byte	-64
 215 00ba 06       		.byte	6
 216 00bb 80       		.byte	-128
 217 00bc 0E       		.byte	14
 218 00bd 21       		.byte	33
 219 00be 10       		.byte	16
 220 00bf 02       		.byte	2
 221 00c0 16       		.byte	22
 222 00c1 20       		.byte	32
 223 00c2 18       		.byte	24
 224 00c3 01       		.byte	1
 225 00c4 1A       		.byte	26
 226 00c5 01       		.byte	1
 227 00c6 1B       		.byte	27
 228 00c7 10       		.byte	16
ARM GAS  C:\Users\Abude\AppData\Local\Temp\ccaEkJ6e.s 			page 5


 229 00c8 1E       		.byte	30
 230 00c9 68       		.byte	104
 231 00ca 40       		.byte	64
 232 00cb 01       		.byte	1
 233 00cc 42       		.byte	66
 234 00cd 80       		.byte	-128
 235 00ce 46       		.byte	70
 236 00cf 80       		.byte	-128
 237 00d0 4F       		.byte	79
 238 00d1 21       		.byte	33
 239 00d2 56       		.byte	86
 240 00d3 A0       		.byte	-96
 241 00d4 5E       		.byte	94
 242 00d5 48       		.byte	72
 243 00d6 5F       		.byte	95
 244 00d7 01       		.byte	1
 245 00d8 70       		.byte	112
 246 00d9 02       		.byte	2
 247 00da C0       		.byte	-64
 248 00db 10       		.byte	16
 249 00dc C2       		.byte	-62
 250 00dd A0       		.byte	-96
 251 00de C4       		.byte	-60
 252 00df 21       		.byte	33
 253 00e0 D0       		.byte	-48
 254 00e1 89       		.byte	-119
 255 00e2 D2       		.byte	-46
 256 00e3 20       		.byte	32
 257 00e4 D6       		.byte	-42
 258 00e5 D0       		.byte	-48
 259 00e6 97       		.byte	-105
 260 00e7 80       		.byte	-128
 261 00e8 40       		.byte	64
 262 00e9 30       		.byte	48
 263 00ea 41       		.byte	65
 264 00eb 04       		.byte	4
 265 00ec 49       		.byte	73
 266 00ed FF       		.byte	-1
 267 00ee 4A       		.byte	74
 268 00ef FF       		.byte	-1
 269 00f0 4B       		.byte	75
 270 00f1 FF       		.byte	-1
 271 00f2 4D       		.byte	77
 272 00f3 A0       		.byte	-96
 273 00f4 4F       		.byte	79
 274 00f5 04       		.byte	4
 275 00f6 50       		.byte	80
 276 00f7 18       		.byte	24
 277 00f8 5A       		.byte	90
 278 00f9 04       		.byte	4
 279 00fa 5F       		.byte	95
 280 00fb 01       		.byte	1
 281 00fc 60       		.byte	96
 282 00fd 40       		.byte	64
 283 00fe 62       		.byte	98
 284 00ff C0       		.byte	-64
 285 0100 64       		.byte	100
ARM GAS  C:\Users\Abude\AppData\Local\Temp\ccaEkJ6e.s 			page 6


 286 0101 40       		.byte	64
 287 0102 65       		.byte	101
 288 0103 40       		.byte	64
 289 0104 66       		.byte	102
 290 0105 C0       		.byte	-64
 291 0106 68       		.byte	104
 292 0107 C0       		.byte	-64
 293 0108 6A       		.byte	106
 294 0109 C0       		.byte	-64
 295 010a 6C       		.byte	108
 296 010b C0       		.byte	-64
 297 010c 6E       		.byte	110
 298 010d C0       		.byte	-64
 299 010e 8A       		.byte	-118
 300 010f 06       		.byte	6
 301 0110 8B       		.byte	-117
 302 0111 01       		.byte	1
 303 0112 96       		.byte	-106
 304 0113 0C       		.byte	12
 305 0114 A2       		.byte	-94
 306 0115 02       		.byte	2
 307 0116 AD       		.byte	-83
 308 0117 01       		.byte	1
 309 0118 AE       		.byte	-82
 310 0119 01       		.byte	1
 311 011a B0       		.byte	-80
 312 011b 08       		.byte	8
 313 011c B2       		.byte	-78
 314 011d 01       		.byte	1
 315 011e B4       		.byte	-76
 316 011f 02       		.byte	2
 317 0120 B6       		.byte	-74
 318 0121 04       		.byte	4
 319 0122 B7       		.byte	-73
 320 0123 01       		.byte	1
 321 0124 BE       		.byte	-66
 322 0125 10       		.byte	16
 323 0126 C0       		.byte	-64
 324 0127 30       		.byte	48
 325 0128 C1       		.byte	-63
 326 0129 04       		.byte	4
 327 012a C5       		.byte	-59
 328 012b D0       		.byte	-48
 329 012c C6       		.byte	-58
 330 012d 12       		.byte	18
 331 012e C8       		.byte	-56
 332 012f 0E       		.byte	14
 333 0130 C9       		.byte	-55
 334 0131 FF       		.byte	-1
 335 0132 CA       		.byte	-54
 336 0133 FF       		.byte	-1
 337 0134 CB       		.byte	-53
 338 0135 FF       		.byte	-1
 339 0136 CD       		.byte	-51
 340 0137 AF       		.byte	-81
 341 0138 CE       		.byte	-50
 342 0139 0F       		.byte	15
ARM GAS  C:\Users\Abude\AppData\Local\Temp\ccaEkJ6e.s 			page 7


 343 013a CF       		.byte	-49
 344 013b 04       		.byte	4
 345 013c D0       		.byte	-48
 346 013d 18       		.byte	24
 347 013e D2       		.byte	-46
 348 013f 80       		.byte	-128
 349 0140 D4       		.byte	-44
 350 0141 05       		.byte	5
 351 0142 D8       		.byte	-40
 352 0143 04       		.byte	4
 353 0144 D9       		.byte	-39
 354 0145 04       		.byte	4
 355 0146 DA       		.byte	-38
 356 0147 04       		.byte	4
 357 0148 DB       		.byte	-37
 358 0149 04       		.byte	4
 359 014a DF       		.byte	-33
 360 014b 01       		.byte	1
 361 014c E0       		.byte	-32
 362 014d 40       		.byte	64
 363 014e E2       		.byte	-30
 364 014f C0       		.byte	-64
 365 0150 E4       		.byte	-28
 366 0151 40       		.byte	64
 367 0152 E5       		.byte	-27
 368 0153 40       		.byte	64
 369 0154 E6       		.byte	-26
 370 0155 C0       		.byte	-64
 371 0156 E8       		.byte	-24
 372 0157 C0       		.byte	-64
 373 0158 EA       		.byte	-22
 374 0159 C0       		.byte	-64
 375 015a EC       		.byte	-20
 376 015b C0       		.byte	-64
 377 015c EE       		.byte	-18
 378 015d C0       		.byte	-64
 379 015e 04       		.byte	4
 380 015f 10       		.byte	16
 381 0160 0F       		.byte	15
 382 0161 20       		.byte	32
 383 0162 16       		.byte	22
 384 0163 80       		.byte	-128
 385 0164 17       		.byte	23
 386 0165 40       		.byte	64
 387 0166 1C       		.byte	28
 388 0167 10       		.byte	16
 389 0168 1D       		.byte	29
 390 0169 08       		.byte	8
 391 016a 1E       		.byte	30
 392 016b 08       		.byte	8
 393 016c 1F       		.byte	31
 394 016d 42       		.byte	66
 395 016e 26       		.byte	38
 396 016f 40       		.byte	64
 397 0170 2F       		.byte	47
 398 0171 02       		.byte	2
 399 0172 3F       		.byte	63
ARM GAS  C:\Users\Abude\AppData\Local\Temp\ccaEkJ6e.s 			page 8


 400 0173 20       		.byte	32
 401 0174 40       		.byte	64
 402 0175 10       		.byte	16
 403 0176 42       		.byte	66
 404 0177 80       		.byte	-128
 405 0178 45       		.byte	69
 406 0179 08       		.byte	8
 407 017a 46       		.byte	70
 408 017b 80       		.byte	-128
 409 017c 4F       		.byte	79
 410 017d 01       		.byte	1
 411 017e 56       		.byte	86
 412 017f 80       		.byte	-128
 413 0180 57       		.byte	87
 414 0181 10       		.byte	16
 415 0182 5E       		.byte	94
 416 0183 88       		.byte	-120
 417 0184 5F       		.byte	95
 418 0185 01       		.byte	1
 419 0186 77       		.byte	119
 420 0187 40       		.byte	64
 421 0188 97       		.byte	-105
 422 0189 80       		.byte	-128
 423 018a C0       		.byte	-64
 424 018b 40       		.byte	64
 425 018c C2       		.byte	-62
 426 018d 20       		.byte	32
 427 018e C4       		.byte	-60
 428 018f 90       		.byte	-112
 429 0190 CA       		.byte	-54
 430 0191 10       		.byte	16
 431 0192 CE       		.byte	-50
 432 0193 20       		.byte	32
 433 0194 D0       		.byte	-48
 434 0195 C3       		.byte	-61
 435 0196 D6       		.byte	-42
 436 0197 D0       		.byte	-48
 437 0198 62       		.byte	98
 438 0199 08       		.byte	8
 439 019a D8       		.byte	-40
 440 019b 02       		.byte	2
 441 019c 86       		.byte	-122
 442 019d 08       		.byte	8
 443 019e A6       		.byte	-90
 444 019f 08       		.byte	8
 445 01a0 10       		.byte	16
 446 01a1 03       		.byte	3
 447 01a2 1A       		.byte	26
 448 01a3 02       		.byte	2
 449 01a4 1C       		.byte	28
 450 01a5 01       		.byte	1
 451 01a6 00       		.byte	0
 452 01a7 00       		.byte	0
 453 01a8 00       		.byte	0
 454 01a9 01       		.byte	1
 455 01aa 01       		.byte	1
 456 01ab 00       		.byte	0
ARM GAS  C:\Users\Abude\AppData\Local\Temp\ccaEkJ6e.s 			page 9


 457 01ac 00       		.byte	0
 458 01ad 00       		.byte	0
 459 01ae 00       		.byte	0
 460 01af 00       		.byte	0
 461 01b0 00       		.byte	0
 462 01b1 0B       		.byte	11
 463 01b2 0B       		.byte	11
 464 01b3 00       		.byte	0
 465 01b4 00       		.byte	0
 466 01b5 00       		.byte	0
 467 01b6 00       		.byte	0
 468 01b7 00       		.byte	0
 469 01b8 00       		.byte	0
 470 01b9 C0       		.byte	-64
 471 01ba C0       		.byte	-64
 472 01bb 00       		.byte	0
 473 01bc 40       		.byte	64
 474 01bd 00       		.byte	0
 475 01be 00       		.byte	0
 476 01bf 00       		.byte	0
 477              		.section	.cywolatch,"a",%progbits
 478              		.align	2
 479              		.type	cy_meta_wonvl, %object
 480              		.size	cy_meta_wonvl, 4
 481              	cy_meta_wonvl:
 482 0000 BC       		.byte	-68
 483 0001 90       		.byte	-112
 484 0002 AC       		.byte	-84
 485 0003 AF       		.byte	-81
 486              		.section	.cycustnvl,"a",%progbits
 487              		.align	2
 488              		.type	cy_meta_custnvl, %object
 489              		.size	cy_meta_custnvl, 4
 490              	cy_meta_custnvl:
 491 0000 00       		.byte	0
 492 0001 00       		.byte	0
 493 0002 40       		.byte	64
 494 0003 05       		.byte	5
 495              		.section	.cymeta,"a",%progbits
 496              		.align	2
 497              		.type	cy_metadata, %object
 498              		.size	cy_metadata, 12
 499              	cy_metadata:
 500 0000 00       		.byte	0
 501 0001 01       		.byte	1
 502 0002 2E       		.byte	46
 503 0003 16       		.byte	22
 504 0004 10       		.byte	16
 505 0005 69       		.byte	105
 506 0006 00       		.byte	0
 507 0007 01       		.byte	1
 508 0008 00       		.byte	0
 509 0009 00       		.byte	0
 510 000a 00       		.byte	0
 511 000b 00       		.byte	0
 512              		.section	.cyflashprotect,"a",%progbits
 513              		.align	2
ARM GAS  C:\Users\Abude\AppData\Local\Temp\ccaEkJ6e.s 			page 10


 514              		.type	cy_meta_flashprotect, %object
 515              		.size	cy_meta_flashprotect, 256
 516              	cy_meta_flashprotect:
 517 0000 00000000 		.space	256
 517      00000000 
 517      00000000 
 517      00000000 
 517      00000000 
 518              		.text
 519              	.Letext0:
 520              		.file 1 "c:\\program files (x86)\\cypress\\psoc creator\\4.4\\psoc creator\\import\\gnu\\arm\\5.4.
 521              		.file 2 "c:\\program files (x86)\\cypress\\psoc creator\\4.4\\psoc creator\\import\\gnu\\arm\\5.4.
 522              		.file 3 "Generated_Source\\PSoC5\\cymetadata.c"
 523              		.section	.debug_info,"",%progbits
 524              	.Ldebug_info0:
 525 0000 31010000 		.4byte	0x131
 526 0004 0400     		.2byte	0x4
 527 0006 00000000 		.4byte	.Ldebug_abbrev0
 528 000a 04       		.byte	0x4
 529 000b 01       		.uleb128 0x1
 530 000c 24000000 		.4byte	.LASF17
 531 0010 0C       		.byte	0xc
 532 0011 C0010000 		.4byte	.LASF18
 533 0015 06010000 		.4byte	.LASF19
 534 0019 00000000 		.4byte	.Ldebug_line0
 535 001d 02       		.uleb128 0x2
 536 001e 01       		.byte	0x1
 537 001f 06       		.byte	0x6
 538 0020 B4010000 		.4byte	.LASF0
 539 0024 03       		.uleb128 0x3
 540 0025 00000000 		.4byte	.LASF9
 541 0029 01       		.byte	0x1
 542 002a 1D       		.byte	0x1d
 543 002b 2F000000 		.4byte	0x2f
 544 002f 02       		.uleb128 0x2
 545 0030 01       		.byte	0x1
 546 0031 08       		.byte	0x8
 547 0032 16000000 		.4byte	.LASF1
 548 0036 02       		.uleb128 0x2
 549 0037 02       		.byte	0x2
 550 0038 05       		.byte	0x5
 551 0039 A1010000 		.4byte	.LASF2
 552 003d 02       		.uleb128 0x2
 553 003e 02       		.byte	0x2
 554 003f 07       		.byte	0x7
 555 0040 C4000000 		.4byte	.LASF3
 556 0044 02       		.uleb128 0x2
 557 0045 04       		.byte	0x4
 558 0046 05       		.byte	0x5
 559 0047 AB010000 		.4byte	.LASF4
 560 004b 02       		.uleb128 0x2
 561 004c 04       		.byte	0x4
 562 004d 07       		.byte	0x7
 563 004e B2000000 		.4byte	.LASF5
 564 0052 02       		.uleb128 0x2
 565 0053 08       		.byte	0x8
 566 0054 05       		.byte	0x5
ARM GAS  C:\Users\Abude\AppData\Local\Temp\ccaEkJ6e.s 			page 11


 567 0055 93010000 		.4byte	.LASF6
 568 0059 02       		.uleb128 0x2
 569 005a 08       		.byte	0x8
 570 005b 07       		.byte	0x7
 571 005c 48010000 		.4byte	.LASF7
 572 0060 04       		.uleb128 0x4
 573 0061 04       		.byte	0x4
 574 0062 05       		.byte	0x5
 575 0063 696E7400 		.ascii	"int\000"
 576 0067 02       		.uleb128 0x2
 577 0068 04       		.byte	0x4
 578 0069 07       		.byte	0x7
 579 006a F9000000 		.4byte	.LASF8
 580 006e 03       		.uleb128 0x3
 581 006f 5F010000 		.4byte	.LASF10
 582 0073 02       		.byte	0x2
 583 0074 18       		.byte	0x18
 584 0075 24000000 		.4byte	0x24
 585 0079 05       		.uleb128 0x5
 586 007a 91000000 		.4byte	0x91
 587 007e 8A000000 		.4byte	0x8a
 588 0082 06       		.uleb128 0x6
 589 0083 8A000000 		.4byte	0x8a
 590 0087 BF01     		.2byte	0x1bf
 591 0089 00       		.byte	0
 592 008a 02       		.uleb128 0x2
 593 008b 04       		.byte	0x4
 594 008c 07       		.byte	0x7
 595 008d 8A010000 		.4byte	.LASF11
 596 0091 07       		.uleb128 0x7
 597 0092 6E000000 		.4byte	0x6e
 598 0096 08       		.uleb128 0x8
 599 0097 E7000000 		.4byte	.LASF12
 600 009b 03       		.byte	0x3
 601 009c 1F       		.byte	0x1f
 602 009d A7000000 		.4byte	0xa7
 603 00a1 05       		.uleb128 0x5
 604 00a2 03       		.byte	0x3
 605 00a3 00000000 		.4byte	cy_meta_configecc
 606 00a7 07       		.uleb128 0x7
 607 00a8 79000000 		.4byte	0x79
 608 00ac 05       		.uleb128 0x5
 609 00ad 91000000 		.4byte	0x91
 610 00b1 BC000000 		.4byte	0xbc
 611 00b5 09       		.uleb128 0x9
 612 00b6 8A000000 		.4byte	0x8a
 613 00ba 03       		.byte	0x3
 614 00bb 00       		.byte	0
 615 00bc 08       		.uleb128 0x8
 616 00bd D7000000 		.4byte	.LASF13
 617 00c1 03       		.byte	0x3
 618 00c2 64       		.byte	0x64
 619 00c3 CD000000 		.4byte	0xcd
 620 00c7 05       		.uleb128 0x5
 621 00c8 03       		.byte	0x3
 622 00c9 00000000 		.4byte	cy_meta_custnvl
 623 00cd 07       		.uleb128 0x7
ARM GAS  C:\Users\Abude\AppData\Local\Temp\ccaEkJ6e.s 			page 12


 624 00ce AC000000 		.4byte	0xac
 625 00d2 08       		.uleb128 0x8
 626 00d3 7C010000 		.4byte	.LASF14
 627 00d7 03       		.byte	0x3
 628 00d8 72       		.byte	0x72
 629 00d9 E3000000 		.4byte	0xe3
 630 00dd 05       		.uleb128 0x5
 631 00de 03       		.byte	0x3
 632 00df 00000000 		.4byte	cy_meta_wonvl
 633 00e3 07       		.uleb128 0x7
 634 00e4 AC000000 		.4byte	0xac
 635 00e8 05       		.uleb128 0x5
 636 00e9 91000000 		.4byte	0x91
 637 00ed F8000000 		.4byte	0xf8
 638 00f1 09       		.uleb128 0x9
 639 00f2 8A000000 		.4byte	0x8a
 640 00f6 FF       		.byte	0xff
 641 00f7 00       		.byte	0
 642 00f8 08       		.uleb128 0x8
 643 00f9 67010000 		.4byte	.LASF15
 644 00fd 03       		.byte	0x3
 645 00fe 80       		.byte	0x80
 646 00ff 09010000 		.4byte	0x109
 647 0103 05       		.uleb128 0x5
 648 0104 03       		.byte	0x3
 649 0105 00000000 		.4byte	cy_meta_flashprotect
 650 0109 07       		.uleb128 0x7
 651 010a E8000000 		.4byte	0xe8
 652 010e 05       		.uleb128 0x5
 653 010f 91000000 		.4byte	0x91
 654 0113 1E010000 		.4byte	0x11e
 655 0117 09       		.uleb128 0x9
 656 0118 8A000000 		.4byte	0x8a
 657 011c 0B       		.byte	0xb
 658 011d 00       		.byte	0
 659 011e 08       		.uleb128 0x8
 660 011f 0A000000 		.4byte	.LASF16
 661 0123 03       		.byte	0x3
 662 0124 AD       		.byte	0xad
 663 0125 2F010000 		.4byte	0x12f
 664 0129 05       		.uleb128 0x5
 665 012a 03       		.byte	0x3
 666 012b 00000000 		.4byte	cy_metadata
 667 012f 07       		.uleb128 0x7
 668 0130 0E010000 		.4byte	0x10e
 669 0134 00       		.byte	0
 670              		.section	.debug_abbrev,"",%progbits
 671              	.Ldebug_abbrev0:
 672 0000 01       		.uleb128 0x1
 673 0001 11       		.uleb128 0x11
 674 0002 01       		.byte	0x1
 675 0003 25       		.uleb128 0x25
 676 0004 0E       		.uleb128 0xe
 677 0005 13       		.uleb128 0x13
 678 0006 0B       		.uleb128 0xb
 679 0007 03       		.uleb128 0x3
 680 0008 0E       		.uleb128 0xe
ARM GAS  C:\Users\Abude\AppData\Local\Temp\ccaEkJ6e.s 			page 13


 681 0009 1B       		.uleb128 0x1b
 682 000a 0E       		.uleb128 0xe
 683 000b 10       		.uleb128 0x10
 684 000c 17       		.uleb128 0x17
 685 000d 00       		.byte	0
 686 000e 00       		.byte	0
 687 000f 02       		.uleb128 0x2
 688 0010 24       		.uleb128 0x24
 689 0011 00       		.byte	0
 690 0012 0B       		.uleb128 0xb
 691 0013 0B       		.uleb128 0xb
 692 0014 3E       		.uleb128 0x3e
 693 0015 0B       		.uleb128 0xb
 694 0016 03       		.uleb128 0x3
 695 0017 0E       		.uleb128 0xe
 696 0018 00       		.byte	0
 697 0019 00       		.byte	0
 698 001a 03       		.uleb128 0x3
 699 001b 16       		.uleb128 0x16
 700 001c 00       		.byte	0
 701 001d 03       		.uleb128 0x3
 702 001e 0E       		.uleb128 0xe
 703 001f 3A       		.uleb128 0x3a
 704 0020 0B       		.uleb128 0xb
 705 0021 3B       		.uleb128 0x3b
 706 0022 0B       		.uleb128 0xb
 707 0023 49       		.uleb128 0x49
 708 0024 13       		.uleb128 0x13
 709 0025 00       		.byte	0
 710 0026 00       		.byte	0
 711 0027 04       		.uleb128 0x4
 712 0028 24       		.uleb128 0x24
 713 0029 00       		.byte	0
 714 002a 0B       		.uleb128 0xb
 715 002b 0B       		.uleb128 0xb
 716 002c 3E       		.uleb128 0x3e
 717 002d 0B       		.uleb128 0xb
 718 002e 03       		.uleb128 0x3
 719 002f 08       		.uleb128 0x8
 720 0030 00       		.byte	0
 721 0031 00       		.byte	0
 722 0032 05       		.uleb128 0x5
 723 0033 01       		.uleb128 0x1
 724 0034 01       		.byte	0x1
 725 0035 49       		.uleb128 0x49
 726 0036 13       		.uleb128 0x13
 727 0037 01       		.uleb128 0x1
 728 0038 13       		.uleb128 0x13
 729 0039 00       		.byte	0
 730 003a 00       		.byte	0
 731 003b 06       		.uleb128 0x6
 732 003c 21       		.uleb128 0x21
 733 003d 00       		.byte	0
 734 003e 49       		.uleb128 0x49
 735 003f 13       		.uleb128 0x13
 736 0040 2F       		.uleb128 0x2f
 737 0041 05       		.uleb128 0x5
ARM GAS  C:\Users\Abude\AppData\Local\Temp\ccaEkJ6e.s 			page 14


 738 0042 00       		.byte	0
 739 0043 00       		.byte	0
 740 0044 07       		.uleb128 0x7
 741 0045 26       		.uleb128 0x26
 742 0046 00       		.byte	0
 743 0047 49       		.uleb128 0x49
 744 0048 13       		.uleb128 0x13
 745 0049 00       		.byte	0
 746 004a 00       		.byte	0
 747 004b 08       		.uleb128 0x8
 748 004c 34       		.uleb128 0x34
 749 004d 00       		.byte	0
 750 004e 03       		.uleb128 0x3
 751 004f 0E       		.uleb128 0xe
 752 0050 3A       		.uleb128 0x3a
 753 0051 0B       		.uleb128 0xb
 754 0052 3B       		.uleb128 0x3b
 755 0053 0B       		.uleb128 0xb
 756 0054 49       		.uleb128 0x49
 757 0055 13       		.uleb128 0x13
 758 0056 3F       		.uleb128 0x3f
 759 0057 19       		.uleb128 0x19
 760 0058 02       		.uleb128 0x2
 761 0059 18       		.uleb128 0x18
 762 005a 00       		.byte	0
 763 005b 00       		.byte	0
 764 005c 09       		.uleb128 0x9
 765 005d 21       		.uleb128 0x21
 766 005e 00       		.byte	0
 767 005f 49       		.uleb128 0x49
 768 0060 13       		.uleb128 0x13
 769 0061 2F       		.uleb128 0x2f
 770 0062 0B       		.uleb128 0xb
 771 0063 00       		.byte	0
 772 0064 00       		.byte	0
 773 0065 00       		.byte	0
 774              		.section	.debug_aranges,"",%progbits
 775 0000 14000000 		.4byte	0x14
 776 0004 0200     		.2byte	0x2
 777 0006 00000000 		.4byte	.Ldebug_info0
 778 000a 04       		.byte	0x4
 779 000b 00       		.byte	0
 780 000c 0000     		.2byte	0
 781 000e 0000     		.2byte	0
 782 0010 00000000 		.4byte	0
 783 0014 00000000 		.4byte	0
 784              		.section	.debug_line,"",%progbits
 785              	.Ldebug_line0:
 786 0000 3D010000 		.section	.debug_str,"MS",%progbits,1
 786      02003701 
 786      00000201 
 786      FB0E0D00 
 786      01010101 
 787              	.LASF9:
 788 0000 5F5F7569 		.ascii	"__uint8_t\000"
 788      6E74385F 
 788      7400
ARM GAS  C:\Users\Abude\AppData\Local\Temp\ccaEkJ6e.s 			page 15


 789              	.LASF16:
 790 000a 63795F6D 		.ascii	"cy_metadata\000"
 790      65746164 
 790      61746100 
 791              	.LASF1:
 792 0016 756E7369 		.ascii	"unsigned char\000"
 792      676E6564 
 792      20636861 
 792      7200
 793              	.LASF17:
 794 0024 474E5520 		.ascii	"GNU C11 5.4.1 20160609 (release) [ARM/embedded-5-br"
 794      43313120 
 794      352E342E 
 794      31203230 
 794      31363036 
 795 0057 616E6368 		.ascii	"anch revision 237715] -mcpu=cortex-m3 -mthumb -g -O"
 795      20726576 
 795      6973696F 
 795      6E203233 
 795      37373135 
 796 008a 67202D66 		.ascii	"g -ffunction-sections -ffat-lto-objects\000"
 796      66756E63 
 796      74696F6E 
 796      2D736563 
 796      74696F6E 
 797              	.LASF5:
 798 00b2 6C6F6E67 		.ascii	"long unsigned int\000"
 798      20756E73 
 798      69676E65 
 798      6420696E 
 798      7400
 799              	.LASF3:
 800 00c4 73686F72 		.ascii	"short unsigned int\000"
 800      7420756E 
 800      7369676E 
 800      65642069 
 800      6E7400
 801              	.LASF13:
 802 00d7 63795F6D 		.ascii	"cy_meta_custnvl\000"
 802      6574615F 
 802      63757374 
 802      6E766C00 
 803              	.LASF12:
 804 00e7 63795F6D 		.ascii	"cy_meta_configecc\000"
 804      6574615F 
 804      636F6E66 
 804      69676563 
 804      6300
 805              	.LASF8:
 806 00f9 756E7369 		.ascii	"unsigned int\000"
 806      676E6564 
 806      20696E74 
 806      00
 807              	.LASF19:
 808 0106 433A5C55 		.ascii	"C:\\Users\\Abude\\Documents\\PSoC Creator\\Embedded"
 808      73657273 
 808      5C416275 
ARM GAS  C:\Users\Abude\AppData\Local\Temp\ccaEkJ6e.s 			page 16


 808      64655C44 
 808      6F63756D 
 809 0134 53797374 		.ascii	"Systems2\\Lab3.cydsn\000"
 809      656D7332 
 809      5C4C6162 
 809      332E6379 
 809      64736E00 
 810              	.LASF7:
 811 0148 6C6F6E67 		.ascii	"long long unsigned int\000"
 811      206C6F6E 
 811      6720756E 
 811      7369676E 
 811      65642069 
 812              	.LASF10:
 813 015f 75696E74 		.ascii	"uint8_t\000"
 813      385F7400 
 814              	.LASF15:
 815 0167 63795F6D 		.ascii	"cy_meta_flashprotect\000"
 815      6574615F 
 815      666C6173 
 815      6870726F 
 815      74656374 
 816              	.LASF14:
 817 017c 63795F6D 		.ascii	"cy_meta_wonvl\000"
 817      6574615F 
 817      776F6E76 
 817      6C00
 818              	.LASF11:
 819 018a 73697A65 		.ascii	"sizetype\000"
 819      74797065 
 819      00
 820              	.LASF6:
 821 0193 6C6F6E67 		.ascii	"long long int\000"
 821      206C6F6E 
 821      6720696E 
 821      7400
 822              	.LASF2:
 823 01a1 73686F72 		.ascii	"short int\000"
 823      7420696E 
 823      7400
 824              	.LASF4:
 825 01ab 6C6F6E67 		.ascii	"long int\000"
 825      20696E74 
 825      00
 826              	.LASF0:
 827 01b4 7369676E 		.ascii	"signed char\000"
 827      65642063 
 827      68617200 
 828              	.LASF18:
 829 01c0 47656E65 		.ascii	"Generated_Source\\PSoC5\\cymetadata.c\000"
 829      72617465 
 829      645F536F 
 829      75726365 
 829      5C50536F 
 830              		.ident	"GCC: (GNU Tools for ARM Embedded Processors) 5.4.1 20160609 (release) [ARM/embedded-5-bran
