ARM GAS  C:\Users\Abude\AppData\Local\Temp\cc5Jkl0f.s 			page 1


   1              		.syntax unified
   2              		.cpu cortex-m3
   3              		.fpu softvfp
   4              		.eabi_attribute 20, 1
   5              		.eabi_attribute 21, 1
   6              		.eabi_attribute 23, 3
   7              		.eabi_attribute 24, 1
   8              		.eabi_attribute 25, 1
   9              		.eabi_attribute 26, 1
  10              		.eabi_attribute 30, 1
  11              		.eabi_attribute 34, 1
  12              		.eabi_attribute 18, 4
  13              		.thumb
  14              		.syntax unified
  15              		.file	"main.c"
  16              		.text
  17              	.Ltext0:
  18              		.cfi_sections	.debug_frame
  19              		.section	.text.main,"ax",%progbits
  20              		.align	2
  21              		.global	main
  22              		.thumb
  23              		.thumb_func
  24              		.type	main, %function
  25              	main:
  26              	.LFB63:
  27              		.file 1 "main.c"
   1:main.c        **** /* ========================================
   2:main.c        ****  *
   3:main.c        ****  * Copyright YOUR COMPANY, THE YEAR
   4:main.c        ****  * All Rights Reserved
   5:main.c        ****  * UNPUBLISHED, LICENSED SOFTWARE.
   6:main.c        ****  *
   7:main.c        ****  * CONFIDENTIAL AND PROPRIETARY INFORMATION
   8:main.c        ****  * WHICH IS THE PROPERTY OF your company.
   9:main.c        ****  *
  10:main.c        ****  * ========================================
  11:main.c        **** */
  12:main.c        **** #include "project.h"
  13:main.c        **** 
  14:main.c        **** #define SECONDS(i)  (CyDelay(i * 1000)) 
  15:main.c        **** 
  16:main.c        **** int main(void)
  17:main.c        **** {
  28              		.loc 1 17 0
  29              		.cfi_startproc
  30              		@ Volatile: function does not return.
  31              		@ args = 0, pretend = 0, frame = 0
  32              		@ frame_needed = 0, uses_anonymous_args = 0
  33 0000 08B5     		push	{r3, lr}
  34              		.cfi_def_cfa_offset 8
  35              		.cfi_offset 3, -8
  36              		.cfi_offset 14, -4
  18:main.c        ****     CyGlobalIntEnable; /* Enable global interrupts. */
  37              		.loc 1 18 0
  38              		.syntax unified
  39              	@ 18 "main.c" 1
ARM GAS  C:\Users\Abude\AppData\Local\Temp\cc5Jkl0f.s 			page 2


  40 0002 62B6     		CPSIE   i
  41              	@ 0 "" 2
  19:main.c        **** 
  20:main.c        ****     /* Place your initialization/startup code here (e.g. MyInst_Start()) */
  21:main.c        ****     PWM_MOTOR_SPEED_Start();
  42              		.loc 1 21 0
  43              		.thumb
  44              		.syntax unified
  45 0004 FFF7FEFF 		bl	PWM_MOTOR_SPEED_Start
  46              	.LVL0:
  47              	.L2:
  22:main.c        **** 
  23:main.c        ****     for(;;)
  24:main.c        ****     {
  25:main.c        ****         PWM_MOTOR_SPEED_WriteCompare(8000);
  48              		.loc 1 25 0 discriminator 1
  49 0008 4FF4FA50 		mov	r0, #8000
  50 000c FFF7FEFF 		bl	PWM_MOTOR_SPEED_WriteCompare
  51              	.LVL1:
  26:main.c        ****         SECONDS(2);
  52              		.loc 1 26 0 discriminator 1
  53 0010 4FF4FA60 		mov	r0, #2000
  54 0014 FFF7FEFF 		bl	CyDelay
  55              	.LVL2:
  27:main.c        ****         PWM_MOTOR_SPEED_WriteCompare(4500);
  56              		.loc 1 27 0 discriminator 1
  57 0018 41F29410 		movw	r0, #4500
  58 001c FFF7FEFF 		bl	PWM_MOTOR_SPEED_WriteCompare
  59              	.LVL3:
  28:main.c        ****         SECONDS(2);
  60              		.loc 1 28 0 discriminator 1
  61 0020 4FF4FA60 		mov	r0, #2000
  62 0024 FFF7FEFF 		bl	CyDelay
  63              	.LVL4:
  29:main.c        ****         PWM_MOTOR_SPEED_WriteCompare(1000);
  64              		.loc 1 29 0 discriminator 1
  65 0028 4FF47A70 		mov	r0, #1000
  66 002c FFF7FEFF 		bl	PWM_MOTOR_SPEED_WriteCompare
  67              	.LVL5:
  30:main.c        ****         SECONDS(2);
  68              		.loc 1 30 0 discriminator 1
  69 0030 4FF4FA60 		mov	r0, #2000
  70 0034 FFF7FEFF 		bl	CyDelay
  71              	.LVL6:
  31:main.c        ****         PWM_MOTOR_SPEED_WriteCompare(0);
  72              		.loc 1 31 0 discriminator 1
  73 0038 0020     		movs	r0, #0
  74 003a FFF7FEFF 		bl	PWM_MOTOR_SPEED_WriteCompare
  75              	.LVL7:
  32:main.c        ****         SECONDS(2);
  76              		.loc 1 32 0 discriminator 1
  77 003e 4FF4FA60 		mov	r0, #2000
  78 0042 FFF7FEFF 		bl	CyDelay
  79              	.LVL8:
  80 0046 DFE7     		b	.L2
  81              		.cfi_endproc
  82              	.LFE63:
ARM GAS  C:\Users\Abude\AppData\Local\Temp\cc5Jkl0f.s 			page 3


  83              		.size	main, .-main
  84              		.section	.text.Pump,"ax",%progbits
  85              		.align	2
  86              		.global	Pump
  87              		.thumb
  88              		.thumb_func
  89              		.type	Pump, %function
  90              	Pump:
  91              	.LFB64:
  33:main.c        ****     }
  34:main.c        **** }
  35:main.c        **** 
  36:main.c        **** void Pump(){
  92              		.loc 1 36 0
  93              		.cfi_startproc
  94              		@ args = 0, pretend = 0, frame = 0
  95              		@ frame_needed = 0, uses_anonymous_args = 0
  96 0000 08B5     		push	{r3, lr}
  97              		.cfi_def_cfa_offset 8
  98              		.cfi_offset 3, -8
  99              		.cfi_offset 14, -4
  37:main.c        ****     DIRECTION_Write(0);
 100              		.loc 1 37 0
 101 0002 0020     		movs	r0, #0
 102 0004 FFF7FEFF 		bl	DIRECTION_Write
 103              	.LVL9:
  38:main.c        ****     PWM_MOTOR_SPEED_WriteCompare(8000);
 104              		.loc 1 38 0
 105 0008 4FF4FA50 		mov	r0, #8000
 106 000c FFF7FEFF 		bl	PWM_MOTOR_SPEED_WriteCompare
 107              	.LVL10:
  39:main.c        ****     SECONDS(4);
 108              		.loc 1 39 0
 109 0010 4FF47A60 		mov	r0, #4000
 110 0014 FFF7FEFF 		bl	CyDelay
 111              	.LVL11:
  40:main.c        ****     PWM_MOTOR_SPEED_WriteCompare(0);
 112              		.loc 1 40 0
 113 0018 0020     		movs	r0, #0
 114 001a FFF7FEFF 		bl	PWM_MOTOR_SPEED_WriteCompare
 115              	.LVL12:
  41:main.c        ****     SECONDS(1);
 116              		.loc 1 41 0
 117 001e 4FF47A70 		mov	r0, #1000
 118 0022 FFF7FEFF 		bl	CyDelay
 119              	.LVL13:
 120 0026 08BD     		pop	{r3, pc}
 121              		.cfi_endproc
 122              	.LFE64:
 123              		.size	Pump, .-Pump
 124              		.section	.text.Wash,"ax",%progbits
 125              		.align	2
 126              		.global	Wash
 127              		.thumb
 128              		.thumb_func
 129              		.type	Wash, %function
 130              	Wash:
ARM GAS  C:\Users\Abude\AppData\Local\Temp\cc5Jkl0f.s 			page 4


 131              	.LFB65:
  42:main.c        **** }
  43:main.c        **** 
  44:main.c        **** void Wash(int rotateTime, int repetitions){
 132              		.loc 1 44 0
 133              		.cfi_startproc
 134              		@ args = 0, pretend = 0, frame = 0
 135              		@ frame_needed = 0, uses_anonymous_args = 0
 136              	.LVL14:
 137 0000 2DE9F041 		push	{r4, r5, r6, r7, r8, lr}
 138              		.cfi_def_cfa_offset 24
 139              		.cfi_offset 4, -24
 140              		.cfi_offset 5, -20
 141              		.cfi_offset 6, -16
 142              		.cfi_offset 7, -12
 143              		.cfi_offset 8, -8
 144              		.cfi_offset 14, -4
 145 0004 8046     		mov	r8, r0
 146 0006 0F46     		mov	r7, r1
 147              	.LVL15:
 148              	.LBB2:
  45:main.c        ****     
  46:main.c        ****     for(int i = 0; i < repetitions; i++){
 149              		.loc 1 46 0
 150 0008 0025     		movs	r5, #0
 151 000a 23E0     		b	.L7
 152              	.LVL16:
 153              	.L8:
  47:main.c        ****         DIRECTION_Write(0);
 154              		.loc 1 47 0 discriminator 3
 155 000c 0020     		movs	r0, #0
 156 000e FFF7FEFF 		bl	DIRECTION_Write
 157              	.LVL17:
  48:main.c        ****         PWM_MOTOR_SPEED_WriteCompare(1000);
 158              		.loc 1 48 0 discriminator 3
 159 0012 4FF47A70 		mov	r0, #1000
 160 0016 FFF7FEFF 		bl	PWM_MOTOR_SPEED_WriteCompare
 161              	.LVL18:
  49:main.c        ****         SECONDS(rotateTime);
 162              		.loc 1 49 0 discriminator 3
 163 001a 4FF47A74 		mov	r4, #1000
 164 001e 04FB08F6 		mul	r6, r4, r8
 165 0022 3046     		mov	r0, r6
 166 0024 FFF7FEFF 		bl	CyDelay
 167              	.LVL19:
  50:main.c        ****         PWM_MOTOR_SPEED_WriteCompare(0);
 168              		.loc 1 50 0 discriminator 3
 169 0028 0020     		movs	r0, #0
 170 002a FFF7FEFF 		bl	PWM_MOTOR_SPEED_WriteCompare
 171              	.LVL20:
  51:main.c        ****         SECONDS(1);
 172              		.loc 1 51 0 discriminator 3
 173 002e 2046     		mov	r0, r4
 174 0030 FFF7FEFF 		bl	CyDelay
 175              	.LVL21:
  52:main.c        ****         DIRECTION_Write(1);
 176              		.loc 1 52 0 discriminator 3
ARM GAS  C:\Users\Abude\AppData\Local\Temp\cc5Jkl0f.s 			page 5


 177 0034 0120     		movs	r0, #1
 178 0036 FFF7FEFF 		bl	DIRECTION_Write
 179              	.LVL22:
  53:main.c        ****         PWM_MOTOR_SPEED_WriteCompare(1000);
 180              		.loc 1 53 0 discriminator 3
 181 003a 2046     		mov	r0, r4
 182 003c FFF7FEFF 		bl	PWM_MOTOR_SPEED_WriteCompare
 183              	.LVL23:
  54:main.c        ****         SECONDS(rotateTime);
 184              		.loc 1 54 0 discriminator 3
 185 0040 3046     		mov	r0, r6
 186 0042 FFF7FEFF 		bl	CyDelay
 187              	.LVL24:
  55:main.c        ****         PWM_MOTOR_SPEED_WriteCompare(0);
 188              		.loc 1 55 0 discriminator 3
 189 0046 0020     		movs	r0, #0
 190 0048 FFF7FEFF 		bl	PWM_MOTOR_SPEED_WriteCompare
 191              	.LVL25:
  56:main.c        ****         SECONDS(1);
 192              		.loc 1 56 0 discriminator 3
 193 004c 2046     		mov	r0, r4
 194 004e FFF7FEFF 		bl	CyDelay
 195              	.LVL26:
  46:main.c        ****         DIRECTION_Write(0);
 196              		.loc 1 46 0 discriminator 3
 197 0052 0135     		adds	r5, r5, #1
 198              	.LVL27:
 199              	.L7:
  46:main.c        ****         DIRECTION_Write(0);
 200              		.loc 1 46 0 is_stmt 0 discriminator 1
 201 0054 BD42     		cmp	r5, r7
 202 0056 D9DB     		blt	.L8
 203              	.LBE2:
  57:main.c        ****     }
  58:main.c        **** }
 204              		.loc 1 58 0 is_stmt 1
 205 0058 BDE8F081 		pop	{r4, r5, r6, r7, r8, pc}
 206              		.cfi_endproc
 207              	.LFE65:
 208              		.size	Wash, .-Wash
 209              		.section	.text.Spin,"ax",%progbits
 210              		.align	2
 211              		.global	Spin
 212              		.thumb
 213              		.thumb_func
 214              		.type	Spin, %function
 215              	Spin:
 216              	.LFB66:
  59:main.c        **** 
  60:main.c        **** void Spin(){
 217              		.loc 1 60 0
 218              		.cfi_startproc
 219              		@ args = 0, pretend = 0, frame = 0
 220              		@ frame_needed = 0, uses_anonymous_args = 0
 221 0000 08B5     		push	{r3, lr}
 222              		.cfi_def_cfa_offset 8
 223              		.cfi_offset 3, -8
ARM GAS  C:\Users\Abude\AppData\Local\Temp\cc5Jkl0f.s 			page 6


 224              		.cfi_offset 14, -4
  61:main.c        ****     DIRECTION_Write(0);
 225              		.loc 1 61 0
 226 0002 0020     		movs	r0, #0
 227 0004 FFF7FEFF 		bl	DIRECTION_Write
 228              	.LVL28:
  62:main.c        ****     PWM_MOTOR_SPEED_WriteCompare(1000);
 229              		.loc 1 62 0
 230 0008 4FF47A70 		mov	r0, #1000
 231 000c FFF7FEFF 		bl	PWM_MOTOR_SPEED_WriteCompare
 232              	.LVL29:
  63:main.c        ****     SECONDS(3);
 233              		.loc 1 63 0
 234 0010 40F6B830 		movw	r0, #3000
 235 0014 FFF7FEFF 		bl	CyDelay
 236              	.LVL30:
  64:main.c        ****     PWM_MOTOR_SPEED_WriteCompare(0);
 237              		.loc 1 64 0
 238 0018 0020     		movs	r0, #0
 239 001a FFF7FEFF 		bl	PWM_MOTOR_SPEED_WriteCompare
 240              	.LVL31:
  65:main.c        ****     SECONDS(1);
 241              		.loc 1 65 0
 242 001e 4FF47A70 		mov	r0, #1000
 243 0022 FFF7FEFF 		bl	CyDelay
 244              	.LVL32:
  66:main.c        ****     PWM_MOTOR_SPEED_WriteCompare(4500);
 245              		.loc 1 66 0
 246 0026 41F29410 		movw	r0, #4500
 247 002a FFF7FEFF 		bl	PWM_MOTOR_SPEED_WriteCompare
 248              	.LVL33:
  67:main.c        ****     SECONDS(3);
 249              		.loc 1 67 0
 250 002e 40F6B830 		movw	r0, #3000
 251 0032 FFF7FEFF 		bl	CyDelay
 252              	.LVL34:
  68:main.c        ****     PWM_MOTOR_SPEED_WriteCompare(0);
 253              		.loc 1 68 0
 254 0036 0020     		movs	r0, #0
 255 0038 FFF7FEFF 		bl	PWM_MOTOR_SPEED_WriteCompare
 256              	.LVL35:
  69:main.c        ****     SECONDS(1);
 257              		.loc 1 69 0
 258 003c 4FF47A70 		mov	r0, #1000
 259 0040 FFF7FEFF 		bl	CyDelay
 260              	.LVL36:
  70:main.c        ****     DIRECTION_Write(1);
 261              		.loc 1 70 0
 262 0044 0120     		movs	r0, #1
 263 0046 FFF7FEFF 		bl	DIRECTION_Write
 264              	.LVL37:
  71:main.c        ****     PWM_MOTOR_SPEED_WriteCompare(8000);
 265              		.loc 1 71 0
 266 004a 4FF4FA50 		mov	r0, #8000
 267 004e FFF7FEFF 		bl	PWM_MOTOR_SPEED_WriteCompare
 268              	.LVL38:
  72:main.c        ****     SECONDS(3);
ARM GAS  C:\Users\Abude\AppData\Local\Temp\cc5Jkl0f.s 			page 7


 269              		.loc 1 72 0
 270 0052 40F6B830 		movw	r0, #3000
 271 0056 FFF7FEFF 		bl	CyDelay
 272              	.LVL39:
  73:main.c        ****     PWM_MOTOR_SPEED_WriteCompare(0);
 273              		.loc 1 73 0
 274 005a 0020     		movs	r0, #0
 275 005c FFF7FEFF 		bl	PWM_MOTOR_SPEED_WriteCompare
 276              	.LVL40:
  74:main.c        ****     SECONDS(1);
 277              		.loc 1 74 0
 278 0060 4FF47A70 		mov	r0, #1000
 279 0064 FFF7FEFF 		bl	CyDelay
 280              	.LVL41:
 281 0068 08BD     		pop	{r3, pc}
 282              		.cfi_endproc
 283              	.LFE66:
 284              		.size	Spin, .-Spin
 285 006a 00BF     		.text
 286              	.Letext0:
 287              		.file 2 "c:\\program files (x86)\\cypress\\psoc creator\\4.4\\psoc creator\\import\\gnu\\arm\\5.4.
 288              		.file 3 "c:\\program files (x86)\\cypress\\psoc creator\\4.4\\psoc creator\\import\\gnu\\arm\\5.4.
 289              		.file 4 "Generated_Source\\PSoC5/PWM_MOTOR_SPEED.h"
 290              		.file 5 "Generated_Source\\PSoC5/CyLib.h"
 291              		.file 6 "Generated_Source\\PSoC5/DIRECTION.h"
 292              		.file 7 "Generated_Source\\PSoC5/core_cm3.h"
 293              		.section	.debug_info,"",%progbits
 294              	.Ldebug_info0:
 295 0000 54040000 		.4byte	0x454
 296 0004 0400     		.2byte	0x4
 297 0006 00000000 		.4byte	.Ldebug_abbrev0
 298 000a 04       		.byte	0x4
 299 000b 01       		.uleb128 0x1
 300 000c 58000000 		.4byte	.LASF24
 301 0010 0C       		.byte	0xc
 302 0011 C8010000 		.4byte	.LASF25
 303 0015 4C010000 		.4byte	.LASF26
 304 0019 00000000 		.4byte	.Ldebug_ranges0+0
 305 001d 00000000 		.4byte	0
 306 0021 00000000 		.4byte	.Ldebug_line0
 307 0025 02       		.uleb128 0x2
 308 0026 01       		.byte	0x1
 309 0027 06       		.byte	0x6
 310 0028 03020000 		.4byte	.LASF0
 311 002c 02       		.uleb128 0x2
 312 002d 01       		.byte	0x1
 313 002e 08       		.byte	0x8
 314 002f 4A000000 		.4byte	.LASF1
 315 0033 02       		.uleb128 0x2
 316 0034 02       		.byte	0x2
 317 0035 05       		.byte	0x5
 318 0036 D4010000 		.4byte	.LASF2
 319 003a 02       		.uleb128 0x2
 320 003b 02       		.byte	0x2
 321 003c 07       		.byte	0x7
 322 003d F8000000 		.4byte	.LASF3
 323 0041 03       		.uleb128 0x3
ARM GAS  C:\Users\Abude\AppData\Local\Temp\cc5Jkl0f.s 			page 8


 324 0042 0B000000 		.4byte	.LASF9
 325 0046 02       		.byte	0x2
 326 0047 3F       		.byte	0x3f
 327 0048 4C000000 		.4byte	0x4c
 328 004c 02       		.uleb128 0x2
 329 004d 04       		.byte	0x4
 330 004e 05       		.byte	0x5
 331 004f EA010000 		.4byte	.LASF4
 332 0053 02       		.uleb128 0x2
 333 0054 04       		.byte	0x4
 334 0055 07       		.byte	0x7
 335 0056 E6000000 		.4byte	.LASF5
 336 005a 02       		.uleb128 0x2
 337 005b 08       		.byte	0x8
 338 005c 05       		.byte	0x5
 339 005d BA010000 		.4byte	.LASF6
 340 0061 02       		.uleb128 0x2
 341 0062 08       		.byte	0x8
 342 0063 07       		.byte	0x7
 343 0064 8E010000 		.4byte	.LASF7
 344 0068 04       		.uleb128 0x4
 345 0069 04       		.byte	0x4
 346 006a 05       		.byte	0x5
 347 006b 696E7400 		.ascii	"int\000"
 348 006f 02       		.uleb128 0x2
 349 0070 04       		.byte	0x4
 350 0071 07       		.byte	0x7
 351 0072 3F010000 		.4byte	.LASF8
 352 0076 03       		.uleb128 0x3
 353 0077 3C000000 		.4byte	.LASF10
 354 007b 03       		.byte	0x3
 355 007c 2C       		.byte	0x2c
 356 007d 41000000 		.4byte	0x41
 357 0081 02       		.uleb128 0x2
 358 0082 04       		.byte	0x4
 359 0083 04       		.byte	0x4
 360 0084 44000000 		.4byte	.LASF11
 361 0088 02       		.uleb128 0x2
 362 0089 08       		.byte	0x8
 363 008a 04       		.byte	0x4
 364 008b 1D010000 		.4byte	.LASF12
 365 008f 02       		.uleb128 0x2
 366 0090 01       		.byte	0x1
 367 0091 08       		.byte	0x8
 368 0092 CF010000 		.4byte	.LASF13
 369 0096 02       		.uleb128 0x2
 370 0097 08       		.byte	0x8
 371 0098 04       		.byte	0x4
 372 0099 A5010000 		.4byte	.LASF14
 373 009d 02       		.uleb128 0x2
 374 009e 04       		.byte	0x4
 375 009f 07       		.byte	0x7
 376 00a0 B1010000 		.4byte	.LASF15
 377 00a4 05       		.uleb128 0x5
 378 00a5 3A010000 		.4byte	.LASF27
 379 00a9 01       		.byte	0x1
 380 00aa 10       		.byte	0x10
ARM GAS  C:\Users\Abude\AppData\Local\Temp\cc5Jkl0f.s 			page 9


 381 00ab 68000000 		.4byte	0x68
 382 00af 00000000 		.4byte	.LFB63
 383 00b3 48000000 		.4byte	.LFE63-.LFB63
 384 00b7 01       		.uleb128 0x1
 385 00b8 9C       		.byte	0x9c
 386 00b9 69010000 		.4byte	0x169
 387 00bd 06       		.uleb128 0x6
 388 00be 08000000 		.4byte	.LVL0
 389 00c2 2B040000 		.4byte	0x42b
 390 00c6 07       		.uleb128 0x7
 391 00c7 10000000 		.4byte	.LVL1
 392 00cb 36040000 		.4byte	0x436
 393 00cf DB000000 		.4byte	0xdb
 394 00d3 08       		.uleb128 0x8
 395 00d4 01       		.uleb128 0x1
 396 00d5 50       		.byte	0x50
 397 00d6 03       		.uleb128 0x3
 398 00d7 0A       		.byte	0xa
 399 00d8 401F     		.2byte	0x1f40
 400 00da 00       		.byte	0
 401 00db 07       		.uleb128 0x7
 402 00dc 18000000 		.4byte	.LVL2
 403 00e0 41040000 		.4byte	0x441
 404 00e4 F0000000 		.4byte	0xf0
 405 00e8 08       		.uleb128 0x8
 406 00e9 01       		.uleb128 0x1
 407 00ea 50       		.byte	0x50
 408 00eb 03       		.uleb128 0x3
 409 00ec 0A       		.byte	0xa
 410 00ed D007     		.2byte	0x7d0
 411 00ef 00       		.byte	0
 412 00f0 07       		.uleb128 0x7
 413 00f1 20000000 		.4byte	.LVL3
 414 00f5 36040000 		.4byte	0x436
 415 00f9 05010000 		.4byte	0x105
 416 00fd 08       		.uleb128 0x8
 417 00fe 01       		.uleb128 0x1
 418 00ff 50       		.byte	0x50
 419 0100 03       		.uleb128 0x3
 420 0101 0A       		.byte	0xa
 421 0102 9411     		.2byte	0x1194
 422 0104 00       		.byte	0
 423 0105 07       		.uleb128 0x7
 424 0106 28000000 		.4byte	.LVL4
 425 010a 41040000 		.4byte	0x441
 426 010e 1A010000 		.4byte	0x11a
 427 0112 08       		.uleb128 0x8
 428 0113 01       		.uleb128 0x1
 429 0114 50       		.byte	0x50
 430 0115 03       		.uleb128 0x3
 431 0116 0A       		.byte	0xa
 432 0117 D007     		.2byte	0x7d0
 433 0119 00       		.byte	0
 434 011a 07       		.uleb128 0x7
 435 011b 30000000 		.4byte	.LVL5
 436 011f 36040000 		.4byte	0x436
 437 0123 2F010000 		.4byte	0x12f
ARM GAS  C:\Users\Abude\AppData\Local\Temp\cc5Jkl0f.s 			page 10


 438 0127 08       		.uleb128 0x8
 439 0128 01       		.uleb128 0x1
 440 0129 50       		.byte	0x50
 441 012a 03       		.uleb128 0x3
 442 012b 0A       		.byte	0xa
 443 012c E803     		.2byte	0x3e8
 444 012e 00       		.byte	0
 445 012f 07       		.uleb128 0x7
 446 0130 38000000 		.4byte	.LVL6
 447 0134 41040000 		.4byte	0x441
 448 0138 44010000 		.4byte	0x144
 449 013c 08       		.uleb128 0x8
 450 013d 01       		.uleb128 0x1
 451 013e 50       		.byte	0x50
 452 013f 03       		.uleb128 0x3
 453 0140 0A       		.byte	0xa
 454 0141 D007     		.2byte	0x7d0
 455 0143 00       		.byte	0
 456 0144 07       		.uleb128 0x7
 457 0145 3E000000 		.4byte	.LVL7
 458 0149 36040000 		.4byte	0x436
 459 014d 57010000 		.4byte	0x157
 460 0151 08       		.uleb128 0x8
 461 0152 01       		.uleb128 0x1
 462 0153 50       		.byte	0x50
 463 0154 01       		.uleb128 0x1
 464 0155 30       		.byte	0x30
 465 0156 00       		.byte	0
 466 0157 09       		.uleb128 0x9
 467 0158 46000000 		.4byte	.LVL8
 468 015c 41040000 		.4byte	0x441
 469 0160 08       		.uleb128 0x8
 470 0161 01       		.uleb128 0x1
 471 0162 50       		.byte	0x50
 472 0163 03       		.uleb128 0x3
 473 0164 0A       		.byte	0xa
 474 0165 D007     		.2byte	0x7d0
 475 0167 00       		.byte	0
 476 0168 00       		.byte	0
 477 0169 0A       		.uleb128 0xa
 478 016a 0B010000 		.4byte	.LASF18
 479 016e 01       		.byte	0x1
 480 016f 24       		.byte	0x24
 481 0170 00000000 		.4byte	.LFB64
 482 0174 28000000 		.4byte	.LFE64-.LFB64
 483 0178 01       		.uleb128 0x1
 484 0179 9C       		.byte	0x9c
 485 017a E0010000 		.4byte	0x1e0
 486 017e 07       		.uleb128 0x7
 487 017f 08000000 		.4byte	.LVL9
 488 0183 4C040000 		.4byte	0x44c
 489 0187 91010000 		.4byte	0x191
 490 018b 08       		.uleb128 0x8
 491 018c 01       		.uleb128 0x1
 492 018d 50       		.byte	0x50
 493 018e 01       		.uleb128 0x1
 494 018f 30       		.byte	0x30
ARM GAS  C:\Users\Abude\AppData\Local\Temp\cc5Jkl0f.s 			page 11


 495 0190 00       		.byte	0
 496 0191 07       		.uleb128 0x7
 497 0192 10000000 		.4byte	.LVL10
 498 0196 36040000 		.4byte	0x436
 499 019a A6010000 		.4byte	0x1a6
 500 019e 08       		.uleb128 0x8
 501 019f 01       		.uleb128 0x1
 502 01a0 50       		.byte	0x50
 503 01a1 03       		.uleb128 0x3
 504 01a2 0A       		.byte	0xa
 505 01a3 401F     		.2byte	0x1f40
 506 01a5 00       		.byte	0
 507 01a6 07       		.uleb128 0x7
 508 01a7 18000000 		.4byte	.LVL11
 509 01ab 41040000 		.4byte	0x441
 510 01af BB010000 		.4byte	0x1bb
 511 01b3 08       		.uleb128 0x8
 512 01b4 01       		.uleb128 0x1
 513 01b5 50       		.byte	0x50
 514 01b6 03       		.uleb128 0x3
 515 01b7 0A       		.byte	0xa
 516 01b8 A00F     		.2byte	0xfa0
 517 01ba 00       		.byte	0
 518 01bb 07       		.uleb128 0x7
 519 01bc 1E000000 		.4byte	.LVL12
 520 01c0 36040000 		.4byte	0x436
 521 01c4 CE010000 		.4byte	0x1ce
 522 01c8 08       		.uleb128 0x8
 523 01c9 01       		.uleb128 0x1
 524 01ca 50       		.byte	0x50
 525 01cb 01       		.uleb128 0x1
 526 01cc 30       		.byte	0x30
 527 01cd 00       		.byte	0
 528 01ce 09       		.uleb128 0x9
 529 01cf 26000000 		.4byte	.LVL13
 530 01d3 41040000 		.4byte	0x441
 531 01d7 08       		.uleb128 0x8
 532 01d8 01       		.uleb128 0x1
 533 01d9 50       		.byte	0x50
 534 01da 03       		.uleb128 0x3
 535 01db 0A       		.byte	0xa
 536 01dc E803     		.2byte	0x3e8
 537 01de 00       		.byte	0
 538 01df 00       		.byte	0
 539 01e0 0B       		.uleb128 0xb
 540 01e1 15000000 		.4byte	.LASF28
 541 01e5 01       		.byte	0x1
 542 01e6 2C       		.byte	0x2c
 543 01e7 00000000 		.4byte	.LFB65
 544 01eb 5C000000 		.4byte	.LFE65-.LFB65
 545 01ef 01       		.uleb128 0x1
 546 01f0 9C       		.byte	0x9c
 547 01f1 EC020000 		.4byte	0x2ec
 548 01f5 0C       		.uleb128 0xc
 549 01f6 00000000 		.4byte	.LASF16
 550 01fa 01       		.byte	0x1
 551 01fb 2C       		.byte	0x2c
ARM GAS  C:\Users\Abude\AppData\Local\Temp\cc5Jkl0f.s 			page 12


 552 01fc 68000000 		.4byte	0x68
 553 0200 00000000 		.4byte	.LLST0
 554 0204 0C       		.uleb128 0xc
 555 0205 DE010000 		.4byte	.LASF17
 556 0209 01       		.byte	0x1
 557 020a 2C       		.byte	0x2c
 558 020b 68000000 		.4byte	0x68
 559 020f 1E000000 		.4byte	.LLST1
 560 0213 0D       		.uleb128 0xd
 561 0214 08000000 		.4byte	.LBB2
 562 0218 50000000 		.4byte	.LBE2-.LBB2
 563 021c 0E       		.uleb128 0xe
 564 021d 6900     		.ascii	"i\000"
 565 021f 01       		.byte	0x1
 566 0220 2E       		.byte	0x2e
 567 0221 68000000 		.4byte	0x68
 568 0225 3C000000 		.4byte	.LLST2
 569 0229 07       		.uleb128 0x7
 570 022a 12000000 		.4byte	.LVL17
 571 022e 4C040000 		.4byte	0x44c
 572 0232 3C020000 		.4byte	0x23c
 573 0236 08       		.uleb128 0x8
 574 0237 01       		.uleb128 0x1
 575 0238 50       		.byte	0x50
 576 0239 01       		.uleb128 0x1
 577 023a 30       		.byte	0x30
 578 023b 00       		.byte	0
 579 023c 07       		.uleb128 0x7
 580 023d 1A000000 		.4byte	.LVL18
 581 0241 36040000 		.4byte	0x436
 582 0245 51020000 		.4byte	0x251
 583 0249 08       		.uleb128 0x8
 584 024a 01       		.uleb128 0x1
 585 024b 50       		.byte	0x50
 586 024c 03       		.uleb128 0x3
 587 024d 0A       		.byte	0xa
 588 024e E803     		.2byte	0x3e8
 589 0250 00       		.byte	0
 590 0251 07       		.uleb128 0x7
 591 0252 28000000 		.4byte	.LVL19
 592 0256 41040000 		.4byte	0x441
 593 025a 65020000 		.4byte	0x265
 594 025e 08       		.uleb128 0x8
 595 025f 01       		.uleb128 0x1
 596 0260 50       		.byte	0x50
 597 0261 02       		.uleb128 0x2
 598 0262 76       		.byte	0x76
 599 0263 00       		.sleb128 0
 600 0264 00       		.byte	0
 601 0265 07       		.uleb128 0x7
 602 0266 2E000000 		.4byte	.LVL20
 603 026a 36040000 		.4byte	0x436
 604 026e 78020000 		.4byte	0x278
 605 0272 08       		.uleb128 0x8
 606 0273 01       		.uleb128 0x1
 607 0274 50       		.byte	0x50
 608 0275 01       		.uleb128 0x1
ARM GAS  C:\Users\Abude\AppData\Local\Temp\cc5Jkl0f.s 			page 13


 609 0276 30       		.byte	0x30
 610 0277 00       		.byte	0
 611 0278 07       		.uleb128 0x7
 612 0279 34000000 		.4byte	.LVL21
 613 027d 41040000 		.4byte	0x441
 614 0281 8C020000 		.4byte	0x28c
 615 0285 08       		.uleb128 0x8
 616 0286 01       		.uleb128 0x1
 617 0287 50       		.byte	0x50
 618 0288 02       		.uleb128 0x2
 619 0289 74       		.byte	0x74
 620 028a 00       		.sleb128 0
 621 028b 00       		.byte	0
 622 028c 07       		.uleb128 0x7
 623 028d 3A000000 		.4byte	.LVL22
 624 0291 4C040000 		.4byte	0x44c
 625 0295 9F020000 		.4byte	0x29f
 626 0299 08       		.uleb128 0x8
 627 029a 01       		.uleb128 0x1
 628 029b 50       		.byte	0x50
 629 029c 01       		.uleb128 0x1
 630 029d 31       		.byte	0x31
 631 029e 00       		.byte	0
 632 029f 07       		.uleb128 0x7
 633 02a0 40000000 		.4byte	.LVL23
 634 02a4 36040000 		.4byte	0x436
 635 02a8 B3020000 		.4byte	0x2b3
 636 02ac 08       		.uleb128 0x8
 637 02ad 01       		.uleb128 0x1
 638 02ae 50       		.byte	0x50
 639 02af 02       		.uleb128 0x2
 640 02b0 74       		.byte	0x74
 641 02b1 00       		.sleb128 0
 642 02b2 00       		.byte	0
 643 02b3 07       		.uleb128 0x7
 644 02b4 46000000 		.4byte	.LVL24
 645 02b8 41040000 		.4byte	0x441
 646 02bc C7020000 		.4byte	0x2c7
 647 02c0 08       		.uleb128 0x8
 648 02c1 01       		.uleb128 0x1
 649 02c2 50       		.byte	0x50
 650 02c3 02       		.uleb128 0x2
 651 02c4 76       		.byte	0x76
 652 02c5 00       		.sleb128 0
 653 02c6 00       		.byte	0
 654 02c7 07       		.uleb128 0x7
 655 02c8 4C000000 		.4byte	.LVL25
 656 02cc 36040000 		.4byte	0x436
 657 02d0 DA020000 		.4byte	0x2da
 658 02d4 08       		.uleb128 0x8
 659 02d5 01       		.uleb128 0x1
 660 02d6 50       		.byte	0x50
 661 02d7 01       		.uleb128 0x1
 662 02d8 30       		.byte	0x30
 663 02d9 00       		.byte	0
 664 02da 09       		.uleb128 0x9
 665 02db 52000000 		.4byte	.LVL26
ARM GAS  C:\Users\Abude\AppData\Local\Temp\cc5Jkl0f.s 			page 14


 666 02df 41040000 		.4byte	0x441
 667 02e3 08       		.uleb128 0x8
 668 02e4 01       		.uleb128 0x1
 669 02e5 50       		.byte	0x50
 670 02e6 02       		.uleb128 0x2
 671 02e7 74       		.byte	0x74
 672 02e8 00       		.sleb128 0
 673 02e9 00       		.byte	0
 674 02ea 00       		.byte	0
 675 02eb 00       		.byte	0
 676 02ec 0A       		.uleb128 0xa
 677 02ed 1A000000 		.4byte	.LASF19
 678 02f1 01       		.byte	0x1
 679 02f2 3C       		.byte	0x3c
 680 02f3 00000000 		.4byte	.LFB66
 681 02f7 6A000000 		.4byte	.LFE66-.LFB66
 682 02fb 01       		.uleb128 0x1
 683 02fc 9C       		.byte	0x9c
 684 02fd 1A040000 		.4byte	0x41a
 685 0301 07       		.uleb128 0x7
 686 0302 08000000 		.4byte	.LVL28
 687 0306 4C040000 		.4byte	0x44c
 688 030a 14030000 		.4byte	0x314
 689 030e 08       		.uleb128 0x8
 690 030f 01       		.uleb128 0x1
 691 0310 50       		.byte	0x50
 692 0311 01       		.uleb128 0x1
 693 0312 30       		.byte	0x30
 694 0313 00       		.byte	0
 695 0314 07       		.uleb128 0x7
 696 0315 10000000 		.4byte	.LVL29
 697 0319 36040000 		.4byte	0x436
 698 031d 29030000 		.4byte	0x329
 699 0321 08       		.uleb128 0x8
 700 0322 01       		.uleb128 0x1
 701 0323 50       		.byte	0x50
 702 0324 03       		.uleb128 0x3
 703 0325 0A       		.byte	0xa
 704 0326 E803     		.2byte	0x3e8
 705 0328 00       		.byte	0
 706 0329 07       		.uleb128 0x7
 707 032a 18000000 		.4byte	.LVL30
 708 032e 41040000 		.4byte	0x441
 709 0332 3E030000 		.4byte	0x33e
 710 0336 08       		.uleb128 0x8
 711 0337 01       		.uleb128 0x1
 712 0338 50       		.byte	0x50
 713 0339 03       		.uleb128 0x3
 714 033a 0A       		.byte	0xa
 715 033b B80B     		.2byte	0xbb8
 716 033d 00       		.byte	0
 717 033e 07       		.uleb128 0x7
 718 033f 1E000000 		.4byte	.LVL31
 719 0343 36040000 		.4byte	0x436
 720 0347 51030000 		.4byte	0x351
 721 034b 08       		.uleb128 0x8
 722 034c 01       		.uleb128 0x1
ARM GAS  C:\Users\Abude\AppData\Local\Temp\cc5Jkl0f.s 			page 15


 723 034d 50       		.byte	0x50
 724 034e 01       		.uleb128 0x1
 725 034f 30       		.byte	0x30
 726 0350 00       		.byte	0
 727 0351 07       		.uleb128 0x7
 728 0352 26000000 		.4byte	.LVL32
 729 0356 41040000 		.4byte	0x441
 730 035a 66030000 		.4byte	0x366
 731 035e 08       		.uleb128 0x8
 732 035f 01       		.uleb128 0x1
 733 0360 50       		.byte	0x50
 734 0361 03       		.uleb128 0x3
 735 0362 0A       		.byte	0xa
 736 0363 E803     		.2byte	0x3e8
 737 0365 00       		.byte	0
 738 0366 07       		.uleb128 0x7
 739 0367 2E000000 		.4byte	.LVL33
 740 036b 36040000 		.4byte	0x436
 741 036f 7B030000 		.4byte	0x37b
 742 0373 08       		.uleb128 0x8
 743 0374 01       		.uleb128 0x1
 744 0375 50       		.byte	0x50
 745 0376 03       		.uleb128 0x3
 746 0377 0A       		.byte	0xa
 747 0378 9411     		.2byte	0x1194
 748 037a 00       		.byte	0
 749 037b 07       		.uleb128 0x7
 750 037c 36000000 		.4byte	.LVL34
 751 0380 41040000 		.4byte	0x441
 752 0384 90030000 		.4byte	0x390
 753 0388 08       		.uleb128 0x8
 754 0389 01       		.uleb128 0x1
 755 038a 50       		.byte	0x50
 756 038b 03       		.uleb128 0x3
 757 038c 0A       		.byte	0xa
 758 038d B80B     		.2byte	0xbb8
 759 038f 00       		.byte	0
 760 0390 07       		.uleb128 0x7
 761 0391 3C000000 		.4byte	.LVL35
 762 0395 36040000 		.4byte	0x436
 763 0399 A3030000 		.4byte	0x3a3
 764 039d 08       		.uleb128 0x8
 765 039e 01       		.uleb128 0x1
 766 039f 50       		.byte	0x50
 767 03a0 01       		.uleb128 0x1
 768 03a1 30       		.byte	0x30
 769 03a2 00       		.byte	0
 770 03a3 07       		.uleb128 0x7
 771 03a4 44000000 		.4byte	.LVL36
 772 03a8 41040000 		.4byte	0x441
 773 03ac B8030000 		.4byte	0x3b8
 774 03b0 08       		.uleb128 0x8
 775 03b1 01       		.uleb128 0x1
 776 03b2 50       		.byte	0x50
 777 03b3 03       		.uleb128 0x3
 778 03b4 0A       		.byte	0xa
 779 03b5 E803     		.2byte	0x3e8
ARM GAS  C:\Users\Abude\AppData\Local\Temp\cc5Jkl0f.s 			page 16


 780 03b7 00       		.byte	0
 781 03b8 07       		.uleb128 0x7
 782 03b9 4A000000 		.4byte	.LVL37
 783 03bd 4C040000 		.4byte	0x44c
 784 03c1 CB030000 		.4byte	0x3cb
 785 03c5 08       		.uleb128 0x8
 786 03c6 01       		.uleb128 0x1
 787 03c7 50       		.byte	0x50
 788 03c8 01       		.uleb128 0x1
 789 03c9 31       		.byte	0x31
 790 03ca 00       		.byte	0
 791 03cb 07       		.uleb128 0x7
 792 03cc 52000000 		.4byte	.LVL38
 793 03d0 36040000 		.4byte	0x436
 794 03d4 E0030000 		.4byte	0x3e0
 795 03d8 08       		.uleb128 0x8
 796 03d9 01       		.uleb128 0x1
 797 03da 50       		.byte	0x50
 798 03db 03       		.uleb128 0x3
 799 03dc 0A       		.byte	0xa
 800 03dd 401F     		.2byte	0x1f40
 801 03df 00       		.byte	0
 802 03e0 07       		.uleb128 0x7
 803 03e1 5A000000 		.4byte	.LVL39
 804 03e5 41040000 		.4byte	0x441
 805 03e9 F5030000 		.4byte	0x3f5
 806 03ed 08       		.uleb128 0x8
 807 03ee 01       		.uleb128 0x1
 808 03ef 50       		.byte	0x50
 809 03f0 03       		.uleb128 0x3
 810 03f1 0A       		.byte	0xa
 811 03f2 B80B     		.2byte	0xbb8
 812 03f4 00       		.byte	0
 813 03f5 07       		.uleb128 0x7
 814 03f6 60000000 		.4byte	.LVL40
 815 03fa 36040000 		.4byte	0x436
 816 03fe 08040000 		.4byte	0x408
 817 0402 08       		.uleb128 0x8
 818 0403 01       		.uleb128 0x1
 819 0404 50       		.byte	0x50
 820 0405 01       		.uleb128 0x1
 821 0406 30       		.byte	0x30
 822 0407 00       		.byte	0
 823 0408 09       		.uleb128 0x9
 824 0409 68000000 		.4byte	.LVL41
 825 040d 41040000 		.4byte	0x441
 826 0411 08       		.uleb128 0x8
 827 0412 01       		.uleb128 0x1
 828 0413 50       		.byte	0x50
 829 0414 03       		.uleb128 0x3
 830 0415 0A       		.byte	0xa
 831 0416 E803     		.2byte	0x3e8
 832 0418 00       		.byte	0
 833 0419 00       		.byte	0
 834 041a 0F       		.uleb128 0xf
 835 041b 10010000 		.4byte	.LASF29
 836 041f 07       		.byte	0x7
ARM GAS  C:\Users\Abude\AppData\Local\Temp\cc5Jkl0f.s 			page 17


 837 0420 1207     		.2byte	0x712
 838 0422 26040000 		.4byte	0x426
 839 0426 10       		.uleb128 0x10
 840 0427 76000000 		.4byte	0x76
 841 042b 11       		.uleb128 0x11
 842 042c 24010000 		.4byte	.LASF20
 843 0430 24010000 		.4byte	.LASF20
 844 0434 04       		.byte	0x4
 845 0435 92       		.byte	0x92
 846 0436 11       		.uleb128 0x11
 847 0437 1F000000 		.4byte	.LASF21
 848 043b 1F000000 		.4byte	.LASF21
 849 043f 04       		.byte	0x4
 850 0440 C3       		.byte	0xc3
 851 0441 11       		.uleb128 0x11
 852 0442 0F020000 		.4byte	.LASF22
 853 0446 0F020000 		.4byte	.LASF22
 854 044a 05       		.byte	0x5
 855 044b 76       		.byte	0x76
 856 044c 11       		.uleb128 0x11
 857 044d F3010000 		.4byte	.LASF23
 858 0451 F3010000 		.4byte	.LASF23
 859 0455 06       		.byte	0x6
 860 0456 26       		.byte	0x26
 861 0457 00       		.byte	0
 862              		.section	.debug_abbrev,"",%progbits
 863              	.Ldebug_abbrev0:
 864 0000 01       		.uleb128 0x1
 865 0001 11       		.uleb128 0x11
 866 0002 01       		.byte	0x1
 867 0003 25       		.uleb128 0x25
 868 0004 0E       		.uleb128 0xe
 869 0005 13       		.uleb128 0x13
 870 0006 0B       		.uleb128 0xb
 871 0007 03       		.uleb128 0x3
 872 0008 0E       		.uleb128 0xe
 873 0009 1B       		.uleb128 0x1b
 874 000a 0E       		.uleb128 0xe
 875 000b 55       		.uleb128 0x55
 876 000c 17       		.uleb128 0x17
 877 000d 11       		.uleb128 0x11
 878 000e 01       		.uleb128 0x1
 879 000f 10       		.uleb128 0x10
 880 0010 17       		.uleb128 0x17
 881 0011 00       		.byte	0
 882 0012 00       		.byte	0
 883 0013 02       		.uleb128 0x2
 884 0014 24       		.uleb128 0x24
 885 0015 00       		.byte	0
 886 0016 0B       		.uleb128 0xb
 887 0017 0B       		.uleb128 0xb
 888 0018 3E       		.uleb128 0x3e
 889 0019 0B       		.uleb128 0xb
 890 001a 03       		.uleb128 0x3
 891 001b 0E       		.uleb128 0xe
 892 001c 00       		.byte	0
 893 001d 00       		.byte	0
ARM GAS  C:\Users\Abude\AppData\Local\Temp\cc5Jkl0f.s 			page 18


 894 001e 03       		.uleb128 0x3
 895 001f 16       		.uleb128 0x16
 896 0020 00       		.byte	0
 897 0021 03       		.uleb128 0x3
 898 0022 0E       		.uleb128 0xe
 899 0023 3A       		.uleb128 0x3a
 900 0024 0B       		.uleb128 0xb
 901 0025 3B       		.uleb128 0x3b
 902 0026 0B       		.uleb128 0xb
 903 0027 49       		.uleb128 0x49
 904 0028 13       		.uleb128 0x13
 905 0029 00       		.byte	0
 906 002a 00       		.byte	0
 907 002b 04       		.uleb128 0x4
 908 002c 24       		.uleb128 0x24
 909 002d 00       		.byte	0
 910 002e 0B       		.uleb128 0xb
 911 002f 0B       		.uleb128 0xb
 912 0030 3E       		.uleb128 0x3e
 913 0031 0B       		.uleb128 0xb
 914 0032 03       		.uleb128 0x3
 915 0033 08       		.uleb128 0x8
 916 0034 00       		.byte	0
 917 0035 00       		.byte	0
 918 0036 05       		.uleb128 0x5
 919 0037 2E       		.uleb128 0x2e
 920 0038 01       		.byte	0x1
 921 0039 3F       		.uleb128 0x3f
 922 003a 19       		.uleb128 0x19
 923 003b 03       		.uleb128 0x3
 924 003c 0E       		.uleb128 0xe
 925 003d 3A       		.uleb128 0x3a
 926 003e 0B       		.uleb128 0xb
 927 003f 3B       		.uleb128 0x3b
 928 0040 0B       		.uleb128 0xb
 929 0041 27       		.uleb128 0x27
 930 0042 19       		.uleb128 0x19
 931 0043 49       		.uleb128 0x49
 932 0044 13       		.uleb128 0x13
 933 0045 8701     		.uleb128 0x87
 934 0047 19       		.uleb128 0x19
 935 0048 11       		.uleb128 0x11
 936 0049 01       		.uleb128 0x1
 937 004a 12       		.uleb128 0x12
 938 004b 06       		.uleb128 0x6
 939 004c 40       		.uleb128 0x40
 940 004d 18       		.uleb128 0x18
 941 004e 9742     		.uleb128 0x2117
 942 0050 19       		.uleb128 0x19
 943 0051 01       		.uleb128 0x1
 944 0052 13       		.uleb128 0x13
 945 0053 00       		.byte	0
 946 0054 00       		.byte	0
 947 0055 06       		.uleb128 0x6
 948 0056 898201   		.uleb128 0x4109
 949 0059 00       		.byte	0
 950 005a 11       		.uleb128 0x11
ARM GAS  C:\Users\Abude\AppData\Local\Temp\cc5Jkl0f.s 			page 19


 951 005b 01       		.uleb128 0x1
 952 005c 31       		.uleb128 0x31
 953 005d 13       		.uleb128 0x13
 954 005e 00       		.byte	0
 955 005f 00       		.byte	0
 956 0060 07       		.uleb128 0x7
 957 0061 898201   		.uleb128 0x4109
 958 0064 01       		.byte	0x1
 959 0065 11       		.uleb128 0x11
 960 0066 01       		.uleb128 0x1
 961 0067 31       		.uleb128 0x31
 962 0068 13       		.uleb128 0x13
 963 0069 01       		.uleb128 0x1
 964 006a 13       		.uleb128 0x13
 965 006b 00       		.byte	0
 966 006c 00       		.byte	0
 967 006d 08       		.uleb128 0x8
 968 006e 8A8201   		.uleb128 0x410a
 969 0071 00       		.byte	0
 970 0072 02       		.uleb128 0x2
 971 0073 18       		.uleb128 0x18
 972 0074 9142     		.uleb128 0x2111
 973 0076 18       		.uleb128 0x18
 974 0077 00       		.byte	0
 975 0078 00       		.byte	0
 976 0079 09       		.uleb128 0x9
 977 007a 898201   		.uleb128 0x4109
 978 007d 01       		.byte	0x1
 979 007e 11       		.uleb128 0x11
 980 007f 01       		.uleb128 0x1
 981 0080 31       		.uleb128 0x31
 982 0081 13       		.uleb128 0x13
 983 0082 00       		.byte	0
 984 0083 00       		.byte	0
 985 0084 0A       		.uleb128 0xa
 986 0085 2E       		.uleb128 0x2e
 987 0086 01       		.byte	0x1
 988 0087 3F       		.uleb128 0x3f
 989 0088 19       		.uleb128 0x19
 990 0089 03       		.uleb128 0x3
 991 008a 0E       		.uleb128 0xe
 992 008b 3A       		.uleb128 0x3a
 993 008c 0B       		.uleb128 0xb
 994 008d 3B       		.uleb128 0x3b
 995 008e 0B       		.uleb128 0xb
 996 008f 11       		.uleb128 0x11
 997 0090 01       		.uleb128 0x1
 998 0091 12       		.uleb128 0x12
 999 0092 06       		.uleb128 0x6
 1000 0093 40       		.uleb128 0x40
 1001 0094 18       		.uleb128 0x18
 1002 0095 9742     		.uleb128 0x2117
 1003 0097 19       		.uleb128 0x19
 1004 0098 01       		.uleb128 0x1
 1005 0099 13       		.uleb128 0x13
 1006 009a 00       		.byte	0
 1007 009b 00       		.byte	0
ARM GAS  C:\Users\Abude\AppData\Local\Temp\cc5Jkl0f.s 			page 20


 1008 009c 0B       		.uleb128 0xb
 1009 009d 2E       		.uleb128 0x2e
 1010 009e 01       		.byte	0x1
 1011 009f 3F       		.uleb128 0x3f
 1012 00a0 19       		.uleb128 0x19
 1013 00a1 03       		.uleb128 0x3
 1014 00a2 0E       		.uleb128 0xe
 1015 00a3 3A       		.uleb128 0x3a
 1016 00a4 0B       		.uleb128 0xb
 1017 00a5 3B       		.uleb128 0x3b
 1018 00a6 0B       		.uleb128 0xb
 1019 00a7 27       		.uleb128 0x27
 1020 00a8 19       		.uleb128 0x19
 1021 00a9 11       		.uleb128 0x11
 1022 00aa 01       		.uleb128 0x1
 1023 00ab 12       		.uleb128 0x12
 1024 00ac 06       		.uleb128 0x6
 1025 00ad 40       		.uleb128 0x40
 1026 00ae 18       		.uleb128 0x18
 1027 00af 9742     		.uleb128 0x2117
 1028 00b1 19       		.uleb128 0x19
 1029 00b2 01       		.uleb128 0x1
 1030 00b3 13       		.uleb128 0x13
 1031 00b4 00       		.byte	0
 1032 00b5 00       		.byte	0
 1033 00b6 0C       		.uleb128 0xc
 1034 00b7 05       		.uleb128 0x5
 1035 00b8 00       		.byte	0
 1036 00b9 03       		.uleb128 0x3
 1037 00ba 0E       		.uleb128 0xe
 1038 00bb 3A       		.uleb128 0x3a
 1039 00bc 0B       		.uleb128 0xb
 1040 00bd 3B       		.uleb128 0x3b
 1041 00be 0B       		.uleb128 0xb
 1042 00bf 49       		.uleb128 0x49
 1043 00c0 13       		.uleb128 0x13
 1044 00c1 02       		.uleb128 0x2
 1045 00c2 17       		.uleb128 0x17
 1046 00c3 00       		.byte	0
 1047 00c4 00       		.byte	0
 1048 00c5 0D       		.uleb128 0xd
 1049 00c6 0B       		.uleb128 0xb
 1050 00c7 01       		.byte	0x1
 1051 00c8 11       		.uleb128 0x11
 1052 00c9 01       		.uleb128 0x1
 1053 00ca 12       		.uleb128 0x12
 1054 00cb 06       		.uleb128 0x6
 1055 00cc 00       		.byte	0
 1056 00cd 00       		.byte	0
 1057 00ce 0E       		.uleb128 0xe
 1058 00cf 34       		.uleb128 0x34
 1059 00d0 00       		.byte	0
 1060 00d1 03       		.uleb128 0x3
 1061 00d2 08       		.uleb128 0x8
 1062 00d3 3A       		.uleb128 0x3a
 1063 00d4 0B       		.uleb128 0xb
 1064 00d5 3B       		.uleb128 0x3b
ARM GAS  C:\Users\Abude\AppData\Local\Temp\cc5Jkl0f.s 			page 21


 1065 00d6 0B       		.uleb128 0xb
 1066 00d7 49       		.uleb128 0x49
 1067 00d8 13       		.uleb128 0x13
 1068 00d9 02       		.uleb128 0x2
 1069 00da 17       		.uleb128 0x17
 1070 00db 00       		.byte	0
 1071 00dc 00       		.byte	0
 1072 00dd 0F       		.uleb128 0xf
 1073 00de 34       		.uleb128 0x34
 1074 00df 00       		.byte	0
 1075 00e0 03       		.uleb128 0x3
 1076 00e1 0E       		.uleb128 0xe
 1077 00e2 3A       		.uleb128 0x3a
 1078 00e3 0B       		.uleb128 0xb
 1079 00e4 3B       		.uleb128 0x3b
 1080 00e5 05       		.uleb128 0x5
 1081 00e6 49       		.uleb128 0x49
 1082 00e7 13       		.uleb128 0x13
 1083 00e8 3F       		.uleb128 0x3f
 1084 00e9 19       		.uleb128 0x19
 1085 00ea 3C       		.uleb128 0x3c
 1086 00eb 19       		.uleb128 0x19
 1087 00ec 00       		.byte	0
 1088 00ed 00       		.byte	0
 1089 00ee 10       		.uleb128 0x10
 1090 00ef 35       		.uleb128 0x35
 1091 00f0 00       		.byte	0
 1092 00f1 49       		.uleb128 0x49
 1093 00f2 13       		.uleb128 0x13
 1094 00f3 00       		.byte	0
 1095 00f4 00       		.byte	0
 1096 00f5 11       		.uleb128 0x11
 1097 00f6 2E       		.uleb128 0x2e
 1098 00f7 00       		.byte	0
 1099 00f8 3F       		.uleb128 0x3f
 1100 00f9 19       		.uleb128 0x19
 1101 00fa 3C       		.uleb128 0x3c
 1102 00fb 19       		.uleb128 0x19
 1103 00fc 6E       		.uleb128 0x6e
 1104 00fd 0E       		.uleb128 0xe
 1105 00fe 03       		.uleb128 0x3
 1106 00ff 0E       		.uleb128 0xe
 1107 0100 3A       		.uleb128 0x3a
 1108 0101 0B       		.uleb128 0xb
 1109 0102 3B       		.uleb128 0x3b
 1110 0103 0B       		.uleb128 0xb
 1111 0104 00       		.byte	0
 1112 0105 00       		.byte	0
 1113 0106 00       		.byte	0
 1114              		.section	.debug_loc,"",%progbits
 1115              	.Ldebug_loc0:
 1116              	.LLST0:
 1117 0000 00000000 		.4byte	.LVL14
 1118 0004 0C000000 		.4byte	.LVL16
 1119 0008 0100     		.2byte	0x1
 1120 000a 50       		.byte	0x50
 1121 000b 0C000000 		.4byte	.LVL16
ARM GAS  C:\Users\Abude\AppData\Local\Temp\cc5Jkl0f.s 			page 22


 1122 000f 5C000000 		.4byte	.LFE65
 1123 0013 0100     		.2byte	0x1
 1124 0015 58       		.byte	0x58
 1125 0016 00000000 		.4byte	0
 1126 001a 00000000 		.4byte	0
 1127              	.LLST1:
 1128 001e 00000000 		.4byte	.LVL14
 1129 0022 0C000000 		.4byte	.LVL16
 1130 0026 0100     		.2byte	0x1
 1131 0028 51       		.byte	0x51
 1132 0029 0C000000 		.4byte	.LVL16
 1133 002d 5C000000 		.4byte	.LFE65
 1134 0031 0100     		.2byte	0x1
 1135 0033 57       		.byte	0x57
 1136 0034 00000000 		.4byte	0
 1137 0038 00000000 		.4byte	0
 1138              	.LLST2:
 1139 003c 08000000 		.4byte	.LVL15
 1140 0040 0C000000 		.4byte	.LVL16
 1141 0044 0200     		.2byte	0x2
 1142 0046 30       		.byte	0x30
 1143 0047 9F       		.byte	0x9f
 1144 0048 0C000000 		.4byte	.LVL16
 1145 004c 5C000000 		.4byte	.LFE65
 1146 0050 0100     		.2byte	0x1
 1147 0052 55       		.byte	0x55
 1148 0053 00000000 		.4byte	0
 1149 0057 00000000 		.4byte	0
 1150              		.section	.debug_aranges,"",%progbits
 1151 0000 34000000 		.4byte	0x34
 1152 0004 0200     		.2byte	0x2
 1153 0006 00000000 		.4byte	.Ldebug_info0
 1154 000a 04       		.byte	0x4
 1155 000b 00       		.byte	0
 1156 000c 0000     		.2byte	0
 1157 000e 0000     		.2byte	0
 1158 0010 00000000 		.4byte	.LFB63
 1159 0014 48000000 		.4byte	.LFE63-.LFB63
 1160 0018 00000000 		.4byte	.LFB64
 1161 001c 28000000 		.4byte	.LFE64-.LFB64
 1162 0020 00000000 		.4byte	.LFB65
 1163 0024 5C000000 		.4byte	.LFE65-.LFB65
 1164 0028 00000000 		.4byte	.LFB66
 1165 002c 6A000000 		.4byte	.LFE66-.LFB66
 1166 0030 00000000 		.4byte	0
 1167 0034 00000000 		.4byte	0
 1168              		.section	.debug_ranges,"",%progbits
 1169              	.Ldebug_ranges0:
 1170 0000 00000000 		.4byte	.LFB63
 1171 0004 48000000 		.4byte	.LFE63
 1172 0008 00000000 		.4byte	.LFB64
 1173 000c 28000000 		.4byte	.LFE64
 1174 0010 00000000 		.4byte	.LFB65
 1175 0014 5C000000 		.4byte	.LFE65
 1176 0018 00000000 		.4byte	.LFB66
 1177 001c 6A000000 		.4byte	.LFE66
 1178 0020 00000000 		.4byte	0
ARM GAS  C:\Users\Abude\AppData\Local\Temp\cc5Jkl0f.s 			page 23


 1179 0024 00000000 		.4byte	0
 1180              		.section	.debug_line,"",%progbits
 1181              	.Ldebug_line0:
 1182 0000 31020000 		.section	.debug_str,"MS",%progbits,1
 1182      02006E01 
 1182      00000201 
 1182      FB0E0D00 
 1182      01010101 
 1183              	.LASF16:
 1184 0000 726F7461 		.ascii	"rotateTime\000"
 1184      74655469 
 1184      6D6500
 1185              	.LASF9:
 1186 000b 5F5F696E 		.ascii	"__int32_t\000"
 1186      7433325F 
 1186      7400
 1187              	.LASF28:
 1188 0015 57617368 		.ascii	"Wash\000"
 1188      00
 1189              	.LASF19:
 1190 001a 5370696E 		.ascii	"Spin\000"
 1190      00
 1191              	.LASF21:
 1192 001f 50574D5F 		.ascii	"PWM_MOTOR_SPEED_WriteCompare\000"
 1192      4D4F544F 
 1192      525F5350 
 1192      4545445F 
 1192      57726974 
 1193              	.LASF10:
 1194 003c 696E7433 		.ascii	"int32_t\000"
 1194      325F7400 
 1195              	.LASF11:
 1196 0044 666C6F61 		.ascii	"float\000"
 1196      7400
 1197              	.LASF1:
 1198 004a 756E7369 		.ascii	"unsigned char\000"
 1198      676E6564 
 1198      20636861 
 1198      7200
 1199              	.LASF24:
 1200 0058 474E5520 		.ascii	"GNU C11 5.4.1 20160609 (release) [ARM/embedded-5-br"
 1200      43313120 
 1200      352E342E 
 1200      31203230 
 1200      31363036 
 1201 008b 616E6368 		.ascii	"anch revision 237715] -mcpu=cortex-m3 -mthumb -g -O"
 1201      20726576 
 1201      6973696F 
 1201      6E203233 
 1201      37373135 
 1202 00be 67202D66 		.ascii	"g -ffunction-sections -ffat-lto-objects\000"
 1202      66756E63 
 1202      74696F6E 
 1202      2D736563 
 1202      74696F6E 
 1203              	.LASF5:
 1204 00e6 6C6F6E67 		.ascii	"long unsigned int\000"
ARM GAS  C:\Users\Abude\AppData\Local\Temp\cc5Jkl0f.s 			page 24


 1204      20756E73 
 1204      69676E65 
 1204      6420696E 
 1204      7400
 1205              	.LASF3:
 1206 00f8 73686F72 		.ascii	"short unsigned int\000"
 1206      7420756E 
 1206      7369676E 
 1206      65642069 
 1206      6E7400
 1207              	.LASF18:
 1208 010b 50756D70 		.ascii	"Pump\000"
 1208      00
 1209              	.LASF29:
 1210 0110 49544D5F 		.ascii	"ITM_RxBuffer\000"
 1210      52784275 
 1210      66666572 
 1210      00
 1211              	.LASF12:
 1212 011d 646F7562 		.ascii	"double\000"
 1212      6C6500
 1213              	.LASF20:
 1214 0124 50574D5F 		.ascii	"PWM_MOTOR_SPEED_Start\000"
 1214      4D4F544F 
 1214      525F5350 
 1214      4545445F 
 1214      53746172 
 1215              	.LASF27:
 1216 013a 6D61696E 		.ascii	"main\000"
 1216      00
 1217              	.LASF8:
 1218 013f 756E7369 		.ascii	"unsigned int\000"
 1218      676E6564 
 1218      20696E74 
 1218      00
 1219              	.LASF26:
 1220 014c 433A5C55 		.ascii	"C:\\Users\\Abude\\Documents\\PSoC Creator\\Embedded"
 1220      73657273 
 1220      5C416275 
 1220      64655C44 
 1220      6F63756D 
 1221 017a 53797374 		.ascii	"Systems2\\Lab3.cydsn\000"
 1221      656D7332 
 1221      5C4C6162 
 1221      332E6379 
 1221      64736E00 
 1222              	.LASF7:
 1223 018e 6C6F6E67 		.ascii	"long long unsigned int\000"
 1223      206C6F6E 
 1223      6720756E 
 1223      7369676E 
 1223      65642069 
 1224              	.LASF14:
 1225 01a5 6C6F6E67 		.ascii	"long double\000"
 1225      20646F75 
 1225      626C6500 
 1226              	.LASF15:
ARM GAS  C:\Users\Abude\AppData\Local\Temp\cc5Jkl0f.s 			page 25


 1227 01b1 73697A65 		.ascii	"sizetype\000"
 1227      74797065 
 1227      00
 1228              	.LASF6:
 1229 01ba 6C6F6E67 		.ascii	"long long int\000"
 1229      206C6F6E 
 1229      6720696E 
 1229      7400
 1230              	.LASF25:
 1231 01c8 6D61696E 		.ascii	"main.c\000"
 1231      2E6300
 1232              	.LASF13:
 1233 01cf 63686172 		.ascii	"char\000"
 1233      00
 1234              	.LASF2:
 1235 01d4 73686F72 		.ascii	"short int\000"
 1235      7420696E 
 1235      7400
 1236              	.LASF17:
 1237 01de 72657065 		.ascii	"repetitions\000"
 1237      74697469 
 1237      6F6E7300 
 1238              	.LASF4:
 1239 01ea 6C6F6E67 		.ascii	"long int\000"
 1239      20696E74 
 1239      00
 1240              	.LASF23:
 1241 01f3 44495245 		.ascii	"DIRECTION_Write\000"
 1241      4354494F 
 1241      4E5F5772 
 1241      69746500 
 1242              	.LASF0:
 1243 0203 7369676E 		.ascii	"signed char\000"
 1243      65642063 
 1243      68617200 
 1244              	.LASF22:
 1245 020f 43794465 		.ascii	"CyDelay\000"
 1245      6C617900 
 1246              		.ident	"GCC: (GNU Tools for ARM Embedded Processors) 5.4.1 20160609 (release) [ARM/embedded-5-bran
