ARM GAS  C:\Users\Abude\AppData\Local\Temp\ccTM6Jvz.s 			page 1


   1              		.syntax unified
   2              		.cpu cortex-m3
   3              		.fpu softvfp
   4              		.eabi_attribute 20, 1
   5              		.eabi_attribute 21, 1
   6              		.eabi_attribute 23, 3
   7              		.eabi_attribute 24, 1
   8              		.eabi_attribute 25, 1
   9              		.eabi_attribute 26, 1
  10              		.eabi_attribute 30, 1
  11              		.eabi_attribute 34, 1
  12              		.eabi_attribute 18, 4
  13              		.thumb
  14              		.syntax unified
  15              		.file	"u8g2_intersection.c"
  16              		.text
  17              	.Ltext0:
  18              		.cfi_sections	.debug_frame
  19              		.section	.text.u8g2_is_intersection_decision_tree,"ax",%progbits
  20              		.align	2
  21              		.global	u8g2_is_intersection_decision_tree
  22              		.thumb
  23              		.thumb_func
  24              		.type	u8g2_is_intersection_decision_tree, %function
  25              	u8g2_is_intersection_decision_tree:
  26              	.LFB0:
  27              		.file 1 "..\\..\\..\\..\\..\\..\\Dev\\Library embedded l2c display\\u8g2\\csrc\\u8g2_intersection.
   1:..\..\..\..\..\..\Dev\Library embedded l2c display\u8g2\csrc/u8g2_intersection.c **** /*
   2:..\..\..\..\..\..\Dev\Library embedded l2c display\u8g2\csrc/u8g2_intersection.c **** 
   3:..\..\..\..\..\..\Dev\Library embedded l2c display\u8g2\csrc/u8g2_intersection.c ****   u8g2_intersection.c 
   4:..\..\..\..\..\..\Dev\Library embedded l2c display\u8g2\csrc/u8g2_intersection.c ****   
   5:..\..\..\..\..\..\Dev\Library embedded l2c display\u8g2\csrc/u8g2_intersection.c ****   Intersection calculation, code taken from u8g_clip.c
   6:..\..\..\..\..\..\Dev\Library embedded l2c display\u8g2\csrc/u8g2_intersection.c **** 
   7:..\..\..\..\..\..\Dev\Library embedded l2c display\u8g2\csrc/u8g2_intersection.c ****   Universal 8bit Graphics Library (https://github.com/olikraus/u8g2/)
   8:..\..\..\..\..\..\Dev\Library embedded l2c display\u8g2\csrc/u8g2_intersection.c **** 
   9:..\..\..\..\..\..\Dev\Library embedded l2c display\u8g2\csrc/u8g2_intersection.c ****   Copyright (c) 2016, olikraus@gmail.com
  10:..\..\..\..\..\..\Dev\Library embedded l2c display\u8g2\csrc/u8g2_intersection.c ****   All rights reserved.
  11:..\..\..\..\..\..\Dev\Library embedded l2c display\u8g2\csrc/u8g2_intersection.c **** 
  12:..\..\..\..\..\..\Dev\Library embedded l2c display\u8g2\csrc/u8g2_intersection.c ****   Redistribution and use in source and binary forms, with or without modification, 
  13:..\..\..\..\..\..\Dev\Library embedded l2c display\u8g2\csrc/u8g2_intersection.c ****   are permitted provided that the following conditions are met:
  14:..\..\..\..\..\..\Dev\Library embedded l2c display\u8g2\csrc/u8g2_intersection.c **** 
  15:..\..\..\..\..\..\Dev\Library embedded l2c display\u8g2\csrc/u8g2_intersection.c ****   * Redistributions of source code must retain the above copyright notice, this list 
  16:..\..\..\..\..\..\Dev\Library embedded l2c display\u8g2\csrc/u8g2_intersection.c ****     of conditions and the following disclaimer.
  17:..\..\..\..\..\..\Dev\Library embedded l2c display\u8g2\csrc/u8g2_intersection.c ****     
  18:..\..\..\..\..\..\Dev\Library embedded l2c display\u8g2\csrc/u8g2_intersection.c ****   * Redistributions in binary form must reproduce the above copyright notice, this 
  19:..\..\..\..\..\..\Dev\Library embedded l2c display\u8g2\csrc/u8g2_intersection.c ****     list of conditions and the following disclaimer in the documentation and/or other 
  20:..\..\..\..\..\..\Dev\Library embedded l2c display\u8g2\csrc/u8g2_intersection.c ****     materials provided with the distribution.
  21:..\..\..\..\..\..\Dev\Library embedded l2c display\u8g2\csrc/u8g2_intersection.c **** 
  22:..\..\..\..\..\..\Dev\Library embedded l2c display\u8g2\csrc/u8g2_intersection.c ****   THIS SOFTWARE IS PROVIDED BY THE COPYRIGHT HOLDERS AND 
  23:..\..\..\..\..\..\Dev\Library embedded l2c display\u8g2\csrc/u8g2_intersection.c ****   CONTRIBUTORS "AS IS" AND ANY EXPRESS OR IMPLIED WARRANTIES, 
  24:..\..\..\..\..\..\Dev\Library embedded l2c display\u8g2\csrc/u8g2_intersection.c ****   INCLUDING, BUT NOT LIMITED TO, THE IMPLIED WARRANTIES OF 
  25:..\..\..\..\..\..\Dev\Library embedded l2c display\u8g2\csrc/u8g2_intersection.c ****   MERCHANTABILITY AND FITNESS FOR A PARTICULAR PURPOSE ARE 
  26:..\..\..\..\..\..\Dev\Library embedded l2c display\u8g2\csrc/u8g2_intersection.c ****   DISCLAIMED. IN NO EVENT SHALL THE COPYRIGHT HOLDER OR 
  27:..\..\..\..\..\..\Dev\Library embedded l2c display\u8g2\csrc/u8g2_intersection.c ****   CONTRIBUTORS BE LIABLE FOR ANY DIRECT, INDIRECT, INCIDENTAL, 
  28:..\..\..\..\..\..\Dev\Library embedded l2c display\u8g2\csrc/u8g2_intersection.c ****   SPECIAL, EXEMPLARY, OR CONSEQUENTIAL DAMAGES (INCLUDING, BUT 
  29:..\..\..\..\..\..\Dev\Library embedded l2c display\u8g2\csrc/u8g2_intersection.c ****   NOT LIMITED TO, PROCUREMENT OF SUBSTITUTE GOODS OR SERVICES; 
  30:..\..\..\..\..\..\Dev\Library embedded l2c display\u8g2\csrc/u8g2_intersection.c ****   LOSS OF USE, DATA, OR PROFITS; OR BUSINESS INTERRUPTION) HOWEVER 
ARM GAS  C:\Users\Abude\AppData\Local\Temp\ccTM6Jvz.s 			page 2


  31:..\..\..\..\..\..\Dev\Library embedded l2c display\u8g2\csrc/u8g2_intersection.c ****   CAUSED AND ON ANY THEORY OF LIABILITY, WHETHER IN CONTRACT, 
  32:..\..\..\..\..\..\Dev\Library embedded l2c display\u8g2\csrc/u8g2_intersection.c ****   STRICT LIABILITY, OR TORT (INCLUDING NEGLIGENCE OR OTHERWISE) 
  33:..\..\..\..\..\..\Dev\Library embedded l2c display\u8g2\csrc/u8g2_intersection.c ****   ARISING IN ANY WAY OUT OF THE USE OF THIS SOFTWARE, EVEN IF 
  34:..\..\..\..\..\..\Dev\Library embedded l2c display\u8g2\csrc/u8g2_intersection.c ****   ADVISED OF THE POSSIBILITY OF SUCH DAMAGE.  
  35:..\..\..\..\..\..\Dev\Library embedded l2c display\u8g2\csrc/u8g2_intersection.c **** 
  36:..\..\..\..\..\..\Dev\Library embedded l2c display\u8g2\csrc/u8g2_intersection.c **** */
  37:..\..\..\..\..\..\Dev\Library embedded l2c display\u8g2\csrc/u8g2_intersection.c **** 
  38:..\..\..\..\..\..\Dev\Library embedded l2c display\u8g2\csrc/u8g2_intersection.c **** #include "u8g2.h"
  39:..\..\..\..\..\..\Dev\Library embedded l2c display\u8g2\csrc/u8g2_intersection.c **** 
  40:..\..\..\..\..\..\Dev\Library embedded l2c display\u8g2\csrc/u8g2_intersection.c **** #ifdef __GNUC__
  41:..\..\..\..\..\..\Dev\Library embedded l2c display\u8g2\csrc/u8g2_intersection.c **** #define U8G2_ALWAYS_INLINE __inline__ __attribute__((always_inline))
  42:..\..\..\..\..\..\Dev\Library embedded l2c display\u8g2\csrc/u8g2_intersection.c **** #else
  43:..\..\..\..\..\..\Dev\Library embedded l2c display\u8g2\csrc/u8g2_intersection.c **** #define U8G2_ALWAYS_INLINE
  44:..\..\..\..\..\..\Dev\Library embedded l2c display\u8g2\csrc/u8g2_intersection.c **** #endif 
  45:..\..\..\..\..\..\Dev\Library embedded l2c display\u8g2\csrc/u8g2_intersection.c **** 
  46:..\..\..\..\..\..\Dev\Library embedded l2c display\u8g2\csrc/u8g2_intersection.c **** 
  47:..\..\..\..\..\..\Dev\Library embedded l2c display\u8g2\csrc/u8g2_intersection.c **** #if defined(U8G2_WITH_INTERSECTION) || defined(U8G2_WITH_CLIP_WINDOW_SUPPORT)
  48:..\..\..\..\..\..\Dev\Library embedded l2c display\u8g2\csrc/u8g2_intersection.c **** 
  49:..\..\..\..\..\..\Dev\Library embedded l2c display\u8g2\csrc/u8g2_intersection.c **** #ifdef OLD_VERSION_WITH_SYMETRIC_BOUNDARIES
  50:..\..\..\..\..\..\Dev\Library embedded l2c display\u8g2\csrc/u8g2_intersection.c **** 
  51:..\..\..\..\..\..\Dev\Library embedded l2c display\u8g2\csrc/u8g2_intersection.c **** /*
  52:..\..\..\..\..\..\Dev\Library embedded l2c display\u8g2\csrc/u8g2_intersection.c ****   intersection assumptions:
  53:..\..\..\..\..\..\Dev\Library embedded l2c display\u8g2\csrc/u8g2_intersection.c ****     a1 <= a2 is always true    
  54:..\..\..\..\..\..\Dev\Library embedded l2c display\u8g2\csrc/u8g2_intersection.c ****     
  55:..\..\..\..\..\..\Dev\Library embedded l2c display\u8g2\csrc/u8g2_intersection.c ****     minimized version
  56:..\..\..\..\..\..\Dev\Library embedded l2c display\u8g2\csrc/u8g2_intersection.c ****     ---1----0 1             b1 <= a2 && b1 > b2
  57:..\..\..\..\..\..\Dev\Library embedded l2c display\u8g2\csrc/u8g2_intersection.c ****     -----1--0 1             b2 >= a1 && b1 > b2
  58:..\..\..\..\..\..\Dev\Library embedded l2c display\u8g2\csrc/u8g2_intersection.c ****     ---1-1--- 1             b1 <= a2 && b2 >= a1
  59:..\..\..\..\..\..\Dev\Library embedded l2c display\u8g2\csrc/u8g2_intersection.c ****   */
  60:..\..\..\..\..\..\Dev\Library embedded l2c display\u8g2\csrc/u8g2_intersection.c **** 
  61:..\..\..\..\..\..\Dev\Library embedded l2c display\u8g2\csrc/u8g2_intersection.c **** 
  62:..\..\..\..\..\..\Dev\Library embedded l2c display\u8g2\csrc/u8g2_intersection.c **** /*
  63:..\..\..\..\..\..\Dev\Library embedded l2c display\u8g2\csrc/u8g2_intersection.c ****   calculate the intersection between a0/a1 and v0/v1
  64:..\..\..\..\..\..\Dev\Library embedded l2c display\u8g2\csrc/u8g2_intersection.c ****   The intersection check returns one if the range of a0/a1 has an intersection with v0/v1.
  65:..\..\..\..\..\..\Dev\Library embedded l2c display\u8g2\csrc/u8g2_intersection.c ****   The intersection check includes the boundary values v1 and a1.
  66:..\..\..\..\..\..\Dev\Library embedded l2c display\u8g2\csrc/u8g2_intersection.c **** 
  67:..\..\..\..\..\..\Dev\Library embedded l2c display\u8g2\csrc/u8g2_intersection.c ****   The following asserts will succeed:
  68:..\..\..\..\..\..\Dev\Library embedded l2c display\u8g2\csrc/u8g2_intersection.c ****     assert( u8g2_is_intersection_decision_tree(4, 6, 7, 9) == 0 );
  69:..\..\..\..\..\..\Dev\Library embedded l2c display\u8g2\csrc/u8g2_intersection.c ****     assert( u8g2_is_intersection_decision_tree(4, 6, 6, 9) != 0 );
  70:..\..\..\..\..\..\Dev\Library embedded l2c display\u8g2\csrc/u8g2_intersection.c ****     assert( u8g2_is_intersection_decision_tree(6, 9, 4, 6) != 0 );
  71:..\..\..\..\..\..\Dev\Library embedded l2c display\u8g2\csrc/u8g2_intersection.c ****     assert( u8g2_is_intersection_decision_tree(7, 9, 4, 6) == 0 );  
  72:..\..\..\..\..\..\Dev\Library embedded l2c display\u8g2\csrc/u8g2_intersection.c **** */
  73:..\..\..\..\..\..\Dev\Library embedded l2c display\u8g2\csrc/u8g2_intersection.c **** 
  74:..\..\..\..\..\..\Dev\Library embedded l2c display\u8g2\csrc/u8g2_intersection.c **** //static uint8_t U8G2_ALWAYS_INLINE u8g2_is_intersection_decision_tree(u8g_uint_t a0, u8g_uint_t a1
  75:..\..\..\..\..\..\Dev\Library embedded l2c display\u8g2\csrc/u8g2_intersection.c **** static uint8_t u8g2_is_intersection_decision_tree(u8g2_uint_t a0, u8g2_uint_t a1, u8g2_uint_t v0, u
  76:..\..\..\..\..\..\Dev\Library embedded l2c display\u8g2\csrc/u8g2_intersection.c **** {
  77:..\..\..\..\..\..\Dev\Library embedded l2c display\u8g2\csrc/u8g2_intersection.c ****   if ( v0 <= a1 )
  78:..\..\..\..\..\..\Dev\Library embedded l2c display\u8g2\csrc/u8g2_intersection.c ****   {
  79:..\..\..\..\..\..\Dev\Library embedded l2c display\u8g2\csrc/u8g2_intersection.c ****     if ( v1 >= a0 )
  80:..\..\..\..\..\..\Dev\Library embedded l2c display\u8g2\csrc/u8g2_intersection.c ****     {
  81:..\..\..\..\..\..\Dev\Library embedded l2c display\u8g2\csrc/u8g2_intersection.c ****       return 1;
  82:..\..\..\..\..\..\Dev\Library embedded l2c display\u8g2\csrc/u8g2_intersection.c ****     }
  83:..\..\..\..\..\..\Dev\Library embedded l2c display\u8g2\csrc/u8g2_intersection.c ****     else
  84:..\..\..\..\..\..\Dev\Library embedded l2c display\u8g2\csrc/u8g2_intersection.c ****     {
  85:..\..\..\..\..\..\Dev\Library embedded l2c display\u8g2\csrc/u8g2_intersection.c ****       if ( v0 > v1 )
  86:..\..\..\..\..\..\Dev\Library embedded l2c display\u8g2\csrc/u8g2_intersection.c ****       {
  87:..\..\..\..\..\..\Dev\Library embedded l2c display\u8g2\csrc/u8g2_intersection.c **** 	return 1;
ARM GAS  C:\Users\Abude\AppData\Local\Temp\ccTM6Jvz.s 			page 3


  88:..\..\..\..\..\..\Dev\Library embedded l2c display\u8g2\csrc/u8g2_intersection.c ****       }
  89:..\..\..\..\..\..\Dev\Library embedded l2c display\u8g2\csrc/u8g2_intersection.c ****       else
  90:..\..\..\..\..\..\Dev\Library embedded l2c display\u8g2\csrc/u8g2_intersection.c ****       {
  91:..\..\..\..\..\..\Dev\Library embedded l2c display\u8g2\csrc/u8g2_intersection.c **** 	return 0;
  92:..\..\..\..\..\..\Dev\Library embedded l2c display\u8g2\csrc/u8g2_intersection.c ****       }
  93:..\..\..\..\..\..\Dev\Library embedded l2c display\u8g2\csrc/u8g2_intersection.c ****     }
  94:..\..\..\..\..\..\Dev\Library embedded l2c display\u8g2\csrc/u8g2_intersection.c ****   }
  95:..\..\..\..\..\..\Dev\Library embedded l2c display\u8g2\csrc/u8g2_intersection.c ****   else
  96:..\..\..\..\..\..\Dev\Library embedded l2c display\u8g2\csrc/u8g2_intersection.c ****   {
  97:..\..\..\..\..\..\Dev\Library embedded l2c display\u8g2\csrc/u8g2_intersection.c ****     if ( v1 >= a0 )
  98:..\..\..\..\..\..\Dev\Library embedded l2c display\u8g2\csrc/u8g2_intersection.c ****     {
  99:..\..\..\..\..\..\Dev\Library embedded l2c display\u8g2\csrc/u8g2_intersection.c ****       if ( v0 > v1 )
 100:..\..\..\..\..\..\Dev\Library embedded l2c display\u8g2\csrc/u8g2_intersection.c ****       {
 101:..\..\..\..\..\..\Dev\Library embedded l2c display\u8g2\csrc/u8g2_intersection.c **** 	return 1;
 102:..\..\..\..\..\..\Dev\Library embedded l2c display\u8g2\csrc/u8g2_intersection.c ****       }
 103:..\..\..\..\..\..\Dev\Library embedded l2c display\u8g2\csrc/u8g2_intersection.c ****       else
 104:..\..\..\..\..\..\Dev\Library embedded l2c display\u8g2\csrc/u8g2_intersection.c ****       {
 105:..\..\..\..\..\..\Dev\Library embedded l2c display\u8g2\csrc/u8g2_intersection.c **** 	return 0;
 106:..\..\..\..\..\..\Dev\Library embedded l2c display\u8g2\csrc/u8g2_intersection.c ****       }
 107:..\..\..\..\..\..\Dev\Library embedded l2c display\u8g2\csrc/u8g2_intersection.c ****     }
 108:..\..\..\..\..\..\Dev\Library embedded l2c display\u8g2\csrc/u8g2_intersection.c ****     else
 109:..\..\..\..\..\..\Dev\Library embedded l2c display\u8g2\csrc/u8g2_intersection.c ****     {
 110:..\..\..\..\..\..\Dev\Library embedded l2c display\u8g2\csrc/u8g2_intersection.c ****       return 0;
 111:..\..\..\..\..\..\Dev\Library embedded l2c display\u8g2\csrc/u8g2_intersection.c ****     }
 112:..\..\..\..\..\..\Dev\Library embedded l2c display\u8g2\csrc/u8g2_intersection.c ****   }
 113:..\..\..\..\..\..\Dev\Library embedded l2c display\u8g2\csrc/u8g2_intersection.c **** }
 114:..\..\..\..\..\..\Dev\Library embedded l2c display\u8g2\csrc/u8g2_intersection.c **** 
 115:..\..\..\..\..\..\Dev\Library embedded l2c display\u8g2\csrc/u8g2_intersection.c **** #endif	/* OLD_VERSION_WITH_SYMETRIC_BOUNDARIES */
 116:..\..\..\..\..\..\Dev\Library embedded l2c display\u8g2\csrc/u8g2_intersection.c **** 
 117:..\..\..\..\..\..\Dev\Library embedded l2c display\u8g2\csrc/u8g2_intersection.c **** 
 118:..\..\..\..\..\..\Dev\Library embedded l2c display\u8g2\csrc/u8g2_intersection.c **** /*
 119:..\..\..\..\..\..\Dev\Library embedded l2c display\u8g2\csrc/u8g2_intersection.c ****   version with asymetric boundaries.
 120:..\..\..\..\..\..\Dev\Library embedded l2c display\u8g2\csrc/u8g2_intersection.c ****   a1 and v1 are excluded
 121:..\..\..\..\..\..\Dev\Library embedded l2c display\u8g2\csrc/u8g2_intersection.c ****   v0 == v1 is not support end return 1
 122:..\..\..\..\..\..\Dev\Library embedded l2c display\u8g2\csrc/u8g2_intersection.c **** */
 123:..\..\..\..\..\..\Dev\Library embedded l2c display\u8g2\csrc/u8g2_intersection.c **** uint8_t u8g2_is_intersection_decision_tree(u8g2_uint_t a0, u8g2_uint_t a1, u8g2_uint_t v0, u8g2_uin
 124:..\..\..\..\..\..\Dev\Library embedded l2c display\u8g2\csrc/u8g2_intersection.c **** {
  28              		.loc 1 124 0
  29              		.cfi_startproc
  30              		@ args = 0, pretend = 0, frame = 0
  31              		@ frame_needed = 0, uses_anonymous_args = 0
  32              		@ link register save eliminated.
  33              	.LVL0:
 125:..\..\..\..\..\..\Dev\Library embedded l2c display\u8g2\csrc/u8g2_intersection.c ****   if ( v0 < a1 )		// v0 <= a1
  34              		.loc 1 125 0
  35 0000 8A42     		cmp	r2, r1
  36 0002 05D2     		bcs	.L2
 126:..\..\..\..\..\..\Dev\Library embedded l2c display\u8g2\csrc/u8g2_intersection.c ****   {
 127:..\..\..\..\..\..\Dev\Library embedded l2c display\u8g2\csrc/u8g2_intersection.c ****     if ( v1 > a0 )	// v1 >= a0
  37              		.loc 1 127 0
  38 0004 8342     		cmp	r3, r0
  39 0006 09D8     		bhi	.L4
 128:..\..\..\..\..\..\Dev\Library embedded l2c display\u8g2\csrc/u8g2_intersection.c ****     {
 129:..\..\..\..\..\..\Dev\Library embedded l2c display\u8g2\csrc/u8g2_intersection.c ****       return 1;
 130:..\..\..\..\..\..\Dev\Library embedded l2c display\u8g2\csrc/u8g2_intersection.c ****     }
 131:..\..\..\..\..\..\Dev\Library embedded l2c display\u8g2\csrc/u8g2_intersection.c ****     else
 132:..\..\..\..\..\..\Dev\Library embedded l2c display\u8g2\csrc/u8g2_intersection.c ****     {
ARM GAS  C:\Users\Abude\AppData\Local\Temp\ccTM6Jvz.s 			page 4


 133:..\..\..\..\..\..\Dev\Library embedded l2c display\u8g2\csrc/u8g2_intersection.c ****       if ( v0 > v1 )	// v0 > v1
  40              		.loc 1 133 0
  41 0008 9A42     		cmp	r2, r3
  42 000a 09D9     		bls	.L5
 134:..\..\..\..\..\..\Dev\Library embedded l2c display\u8g2\csrc/u8g2_intersection.c ****       {
 135:..\..\..\..\..\..\Dev\Library embedded l2c display\u8g2\csrc/u8g2_intersection.c **** 	return 1;
  43              		.loc 1 135 0
  44 000c 0120     		movs	r0, #1
  45              	.LVL1:
  46 000e 7047     		bx	lr
  47              	.LVL2:
  48              	.L2:
 136:..\..\..\..\..\..\Dev\Library embedded l2c display\u8g2\csrc/u8g2_intersection.c ****       }
 137:..\..\..\..\..\..\Dev\Library embedded l2c display\u8g2\csrc/u8g2_intersection.c ****       else
 138:..\..\..\..\..\..\Dev\Library embedded l2c display\u8g2\csrc/u8g2_intersection.c ****       {
 139:..\..\..\..\..\..\Dev\Library embedded l2c display\u8g2\csrc/u8g2_intersection.c **** 	return 0;
 140:..\..\..\..\..\..\Dev\Library embedded l2c display\u8g2\csrc/u8g2_intersection.c ****       }
 141:..\..\..\..\..\..\Dev\Library embedded l2c display\u8g2\csrc/u8g2_intersection.c ****     }
 142:..\..\..\..\..\..\Dev\Library embedded l2c display\u8g2\csrc/u8g2_intersection.c ****   }
 143:..\..\..\..\..\..\Dev\Library embedded l2c display\u8g2\csrc/u8g2_intersection.c ****   else
 144:..\..\..\..\..\..\Dev\Library embedded l2c display\u8g2\csrc/u8g2_intersection.c ****   {
 145:..\..\..\..\..\..\Dev\Library embedded l2c display\u8g2\csrc/u8g2_intersection.c ****     if ( v1 > a0 )	// v1 >= a0
  49              		.loc 1 145 0
  50 0010 8342     		cmp	r3, r0
  51 0012 07D9     		bls	.L6
 146:..\..\..\..\..\..\Dev\Library embedded l2c display\u8g2\csrc/u8g2_intersection.c ****     {
 147:..\..\..\..\..\..\Dev\Library embedded l2c display\u8g2\csrc/u8g2_intersection.c ****       if ( v0 > v1 )	// v0 > v1
  52              		.loc 1 147 0
  53 0014 9A42     		cmp	r2, r3
  54 0016 07D9     		bls	.L7
 148:..\..\..\..\..\..\Dev\Library embedded l2c display\u8g2\csrc/u8g2_intersection.c ****       {
 149:..\..\..\..\..\..\Dev\Library embedded l2c display\u8g2\csrc/u8g2_intersection.c **** 	return 1;
  55              		.loc 1 149 0
  56 0018 0120     		movs	r0, #1
  57              	.LVL3:
  58 001a 7047     		bx	lr
  59              	.LVL4:
  60              	.L4:
 129:..\..\..\..\..\..\Dev\Library embedded l2c display\u8g2\csrc/u8g2_intersection.c ****     }
  61              		.loc 1 129 0
  62 001c 0120     		movs	r0, #1
  63              	.LVL5:
  64 001e 7047     		bx	lr
  65              	.LVL6:
  66              	.L5:
 139:..\..\..\..\..\..\Dev\Library embedded l2c display\u8g2\csrc/u8g2_intersection.c ****       }
  67              		.loc 1 139 0
  68 0020 0020     		movs	r0, #0
  69              	.LVL7:
  70 0022 7047     		bx	lr
  71              	.LVL8:
  72              	.L6:
 150:..\..\..\..\..\..\Dev\Library embedded l2c display\u8g2\csrc/u8g2_intersection.c ****       }
 151:..\..\..\..\..\..\Dev\Library embedded l2c display\u8g2\csrc/u8g2_intersection.c ****       else
 152:..\..\..\..\..\..\Dev\Library embedded l2c display\u8g2\csrc/u8g2_intersection.c ****       {
 153:..\..\..\..\..\..\Dev\Library embedded l2c display\u8g2\csrc/u8g2_intersection.c **** 	return 0;
 154:..\..\..\..\..\..\Dev\Library embedded l2c display\u8g2\csrc/u8g2_intersection.c ****       }
ARM GAS  C:\Users\Abude\AppData\Local\Temp\ccTM6Jvz.s 			page 5


 155:..\..\..\..\..\..\Dev\Library embedded l2c display\u8g2\csrc/u8g2_intersection.c ****     }
 156:..\..\..\..\..\..\Dev\Library embedded l2c display\u8g2\csrc/u8g2_intersection.c ****     else
 157:..\..\..\..\..\..\Dev\Library embedded l2c display\u8g2\csrc/u8g2_intersection.c ****     {
 158:..\..\..\..\..\..\Dev\Library embedded l2c display\u8g2\csrc/u8g2_intersection.c ****       return 0;
  73              		.loc 1 158 0
  74 0024 0020     		movs	r0, #0
  75              	.LVL9:
  76 0026 7047     		bx	lr
  77              	.LVL10:
  78              	.L7:
 153:..\..\..\..\..\..\Dev\Library embedded l2c display\u8g2\csrc/u8g2_intersection.c ****       }
  79              		.loc 1 153 0
  80 0028 0020     		movs	r0, #0
  81              	.LVL11:
 159:..\..\..\..\..\..\Dev\Library embedded l2c display\u8g2\csrc/u8g2_intersection.c ****     }
 160:..\..\..\..\..\..\Dev\Library embedded l2c display\u8g2\csrc/u8g2_intersection.c ****   }
 161:..\..\..\..\..\..\Dev\Library embedded l2c display\u8g2\csrc/u8g2_intersection.c **** }
  82              		.loc 1 161 0
  83 002a 7047     		bx	lr
  84              		.cfi_endproc
  85              	.LFE0:
  86              		.size	u8g2_is_intersection_decision_tree, .-u8g2_is_intersection_decision_tree
  87              		.section	.text.u8g2_IsIntersection,"ax",%progbits
  88              		.align	2
  89              		.global	u8g2_IsIntersection
  90              		.thumb
  91              		.thumb_func
  92              		.type	u8g2_IsIntersection, %function
  93              	u8g2_IsIntersection:
  94              	.LFB1:
 162:..\..\..\..\..\..\Dev\Library embedded l2c display\u8g2\csrc/u8g2_intersection.c **** 
 163:..\..\..\..\..\..\Dev\Library embedded l2c display\u8g2\csrc/u8g2_intersection.c **** 
 164:..\..\..\..\..\..\Dev\Library embedded l2c display\u8g2\csrc/u8g2_intersection.c **** 
 165:..\..\..\..\..\..\Dev\Library embedded l2c display\u8g2\csrc/u8g2_intersection.c **** /* upper limits are not included (asymetric boundaries) */
 166:..\..\..\..\..\..\Dev\Library embedded l2c display\u8g2\csrc/u8g2_intersection.c **** uint8_t u8g2_IsIntersection(u8g2_t *u8g2, u8g2_uint_t x0, u8g2_uint_t y0, u8g2_uint_t x1, u8g2_uint
 167:..\..\..\..\..\..\Dev\Library embedded l2c display\u8g2\csrc/u8g2_intersection.c **** {
  95              		.loc 1 167 0
  96              		.cfi_startproc
  97              		@ args = 4, pretend = 0, frame = 0
  98              		@ frame_needed = 0, uses_anonymous_args = 0
  99              	.LVL12:
 100 0000 70B5     		push	{r4, r5, r6, lr}
 101              		.cfi_def_cfa_offset 16
 102              		.cfi_offset 4, -16
 103              		.cfi_offset 5, -12
 104              		.cfi_offset 6, -8
 105              		.cfi_offset 14, -4
 106 0002 0446     		mov	r4, r0
 107 0004 0D46     		mov	r5, r1
 108 0006 1E46     		mov	r6, r3
 168:..\..\..\..\..\..\Dev\Library embedded l2c display\u8g2\csrc/u8g2_intersection.c ****   if ( u8g2_is_intersection_decision_tree(u8g2->user_y0, u8g2->user_y1, y0, y1) == 0 )
 109              		.loc 1 168 0
 110 0008 BDF81030 		ldrh	r3, [sp, #16]
 111              	.LVL13:
 112 000c B0F84E10 		ldrh	r1, [r0, #78]
 113              	.LVL14:
 114 0010 B0F84C00 		ldrh	r0, [r0, #76]
ARM GAS  C:\Users\Abude\AppData\Local\Temp\ccTM6Jvz.s 			page 6


 115              	.LVL15:
 116 0014 FFF7FEFF 		bl	u8g2_is_intersection_decision_tree
 117              	.LVL16:
 118 0018 0346     		mov	r3, r0
 119 001a 40B1     		cbz	r0, .L9
 169:..\..\..\..\..\..\Dev\Library embedded l2c display\u8g2\csrc/u8g2_intersection.c ****     return 0; 
 170:..\..\..\..\..\..\Dev\Library embedded l2c display\u8g2\csrc/u8g2_intersection.c ****   
 171:..\..\..\..\..\..\Dev\Library embedded l2c display\u8g2\csrc/u8g2_intersection.c ****   return u8g2_is_intersection_decision_tree(u8g2->user_x0, u8g2->user_x1, x0, x1);
 120              		.loc 1 171 0
 121 001c 3346     		mov	r3, r6
 122 001e 2A46     		mov	r2, r5
 123 0020 B4F84A10 		ldrh	r1, [r4, #74]
 124 0024 B4F84800 		ldrh	r0, [r4, #72]
 125 0028 FFF7FEFF 		bl	u8g2_is_intersection_decision_tree
 126              	.LVL17:
 127 002c 0346     		mov	r3, r0
 128              	.L9:
 172:..\..\..\..\..\..\Dev\Library embedded l2c display\u8g2\csrc/u8g2_intersection.c **** }
 129              		.loc 1 172 0
 130 002e 1846     		mov	r0, r3
 131 0030 70BD     		pop	{r4, r5, r6, pc}
 132              		.cfi_endproc
 133              	.LFE1:
 134              		.size	u8g2_IsIntersection, .-u8g2_IsIntersection
 135 0032 00BF     		.text
 136              	.Letext0:
 137              		.file 2 "c:\\program files (x86)\\cypress\\psoc creator\\4.4\\psoc creator\\import\\gnu\\arm\\5.4.
 138              		.file 3 "c:\\program files (x86)\\cypress\\psoc creator\\4.4\\psoc creator\\import\\gnu\\arm\\5.4.
 139              		.file 4 "c:\\dev\\library embedded l2c display\\u8g2\\csrc\\u8x8.h"
 140              		.file 5 "c:\\dev\\library embedded l2c display\\u8g2\\csrc\\u8g2.h"
 141              		.section	.debug_info,"",%progbits
 142              	.Ldebug_info0:
 143 0000 8F080000 		.4byte	0x88f
 144 0004 0400     		.2byte	0x4
 145 0006 00000000 		.4byte	.Ldebug_abbrev0
 146 000a 04       		.byte	0x4
 147 000b 01       		.uleb128 0x1
 148 000c 34060000 		.4byte	.LASF139
 149 0010 0C       		.byte	0xc
 150 0011 79020000 		.4byte	.LASF140
 151 0015 65050000 		.4byte	.LASF141
 152 0019 00000000 		.4byte	.Ldebug_ranges0+0
 153 001d 00000000 		.4byte	0
 154 0021 00000000 		.4byte	.Ldebug_line0
 155 0025 02       		.uleb128 0x2
 156 0026 A3000000 		.4byte	.LASF0
 157 002a 02       		.byte	0x2
 158 002b 1B       		.byte	0x1b
 159 002c 30000000 		.4byte	0x30
 160 0030 03       		.uleb128 0x3
 161 0031 01       		.byte	0x1
 162 0032 06       		.byte	0x6
 163 0033 16010000 		.4byte	.LASF2
 164 0037 02       		.uleb128 0x2
 165 0038 4C000000 		.4byte	.LASF1
 166 003c 02       		.byte	0x2
 167 003d 1D       		.byte	0x1d
ARM GAS  C:\Users\Abude\AppData\Local\Temp\ccTM6Jvz.s 			page 7


 168 003e 42000000 		.4byte	0x42
 169 0042 03       		.uleb128 0x3
 170 0043 01       		.byte	0x1
 171 0044 08       		.byte	0x8
 172 0045 DB050000 		.4byte	.LASF3
 173 0049 03       		.uleb128 0x3
 174 004a 02       		.byte	0x2
 175 004b 05       		.byte	0x5
 176 004c 15060000 		.4byte	.LASF4
 177 0050 02       		.uleb128 0x2
 178 0051 76070000 		.4byte	.LASF5
 179 0055 02       		.byte	0x2
 180 0056 2B       		.byte	0x2b
 181 0057 5B000000 		.4byte	0x5b
 182 005b 03       		.uleb128 0x3
 183 005c 02       		.byte	0x2
 184 005d 07       		.byte	0x7
 185 005e 9C030000 		.4byte	.LASF6
 186 0062 03       		.uleb128 0x3
 187 0063 04       		.byte	0x4
 188 0064 05       		.byte	0x5
 189 0065 82010000 		.4byte	.LASF7
 190 0069 02       		.uleb128 0x2
 191 006a 11020000 		.4byte	.LASF8
 192 006e 02       		.byte	0x2
 193 006f 41       		.byte	0x41
 194 0070 74000000 		.4byte	0x74
 195 0074 03       		.uleb128 0x3
 196 0075 04       		.byte	0x4
 197 0076 07       		.byte	0x7
 198 0077 3F030000 		.4byte	.LASF9
 199 007b 03       		.uleb128 0x3
 200 007c 08       		.byte	0x8
 201 007d 05       		.byte	0x5
 202 007e 08010000 		.4byte	.LASF10
 203 0082 03       		.uleb128 0x3
 204 0083 08       		.byte	0x8
 205 0084 07       		.byte	0x7
 206 0085 8C000000 		.4byte	.LASF11
 207 0089 04       		.uleb128 0x4
 208 008a 04       		.byte	0x4
 209 008b 05       		.byte	0x5
 210 008c 696E7400 		.ascii	"int\000"
 211 0090 03       		.uleb128 0x3
 212 0091 04       		.byte	0x4
 213 0092 07       		.byte	0x7
 214 0093 F2020000 		.4byte	.LASF12
 215 0097 02       		.uleb128 0x2
 216 0098 FD070000 		.4byte	.LASF13
 217 009c 03       		.byte	0x3
 218 009d 14       		.byte	0x14
 219 009e 25000000 		.4byte	0x25
 220 00a2 02       		.uleb128 0x2
 221 00a3 47080000 		.4byte	.LASF14
 222 00a7 03       		.byte	0x3
 223 00a8 18       		.byte	0x18
 224 00a9 37000000 		.4byte	0x37
ARM GAS  C:\Users\Abude\AppData\Local\Temp\ccTM6Jvz.s 			page 8


 225 00ad 02       		.uleb128 0x2
 226 00ae AB010000 		.4byte	.LASF15
 227 00b2 03       		.byte	0x3
 228 00b3 24       		.byte	0x24
 229 00b4 50000000 		.4byte	0x50
 230 00b8 02       		.uleb128 0x2
 231 00b9 07070000 		.4byte	.LASF16
 232 00bd 03       		.byte	0x3
 233 00be 30       		.byte	0x30
 234 00bf 69000000 		.4byte	0x69
 235 00c3 05       		.uleb128 0x5
 236 00c4 04       		.byte	0x4
 237 00c5 03       		.uleb128 0x3
 238 00c6 08       		.byte	0x8
 239 00c7 04       		.byte	0x4
 240 00c8 E4040000 		.4byte	.LASF17
 241 00cc 02       		.uleb128 0x2
 242 00cd D0070000 		.4byte	.LASF18
 243 00d1 04       		.byte	0x4
 244 00d2 D2       		.byte	0xd2
 245 00d3 D7000000 		.4byte	0xd7
 246 00d7 06       		.uleb128 0x6
 247 00d8 51040000 		.4byte	.LASF39
 248 00dc 2C       		.byte	0x2c
 249 00dd 04       		.byte	0x4
 250 00de 5501     		.2byte	0x155
 251 00e0 DC010000 		.4byte	0x1dc
 252 00e4 07       		.uleb128 0x7
 253 00e5 27040000 		.4byte	.LASF19
 254 00e9 04       		.byte	0x4
 255 00ea 5701     		.2byte	0x157
 256 00ec 44030000 		.4byte	0x344
 257 00f0 00       		.byte	0
 258 00f1 07       		.uleb128 0x7
 259 00f2 B4010000 		.4byte	.LASF20
 260 00f6 04       		.byte	0x4
 261 00f7 5801     		.2byte	0x158
 262 00f9 19030000 		.4byte	0x319
 263 00fd 04       		.byte	0x4
 264 00fe 07       		.uleb128 0x7
 265 00ff 43010000 		.4byte	.LASF21
 266 0103 04       		.byte	0x4
 267 0104 5901     		.2byte	0x159
 268 0106 E4020000 		.4byte	0x2e4
 269 010a 08       		.byte	0x8
 270 010b 07       		.uleb128 0x7
 271 010c FF040000 		.4byte	.LASF22
 272 0110 04       		.byte	0x4
 273 0111 5A01     		.2byte	0x15a
 274 0113 E4020000 		.4byte	0x2e4
 275 0117 0C       		.byte	0xc
 276 0118 07       		.uleb128 0x7
 277 0119 56000000 		.4byte	.LASF23
 278 011d 04       		.byte	0x4
 279 011e 5B01     		.2byte	0x15b
 280 0120 E4020000 		.4byte	0x2e4
 281 0124 10       		.byte	0x10
ARM GAS  C:\Users\Abude\AppData\Local\Temp\ccTM6Jvz.s 			page 9


 282 0125 07       		.uleb128 0x7
 283 0126 C9010000 		.4byte	.LASF24
 284 012a 04       		.byte	0x4
 285 012b 5C01     		.2byte	0x15c
 286 012d E4020000 		.4byte	0x2e4
 287 0131 14       		.byte	0x14
 288 0132 07       		.uleb128 0x7
 289 0133 D7070000 		.4byte	.LASF25
 290 0137 04       		.byte	0x4
 291 0138 5D01     		.2byte	0x15d
 292 013a B8000000 		.4byte	0xb8
 293 013e 18       		.byte	0x18
 294 013f 07       		.uleb128 0x7
 295 0140 30080000 		.4byte	.LASF26
 296 0144 04       		.byte	0x4
 297 0145 5E01     		.2byte	0x15e
 298 0147 4F030000 		.4byte	0x34f
 299 014b 1C       		.byte	0x1c
 300 014c 07       		.uleb128 0x7
 301 014d 6E040000 		.4byte	.LASF27
 302 0151 04       		.byte	0x4
 303 0152 5F01     		.2byte	0x15f
 304 0154 AD000000 		.4byte	0xad
 305 0158 20       		.byte	0x20
 306 0159 07       		.uleb128 0x7
 307 015a 50050000 		.4byte	.LASF28
 308 015e 04       		.byte	0x4
 309 015f 6001     		.2byte	0x160
 310 0161 A2000000 		.4byte	0xa2
 311 0165 22       		.byte	0x22
 312 0166 07       		.uleb128 0x7
 313 0167 2E010000 		.4byte	.LASF29
 314 016b 04       		.byte	0x4
 315 016c 6101     		.2byte	0x161
 316 016e A2000000 		.4byte	0xa2
 317 0172 23       		.byte	0x23
 318 0173 07       		.uleb128 0x7
 319 0174 33030000 		.4byte	.LASF30
 320 0178 04       		.byte	0x4
 321 0179 6801     		.2byte	0x168
 322 017b A2000000 		.4byte	0xa2
 323 017f 24       		.byte	0x24
 324 0180 07       		.uleb128 0x7
 325 0181 69080000 		.4byte	.LASF31
 326 0185 04       		.byte	0x4
 327 0186 6B01     		.2byte	0x16b
 328 0188 A2000000 		.4byte	0xa2
 329 018c 25       		.byte	0x25
 330 018d 07       		.uleb128 0x7
 331 018e C8000000 		.4byte	.LASF32
 332 0192 04       		.byte	0x4
 333 0193 6D01     		.2byte	0x16d
 334 0195 A2000000 		.4byte	0xa2
 335 0199 26       		.byte	0x26
 336 019a 07       		.uleb128 0x7
 337 019b DC000000 		.4byte	.LASF33
 338 019f 04       		.byte	0x4
ARM GAS  C:\Users\Abude\AppData\Local\Temp\ccTM6Jvz.s 			page 10


 339 01a0 6E01     		.2byte	0x16e
 340 01a2 A2000000 		.4byte	0xa2
 341 01a6 27       		.byte	0x27
 342 01a7 07       		.uleb128 0x7
 343 01a8 95080000 		.4byte	.LASF34
 344 01ac 04       		.byte	0x4
 345 01ad 6F01     		.2byte	0x16f
 346 01af A2000000 		.4byte	0xa2
 347 01b3 28       		.byte	0x28
 348 01b4 07       		.uleb128 0x7
 349 01b5 FD030000 		.4byte	.LASF35
 350 01b9 04       		.byte	0x4
 351 01ba 7001     		.2byte	0x170
 352 01bc A2000000 		.4byte	0xa2
 353 01c0 29       		.byte	0x29
 354 01c1 07       		.uleb128 0x7
 355 01c2 04080000 		.4byte	.LASF36
 356 01c6 04       		.byte	0x4
 357 01c7 7101     		.2byte	0x171
 358 01c9 A2000000 		.4byte	0xa2
 359 01cd 2A       		.byte	0x2a
 360 01ce 07       		.uleb128 0x7
 361 01cf DE020000 		.4byte	.LASF37
 362 01d3 04       		.byte	0x4
 363 01d4 7201     		.2byte	0x172
 364 01d6 A2000000 		.4byte	0xa2
 365 01da 2B       		.byte	0x2b
 366 01db 00       		.byte	0
 367 01dc 02       		.uleb128 0x2
 368 01dd FD010000 		.4byte	.LASF38
 369 01e1 04       		.byte	0x4
 370 01e2 D3       		.byte	0xd3
 371 01e3 E7010000 		.4byte	0x1e7
 372 01e7 08       		.uleb128 0x8
 373 01e8 B0080000 		.4byte	.LASF40
 374 01ec 18       		.byte	0x18
 375 01ed 04       		.byte	0x4
 376 01ee EC       		.byte	0xec
 377 01ef E4020000 		.4byte	0x2e4
 378 01f3 09       		.uleb128 0x9
 379 01f4 43070000 		.4byte	.LASF41
 380 01f8 04       		.byte	0x4
 381 01f9 F0       		.byte	0xf0
 382 01fa A2000000 		.4byte	0xa2
 383 01fe 00       		.byte	0
 384 01ff 09       		.uleb128 0x9
 385 0200 1D080000 		.4byte	.LASF42
 386 0204 04       		.byte	0x4
 387 0205 F1       		.byte	0xf1
 388 0206 A2000000 		.4byte	0xa2
 389 020a 01       		.byte	0x1
 390 020b 09       		.uleb128 0x9
 391 020c 8C070000 		.4byte	.LASF43
 392 0210 04       		.byte	0x4
 393 0211 F3       		.byte	0xf3
 394 0212 A2000000 		.4byte	0xa2
 395 0216 02       		.byte	0x2
ARM GAS  C:\Users\Abude\AppData\Local\Temp\ccTM6Jvz.s 			page 11


 396 0217 09       		.uleb128 0x9
 397 0218 69010000 		.4byte	.LASF44
 398 021c 04       		.byte	0x4
 399 021d F4       		.byte	0xf4
 400 021e A2000000 		.4byte	0xa2
 401 0222 03       		.byte	0x3
 402 0223 09       		.uleb128 0x9
 403 0224 12000000 		.4byte	.LASF45
 404 0228 04       		.byte	0x4
 405 0229 F5       		.byte	0xf5
 406 022a A2000000 		.4byte	0xa2
 407 022e 04       		.byte	0x4
 408 022f 09       		.uleb128 0x9
 409 0230 AC000000 		.4byte	.LASF46
 410 0234 04       		.byte	0x4
 411 0235 F6       		.byte	0xf6
 412 0236 A2000000 		.4byte	0xa2
 413 023a 05       		.byte	0x5
 414 023b 09       		.uleb128 0x9
 415 023c 46020000 		.4byte	.LASF47
 416 0240 04       		.byte	0x4
 417 0241 FD       		.byte	0xfd
 418 0242 A2000000 		.4byte	0xa2
 419 0246 06       		.byte	0x6
 420 0247 07       		.uleb128 0x7
 421 0248 3E040000 		.4byte	.LASF48
 422 024c 04       		.byte	0x4
 423 024d 0101     		.2byte	0x101
 424 024f A2000000 		.4byte	0xa2
 425 0253 07       		.byte	0x7
 426 0254 07       		.uleb128 0x7
 427 0255 DD080000 		.4byte	.LASF49
 428 0259 04       		.byte	0x4
 429 025a 0401     		.2byte	0x104
 430 025c B8000000 		.4byte	0xb8
 431 0260 08       		.byte	0x8
 432 0261 07       		.uleb128 0x7
 433 0262 3A070000 		.4byte	.LASF50
 434 0266 04       		.byte	0x4
 435 0267 0E01     		.2byte	0x10e
 436 0269 A2000000 		.4byte	0xa2
 437 026d 0C       		.byte	0xc
 438 026e 07       		.uleb128 0x7
 439 026f F2060000 		.4byte	.LASF51
 440 0273 04       		.byte	0x4
 441 0274 1101     		.2byte	0x111
 442 0276 A2000000 		.4byte	0xa2
 443 027a 0D       		.byte	0xd
 444 027b 07       		.uleb128 0x7
 445 027c C2060000 		.4byte	.LASF52
 446 0280 04       		.byte	0x4
 447 0281 1701     		.2byte	0x117
 448 0283 A2000000 		.4byte	0xa2
 449 0287 0E       		.byte	0xe
 450 0288 07       		.uleb128 0x7
 451 0289 2D050000 		.4byte	.LASF53
 452 028d 04       		.byte	0x4
ARM GAS  C:\Users\Abude\AppData\Local\Temp\ccTM6Jvz.s 			page 12


 453 028e 1901     		.2byte	0x119
 454 0290 A2000000 		.4byte	0xa2
 455 0294 0F       		.byte	0xf
 456 0295 07       		.uleb128 0x7
 457 0296 8A080000 		.4byte	.LASF54
 458 029a 04       		.byte	0x4
 459 029b 1C01     		.2byte	0x11c
 460 029d A2000000 		.4byte	0xa2
 461 02a1 10       		.byte	0x10
 462 02a2 07       		.uleb128 0x7
 463 02a3 59050000 		.4byte	.LASF55
 464 02a7 04       		.byte	0x4
 465 02a8 1D01     		.2byte	0x11d
 466 02aa A2000000 		.4byte	0xa2
 467 02ae 11       		.byte	0x11
 468 02af 07       		.uleb128 0x7
 469 02b0 5D040000 		.4byte	.LASF56
 470 02b4 04       		.byte	0x4
 471 02b5 1F01     		.2byte	0x11f
 472 02b7 A2000000 		.4byte	0xa2
 473 02bb 12       		.byte	0x12
 474 02bc 07       		.uleb128 0x7
 475 02bd 9A040000 		.4byte	.LASF57
 476 02c1 04       		.byte	0x4
 477 02c2 2001     		.2byte	0x120
 478 02c4 A2000000 		.4byte	0xa2
 479 02c8 13       		.byte	0x13
 480 02c9 07       		.uleb128 0x7
 481 02ca 75080000 		.4byte	.LASF58
 482 02ce 04       		.byte	0x4
 483 02cf 2801     		.2byte	0x128
 484 02d1 AD000000 		.4byte	0xad
 485 02d5 14       		.byte	0x14
 486 02d6 07       		.uleb128 0x7
 487 02d7 D0080000 		.4byte	.LASF59
 488 02db 04       		.byte	0x4
 489 02dc 2901     		.2byte	0x129
 490 02de AD000000 		.4byte	0xad
 491 02e2 16       		.byte	0x16
 492 02e3 00       		.byte	0
 493 02e4 02       		.uleb128 0x2
 494 02e5 B4050000 		.4byte	.LASF60
 495 02e9 04       		.byte	0x4
 496 02ea D6       		.byte	0xd6
 497 02eb EF020000 		.4byte	0x2ef
 498 02ef 0A       		.uleb128 0xa
 499 02f0 04       		.byte	0x4
 500 02f1 F5020000 		.4byte	0x2f5
 501 02f5 0B       		.uleb128 0xb
 502 02f6 A2000000 		.4byte	0xa2
 503 02fa 13030000 		.4byte	0x313
 504 02fe 0C       		.uleb128 0xc
 505 02ff 13030000 		.4byte	0x313
 506 0303 0C       		.uleb128 0xc
 507 0304 A2000000 		.4byte	0xa2
 508 0308 0C       		.uleb128 0xc
 509 0309 A2000000 		.4byte	0xa2
ARM GAS  C:\Users\Abude\AppData\Local\Temp\ccTM6Jvz.s 			page 13


 510 030d 0C       		.uleb128 0xc
 511 030e C3000000 		.4byte	0xc3
 512 0312 00       		.byte	0
 513 0313 0A       		.uleb128 0xa
 514 0314 04       		.byte	0x4
 515 0315 CC000000 		.4byte	0xcc
 516 0319 02       		.uleb128 0x2
 517 031a BC010000 		.4byte	.LASF61
 518 031e 04       		.byte	0x4
 519 031f D7       		.byte	0xd7
 520 0320 24030000 		.4byte	0x324
 521 0324 0A       		.uleb128 0xa
 522 0325 04       		.byte	0x4
 523 0326 2A030000 		.4byte	0x32a
 524 032a 0B       		.uleb128 0xb
 525 032b AD000000 		.4byte	0xad
 526 032f 3E030000 		.4byte	0x33e
 527 0333 0C       		.uleb128 0xc
 528 0334 13030000 		.4byte	0x313
 529 0338 0C       		.uleb128 0xc
 530 0339 A2000000 		.4byte	0xa2
 531 033d 00       		.byte	0
 532 033e 0A       		.uleb128 0xa
 533 033f 04       		.byte	0x4
 534 0340 A2000000 		.4byte	0xa2
 535 0344 0A       		.uleb128 0xa
 536 0345 04       		.byte	0x4
 537 0346 4A030000 		.4byte	0x34a
 538 034a 0D       		.uleb128 0xd
 539 034b DC010000 		.4byte	0x1dc
 540 034f 0A       		.uleb128 0xa
 541 0350 04       		.byte	0x4
 542 0351 55030000 		.4byte	0x355
 543 0355 0D       		.uleb128 0xd
 544 0356 A2000000 		.4byte	0xa2
 545 035a 02       		.uleb128 0x2
 546 035b 22010000 		.4byte	.LASF62
 547 035f 05       		.byte	0x5
 548 0360 D2       		.byte	0xd2
 549 0361 AD000000 		.4byte	0xad
 550 0365 02       		.uleb128 0x2
 551 0366 51030000 		.4byte	.LASF63
 552 036a 05       		.byte	0x5
 553 036b DC       		.byte	0xdc
 554 036c 70030000 		.4byte	0x370
 555 0370 06       		.uleb128 0x6
 556 0371 D5060000 		.4byte	.LASF64
 557 0375 94       		.byte	0x94
 558 0376 05       		.byte	0x5
 559 0377 3B01     		.2byte	0x13b
 560 0379 2A050000 		.4byte	0x52a
 561 037d 07       		.uleb128 0x7
 562 037e 1F060000 		.4byte	.LASF65
 563 0382 05       		.byte	0x5
 564 0383 3D01     		.2byte	0x13d
 565 0385 CC000000 		.4byte	0xcc
 566 0389 00       		.byte	0
ARM GAS  C:\Users\Abude\AppData\Local\Temp\ccTM6Jvz.s 			page 14


 567 038a 07       		.uleb128 0x7
 568 038b 13080000 		.4byte	.LASF66
 569 038f 05       		.byte	0x5
 570 0390 3E01     		.2byte	0x13e
 571 0392 C7050000 		.4byte	0x5c7
 572 0396 2C       		.byte	0x2c
 573 0397 0E       		.uleb128 0xe
 574 0398 636200   		.ascii	"cb\000"
 575 039b 05       		.byte	0x5
 576 039c 3F01     		.2byte	0x13f
 577 039e B3070000 		.4byte	0x7b3
 578 03a2 30       		.byte	0x30
 579 03a3 07       		.uleb128 0x7
 580 03a4 3F000000 		.4byte	.LASF67
 581 03a8 05       		.byte	0x5
 582 03a9 4201     		.2byte	0x142
 583 03ab 3E030000 		.4byte	0x33e
 584 03af 34       		.byte	0x34
 585 03b0 07       		.uleb128 0x7
 586 03b1 8C030000 		.4byte	.LASF68
 587 03b5 05       		.byte	0x5
 588 03b6 4301     		.2byte	0x143
 589 03b8 A2000000 		.4byte	0xa2
 590 03bc 38       		.byte	0x38
 591 03bd 07       		.uleb128 0x7
 592 03be 22070000 		.4byte	.LASF69
 593 03c2 05       		.byte	0x5
 594 03c3 4401     		.2byte	0x144
 595 03c5 A2000000 		.4byte	0xa2
 596 03c9 39       		.byte	0x39
 597 03ca 07       		.uleb128 0x7
 598 03cb 05060000 		.4byte	.LASF70
 599 03cf 05       		.byte	0x5
 600 03d0 4701     		.2byte	0x147
 601 03d2 5A030000 		.4byte	0x35a
 602 03d6 3A       		.byte	0x3a
 603 03d7 07       		.uleb128 0x7
 604 03d8 FF020000 		.4byte	.LASF71
 605 03dc 05       		.byte	0x5
 606 03dd 4801     		.2byte	0x148
 607 03df 5A030000 		.4byte	0x35a
 608 03e3 3C       		.byte	0x3c
 609 03e4 07       		.uleb128 0x7
 610 03e5 F0040000 		.4byte	.LASF72
 611 03e9 05       		.byte	0x5
 612 03ea 4901     		.2byte	0x149
 613 03ec 5A030000 		.4byte	0x35a
 614 03f0 3E       		.byte	0x3e
 615 03f1 07       		.uleb128 0x7
 616 03f2 42050000 		.4byte	.LASF73
 617 03f6 05       		.byte	0x5
 618 03f7 4F01     		.2byte	0x14f
 619 03f9 5A030000 		.4byte	0x35a
 620 03fd 40       		.byte	0x40
 621 03fe 07       		.uleb128 0x7
 622 03ff 49050000 		.4byte	.LASF74
 623 0403 05       		.byte	0x5
ARM GAS  C:\Users\Abude\AppData\Local\Temp\ccTM6Jvz.s 			page 15


 624 0404 5001     		.2byte	0x150
 625 0406 5A030000 		.4byte	0x35a
 626 040a 42       		.byte	0x42
 627 040b 07       		.uleb128 0x7
 628 040c 86030000 		.4byte	.LASF75
 629 0410 05       		.byte	0x5
 630 0411 5301     		.2byte	0x153
 631 0413 5A030000 		.4byte	0x35a
 632 0417 44       		.byte	0x44
 633 0418 07       		.uleb128 0x7
 634 0419 C9080000 		.4byte	.LASF76
 635 041d 05       		.byte	0x5
 636 041e 5401     		.2byte	0x154
 637 0420 5A030000 		.4byte	0x35a
 638 0424 46       		.byte	0x46
 639 0425 07       		.uleb128 0x7
 640 0426 24060000 		.4byte	.LASF77
 641 042a 05       		.byte	0x5
 642 042b 5901     		.2byte	0x159
 643 042d 5A030000 		.4byte	0x35a
 644 0431 48       		.byte	0x48
 645 0432 07       		.uleb128 0x7
 646 0433 2C060000 		.4byte	.LASF78
 647 0437 05       		.byte	0x5
 648 0438 5A01     		.2byte	0x15a
 649 043a 5A030000 		.4byte	0x35a
 650 043e 4A       		.byte	0x4a
 651 043f 07       		.uleb128 0x7
 652 0440 25050000 		.4byte	.LASF79
 653 0444 05       		.byte	0x5
 654 0445 5B01     		.2byte	0x15b
 655 0447 5A030000 		.4byte	0x35a
 656 044b 4C       		.byte	0x4c
 657 044c 07       		.uleb128 0x7
 658 044d E1070000 		.4byte	.LASF80
 659 0451 05       		.byte	0x5
 660 0452 5C01     		.2byte	0x15c
 661 0454 5A030000 		.4byte	0x35a
 662 0458 4E       		.byte	0x4e
 663 0459 07       		.uleb128 0x7
 664 045a E4030000 		.4byte	.LASF81
 665 045e 05       		.byte	0x5
 666 045f 6001     		.2byte	0x160
 667 0461 5A030000 		.4byte	0x35a
 668 0465 50       		.byte	0x50
 669 0466 07       		.uleb128 0x7
 670 0467 EC030000 		.4byte	.LASF82
 671 046b 05       		.byte	0x5
 672 046c 6101     		.2byte	0x161
 673 046e 5A030000 		.4byte	0x35a
 674 0472 52       		.byte	0x52
 675 0473 07       		.uleb128 0x7
 676 0474 06050000 		.4byte	.LASF83
 677 0478 05       		.byte	0x5
 678 0479 6201     		.2byte	0x162
 679 047b 5A030000 		.4byte	0x35a
 680 047f 54       		.byte	0x54
ARM GAS  C:\Users\Abude\AppData\Local\Temp\ccTM6Jvz.s 			page 16


 681 0480 07       		.uleb128 0x7
 682 0481 0E050000 		.4byte	.LASF84
 683 0485 05       		.byte	0x5
 684 0486 6301     		.2byte	0x163
 685 0488 5A030000 		.4byte	0x35a
 686 048c 56       		.byte	0x56
 687 048d 07       		.uleb128 0x7
 688 048e 30080000 		.4byte	.LASF26
 689 0492 05       		.byte	0x5
 690 0493 6801     		.2byte	0x168
 691 0495 4F030000 		.4byte	0x34f
 692 0499 58       		.byte	0x58
 693 049a 07       		.uleb128 0x7
 694 049b 27020000 		.4byte	.LASF85
 695 049f 05       		.byte	0x5
 696 04a0 6C01     		.2byte	0x16c
 697 04a2 92070000 		.4byte	0x792
 698 04a6 5C       		.byte	0x5c
 699 04a7 07       		.uleb128 0x7
 700 04a8 55070000 		.4byte	.LASF86
 701 04ac 05       		.byte	0x5
 702 04ad 6D01     		.2byte	0x16d
 703 04af 86070000 		.4byte	0x786
 704 04b3 60       		.byte	0x60
 705 04b4 07       		.uleb128 0x7
 706 04b5 34040000 		.4byte	.LASF87
 707 04b9 05       		.byte	0x5
 708 04ba 6E01     		.2byte	0x16e
 709 04bc D4060000 		.4byte	0x6d4
 710 04c0 74       		.byte	0x74
 711 04c1 07       		.uleb128 0x7
 712 04c2 AF030000 		.4byte	.LASF88
 713 04c6 05       		.byte	0x5
 714 04c7 7201     		.2byte	0x172
 715 04c9 A2000000 		.4byte	0xa2
 716 04cd 8C       		.byte	0x8c
 717 04ce 07       		.uleb128 0x7
 718 04cf 77040000 		.4byte	.LASF89
 719 04d3 05       		.byte	0x5
 720 04d4 7501     		.2byte	0x175
 721 04d6 A2000000 		.4byte	0xa2
 722 04da 8D       		.byte	0x8d
 723 04db 07       		.uleb128 0x7
 724 04dc 36020000 		.4byte	.LASF90
 725 04e0 05       		.byte	0x5
 726 04e1 7601     		.2byte	0x176
 727 04e3 97000000 		.4byte	0x97
 728 04e7 8E       		.byte	0x8e
 729 04e8 07       		.uleb128 0x7
 730 04e9 EC010000 		.4byte	.LASF91
 731 04ed 05       		.byte	0x5
 732 04ee 7701     		.2byte	0x177
 733 04f0 97000000 		.4byte	0x97
 734 04f4 8F       		.byte	0x8f
 735 04f5 07       		.uleb128 0x7
 736 04f6 5A010000 		.4byte	.LASF92
 737 04fa 05       		.byte	0x5
ARM GAS  C:\Users\Abude\AppData\Local\Temp\ccTM6Jvz.s 			page 17


 738 04fb 7901     		.2byte	0x179
 739 04fd 97000000 		.4byte	0x97
 740 0501 90       		.byte	0x90
 741 0502 07       		.uleb128 0x7
 742 0503 D0030000 		.4byte	.LASF93
 743 0507 05       		.byte	0x5
 744 0508 7B01     		.2byte	0x17b
 745 050a A2000000 		.4byte	0xa2
 746 050e 91       		.byte	0x91
 747 050f 07       		.uleb128 0x7
 748 0510 81070000 		.4byte	.LASF94
 749 0514 05       		.byte	0x5
 750 0515 7D01     		.2byte	0x17d
 751 0517 A2000000 		.4byte	0xa2
 752 051b 92       		.byte	0x92
 753 051c 07       		.uleb128 0x7
 754 051d F2050000 		.4byte	.LASF95
 755 0521 05       		.byte	0x5
 756 0522 8101     		.2byte	0x181
 757 0524 A2000000 		.4byte	0xa2
 758 0528 93       		.byte	0x93
 759 0529 00       		.byte	0
 760 052a 02       		.uleb128 0x2
 761 052b 30070000 		.4byte	.LASF96
 762 052f 05       		.byte	0x5
 763 0530 DD       		.byte	0xdd
 764 0531 35050000 		.4byte	0x535
 765 0535 06       		.uleb128 0x6
 766 0536 C0050000 		.4byte	.LASF97
 767 053a 0C       		.byte	0xc
 768 053b 05       		.byte	0x5
 769 053c 3101     		.2byte	0x131
 770 053e 6A050000 		.4byte	0x56a
 771 0542 07       		.uleb128 0x7
 772 0543 7B000000 		.4byte	.LASF98
 773 0547 05       		.byte	0x5
 774 0548 3301     		.2byte	0x133
 775 054a 6A050000 		.4byte	0x56a
 776 054e 00       		.byte	0
 777 054f 07       		.uleb128 0x7
 778 0550 8B010000 		.4byte	.LASF99
 779 0554 05       		.byte	0x5
 780 0555 3401     		.2byte	0x134
 781 0557 8C050000 		.4byte	0x58c
 782 055b 04       		.byte	0x4
 783 055c 07       		.uleb128 0x7
 784 055d F4030000 		.4byte	.LASF100
 785 0561 05       		.byte	0x5
 786 0562 3501     		.2byte	0x135
 787 0564 97050000 		.4byte	0x597
 788 0568 08       		.byte	0x8
 789 0569 00       		.byte	0
 790 056a 02       		.uleb128 0x2
 791 056b A5070000 		.4byte	.LASF101
 792 056f 05       		.byte	0x5
 793 0570 DF       		.byte	0xdf
 794 0571 75050000 		.4byte	0x575
ARM GAS  C:\Users\Abude\AppData\Local\Temp\ccTM6Jvz.s 			page 18


 795 0575 0A       		.uleb128 0xa
 796 0576 04       		.byte	0x4
 797 0577 7B050000 		.4byte	0x57b
 798 057b 0F       		.uleb128 0xf
 799 057c 86050000 		.4byte	0x586
 800 0580 0C       		.uleb128 0xc
 801 0581 86050000 		.4byte	0x586
 802 0585 00       		.byte	0
 803 0586 0A       		.uleb128 0xa
 804 0587 04       		.byte	0x4
 805 0588 65030000 		.4byte	0x365
 806 058c 02       		.uleb128 0x2
 807 058d 27000000 		.4byte	.LASF102
 808 0591 05       		.byte	0x5
 809 0592 E0       		.byte	0xe0
 810 0593 75050000 		.4byte	0x575
 811 0597 02       		.uleb128 0x2
 812 0598 E1060000 		.4byte	.LASF103
 813 059c 05       		.byte	0x5
 814 059d E1       		.byte	0xe1
 815 059e A2050000 		.4byte	0x5a2
 816 05a2 0A       		.uleb128 0xa
 817 05a3 04       		.byte	0x4
 818 05a4 A8050000 		.4byte	0x5a8
 819 05a8 0F       		.uleb128 0xf
 820 05a9 C7050000 		.4byte	0x5c7
 821 05ad 0C       		.uleb128 0xc
 822 05ae 86050000 		.4byte	0x586
 823 05b2 0C       		.uleb128 0xc
 824 05b3 5A030000 		.4byte	0x35a
 825 05b7 0C       		.uleb128 0xc
 826 05b8 5A030000 		.4byte	0x35a
 827 05bc 0C       		.uleb128 0xc
 828 05bd 5A030000 		.4byte	0x35a
 829 05c1 0C       		.uleb128 0xc
 830 05c2 A2000000 		.4byte	0xa2
 831 05c6 00       		.byte	0
 832 05c7 02       		.uleb128 0x2
 833 05c8 58020000 		.4byte	.LASF104
 834 05cc 05       		.byte	0x5
 835 05cd E2       		.byte	0xe2
 836 05ce A2050000 		.4byte	0x5a2
 837 05d2 08       		.uleb128 0x8
 838 05d3 10070000 		.4byte	.LASF105
 839 05d7 18       		.byte	0x18
 840 05d8 05       		.byte	0x5
 841 05d9 E8       		.byte	0xe8
 842 05da D4060000 		.4byte	0x6d4
 843 05de 09       		.uleb128 0x9
 844 05df 71000000 		.4byte	.LASF106
 845 05e3 05       		.byte	0x5
 846 05e4 EB       		.byte	0xeb
 847 05e5 A2000000 		.4byte	0xa2
 848 05e9 00       		.byte	0
 849 05ea 09       		.uleb128 0x9
 850 05eb BF000000 		.4byte	.LASF107
 851 05ef 05       		.byte	0x5
ARM GAS  C:\Users\Abude\AppData\Local\Temp\ccTM6Jvz.s 			page 19


 852 05f0 EC       		.byte	0xec
 853 05f1 A2000000 		.4byte	0xa2
 854 05f5 01       		.byte	0x1
 855 05f6 09       		.uleb128 0x9
 856 05f7 1C020000 		.4byte	.LASF108
 857 05fb 05       		.byte	0x5
 858 05fc ED       		.byte	0xed
 859 05fd A2000000 		.4byte	0xa2
 860 0601 02       		.byte	0x2
 861 0602 09       		.uleb128 0x9
 862 0603 AC040000 		.4byte	.LASF109
 863 0607 05       		.byte	0x5
 864 0608 EE       		.byte	0xee
 865 0609 A2000000 		.4byte	0xa2
 866 060d 03       		.byte	0x3
 867 060e 09       		.uleb128 0x9
 868 060f CA020000 		.4byte	.LASF110
 869 0613 05       		.byte	0x5
 870 0614 F1       		.byte	0xf1
 871 0615 A2000000 		.4byte	0xa2
 872 0619 04       		.byte	0x4
 873 061a 09       		.uleb128 0x9
 874 061b 61070000 		.4byte	.LASF111
 875 061f 05       		.byte	0x5
 876 0620 F2       		.byte	0xf2
 877 0621 A2000000 		.4byte	0xa2
 878 0625 05       		.byte	0x5
 879 0626 09       		.uleb128 0x9
 880 0627 E8000000 		.4byte	.LASF112
 881 062b 05       		.byte	0x5
 882 062c F3       		.byte	0xf3
 883 062d A2000000 		.4byte	0xa2
 884 0631 06       		.byte	0x6
 885 0632 09       		.uleb128 0x9
 886 0633 F8000000 		.4byte	.LASF113
 887 0637 05       		.byte	0x5
 888 0638 F4       		.byte	0xf4
 889 0639 A2000000 		.4byte	0xa2
 890 063d 07       		.byte	0x7
 891 063e 09       		.uleb128 0x9
 892 063f B7040000 		.4byte	.LASF114
 893 0643 05       		.byte	0x5
 894 0644 F5       		.byte	0xf5
 895 0645 A2000000 		.4byte	0xa2
 896 0649 08       		.byte	0x8
 897 064a 09       		.uleb128 0x9
 898 064b 16050000 		.4byte	.LASF115
 899 064f 05       		.byte	0x5
 900 0650 F8       		.byte	0xf8
 901 0651 97000000 		.4byte	0x97
 902 0655 09       		.byte	0x9
 903 0656 09       		.uleb128 0x9
 904 0657 9B010000 		.4byte	.LASF116
 905 065b 05       		.byte	0x5
 906 065c F9       		.byte	0xf9
 907 065d 97000000 		.4byte	0x97
 908 0661 0A       		.byte	0xa
ARM GAS  C:\Users\Abude\AppData\Local\Temp\ccTM6Jvz.s 			page 20


 909 0662 09       		.uleb128 0x9
 910 0663 50050000 		.4byte	.LASF28
 911 0667 05       		.byte	0x5
 912 0668 FA       		.byte	0xfa
 913 0669 97000000 		.4byte	0x97
 914 066d 0B       		.byte	0xb
 915 066e 09       		.uleb128 0x9
 916 066f D3000000 		.4byte	.LASF117
 917 0673 05       		.byte	0x5
 918 0674 FB       		.byte	0xfb
 919 0675 97000000 		.4byte	0x97
 920 0679 0C       		.byte	0xc
 921 067a 09       		.uleb128 0x9
 922 067b E9050000 		.4byte	.LASF118
 923 067f 05       		.byte	0x5
 924 0680 FE       		.byte	0xfe
 925 0681 97000000 		.4byte	0x97
 926 0685 0D       		.byte	0xd
 927 0686 09       		.uleb128 0x9
 928 0687 6F020000 		.4byte	.LASF119
 929 068b 05       		.byte	0x5
 930 068c FF       		.byte	0xff
 931 068d 97000000 		.4byte	0x97
 932 0691 0E       		.byte	0xe
 933 0692 07       		.uleb128 0x7
 934 0693 4E010000 		.4byte	.LASF120
 935 0697 05       		.byte	0x5
 936 0698 0001     		.2byte	0x100
 937 069a 97000000 		.4byte	0x97
 938 069e 0F       		.byte	0xf
 939 069f 07       		.uleb128 0x7
 940 06a0 1A040000 		.4byte	.LASF121
 941 06a4 05       		.byte	0x5
 942 06a5 0101     		.2byte	0x101
 943 06a7 97000000 		.4byte	0x97
 944 06ab 10       		.byte	0x10
 945 06ac 07       		.uleb128 0x7
 946 06ad 88040000 		.4byte	.LASF122
 947 06b1 05       		.byte	0x5
 948 06b2 0401     		.2byte	0x104
 949 06b4 AD000000 		.4byte	0xad
 950 06b8 12       		.byte	0x12
 951 06b9 07       		.uleb128 0x7
 952 06ba 35080000 		.4byte	.LASF123
 953 06be 05       		.byte	0x5
 954 06bf 0501     		.2byte	0x105
 955 06c1 AD000000 		.4byte	0xad
 956 06c5 14       		.byte	0x14
 957 06c6 07       		.uleb128 0x7
 958 06c7 00000000 		.4byte	.LASF124
 959 06cb 05       		.byte	0x5
 960 06cc 0901     		.2byte	0x109
 961 06ce AD000000 		.4byte	0xad
 962 06d2 16       		.byte	0x16
 963 06d3 00       		.byte	0
 964 06d4 10       		.uleb128 0x10
 965 06d5 DB010000 		.4byte	.LASF125
ARM GAS  C:\Users\Abude\AppData\Local\Temp\ccTM6Jvz.s 			page 21


 966 06d9 05       		.byte	0x5
 967 06da 0C01     		.2byte	0x10c
 968 06dc D2050000 		.4byte	0x5d2
 969 06e0 06       		.uleb128 0x6
 970 06e1 E9070000 		.4byte	.LASF126
 971 06e5 14       		.byte	0x14
 972 06e6 05       		.byte	0x5
 973 06e7 0F01     		.2byte	0x10f
 974 06e9 86070000 		.4byte	0x786
 975 06ed 07       		.uleb128 0x7
 976 06ee 7B030000 		.4byte	.LASF127
 977 06f2 05       		.byte	0x5
 978 06f3 1101     		.2byte	0x111
 979 06f5 4F030000 		.4byte	0x34f
 980 06f9 00       		.byte	0
 981 06fa 07       		.uleb128 0x7
 982 06fb BE070000 		.4byte	.LASF128
 983 06ff 05       		.byte	0x5
 984 0700 1301     		.2byte	0x113
 985 0702 5A030000 		.4byte	0x35a
 986 0706 04       		.byte	0x4
 987 0707 07       		.uleb128 0x7
 988 0708 C7070000 		.4byte	.LASF129
 989 070c 05       		.byte	0x5
 990 070d 1401     		.2byte	0x114
 991 070f 5A030000 		.4byte	0x35a
 992 0713 06       		.byte	0x6
 993 0714 0E       		.uleb128 0xe
 994 0715 7800     		.ascii	"x\000"
 995 0717 05       		.byte	0x5
 996 0718 1601     		.2byte	0x116
 997 071a 97000000 		.4byte	0x97
 998 071e 08       		.byte	0x8
 999 071f 0E       		.uleb128 0xe
 1000 0720 7900     		.ascii	"y\000"
 1001 0722 05       		.byte	0x5
 1002 0723 1701     		.2byte	0x117
 1003 0725 97000000 		.4byte	0x97
 1004 0729 09       		.byte	0x9
 1005 072a 07       		.uleb128 0x7
 1006 072b CF050000 		.4byte	.LASF130
 1007 072f 05       		.byte	0x5
 1008 0730 1801     		.2byte	0x118
 1009 0732 97000000 		.4byte	0x97
 1010 0736 0A       		.byte	0xa
 1011 0737 07       		.uleb128 0x7
 1012 0738 D7040000 		.4byte	.LASF131
 1013 073c 05       		.byte	0x5
 1014 073d 1901     		.2byte	0x119
 1015 073f 97000000 		.4byte	0x97
 1016 0743 0B       		.byte	0xb
 1017 0744 07       		.uleb128 0x7
 1018 0745 C8040000 		.4byte	.LASF132
 1019 0749 05       		.byte	0x5
 1020 074a 1B01     		.2byte	0x11b
 1021 074c A2000000 		.4byte	0xa2
 1022 0750 0C       		.byte	0xc
ARM GAS  C:\Users\Abude\AppData\Local\Temp\ccTM6Jvz.s 			page 22


 1023 0751 07       		.uleb128 0x7
 1024 0752 24030000 		.4byte	.LASF133
 1025 0756 05       		.byte	0x5
 1026 0757 1C01     		.2byte	0x11c
 1027 0759 A2000000 		.4byte	0xa2
 1028 075d 0D       		.byte	0xd
 1029 075e 07       		.uleb128 0x7
 1030 075f AB050000 		.4byte	.LASF134
 1031 0763 05       		.byte	0x5
 1032 0764 1D01     		.2byte	0x11d
 1033 0766 A2000000 		.4byte	0xa2
 1034 076a 0E       		.byte	0xe
 1035 076b 07       		.uleb128 0x7
 1036 076c 81080000 		.4byte	.LASF135
 1037 0770 05       		.byte	0x5
 1038 0771 1E01     		.2byte	0x11e
 1039 0773 A2000000 		.4byte	0xa2
 1040 0777 0F       		.byte	0xf
 1041 0778 0E       		.uleb128 0xe
 1042 0779 64697200 		.ascii	"dir\000"
 1043 077d 05       		.byte	0x5
 1044 077e 2001     		.2byte	0x120
 1045 0780 A2000000 		.4byte	0xa2
 1046 0784 10       		.byte	0x10
 1047 0785 00       		.byte	0
 1048 0786 10       		.uleb128 0x10
 1049 0787 5E000000 		.4byte	.LASF136
 1050 078b 05       		.byte	0x5
 1051 078c 2301     		.2byte	0x123
 1052 078e E0060000 		.4byte	0x6e0
 1053 0792 10       		.uleb128 0x10
 1054 0793 4F080000 		.4byte	.LASF137
 1055 0797 05       		.byte	0x5
 1056 0798 3801     		.2byte	0x138
 1057 079a 9E070000 		.4byte	0x79e
 1058 079e 0A       		.uleb128 0xa
 1059 079f 04       		.byte	0x4
 1060 07a0 A4070000 		.4byte	0x7a4
 1061 07a4 0B       		.uleb128 0xb
 1062 07a5 5A030000 		.4byte	0x35a
 1063 07a9 B3070000 		.4byte	0x7b3
 1064 07ad 0C       		.uleb128 0xc
 1065 07ae 86050000 		.4byte	0x586
 1066 07b2 00       		.byte	0
 1067 07b3 0A       		.uleb128 0xa
 1068 07b4 04       		.byte	0x4
 1069 07b5 B9070000 		.4byte	0x7b9
 1070 07b9 0D       		.uleb128 0xd
 1071 07ba 2A050000 		.4byte	0x52a
 1072 07be 11       		.uleb128 0x11
 1073 07bf 58030000 		.4byte	.LASF142
 1074 07c3 01       		.byte	0x1
 1075 07c4 7B       		.byte	0x7b
 1076 07c5 A2000000 		.4byte	0xa2
 1077 07c9 00000000 		.4byte	.LFB0
 1078 07cd 2C000000 		.4byte	.LFE0-.LFB0
 1079 07d1 01       		.uleb128 0x1
ARM GAS  C:\Users\Abude\AppData\Local\Temp\ccTM6Jvz.s 			page 23


 1080 07d2 9C       		.byte	0x9c
 1081 07d3 0A080000 		.4byte	0x80a
 1082 07d7 12       		.uleb128 0x12
 1083 07d8 613000   		.ascii	"a0\000"
 1084 07db 01       		.byte	0x1
 1085 07dc 7B       		.byte	0x7b
 1086 07dd 5A030000 		.4byte	0x35a
 1087 07e1 00000000 		.4byte	.LLST0
 1088 07e5 13       		.uleb128 0x13
 1089 07e6 613100   		.ascii	"a1\000"
 1090 07e9 01       		.byte	0x1
 1091 07ea 7B       		.byte	0x7b
 1092 07eb 5A030000 		.4byte	0x35a
 1093 07ef 01       		.uleb128 0x1
 1094 07f0 51       		.byte	0x51
 1095 07f1 13       		.uleb128 0x13
 1096 07f2 763000   		.ascii	"v0\000"
 1097 07f5 01       		.byte	0x1
 1098 07f6 7B       		.byte	0x7b
 1099 07f7 5A030000 		.4byte	0x35a
 1100 07fb 01       		.uleb128 0x1
 1101 07fc 52       		.byte	0x52
 1102 07fd 13       		.uleb128 0x13
 1103 07fe 763100   		.ascii	"v1\000"
 1104 0801 01       		.byte	0x1
 1105 0802 7B       		.byte	0x7b
 1106 0803 5A030000 		.4byte	0x35a
 1107 0807 01       		.uleb128 0x1
 1108 0808 53       		.byte	0x53
 1109 0809 00       		.byte	0
 1110 080a 14       		.uleb128 0x14
 1111 080b 10030000 		.4byte	.LASF143
 1112 080f 01       		.byte	0x1
 1113 0810 A6       		.byte	0xa6
 1114 0811 A2000000 		.4byte	0xa2
 1115 0815 00000000 		.4byte	.LFB1
 1116 0819 32000000 		.4byte	.LFE1-.LFB1
 1117 081d 01       		.uleb128 0x1
 1118 081e 9C       		.byte	0x9c
 1119 081f 15       		.uleb128 0x15
 1120 0820 15040000 		.4byte	.LASF138
 1121 0824 01       		.byte	0x1
 1122 0825 A6       		.byte	0xa6
 1123 0826 86050000 		.4byte	0x586
 1124 082a 9E000000 		.4byte	.LLST1
 1125 082e 12       		.uleb128 0x12
 1126 082f 783000   		.ascii	"x0\000"
 1127 0832 01       		.byte	0x1
 1128 0833 A6       		.byte	0xa6
 1129 0834 5A030000 		.4byte	0x35a
 1130 0838 BC000000 		.4byte	.LLST2
 1131 083c 12       		.uleb128 0x12
 1132 083d 793000   		.ascii	"y0\000"
 1133 0840 01       		.byte	0x1
 1134 0841 A6       		.byte	0xa6
 1135 0842 5A030000 		.4byte	0x35a
 1136 0846 DD000000 		.4byte	.LLST3
ARM GAS  C:\Users\Abude\AppData\Local\Temp\ccTM6Jvz.s 			page 24


 1137 084a 12       		.uleb128 0x12
 1138 084b 783100   		.ascii	"x1\000"
 1139 084e 01       		.byte	0x1
 1140 084f A6       		.byte	0xa6
 1141 0850 5A030000 		.4byte	0x35a
 1142 0854 FE000000 		.4byte	.LLST4
 1143 0858 13       		.uleb128 0x13
 1144 0859 793100   		.ascii	"y1\000"
 1145 085c 01       		.byte	0x1
 1146 085d A6       		.byte	0xa6
 1147 085e 5A030000 		.4byte	0x35a
 1148 0862 02       		.uleb128 0x2
 1149 0863 91       		.byte	0x91
 1150 0864 00       		.sleb128 0
 1151 0865 16       		.uleb128 0x16
 1152 0866 18000000 		.4byte	.LVL16
 1153 086a BE070000 		.4byte	0x7be
 1154 086e 7B080000 		.4byte	0x87b
 1155 0872 17       		.uleb128 0x17
 1156 0873 01       		.uleb128 0x1
 1157 0874 53       		.byte	0x53
 1158 0875 04       		.uleb128 0x4
 1159 0876 91       		.byte	0x91
 1160 0877 00       		.sleb128 0
 1161 0878 94       		.byte	0x94
 1162 0879 02       		.byte	0x2
 1163 087a 00       		.byte	0
 1164 087b 18       		.uleb128 0x18
 1165 087c 2C000000 		.4byte	.LVL17
 1166 0880 BE070000 		.4byte	0x7be
 1167 0884 17       		.uleb128 0x17
 1168 0885 01       		.uleb128 0x1
 1169 0886 52       		.byte	0x52
 1170 0887 02       		.uleb128 0x2
 1171 0888 75       		.byte	0x75
 1172 0889 00       		.sleb128 0
 1173 088a 17       		.uleb128 0x17
 1174 088b 01       		.uleb128 0x1
 1175 088c 53       		.byte	0x53
 1176 088d 02       		.uleb128 0x2
 1177 088e 76       		.byte	0x76
 1178 088f 00       		.sleb128 0
 1179 0890 00       		.byte	0
 1180 0891 00       		.byte	0
 1181 0892 00       		.byte	0
 1182              		.section	.debug_abbrev,"",%progbits
 1183              	.Ldebug_abbrev0:
 1184 0000 01       		.uleb128 0x1
 1185 0001 11       		.uleb128 0x11
 1186 0002 01       		.byte	0x1
 1187 0003 25       		.uleb128 0x25
 1188 0004 0E       		.uleb128 0xe
 1189 0005 13       		.uleb128 0x13
 1190 0006 0B       		.uleb128 0xb
 1191 0007 03       		.uleb128 0x3
 1192 0008 0E       		.uleb128 0xe
 1193 0009 1B       		.uleb128 0x1b
ARM GAS  C:\Users\Abude\AppData\Local\Temp\ccTM6Jvz.s 			page 25


 1194 000a 0E       		.uleb128 0xe
 1195 000b 55       		.uleb128 0x55
 1196 000c 17       		.uleb128 0x17
 1197 000d 11       		.uleb128 0x11
 1198 000e 01       		.uleb128 0x1
 1199 000f 10       		.uleb128 0x10
 1200 0010 17       		.uleb128 0x17
 1201 0011 00       		.byte	0
 1202 0012 00       		.byte	0
 1203 0013 02       		.uleb128 0x2
 1204 0014 16       		.uleb128 0x16
 1205 0015 00       		.byte	0
 1206 0016 03       		.uleb128 0x3
 1207 0017 0E       		.uleb128 0xe
 1208 0018 3A       		.uleb128 0x3a
 1209 0019 0B       		.uleb128 0xb
 1210 001a 3B       		.uleb128 0x3b
 1211 001b 0B       		.uleb128 0xb
 1212 001c 49       		.uleb128 0x49
 1213 001d 13       		.uleb128 0x13
 1214 001e 00       		.byte	0
 1215 001f 00       		.byte	0
 1216 0020 03       		.uleb128 0x3
 1217 0021 24       		.uleb128 0x24
 1218 0022 00       		.byte	0
 1219 0023 0B       		.uleb128 0xb
 1220 0024 0B       		.uleb128 0xb
 1221 0025 3E       		.uleb128 0x3e
 1222 0026 0B       		.uleb128 0xb
 1223 0027 03       		.uleb128 0x3
 1224 0028 0E       		.uleb128 0xe
 1225 0029 00       		.byte	0
 1226 002a 00       		.byte	0
 1227 002b 04       		.uleb128 0x4
 1228 002c 24       		.uleb128 0x24
 1229 002d 00       		.byte	0
 1230 002e 0B       		.uleb128 0xb
 1231 002f 0B       		.uleb128 0xb
 1232 0030 3E       		.uleb128 0x3e
 1233 0031 0B       		.uleb128 0xb
 1234 0032 03       		.uleb128 0x3
 1235 0033 08       		.uleb128 0x8
 1236 0034 00       		.byte	0
 1237 0035 00       		.byte	0
 1238 0036 05       		.uleb128 0x5
 1239 0037 0F       		.uleb128 0xf
 1240 0038 00       		.byte	0
 1241 0039 0B       		.uleb128 0xb
 1242 003a 0B       		.uleb128 0xb
 1243 003b 00       		.byte	0
 1244 003c 00       		.byte	0
 1245 003d 06       		.uleb128 0x6
 1246 003e 13       		.uleb128 0x13
 1247 003f 01       		.byte	0x1
 1248 0040 03       		.uleb128 0x3
 1249 0041 0E       		.uleb128 0xe
 1250 0042 0B       		.uleb128 0xb
ARM GAS  C:\Users\Abude\AppData\Local\Temp\ccTM6Jvz.s 			page 26


 1251 0043 0B       		.uleb128 0xb
 1252 0044 3A       		.uleb128 0x3a
 1253 0045 0B       		.uleb128 0xb
 1254 0046 3B       		.uleb128 0x3b
 1255 0047 05       		.uleb128 0x5
 1256 0048 01       		.uleb128 0x1
 1257 0049 13       		.uleb128 0x13
 1258 004a 00       		.byte	0
 1259 004b 00       		.byte	0
 1260 004c 07       		.uleb128 0x7
 1261 004d 0D       		.uleb128 0xd
 1262 004e 00       		.byte	0
 1263 004f 03       		.uleb128 0x3
 1264 0050 0E       		.uleb128 0xe
 1265 0051 3A       		.uleb128 0x3a
 1266 0052 0B       		.uleb128 0xb
 1267 0053 3B       		.uleb128 0x3b
 1268 0054 05       		.uleb128 0x5
 1269 0055 49       		.uleb128 0x49
 1270 0056 13       		.uleb128 0x13
 1271 0057 38       		.uleb128 0x38
 1272 0058 0B       		.uleb128 0xb
 1273 0059 00       		.byte	0
 1274 005a 00       		.byte	0
 1275 005b 08       		.uleb128 0x8
 1276 005c 13       		.uleb128 0x13
 1277 005d 01       		.byte	0x1
 1278 005e 03       		.uleb128 0x3
 1279 005f 0E       		.uleb128 0xe
 1280 0060 0B       		.uleb128 0xb
 1281 0061 0B       		.uleb128 0xb
 1282 0062 3A       		.uleb128 0x3a
 1283 0063 0B       		.uleb128 0xb
 1284 0064 3B       		.uleb128 0x3b
 1285 0065 0B       		.uleb128 0xb
 1286 0066 01       		.uleb128 0x1
 1287 0067 13       		.uleb128 0x13
 1288 0068 00       		.byte	0
 1289 0069 00       		.byte	0
 1290 006a 09       		.uleb128 0x9
 1291 006b 0D       		.uleb128 0xd
 1292 006c 00       		.byte	0
 1293 006d 03       		.uleb128 0x3
 1294 006e 0E       		.uleb128 0xe
 1295 006f 3A       		.uleb128 0x3a
 1296 0070 0B       		.uleb128 0xb
 1297 0071 3B       		.uleb128 0x3b
 1298 0072 0B       		.uleb128 0xb
 1299 0073 49       		.uleb128 0x49
 1300 0074 13       		.uleb128 0x13
 1301 0075 38       		.uleb128 0x38
 1302 0076 0B       		.uleb128 0xb
 1303 0077 00       		.byte	0
 1304 0078 00       		.byte	0
 1305 0079 0A       		.uleb128 0xa
 1306 007a 0F       		.uleb128 0xf
 1307 007b 00       		.byte	0
ARM GAS  C:\Users\Abude\AppData\Local\Temp\ccTM6Jvz.s 			page 27


 1308 007c 0B       		.uleb128 0xb
 1309 007d 0B       		.uleb128 0xb
 1310 007e 49       		.uleb128 0x49
 1311 007f 13       		.uleb128 0x13
 1312 0080 00       		.byte	0
 1313 0081 00       		.byte	0
 1314 0082 0B       		.uleb128 0xb
 1315 0083 15       		.uleb128 0x15
 1316 0084 01       		.byte	0x1
 1317 0085 27       		.uleb128 0x27
 1318 0086 19       		.uleb128 0x19
 1319 0087 49       		.uleb128 0x49
 1320 0088 13       		.uleb128 0x13
 1321 0089 01       		.uleb128 0x1
 1322 008a 13       		.uleb128 0x13
 1323 008b 00       		.byte	0
 1324 008c 00       		.byte	0
 1325 008d 0C       		.uleb128 0xc
 1326 008e 05       		.uleb128 0x5
 1327 008f 00       		.byte	0
 1328 0090 49       		.uleb128 0x49
 1329 0091 13       		.uleb128 0x13
 1330 0092 00       		.byte	0
 1331 0093 00       		.byte	0
 1332 0094 0D       		.uleb128 0xd
 1333 0095 26       		.uleb128 0x26
 1334 0096 00       		.byte	0
 1335 0097 49       		.uleb128 0x49
 1336 0098 13       		.uleb128 0x13
 1337 0099 00       		.byte	0
 1338 009a 00       		.byte	0
 1339 009b 0E       		.uleb128 0xe
 1340 009c 0D       		.uleb128 0xd
 1341 009d 00       		.byte	0
 1342 009e 03       		.uleb128 0x3
 1343 009f 08       		.uleb128 0x8
 1344 00a0 3A       		.uleb128 0x3a
 1345 00a1 0B       		.uleb128 0xb
 1346 00a2 3B       		.uleb128 0x3b
 1347 00a3 05       		.uleb128 0x5
 1348 00a4 49       		.uleb128 0x49
 1349 00a5 13       		.uleb128 0x13
 1350 00a6 38       		.uleb128 0x38
 1351 00a7 0B       		.uleb128 0xb
 1352 00a8 00       		.byte	0
 1353 00a9 00       		.byte	0
 1354 00aa 0F       		.uleb128 0xf
 1355 00ab 15       		.uleb128 0x15
 1356 00ac 01       		.byte	0x1
 1357 00ad 27       		.uleb128 0x27
 1358 00ae 19       		.uleb128 0x19
 1359 00af 01       		.uleb128 0x1
 1360 00b0 13       		.uleb128 0x13
 1361 00b1 00       		.byte	0
 1362 00b2 00       		.byte	0
 1363 00b3 10       		.uleb128 0x10
 1364 00b4 16       		.uleb128 0x16
ARM GAS  C:\Users\Abude\AppData\Local\Temp\ccTM6Jvz.s 			page 28


 1365 00b5 00       		.byte	0
 1366 00b6 03       		.uleb128 0x3
 1367 00b7 0E       		.uleb128 0xe
 1368 00b8 3A       		.uleb128 0x3a
 1369 00b9 0B       		.uleb128 0xb
 1370 00ba 3B       		.uleb128 0x3b
 1371 00bb 05       		.uleb128 0x5
 1372 00bc 49       		.uleb128 0x49
 1373 00bd 13       		.uleb128 0x13
 1374 00be 00       		.byte	0
 1375 00bf 00       		.byte	0
 1376 00c0 11       		.uleb128 0x11
 1377 00c1 2E       		.uleb128 0x2e
 1378 00c2 01       		.byte	0x1
 1379 00c3 3F       		.uleb128 0x3f
 1380 00c4 19       		.uleb128 0x19
 1381 00c5 03       		.uleb128 0x3
 1382 00c6 0E       		.uleb128 0xe
 1383 00c7 3A       		.uleb128 0x3a
 1384 00c8 0B       		.uleb128 0xb
 1385 00c9 3B       		.uleb128 0x3b
 1386 00ca 0B       		.uleb128 0xb
 1387 00cb 27       		.uleb128 0x27
 1388 00cc 19       		.uleb128 0x19
 1389 00cd 49       		.uleb128 0x49
 1390 00ce 13       		.uleb128 0x13
 1391 00cf 11       		.uleb128 0x11
 1392 00d0 01       		.uleb128 0x1
 1393 00d1 12       		.uleb128 0x12
 1394 00d2 06       		.uleb128 0x6
 1395 00d3 40       		.uleb128 0x40
 1396 00d4 18       		.uleb128 0x18
 1397 00d5 9742     		.uleb128 0x2117
 1398 00d7 19       		.uleb128 0x19
 1399 00d8 01       		.uleb128 0x1
 1400 00d9 13       		.uleb128 0x13
 1401 00da 00       		.byte	0
 1402 00db 00       		.byte	0
 1403 00dc 12       		.uleb128 0x12
 1404 00dd 05       		.uleb128 0x5
 1405 00de 00       		.byte	0
 1406 00df 03       		.uleb128 0x3
 1407 00e0 08       		.uleb128 0x8
 1408 00e1 3A       		.uleb128 0x3a
 1409 00e2 0B       		.uleb128 0xb
 1410 00e3 3B       		.uleb128 0x3b
 1411 00e4 0B       		.uleb128 0xb
 1412 00e5 49       		.uleb128 0x49
 1413 00e6 13       		.uleb128 0x13
 1414 00e7 02       		.uleb128 0x2
 1415 00e8 17       		.uleb128 0x17
 1416 00e9 00       		.byte	0
 1417 00ea 00       		.byte	0
 1418 00eb 13       		.uleb128 0x13
 1419 00ec 05       		.uleb128 0x5
 1420 00ed 00       		.byte	0
 1421 00ee 03       		.uleb128 0x3
ARM GAS  C:\Users\Abude\AppData\Local\Temp\ccTM6Jvz.s 			page 29


 1422 00ef 08       		.uleb128 0x8
 1423 00f0 3A       		.uleb128 0x3a
 1424 00f1 0B       		.uleb128 0xb
 1425 00f2 3B       		.uleb128 0x3b
 1426 00f3 0B       		.uleb128 0xb
 1427 00f4 49       		.uleb128 0x49
 1428 00f5 13       		.uleb128 0x13
 1429 00f6 02       		.uleb128 0x2
 1430 00f7 18       		.uleb128 0x18
 1431 00f8 00       		.byte	0
 1432 00f9 00       		.byte	0
 1433 00fa 14       		.uleb128 0x14
 1434 00fb 2E       		.uleb128 0x2e
 1435 00fc 01       		.byte	0x1
 1436 00fd 3F       		.uleb128 0x3f
 1437 00fe 19       		.uleb128 0x19
 1438 00ff 03       		.uleb128 0x3
 1439 0100 0E       		.uleb128 0xe
 1440 0101 3A       		.uleb128 0x3a
 1441 0102 0B       		.uleb128 0xb
 1442 0103 3B       		.uleb128 0x3b
 1443 0104 0B       		.uleb128 0xb
 1444 0105 27       		.uleb128 0x27
 1445 0106 19       		.uleb128 0x19
 1446 0107 49       		.uleb128 0x49
 1447 0108 13       		.uleb128 0x13
 1448 0109 11       		.uleb128 0x11
 1449 010a 01       		.uleb128 0x1
 1450 010b 12       		.uleb128 0x12
 1451 010c 06       		.uleb128 0x6
 1452 010d 40       		.uleb128 0x40
 1453 010e 18       		.uleb128 0x18
 1454 010f 9742     		.uleb128 0x2117
 1455 0111 19       		.uleb128 0x19
 1456 0112 00       		.byte	0
 1457 0113 00       		.byte	0
 1458 0114 15       		.uleb128 0x15
 1459 0115 05       		.uleb128 0x5
 1460 0116 00       		.byte	0
 1461 0117 03       		.uleb128 0x3
 1462 0118 0E       		.uleb128 0xe
 1463 0119 3A       		.uleb128 0x3a
 1464 011a 0B       		.uleb128 0xb
 1465 011b 3B       		.uleb128 0x3b
 1466 011c 0B       		.uleb128 0xb
 1467 011d 49       		.uleb128 0x49
 1468 011e 13       		.uleb128 0x13
 1469 011f 02       		.uleb128 0x2
 1470 0120 17       		.uleb128 0x17
 1471 0121 00       		.byte	0
 1472 0122 00       		.byte	0
 1473 0123 16       		.uleb128 0x16
 1474 0124 898201   		.uleb128 0x4109
 1475 0127 01       		.byte	0x1
 1476 0128 11       		.uleb128 0x11
 1477 0129 01       		.uleb128 0x1
 1478 012a 31       		.uleb128 0x31
ARM GAS  C:\Users\Abude\AppData\Local\Temp\ccTM6Jvz.s 			page 30


 1479 012b 13       		.uleb128 0x13
 1480 012c 01       		.uleb128 0x1
 1481 012d 13       		.uleb128 0x13
 1482 012e 00       		.byte	0
 1483 012f 00       		.byte	0
 1484 0130 17       		.uleb128 0x17
 1485 0131 8A8201   		.uleb128 0x410a
 1486 0134 00       		.byte	0
 1487 0135 02       		.uleb128 0x2
 1488 0136 18       		.uleb128 0x18
 1489 0137 9142     		.uleb128 0x2111
 1490 0139 18       		.uleb128 0x18
 1491 013a 00       		.byte	0
 1492 013b 00       		.byte	0
 1493 013c 18       		.uleb128 0x18
 1494 013d 898201   		.uleb128 0x4109
 1495 0140 01       		.byte	0x1
 1496 0141 11       		.uleb128 0x11
 1497 0142 01       		.uleb128 0x1
 1498 0143 31       		.uleb128 0x31
 1499 0144 13       		.uleb128 0x13
 1500 0145 00       		.byte	0
 1501 0146 00       		.byte	0
 1502 0147 00       		.byte	0
 1503              		.section	.debug_loc,"",%progbits
 1504              	.Ldebug_loc0:
 1505              	.LLST0:
 1506 0000 00000000 		.4byte	.LVL0
 1507 0004 0E000000 		.4byte	.LVL1
 1508 0008 0100     		.2byte	0x1
 1509 000a 50       		.byte	0x50
 1510 000b 0E000000 		.4byte	.LVL1
 1511 000f 10000000 		.4byte	.LVL2
 1512 0013 0400     		.2byte	0x4
 1513 0015 F3       		.byte	0xf3
 1514 0016 01       		.uleb128 0x1
 1515 0017 50       		.byte	0x50
 1516 0018 9F       		.byte	0x9f
 1517 0019 10000000 		.4byte	.LVL2
 1518 001d 1A000000 		.4byte	.LVL3
 1519 0021 0100     		.2byte	0x1
 1520 0023 50       		.byte	0x50
 1521 0024 1A000000 		.4byte	.LVL3
 1522 0028 1C000000 		.4byte	.LVL4
 1523 002c 0400     		.2byte	0x4
 1524 002e F3       		.byte	0xf3
 1525 002f 01       		.uleb128 0x1
 1526 0030 50       		.byte	0x50
 1527 0031 9F       		.byte	0x9f
 1528 0032 1C000000 		.4byte	.LVL4
 1529 0036 1E000000 		.4byte	.LVL5
 1530 003a 0100     		.2byte	0x1
 1531 003c 50       		.byte	0x50
 1532 003d 1E000000 		.4byte	.LVL5
 1533 0041 20000000 		.4byte	.LVL6
 1534 0045 0400     		.2byte	0x4
 1535 0047 F3       		.byte	0xf3
ARM GAS  C:\Users\Abude\AppData\Local\Temp\ccTM6Jvz.s 			page 31


 1536 0048 01       		.uleb128 0x1
 1537 0049 50       		.byte	0x50
 1538 004a 9F       		.byte	0x9f
 1539 004b 20000000 		.4byte	.LVL6
 1540 004f 22000000 		.4byte	.LVL7
 1541 0053 0100     		.2byte	0x1
 1542 0055 50       		.byte	0x50
 1543 0056 22000000 		.4byte	.LVL7
 1544 005a 24000000 		.4byte	.LVL8
 1545 005e 0400     		.2byte	0x4
 1546 0060 F3       		.byte	0xf3
 1547 0061 01       		.uleb128 0x1
 1548 0062 50       		.byte	0x50
 1549 0063 9F       		.byte	0x9f
 1550 0064 24000000 		.4byte	.LVL8
 1551 0068 26000000 		.4byte	.LVL9
 1552 006c 0100     		.2byte	0x1
 1553 006e 50       		.byte	0x50
 1554 006f 26000000 		.4byte	.LVL9
 1555 0073 28000000 		.4byte	.LVL10
 1556 0077 0400     		.2byte	0x4
 1557 0079 F3       		.byte	0xf3
 1558 007a 01       		.uleb128 0x1
 1559 007b 50       		.byte	0x50
 1560 007c 9F       		.byte	0x9f
 1561 007d 28000000 		.4byte	.LVL10
 1562 0081 2A000000 		.4byte	.LVL11
 1563 0085 0100     		.2byte	0x1
 1564 0087 50       		.byte	0x50
 1565 0088 2A000000 		.4byte	.LVL11
 1566 008c 2C000000 		.4byte	.LFE0
 1567 0090 0400     		.2byte	0x4
 1568 0092 F3       		.byte	0xf3
 1569 0093 01       		.uleb128 0x1
 1570 0094 50       		.byte	0x50
 1571 0095 9F       		.byte	0x9f
 1572 0096 00000000 		.4byte	0
 1573 009a 00000000 		.4byte	0
 1574              	.LLST1:
 1575 009e 00000000 		.4byte	.LVL12
 1576 00a2 14000000 		.4byte	.LVL15
 1577 00a6 0100     		.2byte	0x1
 1578 00a8 50       		.byte	0x50
 1579 00a9 14000000 		.4byte	.LVL15
 1580 00ad 32000000 		.4byte	.LFE1
 1581 00b1 0100     		.2byte	0x1
 1582 00b3 54       		.byte	0x54
 1583 00b4 00000000 		.4byte	0
 1584 00b8 00000000 		.4byte	0
 1585              	.LLST2:
 1586 00bc 00000000 		.4byte	.LVL12
 1587 00c0 10000000 		.4byte	.LVL14
 1588 00c4 0100     		.2byte	0x1
 1589 00c6 51       		.byte	0x51
 1590 00c7 10000000 		.4byte	.LVL14
 1591 00cb 32000000 		.4byte	.LFE1
 1592 00cf 0400     		.2byte	0x4
ARM GAS  C:\Users\Abude\AppData\Local\Temp\ccTM6Jvz.s 			page 32


 1593 00d1 F3       		.byte	0xf3
 1594 00d2 01       		.uleb128 0x1
 1595 00d3 51       		.byte	0x51
 1596 00d4 9F       		.byte	0x9f
 1597 00d5 00000000 		.4byte	0
 1598 00d9 00000000 		.4byte	0
 1599              	.LLST3:
 1600 00dd 00000000 		.4byte	.LVL12
 1601 00e1 17000000 		.4byte	.LVL16-1
 1602 00e5 0100     		.2byte	0x1
 1603 00e7 52       		.byte	0x52
 1604 00e8 17000000 		.4byte	.LVL16-1
 1605 00ec 32000000 		.4byte	.LFE1
 1606 00f0 0400     		.2byte	0x4
 1607 00f2 F3       		.byte	0xf3
 1608 00f3 01       		.uleb128 0x1
 1609 00f4 52       		.byte	0x52
 1610 00f5 9F       		.byte	0x9f
 1611 00f6 00000000 		.4byte	0
 1612 00fa 00000000 		.4byte	0
 1613              	.LLST4:
 1614 00fe 00000000 		.4byte	.LVL12
 1615 0102 0C000000 		.4byte	.LVL13
 1616 0106 0100     		.2byte	0x1
 1617 0108 53       		.byte	0x53
 1618 0109 0C000000 		.4byte	.LVL13
 1619 010d 32000000 		.4byte	.LFE1
 1620 0111 0400     		.2byte	0x4
 1621 0113 F3       		.byte	0xf3
 1622 0114 01       		.uleb128 0x1
 1623 0115 53       		.byte	0x53
 1624 0116 9F       		.byte	0x9f
 1625 0117 00000000 		.4byte	0
 1626 011b 00000000 		.4byte	0
 1627              		.section	.debug_aranges,"",%progbits
 1628 0000 24000000 		.4byte	0x24
 1629 0004 0200     		.2byte	0x2
 1630 0006 00000000 		.4byte	.Ldebug_info0
 1631 000a 04       		.byte	0x4
 1632 000b 00       		.byte	0
 1633 000c 0000     		.2byte	0
 1634 000e 0000     		.2byte	0
 1635 0010 00000000 		.4byte	.LFB0
 1636 0014 2C000000 		.4byte	.LFE0-.LFB0
 1637 0018 00000000 		.4byte	.LFB1
 1638 001c 32000000 		.4byte	.LFE1-.LFB1
 1639 0020 00000000 		.4byte	0
 1640 0024 00000000 		.4byte	0
 1641              		.section	.debug_ranges,"",%progbits
 1642              	.Ldebug_ranges0:
 1643 0000 00000000 		.4byte	.LFB0
 1644 0004 2C000000 		.4byte	.LFE0
 1645 0008 00000000 		.4byte	.LFB1
 1646 000c 32000000 		.4byte	.LFE1
 1647 0010 00000000 		.4byte	0
 1648 0014 00000000 		.4byte	0
 1649              		.section	.debug_line,"",%progbits
ARM GAS  C:\Users\Abude\AppData\Local\Temp\ccTM6Jvz.s 			page 33


 1650              	.Ldebug_line0:
 1651 0000 E3010000 		.section	.debug_str,"MS",%progbits,1
 1651      0200A601 
 1651      00000201 
 1651      FB0E0D00 
 1651      01010101 
 1652              	.LASF124:
 1653 0000 73746172 		.ascii	"start_pos_unicode\000"
 1653      745F706F 
 1653      735F756E 
 1653      69636F64 
 1653      6500
 1654              	.LASF45:
 1655 0012 72657365 		.ascii	"reset_pulse_width_ms\000"
 1655      745F7075 
 1655      6C73655F 
 1655      77696474 
 1655      685F6D73 
 1656              	.LASF102:
 1657 0027 75386732 		.ascii	"u8g2_update_page_win_cb\000"
 1657      5F757064 
 1657      6174655F 
 1657      70616765 
 1657      5F77696E 
 1658              	.LASF67:
 1659 003f 74696C65 		.ascii	"tile_buf_ptr\000"
 1659      5F627566 
 1659      5F707472 
 1659      00
 1660              	.LASF1:
 1661 004c 5F5F7569 		.ascii	"__uint8_t\000"
 1661      6E74385F 
 1661      7400
 1662              	.LASF23:
 1663 0056 62797465 		.ascii	"byte_cb\000"
 1663      5F636200 
 1664              	.LASF136:
 1665 005e 75386732 		.ascii	"u8g2_font_decode_t\000"
 1665      5F666F6E 
 1665      745F6465 
 1665      636F6465 
 1665      5F7400
 1666              	.LASF106:
 1667 0071 676C7970 		.ascii	"glyph_cnt\000"
 1667      685F636E 
 1667      7400
 1668              	.LASF98:
 1669 007b 75706461 		.ascii	"update_dimension\000"
 1669      74655F64 
 1669      696D656E 
 1669      73696F6E 
 1669      00
 1670              	.LASF11:
 1671 008c 6C6F6E67 		.ascii	"long long unsigned int\000"
 1671      206C6F6E 
 1671      6720756E 
 1671      7369676E 
ARM GAS  C:\Users\Abude\AppData\Local\Temp\ccTM6Jvz.s 			page 34


 1671      65642069 
 1672              	.LASF0:
 1673 00a3 5F5F696E 		.ascii	"__int8_t\000"
 1673      74385F74 
 1673      00
 1674              	.LASF46:
 1675 00ac 706F7374 		.ascii	"post_reset_wait_ms\000"
 1675      5F726573 
 1675      65745F77 
 1675      6169745F 
 1675      6D7300
 1676              	.LASF107:
 1677 00bf 6262785F 		.ascii	"bbx_mode\000"
 1677      6D6F6465 
 1677      00
 1678              	.LASF32:
 1679 00c8 75746638 		.ascii	"utf8_state\000"
 1679      5F737461 
 1679      746500
 1680              	.LASF117:
 1681 00d3 795F6F66 		.ascii	"y_offset\000"
 1681      66736574 
 1681      00
 1682              	.LASF33:
 1683 00dc 6770696F 		.ascii	"gpio_result\000"
 1683      5F726573 
 1683      756C7400 
 1684              	.LASF112:
 1685 00e8 62697473 		.ascii	"bits_per_char_x\000"
 1685      5F706572 
 1685      5F636861 
 1685      725F7800 
 1686              	.LASF113:
 1687 00f8 62697473 		.ascii	"bits_per_char_y\000"
 1687      5F706572 
 1687      5F636861 
 1687      725F7900 
 1688              	.LASF10:
 1689 0108 6C6F6E67 		.ascii	"long long int\000"
 1689      206C6F6E 
 1689      6720696E 
 1689      7400
 1690              	.LASF2:
 1691 0116 7369676E 		.ascii	"signed char\000"
 1691      65642063 
 1691      68617200 
 1692              	.LASF62:
 1693 0122 75386732 		.ascii	"u8g2_uint_t\000"
 1693      5F75696E 
 1693      745F7400 
 1694              	.LASF29:
 1695 012e 69735F66 		.ascii	"is_font_inverse_mode\000"
 1695      6F6E745F 
 1695      696E7665 
 1695      7273655F 
 1695      6D6F6465 
 1696              	.LASF21:
ARM GAS  C:\Users\Abude\AppData\Local\Temp\ccTM6Jvz.s 			page 35


 1697 0143 64697370 		.ascii	"display_cb\000"
 1697      6C61795F 
 1697      636200
 1698              	.LASF120:
 1699 014e 61736365 		.ascii	"ascent_para\000"
 1699      6E745F70 
 1699      61726100 
 1700              	.LASF92:
 1701 015a 676C7970 		.ascii	"glyph_x_offset\000"
 1701      685F785F 
 1701      6F666673 
 1701      657400
 1702              	.LASF44:
 1703 0169 7072655F 		.ascii	"pre_chip_disable_wait_ns\000"
 1703      63686970 
 1703      5F646973 
 1703      61626C65 
 1703      5F776169 
 1704              	.LASF7:
 1705 0182 6C6F6E67 		.ascii	"long int\000"
 1705      20696E74 
 1705      00
 1706              	.LASF99:
 1707 018b 75706461 		.ascii	"update_page_win\000"
 1707      74655F70 
 1707      6167655F 
 1707      77696E00 
 1708              	.LASF116:
 1709 019b 6D61785F 		.ascii	"max_char_height\000"
 1709      63686172 
 1709      5F686569 
 1709      67687400 
 1710              	.LASF15:
 1711 01ab 75696E74 		.ascii	"uint16_t\000"
 1711      31365F74 
 1711      00
 1712              	.LASF20:
 1713 01b4 6E657874 		.ascii	"next_cb\000"
 1713      5F636200 
 1714              	.LASF61:
 1715 01bc 75387838 		.ascii	"u8x8_char_cb\000"
 1715      5F636861 
 1715      725F6362 
 1715      00
 1716              	.LASF24:
 1717 01c9 6770696F 		.ascii	"gpio_and_delay_cb\000"
 1717      5F616E64 
 1717      5F64656C 
 1717      61795F63 
 1717      6200
 1718              	.LASF125:
 1719 01db 75386732 		.ascii	"u8g2_font_info_t\000"
 1719      5F666F6E 
 1719      745F696E 
 1719      666F5F74 
 1719      00
 1720              	.LASF91:
ARM GAS  C:\Users\Abude\AppData\Local\Temp\ccTM6Jvz.s 			page 36


 1721 01ec 666F6E74 		.ascii	"font_ref_descent\000"
 1721      5F726566 
 1721      5F646573 
 1721      63656E74 
 1721      00
 1722              	.LASF38:
 1723 01fd 75387838 		.ascii	"u8x8_display_info_t\000"
 1723      5F646973 
 1723      706C6179 
 1723      5F696E66 
 1723      6F5F7400 
 1724              	.LASF8:
 1725 0211 5F5F7569 		.ascii	"__uint32_t\000"
 1725      6E743332 
 1725      5F7400
 1726              	.LASF108:
 1727 021c 62697473 		.ascii	"bits_per_0\000"
 1727      5F706572 
 1727      5F3000
 1728              	.LASF85:
 1729 0227 666F6E74 		.ascii	"font_calc_vref\000"
 1729      5F63616C 
 1729      635F7672 
 1729      656600
 1730              	.LASF90:
 1731 0236 666F6E74 		.ascii	"font_ref_ascent\000"
 1731      5F726566 
 1731      5F617363 
 1731      656E7400 
 1732              	.LASF47:
 1733 0246 7364615F 		.ascii	"sda_setup_time_ns\000"
 1733      73657475 
 1733      705F7469 
 1733      6D655F6E 
 1733      7300
 1734              	.LASF104:
 1735 0258 75386732 		.ascii	"u8g2_draw_ll_hvline_cb\000"
 1735      5F647261 
 1735      775F6C6C 
 1735      5F68766C 
 1735      696E655F 
 1736              	.LASF119:
 1737 026f 64657363 		.ascii	"descent_g\000"
 1737      656E745F 
 1737      6700
 1738              	.LASF140:
 1739 0279 2E2E5C2E 		.ascii	"..\\..\\..\\..\\..\\..\\Dev\\Library embedded l2c d"
 1739      2E5C2E2E 
 1739      5C2E2E5C 
 1739      2E2E5C2E 
 1739      2E5C4465 
 1740 02a5 6973706C 		.ascii	"isplay\\u8g2\\csrc\\u8g2_intersection.c\000"
 1740      61795C75 
 1740      3867325C 
 1740      63737263 
 1740      5C753867 
 1741              	.LASF110:
ARM GAS  C:\Users\Abude\AppData\Local\Temp\ccTM6Jvz.s 			page 37


 1742 02ca 62697473 		.ascii	"bits_per_char_width\000"
 1742      5F706572 
 1742      5F636861 
 1742      725F7769 
 1742      64746800 
 1743              	.LASF37:
 1744 02de 6465626F 		.ascii	"debounce_result_msg\000"
 1744      756E6365 
 1744      5F726573 
 1744      756C745F 
 1744      6D736700 
 1745              	.LASF12:
 1746 02f2 756E7369 		.ascii	"unsigned int\000"
 1746      676E6564 
 1746      20696E74 
 1746      00
 1747              	.LASF71:
 1748 02ff 70697865 		.ascii	"pixel_buf_height\000"
 1748      6C5F6275 
 1748      665F6865 
 1748      69676874 
 1748      00
 1749              	.LASF143:
 1750 0310 75386732 		.ascii	"u8g2_IsIntersection\000"
 1750      5F497349 
 1750      6E746572 
 1750      73656374 
 1750      696F6E00 
 1751              	.LASF133:
 1752 0324 69735F74 		.ascii	"is_transparent\000"
 1752      72616E73 
 1752      70617265 
 1752      6E7400
 1753              	.LASF30:
 1754 0333 6932635F 		.ascii	"i2c_address\000"
 1754      61646472 
 1754      65737300 
 1755              	.LASF9:
 1756 033f 6C6F6E67 		.ascii	"long unsigned int\000"
 1756      20756E73 
 1756      69676E65 
 1756      6420696E 
 1756      7400
 1757              	.LASF63:
 1758 0351 75386732 		.ascii	"u8g2_t\000"
 1758      5F7400
 1759              	.LASF142:
 1760 0358 75386732 		.ascii	"u8g2_is_intersection_decision_tree\000"
 1760      5F69735F 
 1760      696E7465 
 1760      72736563 
 1760      74696F6E 
 1761              	.LASF127:
 1762 037b 6465636F 		.ascii	"decode_ptr\000"
 1762      64655F70 
 1762      747200
 1763              	.LASF75:
ARM GAS  C:\Users\Abude\AppData\Local\Temp\ccTM6Jvz.s 			page 38


 1764 0386 77696474 		.ascii	"width\000"
 1764      6800
 1765              	.LASF68:
 1766 038c 74696C65 		.ascii	"tile_buf_height\000"
 1766      5F627566 
 1766      5F686569 
 1766      67687400 
 1767              	.LASF6:
 1768 039c 73686F72 		.ascii	"short unsigned int\000"
 1768      7420756E 
 1768      7369676E 
 1768      65642069 
 1768      6E7400
 1769              	.LASF88:
 1770 03af 69735F70 		.ascii	"is_page_clip_window_intersection\000"
 1770      6167655F 
 1770      636C6970 
 1770      5F77696E 
 1770      646F775F 
 1771              	.LASF93:
 1772 03d0 6269746D 		.ascii	"bitmap_transparency\000"
 1772      61705F74 
 1772      72616E73 
 1772      70617265 
 1772      6E637900 
 1773              	.LASF81:
 1774 03e4 636C6970 		.ascii	"clip_x0\000"
 1774      5F783000 
 1775              	.LASF82:
 1776 03ec 636C6970 		.ascii	"clip_x1\000"
 1776      5F783100 
 1777              	.LASF100:
 1778 03f4 64726177 		.ascii	"draw_l90\000"
 1778      5F6C3930 
 1778      00
 1779              	.LASF35:
 1780 03fd 6465626F 		.ascii	"debounce_last_pin_state\000"
 1780      756E6365 
 1780      5F6C6173 
 1780      745F7069 
 1780      6E5F7374 
 1781              	.LASF138:
 1782 0415 75386732 		.ascii	"u8g2\000"
 1782      00
 1783              	.LASF121:
 1784 041a 64657363 		.ascii	"descent_para\000"
 1784      656E745F 
 1784      70617261 
 1784      00
 1785              	.LASF19:
 1786 0427 64697370 		.ascii	"display_info\000"
 1786      6C61795F 
 1786      696E666F 
 1786      00
 1787              	.LASF87:
 1788 0434 666F6E74 		.ascii	"font_info\000"
 1788      5F696E66 
ARM GAS  C:\Users\Abude\AppData\Local\Temp\ccTM6Jvz.s 			page 39


 1788      6F00
 1789              	.LASF48:
 1790 043e 73636B5F 		.ascii	"sck_pulse_width_ns\000"
 1790      70756C73 
 1790      655F7769 
 1790      6474685F 
 1790      6E7300
 1791              	.LASF39:
 1792 0451 75387838 		.ascii	"u8x8_struct\000"
 1792      5F737472 
 1792      75637400 
 1793              	.LASF56:
 1794 045d 64656661 		.ascii	"default_x_offset\000"
 1794      756C745F 
 1794      785F6F66 
 1794      66736574 
 1794      00
 1795              	.LASF27:
 1796 046e 656E636F 		.ascii	"encoding\000"
 1796      64696E67 
 1796      00
 1797              	.LASF89:
 1798 0477 666F6E74 		.ascii	"font_height_mode\000"
 1798      5F686569 
 1798      6768745F 
 1798      6D6F6465 
 1798      00
 1799              	.LASF122:
 1800 0488 73746172 		.ascii	"start_pos_upper_A\000"
 1800      745F706F 
 1800      735F7570 
 1800      7065725F 
 1800      4100
 1801              	.LASF57:
 1802 049a 666C6970 		.ascii	"flipmode_x_offset\000"
 1802      6D6F6465 
 1802      5F785F6F 
 1802      66667365 
 1802      7400
 1803              	.LASF109:
 1804 04ac 62697473 		.ascii	"bits_per_1\000"
 1804      5F706572 
 1804      5F3100
 1805              	.LASF114:
 1806 04b7 62697473 		.ascii	"bits_per_delta_x\000"
 1806      5F706572 
 1806      5F64656C 
 1806      74615F78 
 1806      00
 1807              	.LASF132:
 1808 04c8 6465636F 		.ascii	"decode_bit_pos\000"
 1808      64655F62 
 1808      69745F70 
 1808      6F7300
 1809              	.LASF131:
 1810 04d7 676C7970 		.ascii	"glyph_height\000"
 1810      685F6865 
ARM GAS  C:\Users\Abude\AppData\Local\Temp\ccTM6Jvz.s 			page 40


 1810      69676874 
 1810      00
 1811              	.LASF17:
 1812 04e4 6C6F6E67 		.ascii	"long double\000"
 1812      20646F75 
 1812      626C6500 
 1813              	.LASF72:
 1814 04f0 70697865 		.ascii	"pixel_curr_row\000"
 1814      6C5F6375 
 1814      72725F72 
 1814      6F7700
 1815              	.LASF22:
 1816 04ff 6361645F 		.ascii	"cad_cb\000"
 1816      636200
 1817              	.LASF83:
 1818 0506 636C6970 		.ascii	"clip_y0\000"
 1818      5F793000 
 1819              	.LASF84:
 1820 050e 636C6970 		.ascii	"clip_y1\000"
 1820      5F793100 
 1821              	.LASF115:
 1822 0516 6D61785F 		.ascii	"max_char_width\000"
 1822      63686172 
 1822      5F776964 
 1822      746800
 1823              	.LASF79:
 1824 0525 75736572 		.ascii	"user_y0\000"
 1824      5F793000 
 1825              	.LASF53:
 1826 052d 77726974 		.ascii	"write_pulse_width_ns\000"
 1826      655F7075 
 1826      6C73655F 
 1826      77696474 
 1826      685F6E73 
 1827              	.LASF73:
 1828 0542 6275665F 		.ascii	"buf_y0\000"
 1828      793000
 1829              	.LASF74:
 1830 0549 6275665F 		.ascii	"buf_y1\000"
 1830      793100
 1831              	.LASF28:
 1832 0550 785F6F66 		.ascii	"x_offset\000"
 1832      66736574 
 1832      00
 1833              	.LASF55:
 1834 0559 74696C65 		.ascii	"tile_height\000"
 1834      5F686569 
 1834      67687400 
 1835              	.LASF141:
 1836 0565 433A5C55 		.ascii	"C:\\Users\\Abude\\Documents\\PSoC Creator\\Embedded"
 1836      73657273 
 1836      5C416275 
 1836      64655C44 
 1836      6F63756D 
 1837 0593 53797374 		.ascii	"SystemsLab5\\Lab 5.cydsn\000"
 1837      656D734C 
 1837      6162355C 
ARM GAS  C:\Users\Abude\AppData\Local\Temp\ccTM6Jvz.s 			page 41


 1837      4C616220 
 1837      352E6379 
 1838              	.LASF134:
 1839 05ab 66675F63 		.ascii	"fg_color\000"
 1839      6F6C6F72 
 1839      00
 1840              	.LASF60:
 1841 05b4 75387838 		.ascii	"u8x8_msg_cb\000"
 1841      5F6D7367 
 1841      5F636200 
 1842              	.LASF97:
 1843 05c0 75386732 		.ascii	"u8g2_cb_struct\000"
 1843      5F63625F 
 1843      73747275 
 1843      637400
 1844              	.LASF130:
 1845 05cf 676C7970 		.ascii	"glyph_width\000"
 1845      685F7769 
 1845      64746800 
 1846              	.LASF3:
 1847 05db 756E7369 		.ascii	"unsigned char\000"
 1847      676E6564 
 1847      20636861 
 1847      7200
 1848              	.LASF118:
 1849 05e9 61736365 		.ascii	"ascent_A\000"
 1849      6E745F41 
 1849      00
 1850              	.LASF95:
 1851 05f2 69735F61 		.ascii	"is_auto_page_clear\000"
 1851      75746F5F 
 1851      70616765 
 1851      5F636C65 
 1851      617200
 1852              	.LASF70:
 1853 0605 70697865 		.ascii	"pixel_buf_width\000"
 1853      6C5F6275 
 1853      665F7769 
 1853      64746800 
 1854              	.LASF4:
 1855 0615 73686F72 		.ascii	"short int\000"
 1855      7420696E 
 1855      7400
 1856              	.LASF65:
 1857 061f 75387838 		.ascii	"u8x8\000"
 1857      00
 1858              	.LASF77:
 1859 0624 75736572 		.ascii	"user_x0\000"
 1859      5F783000 
 1860              	.LASF78:
 1861 062c 75736572 		.ascii	"user_x1\000"
 1861      5F783100 
 1862              	.LASF139:
 1863 0634 474E5520 		.ascii	"GNU C11 5.4.1 20160609 (release) [ARM/embedded-5-br"
 1863      43313120 
 1863      352E342E 
 1863      31203230 
ARM GAS  C:\Users\Abude\AppData\Local\Temp\ccTM6Jvz.s 			page 42


 1863      31363036 
 1864 0667 616E6368 		.ascii	"anch revision 237715] -mcpu=cortex-m3 -mthumb -g -O"
 1864      20726576 
 1864      6973696F 
 1864      6E203233 
 1864      37373135 
 1865 069a 67202D66 		.ascii	"g -ffunction-sections -ffat-lto-objects\000"
 1865      66756E63 
 1865      74696F6E 
 1865      2D736563 
 1865      74696F6E 
 1866              	.LASF52:
 1867 06c2 64617461 		.ascii	"data_setup_time_ns\000"
 1867      5F736574 
 1867      75705F74 
 1867      696D655F 
 1867      6E7300
 1868              	.LASF64:
 1869 06d5 75386732 		.ascii	"u8g2_struct\000"
 1869      5F737472 
 1869      75637400 
 1870              	.LASF103:
 1871 06e1 75386732 		.ascii	"u8g2_draw_l90_cb\000"
 1871      5F647261 
 1871      775F6C39 
 1871      305F6362 
 1871      00
 1872              	.LASF51:
 1873 06f2 6932635F 		.ascii	"i2c_bus_clock_100kHz\000"
 1873      6275735F 
 1873      636C6F63 
 1873      6B5F3130 
 1873      306B487A 
 1874              	.LASF16:
 1875 0707 75696E74 		.ascii	"uint32_t\000"
 1875      33325F74 
 1875      00
 1876              	.LASF105:
 1877 0710 5F753867 		.ascii	"_u8g2_font_info_t\000"
 1877      325F666F 
 1877      6E745F69 
 1877      6E666F5F 
 1877      7400
 1878              	.LASF69:
 1879 0722 74696C65 		.ascii	"tile_curr_row\000"
 1879      5F637572 
 1879      725F726F 
 1879      7700
 1880              	.LASF96:
 1881 0730 75386732 		.ascii	"u8g2_cb_t\000"
 1881      5F63625F 
 1881      7400
 1882              	.LASF50:
 1883 073a 7370695F 		.ascii	"spi_mode\000"
 1883      6D6F6465 
 1883      00
 1884              	.LASF41:
ARM GAS  C:\Users\Abude\AppData\Local\Temp\ccTM6Jvz.s 			page 43


 1885 0743 63686970 		.ascii	"chip_enable_level\000"
 1885      5F656E61 
 1885      626C655F 
 1885      6C657665 
 1885      6C00
 1886              	.LASF86:
 1887 0755 666F6E74 		.ascii	"font_decode\000"
 1887      5F646563 
 1887      6F646500 
 1888              	.LASF111:
 1889 0761 62697473 		.ascii	"bits_per_char_height\000"
 1889      5F706572 
 1889      5F636861 
 1889      725F6865 
 1889      69676874 
 1890              	.LASF5:
 1891 0776 5F5F7569 		.ascii	"__uint16_t\000"
 1891      6E743136 
 1891      5F7400
 1892              	.LASF94:
 1893 0781 64726177 		.ascii	"draw_color\000"
 1893      5F636F6C 
 1893      6F7200
 1894              	.LASF43:
 1895 078c 706F7374 		.ascii	"post_chip_enable_wait_ns\000"
 1895      5F636869 
 1895      705F656E 
 1895      61626C65 
 1895      5F776169 
 1896              	.LASF101:
 1897 07a5 75386732 		.ascii	"u8g2_update_dimension_cb\000"
 1897      5F757064 
 1897      6174655F 
 1897      64696D65 
 1897      6E73696F 
 1898              	.LASF128:
 1899 07be 74617267 		.ascii	"target_x\000"
 1899      65745F78 
 1899      00
 1900              	.LASF129:
 1901 07c7 74617267 		.ascii	"target_y\000"
 1901      65745F79 
 1901      00
 1902              	.LASF18:
 1903 07d0 75387838 		.ascii	"u8x8_t\000"
 1903      5F7400
 1904              	.LASF25:
 1905 07d7 6275735F 		.ascii	"bus_clock\000"
 1905      636C6F63 
 1905      6B00
 1906              	.LASF80:
 1907 07e1 75736572 		.ascii	"user_y1\000"
 1907      5F793100 
 1908              	.LASF126:
 1909 07e9 5F753867 		.ascii	"_u8g2_font_decode_t\000"
 1909      325F666F 
 1909      6E745F64 
ARM GAS  C:\Users\Abude\AppData\Local\Temp\ccTM6Jvz.s 			page 44


 1909      65636F64 
 1909      655F7400 
 1910              	.LASF13:
 1911 07fd 696E7438 		.ascii	"int8_t\000"
 1911      5F7400
 1912              	.LASF36:
 1913 0804 6465626F 		.ascii	"debounce_state\000"
 1913      756E6365 
 1913      5F737461 
 1913      746500
 1914              	.LASF66:
 1915 0813 6C6C5F68 		.ascii	"ll_hvline\000"
 1915      766C696E 
 1915      6500
 1916              	.LASF42:
 1917 081d 63686970 		.ascii	"chip_disable_level\000"
 1917      5F646973 
 1917      61626C65 
 1917      5F6C6576 
 1917      656C00
 1918              	.LASF26:
 1919 0830 666F6E74 		.ascii	"font\000"
 1919      00
 1920              	.LASF123:
 1921 0835 73746172 		.ascii	"start_pos_lower_a\000"
 1921      745F706F 
 1921      735F6C6F 
 1921      7765725F 
 1921      6100
 1922              	.LASF14:
 1923 0847 75696E74 		.ascii	"uint8_t\000"
 1923      385F7400 
 1924              	.LASF137:
 1925 084f 75386732 		.ascii	"u8g2_font_calc_vref_fnptr\000"
 1925      5F666F6E 
 1925      745F6361 
 1925      6C635F76 
 1925      7265665F 
 1926              	.LASF31:
 1927 0869 6932635F 		.ascii	"i2c_started\000"
 1927      73746172 
 1927      74656400 
 1928              	.LASF58:
 1929 0875 70697865 		.ascii	"pixel_width\000"
 1929      6C5F7769 
 1929      64746800 
 1930              	.LASF135:
 1931 0881 62675F63 		.ascii	"bg_color\000"
 1931      6F6C6F72 
 1931      00
 1932              	.LASF54:
 1933 088a 74696C65 		.ascii	"tile_width\000"
 1933      5F776964 
 1933      746800
 1934              	.LASF34:
 1935 0895 6465626F 		.ascii	"debounce_default_pin_state\000"
 1935      756E6365 
ARM GAS  C:\Users\Abude\AppData\Local\Temp\ccTM6Jvz.s 			page 45


 1935      5F646566 
 1935      61756C74 
 1935      5F70696E 
 1936              	.LASF40:
 1937 08b0 75387838 		.ascii	"u8x8_display_info_struct\000"
 1937      5F646973 
 1937      706C6179 
 1937      5F696E66 
 1937      6F5F7374 
 1938              	.LASF76:
 1939 08c9 68656967 		.ascii	"height\000"
 1939      687400
 1940              	.LASF59:
 1941 08d0 70697865 		.ascii	"pixel_height\000"
 1941      6C5F6865 
 1941      69676874 
 1941      00
 1942              	.LASF49:
 1943 08dd 73636B5F 		.ascii	"sck_clock_hz\000"
 1943      636C6F63 
 1943      6B5F687A 
 1943      00
 1944              		.ident	"GCC: (GNU Tools for ARM Embedded Processors) 5.4.1 20160609 (release) [ARM/embedded-5-bran
