ARM GAS  C:\Users\Abude\AppData\Local\Temp\ccuAl2GY.s 			page 1


   1              		.syntax unified
   2              		.cpu cortex-m3
   3              		.fpu softvfp
   4              		.eabi_attribute 20, 1
   5              		.eabi_attribute 21, 1
   6              		.eabi_attribute 23, 3
   7              		.eabi_attribute 24, 1
   8              		.eabi_attribute 25, 1
   9              		.eabi_attribute 26, 1
  10              		.eabi_attribute 30, 1
  11              		.eabi_attribute 34, 1
  12              		.eabi_attribute 18, 4
  13              		.thumb
  14              		.syntax unified
  15              		.file	"u8x8_setup.c"
  16              		.text
  17              	.Ltext0:
  18              		.cfi_sections	.debug_frame
  19              		.section	.text.u8x8_dummy_cb,"ax",%progbits
  20              		.align	2
  21              		.global	u8x8_dummy_cb
  22              		.thumb
  23              		.thumb_func
  24              		.type	u8x8_dummy_cb, %function
  25              	u8x8_dummy_cb:
  26              	.LFB0:
  27              		.file 1 "..\\..\\..\\..\\..\\..\\Dev\\Library embedded l2c display\\u8g2\\csrc\\u8x8_setup.c"
   1:..\..\..\..\..\..\Dev\Library embedded l2c display\u8g2\csrc/u8x8_setup.c **** /*
   2:..\..\..\..\..\..\Dev\Library embedded l2c display\u8g2\csrc/u8x8_setup.c **** 
   3:..\..\..\..\..\..\Dev\Library embedded l2c display\u8g2\csrc/u8x8_setup.c ****   u8x8_setup.c
   4:..\..\..\..\..\..\Dev\Library embedded l2c display\u8g2\csrc/u8x8_setup.c **** 
   5:..\..\..\..\..\..\Dev\Library embedded l2c display\u8g2\csrc/u8x8_setup.c ****   Universal 8bit Graphics Library (https://github.com/olikraus/u8g2/)
   6:..\..\..\..\..\..\Dev\Library embedded l2c display\u8g2\csrc/u8x8_setup.c **** 
   7:..\..\..\..\..\..\Dev\Library embedded l2c display\u8g2\csrc/u8x8_setup.c ****   Copyright (c) 2016, olikraus@gmail.com
   8:..\..\..\..\..\..\Dev\Library embedded l2c display\u8g2\csrc/u8x8_setup.c ****   All rights reserved.
   9:..\..\..\..\..\..\Dev\Library embedded l2c display\u8g2\csrc/u8x8_setup.c **** 
  10:..\..\..\..\..\..\Dev\Library embedded l2c display\u8g2\csrc/u8x8_setup.c ****   Redistribution and use in source and binary forms, with or without modification, 
  11:..\..\..\..\..\..\Dev\Library embedded l2c display\u8g2\csrc/u8x8_setup.c ****   are permitted provided that the following conditions are met:
  12:..\..\..\..\..\..\Dev\Library embedded l2c display\u8g2\csrc/u8x8_setup.c **** 
  13:..\..\..\..\..\..\Dev\Library embedded l2c display\u8g2\csrc/u8x8_setup.c ****   * Redistributions of source code must retain the above copyright notice, this list 
  14:..\..\..\..\..\..\Dev\Library embedded l2c display\u8g2\csrc/u8x8_setup.c ****     of conditions and the following disclaimer.
  15:..\..\..\..\..\..\Dev\Library embedded l2c display\u8g2\csrc/u8x8_setup.c ****     
  16:..\..\..\..\..\..\Dev\Library embedded l2c display\u8g2\csrc/u8x8_setup.c ****   * Redistributions in binary form must reproduce the above copyright notice, this 
  17:..\..\..\..\..\..\Dev\Library embedded l2c display\u8g2\csrc/u8x8_setup.c ****     list of conditions and the following disclaimer in the documentation and/or other 
  18:..\..\..\..\..\..\Dev\Library embedded l2c display\u8g2\csrc/u8x8_setup.c ****     materials provided with the distribution.
  19:..\..\..\..\..\..\Dev\Library embedded l2c display\u8g2\csrc/u8x8_setup.c **** 
  20:..\..\..\..\..\..\Dev\Library embedded l2c display\u8g2\csrc/u8x8_setup.c ****   THIS SOFTWARE IS PROVIDED BY THE COPYRIGHT HOLDERS AND 
  21:..\..\..\..\..\..\Dev\Library embedded l2c display\u8g2\csrc/u8x8_setup.c ****   CONTRIBUTORS "AS IS" AND ANY EXPRESS OR IMPLIED WARRANTIES, 
  22:..\..\..\..\..\..\Dev\Library embedded l2c display\u8g2\csrc/u8x8_setup.c ****   INCLUDING, BUT NOT LIMITED TO, THE IMPLIED WARRANTIES OF 
  23:..\..\..\..\..\..\Dev\Library embedded l2c display\u8g2\csrc/u8x8_setup.c ****   MERCHANTABILITY AND FITNESS FOR A PARTICULAR PURPOSE ARE 
  24:..\..\..\..\..\..\Dev\Library embedded l2c display\u8g2\csrc/u8x8_setup.c ****   DISCLAIMED. IN NO EVENT SHALL THE COPYRIGHT HOLDER OR 
  25:..\..\..\..\..\..\Dev\Library embedded l2c display\u8g2\csrc/u8x8_setup.c ****   CONTRIBUTORS BE LIABLE FOR ANY DIRECT, INDIRECT, INCIDENTAL, 
  26:..\..\..\..\..\..\Dev\Library embedded l2c display\u8g2\csrc/u8x8_setup.c ****   SPECIAL, EXEMPLARY, OR CONSEQUENTIAL DAMAGES (INCLUDING, BUT 
  27:..\..\..\..\..\..\Dev\Library embedded l2c display\u8g2\csrc/u8x8_setup.c ****   NOT LIMITED TO, PROCUREMENT OF SUBSTITUTE GOODS OR SERVICES; 
  28:..\..\..\..\..\..\Dev\Library embedded l2c display\u8g2\csrc/u8x8_setup.c ****   LOSS OF USE, DATA, OR PROFITS; OR BUSINESS INTERRUPTION) HOWEVER 
  29:..\..\..\..\..\..\Dev\Library embedded l2c display\u8g2\csrc/u8x8_setup.c ****   CAUSED AND ON ANY THEORY OF LIABILITY, WHETHER IN CONTRACT, 
  30:..\..\..\..\..\..\Dev\Library embedded l2c display\u8g2\csrc/u8x8_setup.c ****   STRICT LIABILITY, OR TORT (INCLUDING NEGLIGENCE OR OTHERWISE) 
ARM GAS  C:\Users\Abude\AppData\Local\Temp\ccuAl2GY.s 			page 2


  31:..\..\..\..\..\..\Dev\Library embedded l2c display\u8g2\csrc/u8x8_setup.c ****   ARISING IN ANY WAY OUT OF THE USE OF THIS SOFTWARE, EVEN IF 
  32:..\..\..\..\..\..\Dev\Library embedded l2c display\u8g2\csrc/u8x8_setup.c ****   ADVISED OF THE POSSIBILITY OF SUCH DAMAGE.  
  33:..\..\..\..\..\..\Dev\Library embedded l2c display\u8g2\csrc/u8x8_setup.c **** 
  34:..\..\..\..\..\..\Dev\Library embedded l2c display\u8g2\csrc/u8x8_setup.c **** */
  35:..\..\..\..\..\..\Dev\Library embedded l2c display\u8g2\csrc/u8x8_setup.c **** 
  36:..\..\..\..\..\..\Dev\Library embedded l2c display\u8g2\csrc/u8x8_setup.c **** 
  37:..\..\..\..\..\..\Dev\Library embedded l2c display\u8g2\csrc/u8x8_setup.c **** #include "u8x8.h"
  38:..\..\..\..\..\..\Dev\Library embedded l2c display\u8g2\csrc/u8x8_setup.c **** 
  39:..\..\..\..\..\..\Dev\Library embedded l2c display\u8g2\csrc/u8x8_setup.c **** /* universal dummy callback, which will be default for all callbacks */
  40:..\..\..\..\..\..\Dev\Library embedded l2c display\u8g2\csrc/u8x8_setup.c **** uint8_t u8x8_dummy_cb(U8X8_UNUSED u8x8_t *u8x8, U8X8_UNUSED uint8_t msg, U8X8_UNUSED uint8_t arg_in
  41:..\..\..\..\..\..\Dev\Library embedded l2c display\u8g2\csrc/u8x8_setup.c **** {
  28              		.loc 1 41 0
  29              		.cfi_startproc
  30              		@ args = 0, pretend = 0, frame = 0
  31              		@ frame_needed = 0, uses_anonymous_args = 0
  32              		@ link register save eliminated.
  33              	.LVL0:
  42:..\..\..\..\..\..\Dev\Library embedded l2c display\u8g2\csrc/u8x8_setup.c ****   /* the dummy callback will not handle any message and will fail for all messages */
  43:..\..\..\..\..\..\Dev\Library embedded l2c display\u8g2\csrc/u8x8_setup.c ****   return 0;
  44:..\..\..\..\..\..\Dev\Library embedded l2c display\u8g2\csrc/u8x8_setup.c **** }
  34              		.loc 1 44 0
  35 0000 0020     		movs	r0, #0
  36              	.LVL1:
  37 0002 7047     		bx	lr
  38              		.cfi_endproc
  39              	.LFE0:
  40              		.size	u8x8_dummy_cb, .-u8x8_dummy_cb
  41              		.section	.text.u8x8_d_null_cb,"ax",%progbits
  42              		.align	2
  43              		.global	u8x8_d_null_cb
  44              		.thumb
  45              		.thumb_func
  46              		.type	u8x8_d_null_cb, %function
  47              	u8x8_d_null_cb:
  48              	.LFB1:
  45:..\..\..\..\..\..\Dev\Library embedded l2c display\u8g2\csrc/u8x8_setup.c **** 
  46:..\..\..\..\..\..\Dev\Library embedded l2c display\u8g2\csrc/u8x8_setup.c **** 
  47:..\..\..\..\..\..\Dev\Library embedded l2c display\u8g2\csrc/u8x8_setup.c **** static const u8x8_display_info_t u8x8_null_display_info =
  48:..\..\..\..\..\..\Dev\Library embedded l2c display\u8g2\csrc/u8x8_setup.c **** {
  49:..\..\..\..\..\..\Dev\Library embedded l2c display\u8g2\csrc/u8x8_setup.c ****   /* chip_enable_level = */ 0,
  50:..\..\..\..\..\..\Dev\Library embedded l2c display\u8g2\csrc/u8x8_setup.c ****   /* chip_disable_level = */ 1,
  51:..\..\..\..\..\..\Dev\Library embedded l2c display\u8g2\csrc/u8x8_setup.c ****   
  52:..\..\..\..\..\..\Dev\Library embedded l2c display\u8g2\csrc/u8x8_setup.c ****   /* post_chip_enable_wait_ns = */ 0,
  53:..\..\..\..\..\..\Dev\Library embedded l2c display\u8g2\csrc/u8x8_setup.c ****   /* pre_chip_disable_wait_ns = */ 0,
  54:..\..\..\..\..\..\Dev\Library embedded l2c display\u8g2\csrc/u8x8_setup.c ****   /* reset_pulse_width_ms = */ 0, 
  55:..\..\..\..\..\..\Dev\Library embedded l2c display\u8g2\csrc/u8x8_setup.c ****   /* post_reset_wait_ms = */ 0, 
  56:..\..\..\..\..\..\Dev\Library embedded l2c display\u8g2\csrc/u8x8_setup.c ****   /* sda_setup_time_ns = */ 0,		
  57:..\..\..\..\..\..\Dev\Library embedded l2c display\u8g2\csrc/u8x8_setup.c ****   /* sck_pulse_width_ns = */ 0,	/* half of cycle time (100ns according to datasheet), AVR: below 70
  58:..\..\..\..\..\..\Dev\Library embedded l2c display\u8g2\csrc/u8x8_setup.c ****   /* sck_clock_hz = */ 4000000UL,	/* since Arduino 1.6.0, the SPI bus speed in Hz. Should be  10000
  59:..\..\..\..\..\..\Dev\Library embedded l2c display\u8g2\csrc/u8x8_setup.c ****   /* spi_mode = */ 0,		/* active high, rising edge */
  60:..\..\..\..\..\..\Dev\Library embedded l2c display\u8g2\csrc/u8x8_setup.c ****   /* i2c_bus_clock_100kHz = */ 4,
  61:..\..\..\..\..\..\Dev\Library embedded l2c display\u8g2\csrc/u8x8_setup.c ****   /* data_setup_time_ns = */ 0,
  62:..\..\..\..\..\..\Dev\Library embedded l2c display\u8g2\csrc/u8x8_setup.c ****   /* write_pulse_width_ns = */ 0,
  63:..\..\..\..\..\..\Dev\Library embedded l2c display\u8g2\csrc/u8x8_setup.c ****   /* tile_width = */ 1,		/* 8x8 */
  64:..\..\..\..\..\..\Dev\Library embedded l2c display\u8g2\csrc/u8x8_setup.c ****   /* tile_hight = */ 1,
  65:..\..\..\..\..\..\Dev\Library embedded l2c display\u8g2\csrc/u8x8_setup.c ****   /* default_x_offset = */ 0,
  66:..\..\..\..\..\..\Dev\Library embedded l2c display\u8g2\csrc/u8x8_setup.c ****   /* flipmode_x_offset = */ 0,
ARM GAS  C:\Users\Abude\AppData\Local\Temp\ccuAl2GY.s 			page 3


  67:..\..\..\..\..\..\Dev\Library embedded l2c display\u8g2\csrc/u8x8_setup.c ****   /* pixel_width = */ 8,
  68:..\..\..\..\..\..\Dev\Library embedded l2c display\u8g2\csrc/u8x8_setup.c ****   /* pixel_height = */ 8
  69:..\..\..\..\..\..\Dev\Library embedded l2c display\u8g2\csrc/u8x8_setup.c **** };
  70:..\..\..\..\..\..\Dev\Library embedded l2c display\u8g2\csrc/u8x8_setup.c **** 
  71:..\..\..\..\..\..\Dev\Library embedded l2c display\u8g2\csrc/u8x8_setup.c **** 
  72:..\..\..\..\..\..\Dev\Library embedded l2c display\u8g2\csrc/u8x8_setup.c **** /* a special null device */
  73:..\..\..\..\..\..\Dev\Library embedded l2c display\u8g2\csrc/u8x8_setup.c **** uint8_t u8x8_d_null_cb(u8x8_t *u8x8, uint8_t msg, U8X8_UNUSED uint8_t arg_int, U8X8_UNUSED void *ar
  74:..\..\..\..\..\..\Dev\Library embedded l2c display\u8g2\csrc/u8x8_setup.c **** {
  49              		.loc 1 74 0
  50              		.cfi_startproc
  51              		@ args = 0, pretend = 0, frame = 0
  52              		@ frame_needed = 0, uses_anonymous_args = 0
  53              	.LVL2:
  54 0000 08B5     		push	{r3, lr}
  55              		.cfi_def_cfa_offset 8
  56              		.cfi_offset 3, -8
  57              		.cfi_offset 14, -4
  75:..\..\..\..\..\..\Dev\Library embedded l2c display\u8g2\csrc/u8x8_setup.c ****   switch(msg)
  58              		.loc 1 75 0
  59 0002 0929     		cmp	r1, #9
  60 0004 02D0     		beq	.L4
  61 0006 0A29     		cmp	r1, #10
  62 0008 04D0     		beq	.L5
  63 000a 05E0     		b	.L3
  64              	.L4:
  76:..\..\..\..\..\..\Dev\Library embedded l2c display\u8g2\csrc/u8x8_setup.c ****   {
  77:..\..\..\..\..\..\Dev\Library embedded l2c display\u8g2\csrc/u8x8_setup.c ****     case U8X8_MSG_DISPLAY_SETUP_MEMORY:
  78:..\..\..\..\..\..\Dev\Library embedded l2c display\u8g2\csrc/u8x8_setup.c ****       u8x8_d_helper_display_setup_memory(u8x8, &u8x8_null_display_info);
  65              		.loc 1 78 0
  66 000c 0349     		ldr	r1, .L7
  67              	.LVL3:
  68 000e FFF7FEFF 		bl	u8x8_d_helper_display_setup_memory
  69              	.LVL4:
  79:..\..\..\..\..\..\Dev\Library embedded l2c display\u8g2\csrc/u8x8_setup.c ****       break;
  70              		.loc 1 79 0
  71 0012 01E0     		b	.L3
  72              	.LVL5:
  73              	.L5:
  80:..\..\..\..\..\..\Dev\Library embedded l2c display\u8g2\csrc/u8x8_setup.c ****     case U8X8_MSG_DISPLAY_INIT:
  81:..\..\..\..\..\..\Dev\Library embedded l2c display\u8g2\csrc/u8x8_setup.c ****       u8x8_d_helper_display_init(u8x8);
  74              		.loc 1 81 0
  75 0014 FFF7FEFF 		bl	u8x8_d_helper_display_init
  76              	.LVL6:
  77              	.L3:
  82:..\..\..\..\..\..\Dev\Library embedded l2c display\u8g2\csrc/u8x8_setup.c ****       break;
  83:..\..\..\..\..\..\Dev\Library embedded l2c display\u8g2\csrc/u8x8_setup.c ****   }
  84:..\..\..\..\..\..\Dev\Library embedded l2c display\u8g2\csrc/u8x8_setup.c ****   /* the null device callback will succeed for all messages */
  85:..\..\..\..\..\..\Dev\Library embedded l2c display\u8g2\csrc/u8x8_setup.c ****   return 1;
  86:..\..\..\..\..\..\Dev\Library embedded l2c display\u8g2\csrc/u8x8_setup.c **** }
  78              		.loc 1 86 0
  79 0018 0120     		movs	r0, #1
  80 001a 08BD     		pop	{r3, pc}
  81              	.L8:
  82              		.align	2
  83              	.L7:
  84 001c 00000000 		.word	.LANCHOR0
  85              		.cfi_endproc
ARM GAS  C:\Users\Abude\AppData\Local\Temp\ccuAl2GY.s 			page 4


  86              	.LFE1:
  87              		.size	u8x8_d_null_cb, .-u8x8_d_null_cb
  88              		.section	.text.u8x8_SetupDefaults,"ax",%progbits
  89              		.align	2
  90              		.global	u8x8_SetupDefaults
  91              		.thumb
  92              		.thumb_func
  93              		.type	u8x8_SetupDefaults, %function
  94              	u8x8_SetupDefaults:
  95              	.LFB2:
  87:..\..\..\..\..\..\Dev\Library embedded l2c display\u8g2\csrc/u8x8_setup.c **** 
  88:..\..\..\..\..\..\Dev\Library embedded l2c display\u8g2\csrc/u8x8_setup.c **** 
  89:..\..\..\..\..\..\Dev\Library embedded l2c display\u8g2\csrc/u8x8_setup.c **** /*
  90:..\..\..\..\..\..\Dev\Library embedded l2c display\u8g2\csrc/u8x8_setup.c ****   Description:
  91:..\..\..\..\..\..\Dev\Library embedded l2c display\u8g2\csrc/u8x8_setup.c ****     Setup u8x8
  92:..\..\..\..\..\..\Dev\Library embedded l2c display\u8g2\csrc/u8x8_setup.c ****   Args:
  93:..\..\..\..\..\..\Dev\Library embedded l2c display\u8g2\csrc/u8x8_setup.c ****     u8x8	An empty u8x8 structure
  94:..\..\..\..\..\..\Dev\Library embedded l2c display\u8g2\csrc/u8x8_setup.c **** */
  95:..\..\..\..\..\..\Dev\Library embedded l2c display\u8g2\csrc/u8x8_setup.c **** void u8x8_SetupDefaults(u8x8_t *u8x8)
  96:..\..\..\..\..\..\Dev\Library embedded l2c display\u8g2\csrc/u8x8_setup.c **** {
  96              		.loc 1 96 0
  97              		.cfi_startproc
  98              		@ args = 0, pretend = 0, frame = 0
  99              		@ frame_needed = 0, uses_anonymous_args = 0
 100              		@ link register save eliminated.
 101              	.LVL7:
  97:..\..\..\..\..\..\Dev\Library embedded l2c display\u8g2\csrc/u8x8_setup.c ****     u8x8->display_info = NULL;
 102              		.loc 1 97 0
 103 0000 0023     		movs	r3, #0
 104 0002 0360     		str	r3, [r0]
  98:..\..\..\..\..\..\Dev\Library embedded l2c display\u8g2\csrc/u8x8_setup.c ****     u8x8->display_cb = u8x8_dummy_cb;
 105              		.loc 1 98 0
 106 0004 074A     		ldr	r2, .L10
 107 0006 8260     		str	r2, [r0, #8]
  99:..\..\..\..\..\..\Dev\Library embedded l2c display\u8g2\csrc/u8x8_setup.c ****     u8x8->cad_cb = u8x8_dummy_cb;
 108              		.loc 1 99 0
 109 0008 C260     		str	r2, [r0, #12]
 100:..\..\..\..\..\..\Dev\Library embedded l2c display\u8g2\csrc/u8x8_setup.c ****     u8x8->byte_cb = u8x8_dummy_cb;
 110              		.loc 1 100 0
 111 000a 0261     		str	r2, [r0, #16]
 101:..\..\..\..\..\..\Dev\Library embedded l2c display\u8g2\csrc/u8x8_setup.c ****     u8x8->gpio_and_delay_cb = u8x8_dummy_cb;
 112              		.loc 1 101 0
 113 000c 4261     		str	r2, [r0, #20]
 102:..\..\..\..\..\..\Dev\Library embedded l2c display\u8g2\csrc/u8x8_setup.c ****     u8x8->is_font_inverse_mode = 0;
 114              		.loc 1 102 0
 115 000e 80F82330 		strb	r3, [r0, #35]
 103:..\..\..\..\..\..\Dev\Library embedded l2c display\u8g2\csrc/u8x8_setup.c ****     //u8x8->device_address = 0;
 104:..\..\..\..\..\..\Dev\Library embedded l2c display\u8g2\csrc/u8x8_setup.c ****     u8x8->utf8_state = 0;		/* also reset by u8x8_utf8_init */
 116              		.loc 1 104 0
 117 0012 80F82630 		strb	r3, [r0, #38]
 105:..\..\..\..\..\..\Dev\Library embedded l2c display\u8g2\csrc/u8x8_setup.c ****     u8x8->bus_clock = 0;		/* issue 769 */
 118              		.loc 1 105 0
 119 0016 8361     		str	r3, [r0, #24]
 106:..\..\..\..\..\..\Dev\Library embedded l2c display\u8g2\csrc/u8x8_setup.c ****     u8x8->i2c_address = 255;
 120              		.loc 1 106 0
 121 0018 FF23     		movs	r3, #255
 122 001a 80F82430 		strb	r3, [r0, #36]
ARM GAS  C:\Users\Abude\AppData\Local\Temp\ccuAl2GY.s 			page 5


 107:..\..\..\..\..\..\Dev\Library embedded l2c display\u8g2\csrc/u8x8_setup.c ****     u8x8->debounce_default_pin_state = 255;	/* assume all low active buttons */
 123              		.loc 1 107 0
 124 001e 80F82830 		strb	r3, [r0, #40]
 125 0022 7047     		bx	lr
 126              	.L11:
 127              		.align	2
 128              	.L10:
 129 0024 00000000 		.word	u8x8_dummy_cb
 130              		.cfi_endproc
 131              	.LFE2:
 132              		.size	u8x8_SetupDefaults, .-u8x8_SetupDefaults
 133              		.section	.text.u8x8_Setup,"ax",%progbits
 134              		.align	2
 135              		.global	u8x8_Setup
 136              		.thumb
 137              		.thumb_func
 138              		.type	u8x8_Setup, %function
 139              	u8x8_Setup:
 140              	.LFB3:
 108:..\..\..\..\..\..\Dev\Library embedded l2c display\u8g2\csrc/u8x8_setup.c ****   
 109:..\..\..\..\..\..\Dev\Library embedded l2c display\u8g2\csrc/u8x8_setup.c **** #ifdef U8X8_USE_PINS 
 110:..\..\..\..\..\..\Dev\Library embedded l2c display\u8g2\csrc/u8x8_setup.c ****   {
 111:..\..\..\..\..\..\Dev\Library embedded l2c display\u8g2\csrc/u8x8_setup.c ****     uint8_t i;
 112:..\..\..\..\..\..\Dev\Library embedded l2c display\u8g2\csrc/u8x8_setup.c ****     for( i = 0; i < U8X8_PIN_CNT; i++ )
 113:..\..\..\..\..\..\Dev\Library embedded l2c display\u8g2\csrc/u8x8_setup.c ****       u8x8->pins[i] = U8X8_PIN_NONE;
 114:..\..\..\..\..\..\Dev\Library embedded l2c display\u8g2\csrc/u8x8_setup.c ****   }
 115:..\..\..\..\..\..\Dev\Library embedded l2c display\u8g2\csrc/u8x8_setup.c **** #endif
 116:..\..\..\..\..\..\Dev\Library embedded l2c display\u8g2\csrc/u8x8_setup.c **** }
 117:..\..\..\..\..\..\Dev\Library embedded l2c display\u8g2\csrc/u8x8_setup.c **** 
 118:..\..\..\..\..\..\Dev\Library embedded l2c display\u8g2\csrc/u8x8_setup.c **** 
 119:..\..\..\..\..\..\Dev\Library embedded l2c display\u8g2\csrc/u8x8_setup.c **** /*
 120:..\..\..\..\..\..\Dev\Library embedded l2c display\u8g2\csrc/u8x8_setup.c ****   Description:
 121:..\..\..\..\..\..\Dev\Library embedded l2c display\u8g2\csrc/u8x8_setup.c ****     Setup u8x8 and assign the callback function. The dummy 
 122:..\..\..\..\..\..\Dev\Library embedded l2c display\u8g2\csrc/u8x8_setup.c ****     callback "u8x8_dummy_cb" can be used, if no callback is required.
 123:..\..\..\..\..\..\Dev\Library embedded l2c display\u8g2\csrc/u8x8_setup.c ****     This setup will not communicate with the display itself.
 124:..\..\..\..\..\..\Dev\Library embedded l2c display\u8g2\csrc/u8x8_setup.c ****     Use u8x8_InitDisplay() to send the startup code to the Display.
 125:..\..\..\..\..\..\Dev\Library embedded l2c display\u8g2\csrc/u8x8_setup.c ****   Args:
 126:..\..\..\..\..\..\Dev\Library embedded l2c display\u8g2\csrc/u8x8_setup.c ****     u8x8				An empty u8x8 structure
 127:..\..\..\..\..\..\Dev\Library embedded l2c display\u8g2\csrc/u8x8_setup.c ****     display_cb			Display/controller specific callback function
 128:..\..\..\..\..\..\Dev\Library embedded l2c display\u8g2\csrc/u8x8_setup.c ****     cad_cb				Display controller specific communication callback function
 129:..\..\..\..\..\..\Dev\Library embedded l2c display\u8g2\csrc/u8x8_setup.c ****     byte_cb			Display controller/communication specific callback funtion
 130:..\..\..\..\..\..\Dev\Library embedded l2c display\u8g2\csrc/u8x8_setup.c ****     gpio_and_delay_cb	Environment specific callback function
 131:..\..\..\..\..\..\Dev\Library embedded l2c display\u8g2\csrc/u8x8_setup.c **** 
 132:..\..\..\..\..\..\Dev\Library embedded l2c display\u8g2\csrc/u8x8_setup.c **** */
 133:..\..\..\..\..\..\Dev\Library embedded l2c display\u8g2\csrc/u8x8_setup.c **** void u8x8_Setup(u8x8_t *u8x8, u8x8_msg_cb display_cb, u8x8_msg_cb cad_cb, u8x8_msg_cb byte_cb, u8x8
 134:..\..\..\..\..\..\Dev\Library embedded l2c display\u8g2\csrc/u8x8_setup.c **** {
 141              		.loc 1 134 0
 142              		.cfi_startproc
 143              		@ args = 4, pretend = 0, frame = 0
 144              		@ frame_needed = 0, uses_anonymous_args = 0
 145              	.LVL8:
 146 0000 F8B5     		push	{r3, r4, r5, r6, r7, lr}
 147              		.cfi_def_cfa_offset 24
 148              		.cfi_offset 3, -24
 149              		.cfi_offset 4, -20
 150              		.cfi_offset 5, -16
 151              		.cfi_offset 6, -12
ARM GAS  C:\Users\Abude\AppData\Local\Temp\ccuAl2GY.s 			page 6


 152              		.cfi_offset 7, -8
 153              		.cfi_offset 14, -4
 154 0002 0446     		mov	r4, r0
 155 0004 0F46     		mov	r7, r1
 156 0006 1646     		mov	r6, r2
 157 0008 1D46     		mov	r5, r3
 135:..\..\..\..\..\..\Dev\Library embedded l2c display\u8g2\csrc/u8x8_setup.c ****   /* setup defaults and reset pins to U8X8_PIN_NONE */
 136:..\..\..\..\..\..\Dev\Library embedded l2c display\u8g2\csrc/u8x8_setup.c ****   u8x8_SetupDefaults(u8x8);
 158              		.loc 1 136 0
 159 000a FFF7FEFF 		bl	u8x8_SetupDefaults
 160              	.LVL9:
 137:..\..\..\..\..\..\Dev\Library embedded l2c display\u8g2\csrc/u8x8_setup.c **** 
 138:..\..\..\..\..\..\Dev\Library embedded l2c display\u8g2\csrc/u8x8_setup.c ****   /* setup specific callbacks */
 139:..\..\..\..\..\..\Dev\Library embedded l2c display\u8g2\csrc/u8x8_setup.c ****   u8x8->display_cb = display_cb;
 161              		.loc 1 139 0
 162 000e A760     		str	r7, [r4, #8]
 140:..\..\..\..\..\..\Dev\Library embedded l2c display\u8g2\csrc/u8x8_setup.c ****   u8x8->cad_cb = cad_cb;
 163              		.loc 1 140 0
 164 0010 E660     		str	r6, [r4, #12]
 141:..\..\..\..\..\..\Dev\Library embedded l2c display\u8g2\csrc/u8x8_setup.c ****   u8x8->byte_cb = byte_cb;
 165              		.loc 1 141 0
 166 0012 2561     		str	r5, [r4, #16]
 142:..\..\..\..\..\..\Dev\Library embedded l2c display\u8g2\csrc/u8x8_setup.c ****   u8x8->gpio_and_delay_cb = gpio_and_delay_cb;
 167              		.loc 1 142 0
 168 0014 069B     		ldr	r3, [sp, #24]
 169 0016 6361     		str	r3, [r4, #20]
 143:..\..\..\..\..\..\Dev\Library embedded l2c display\u8g2\csrc/u8x8_setup.c **** 
 144:..\..\..\..\..\..\Dev\Library embedded l2c display\u8g2\csrc/u8x8_setup.c ****   /* setup display info */
 145:..\..\..\..\..\..\Dev\Library embedded l2c display\u8g2\csrc/u8x8_setup.c ****   u8x8_SetupMemory(u8x8);
 170              		.loc 1 145 0
 171 0018 2046     		mov	r0, r4
 172 001a FFF7FEFF 		bl	u8x8_SetupMemory
 173              	.LVL10:
 174 001e F8BD     		pop	{r3, r4, r5, r6, r7, pc}
 175              		.cfi_endproc
 176              	.LFE3:
 177              		.size	u8x8_Setup, .-u8x8_Setup
 178              		.section	.rodata
 179              		.align	2
 180              		.set	.LANCHOR0,. + 0
 181              		.type	u8x8_null_display_info, %object
 182              		.size	u8x8_null_display_info, 24
 183              	u8x8_null_display_info:
 184 0000 00       		.byte	0
 185 0001 01       		.byte	1
 186 0002 00       		.byte	0
 187 0003 00       		.byte	0
 188 0004 00       		.byte	0
 189 0005 00       		.byte	0
 190 0006 00       		.byte	0
 191 0007 00       		.byte	0
 192 0008 00093D00 		.word	4000000
 193 000c 00       		.byte	0
 194 000d 04       		.byte	4
 195 000e 00       		.byte	0
 196 000f 00       		.byte	0
 197 0010 01       		.byte	1
ARM GAS  C:\Users\Abude\AppData\Local\Temp\ccuAl2GY.s 			page 7


 198 0011 01       		.byte	1
 199 0012 00       		.byte	0
 200 0013 00       		.byte	0
 201 0014 0800     		.short	8
 202 0016 0800     		.short	8
 203              		.text
 204              	.Letext0:
 205              		.file 2 "c:\\program files (x86)\\cypress\\psoc creator\\4.4\\psoc creator\\import\\gnu\\arm\\5.4.
 206              		.file 3 "c:\\program files (x86)\\cypress\\psoc creator\\4.4\\psoc creator\\import\\gnu\\arm\\5.4.
 207              		.file 4 "c:\\dev\\library embedded l2c display\\u8g2\\csrc\\u8x8.h"
 208              		.section	.debug_info,"",%progbits
 209              	.Ldebug_info0:
 210 0000 DD040000 		.4byte	0x4dd
 211 0004 0400     		.2byte	0x4
 212 0006 00000000 		.4byte	.Ldebug_abbrev0
 213 000a 04       		.byte	0x4
 214 000b 01       		.uleb128 0x1
 215 000c 67040000 		.4byte	.LASF70
 216 0010 0C       		.byte	0xc
 217 0011 2E010000 		.4byte	.LASF71
 218 0015 A9030000 		.4byte	.LASF72
 219 0019 00000000 		.4byte	.Ldebug_ranges0+0
 220 001d 00000000 		.4byte	0
 221 0021 00000000 		.4byte	.Ldebug_line0
 222 0025 02       		.uleb128 0x2
 223 0026 01       		.byte	0x1
 224 0027 06       		.byte	0x6
 225 0028 5E020000 		.4byte	.LASF0
 226 002c 03       		.uleb128 0x3
 227 002d 10020000 		.4byte	.LASF3
 228 0031 02       		.byte	0x2
 229 0032 1D       		.byte	0x1d
 230 0033 37000000 		.4byte	0x37
 231 0037 02       		.uleb128 0x2
 232 0038 01       		.byte	0x1
 233 0039 08       		.byte	0x8
 234 003a 50020000 		.4byte	.LASF1
 235 003e 02       		.uleb128 0x2
 236 003f 02       		.byte	0x2
 237 0040 05       		.byte	0x5
 238 0041 6B000000 		.4byte	.LASF2
 239 0045 03       		.uleb128 0x3
 240 0046 CD000000 		.4byte	.LASF4
 241 004a 02       		.byte	0x2
 242 004b 2B       		.byte	0x2b
 243 004c 50000000 		.4byte	0x50
 244 0050 02       		.uleb128 0x2
 245 0051 02       		.byte	0x2
 246 0052 07       		.byte	0x7
 247 0053 F7020000 		.4byte	.LASF5
 248 0057 02       		.uleb128 0x2
 249 0058 04       		.byte	0x4
 250 0059 05       		.byte	0x5
 251 005a 07020000 		.4byte	.LASF6
 252 005e 03       		.uleb128 0x3
 253 005f C2000000 		.4byte	.LASF7
 254 0063 02       		.byte	0x2
ARM GAS  C:\Users\Abude\AppData\Local\Temp\ccuAl2GY.s 			page 8


 255 0064 41       		.byte	0x41
 256 0065 69000000 		.4byte	0x69
 257 0069 02       		.uleb128 0x2
 258 006a 04       		.byte	0x4
 259 006b 07       		.byte	0x7
 260 006c 97030000 		.4byte	.LASF8
 261 0070 02       		.uleb128 0x2
 262 0071 08       		.byte	0x8
 263 0072 05       		.byte	0x5
 264 0073 BF010000 		.4byte	.LASF9
 265 0077 02       		.uleb128 0x2
 266 0078 08       		.byte	0x8
 267 0079 07       		.byte	0x7
 268 007a 6A020000 		.4byte	.LASF10
 269 007e 04       		.uleb128 0x4
 270 007f 04       		.byte	0x4
 271 0080 05       		.byte	0x5
 272 0081 696E7400 		.ascii	"int\000"
 273 0085 02       		.uleb128 0x2
 274 0086 04       		.byte	0x4
 275 0087 07       		.byte	0x7
 276 0088 8A020000 		.4byte	.LASF11
 277 008c 03       		.uleb128 0x3
 278 008d ED000000 		.4byte	.LASF12
 279 0091 03       		.byte	0x3
 280 0092 18       		.byte	0x18
 281 0093 2C000000 		.4byte	0x2c
 282 0097 03       		.uleb128 0x3
 283 0098 97020000 		.4byte	.LASF13
 284 009c 03       		.byte	0x3
 285 009d 24       		.byte	0x24
 286 009e 45000000 		.4byte	0x45
 287 00a2 03       		.uleb128 0x3
 288 00a3 81020000 		.4byte	.LASF14
 289 00a7 03       		.byte	0x3
 290 00a8 30       		.byte	0x30
 291 00a9 5E000000 		.4byte	0x5e
 292 00ad 05       		.uleb128 0x5
 293 00ae 04       		.byte	0x4
 294 00af 02       		.uleb128 0x2
 295 00b0 08       		.byte	0x8
 296 00b1 04       		.byte	0x4
 297 00b2 38020000 		.4byte	.LASF15
 298 00b6 03       		.uleb128 0x3
 299 00b7 CE020000 		.4byte	.LASF16
 300 00bb 04       		.byte	0x4
 301 00bc D2       		.byte	0xd2
 302 00bd C1000000 		.4byte	0xc1
 303 00c1 06       		.uleb128 0x6
 304 00c2 8B030000 		.4byte	.LASF37
 305 00c6 2C       		.byte	0x2c
 306 00c7 04       		.byte	0x4
 307 00c8 5501     		.2byte	0x155
 308 00ca C6010000 		.4byte	0x1c6
 309 00ce 07       		.uleb128 0x7
 310 00cf 3D030000 		.4byte	.LASF17
 311 00d3 04       		.byte	0x4
ARM GAS  C:\Users\Abude\AppData\Local\Temp\ccuAl2GY.s 			page 9


 312 00d4 5701     		.2byte	0x157
 313 00d6 28030000 		.4byte	0x328
 314 00da 00       		.byte	0
 315 00db 07       		.uleb128 0x7
 316 00dc 1C050000 		.4byte	.LASF18
 317 00e0 04       		.byte	0x4
 318 00e1 5801     		.2byte	0x158
 319 00e3 03030000 		.4byte	0x303
 320 00e7 04       		.byte	0x4
 321 00e8 07       		.uleb128 0x7
 322 00e9 1A020000 		.4byte	.LASF19
 323 00ed 04       		.byte	0x4
 324 00ee 5901     		.2byte	0x159
 325 00f0 CE020000 		.4byte	0x2ce
 326 00f4 08       		.byte	0x8
 327 00f5 07       		.uleb128 0x7
 328 00f6 60040000 		.4byte	.LASF20
 329 00fa 04       		.byte	0x4
 330 00fb 5A01     		.2byte	0x15a
 331 00fd CE020000 		.4byte	0x2ce
 332 0101 0C       		.byte	0xc
 333 0102 07       		.uleb128 0x7
 334 0103 EF030000 		.4byte	.LASF21
 335 0107 04       		.byte	0x4
 336 0108 5B01     		.2byte	0x15b
 337 010a CE020000 		.4byte	0x2ce
 338 010e 10       		.byte	0x10
 339 010f 07       		.uleb128 0x7
 340 0110 75000000 		.4byte	.LASF22
 341 0114 04       		.byte	0x4
 342 0115 5C01     		.2byte	0x15c
 343 0117 CE020000 		.4byte	0x2ce
 344 011b 14       		.byte	0x14
 345 011c 07       		.uleb128 0x7
 346 011d 78010000 		.4byte	.LASF23
 347 0121 04       		.byte	0x4
 348 0122 5D01     		.2byte	0x15d
 349 0124 A2000000 		.4byte	0xa2
 350 0128 18       		.byte	0x18
 351 0129 07       		.uleb128 0x7
 352 012a 52000000 		.4byte	.LASF24
 353 012e 04       		.byte	0x4
 354 012f 5E01     		.2byte	0x15e
 355 0131 33030000 		.4byte	0x333
 356 0135 1C       		.byte	0x1c
 357 0136 07       		.uleb128 0x7
 358 0137 28040000 		.4byte	.LASF25
 359 013b 04       		.byte	0x4
 360 013c 5F01     		.2byte	0x15f
 361 013e 97000000 		.4byte	0x97
 362 0142 20       		.byte	0x20
 363 0143 07       		.uleb128 0x7
 364 0144 00000000 		.4byte	.LASF26
 365 0148 04       		.byte	0x4
 366 0149 6001     		.2byte	0x160
 367 014b 8C000000 		.4byte	0x8c
 368 014f 22       		.byte	0x22
ARM GAS  C:\Users\Abude\AppData\Local\Temp\ccuAl2GY.s 			page 10


 369 0150 07       		.uleb128 0x7
 370 0151 09000000 		.4byte	.LASF27
 371 0155 04       		.byte	0x4
 372 0156 6101     		.2byte	0x161
 373 0158 8C000000 		.4byte	0x8c
 374 015c 23       		.byte	0x23
 375 015d 07       		.uleb128 0x7
 376 015e 0A040000 		.4byte	.LASF28
 377 0162 04       		.byte	0x4
 378 0163 6801     		.2byte	0x168
 379 0165 8C000000 		.4byte	0x8c
 380 0169 24       		.byte	0x24
 381 016a 07       		.uleb128 0x7
 382 016b 31040000 		.4byte	.LASF29
 383 016f 04       		.byte	0x4
 384 0170 6B01     		.2byte	0x16b
 385 0172 8C000000 		.4byte	0x8c
 386 0176 25       		.byte	0x25
 387 0177 07       		.uleb128 0x7
 388 0178 80030000 		.4byte	.LASF30
 389 017c 04       		.byte	0x4
 390 017d 6D01     		.2byte	0x16d
 391 017f 8C000000 		.4byte	0x8c
 392 0183 26       		.byte	0x26
 393 0184 07       		.uleb128 0x7
 394 0185 CD010000 		.4byte	.LASF31
 395 0189 04       		.byte	0x4
 396 018a 6E01     		.2byte	0x16e
 397 018c 8C000000 		.4byte	0x8c
 398 0190 27       		.byte	0x27
 399 0191 07       		.uleb128 0x7
 400 0192 F5040000 		.4byte	.LASF32
 401 0196 04       		.byte	0x4
 402 0197 6F01     		.2byte	0x16f
 403 0199 8C000000 		.4byte	0x8c
 404 019d 28       		.byte	0x28
 405 019e 07       		.uleb128 0x7
 406 019f A7010000 		.4byte	.LASF33
 407 01a3 04       		.byte	0x4
 408 01a4 7001     		.2byte	0x170
 409 01a6 8C000000 		.4byte	0x8c
 410 01aa 29       		.byte	0x29
 411 01ab 07       		.uleb128 0x7
 412 01ac 17030000 		.4byte	.LASF34
 413 01b0 04       		.byte	0x4
 414 01b1 7101     		.2byte	0x171
 415 01b3 8C000000 		.4byte	0x8c
 416 01b7 2A       		.byte	0x2a
 417 01b8 07       		.uleb128 0x7
 418 01b9 57000000 		.4byte	.LASF35
 419 01bd 04       		.byte	0x4
 420 01be 7201     		.2byte	0x172
 421 01c0 8C000000 		.4byte	0x8c
 422 01c4 2B       		.byte	0x2b
 423 01c5 00       		.byte	0
 424 01c6 03       		.uleb128 0x3
 425 01c7 93010000 		.4byte	.LASF36
ARM GAS  C:\Users\Abude\AppData\Local\Temp\ccuAl2GY.s 			page 11


 426 01cb 04       		.byte	0x4
 427 01cc D3       		.byte	0xd3
 428 01cd D1010000 		.4byte	0x1d1
 429 01d1 08       		.uleb128 0x8
 430 01d2 A0020000 		.4byte	.LASF38
 431 01d6 18       		.byte	0x18
 432 01d7 04       		.byte	0x4
 433 01d8 EC       		.byte	0xec
 434 01d9 CE020000 		.4byte	0x2ce
 435 01dd 09       		.uleb128 0x9
 436 01de 40000000 		.4byte	.LASF39
 437 01e2 04       		.byte	0x4
 438 01e3 F0       		.byte	0xf0
 439 01e4 8C000000 		.4byte	0x8c
 440 01e8 00       		.byte	0
 441 01e9 09       		.uleb128 0x9
 442 01ea F7030000 		.4byte	.LASF40
 443 01ee 04       		.byte	0x4
 444 01ef F1       		.byte	0xf1
 445 01f0 8C000000 		.4byte	0x8c
 446 01f4 01       		.byte	0x1
 447 01f5 09       		.uleb128 0x9
 448 01f6 F5000000 		.4byte	.LASF41
 449 01fa 04       		.byte	0x4
 450 01fb F3       		.byte	0xf3
 451 01fc 8C000000 		.4byte	0x8c
 452 0200 02       		.byte	0x2
 453 0201 09       		.uleb128 0x9
 454 0202 24050000 		.4byte	.LASF42
 455 0206 04       		.byte	0x4
 456 0207 F4       		.byte	0xf4
 457 0208 8C000000 		.4byte	0x8c
 458 020c 03       		.byte	0x3
 459 020d 09       		.uleb128 0x9
 460 020e B9020000 		.4byte	.LASF43
 461 0212 04       		.byte	0x4
 462 0213 F5       		.byte	0xf5
 463 0214 8C000000 		.4byte	0x8c
 464 0218 04       		.byte	0x4
 465 0219 09       		.uleb128 0x9
 466 021a A4000000 		.4byte	.LASF44
 467 021e 04       		.byte	0x4
 468 021f F6       		.byte	0xf6
 469 0220 8C000000 		.4byte	0x8c
 470 0224 05       		.byte	0x5
 471 0225 09       		.uleb128 0x9
 472 0226 92000000 		.4byte	.LASF45
 473 022a 04       		.byte	0x4
 474 022b FD       		.byte	0xfd
 475 022c 8C000000 		.4byte	0x8c
 476 0230 06       		.byte	0x6
 477 0231 07       		.uleb128 0x7
 478 0232 D9010000 		.4byte	.LASF46
 479 0236 04       		.byte	0x4
 480 0237 0101     		.2byte	0x101
 481 0239 8C000000 		.4byte	0x8c
 482 023d 07       		.byte	0x7
ARM GAS  C:\Users\Abude\AppData\Local\Temp\ccuAl2GY.s 			page 12


 483 023e 07       		.uleb128 0x7
 484 023f EA020000 		.4byte	.LASF47
 485 0243 04       		.byte	0x4
 486 0244 0401     		.2byte	0x104
 487 0246 A2000000 		.4byte	0xa2
 488 024a 08       		.byte	0x8
 489 024b 07       		.uleb128 0x7
 490 024c 2F000000 		.4byte	.LASF48
 491 0250 04       		.byte	0x4
 492 0251 0E01     		.2byte	0x10e
 493 0253 8C000000 		.4byte	0x8c
 494 0257 0C       		.byte	0xc
 495 0258 07       		.uleb128 0x7
 496 0259 D5020000 		.4byte	.LASF49
 497 025d 04       		.byte	0x4
 498 025e 1101     		.2byte	0x111
 499 0260 8C000000 		.4byte	0x8c
 500 0264 0D       		.byte	0xd
 501 0265 07       		.uleb128 0x7
 502 0266 25020000 		.4byte	.LASF50
 503 026a 04       		.byte	0x4
 504 026b 1701     		.2byte	0x117
 505 026d 8C000000 		.4byte	0x8c
 506 0271 0E       		.byte	0xe
 507 0272 07       		.uleb128 0x7
 508 0273 D8000000 		.4byte	.LASF51
 509 0277 04       		.byte	0x4
 510 0278 1901     		.2byte	0x119
 511 027a 8C000000 		.4byte	0x8c
 512 027e 0F       		.byte	0xf
 513 027f 07       		.uleb128 0x7
 514 0280 87000000 		.4byte	.LASF52
 515 0284 04       		.byte	0x4
 516 0285 1C01     		.2byte	0x11c
 517 0287 8C000000 		.4byte	0x8c
 518 028b 10       		.byte	0x10
 519 028c 07       		.uleb128 0x7
 520 028d 44020000 		.4byte	.LASF53
 521 0291 04       		.byte	0x4
 522 0292 1D01     		.2byte	0x11d
 523 0294 8C000000 		.4byte	0x8c
 524 0298 11       		.byte	0x11
 525 0299 07       		.uleb128 0x7
 526 029a 82010000 		.4byte	.LASF54
 527 029e 04       		.byte	0x4
 528 029f 1F01     		.2byte	0x11f
 529 02a1 8C000000 		.4byte	0x8c
 530 02a5 12       		.byte	0x12
 531 02a6 07       		.uleb128 0x7
 532 02a7 16040000 		.4byte	.LASF55
 533 02ab 04       		.byte	0x4
 534 02ac 2001     		.2byte	0x120
 535 02ae 8C000000 		.4byte	0x8c
 536 02b2 13       		.byte	0x13
 537 02b3 07       		.uleb128 0x7
 538 02b4 74030000 		.4byte	.LASF56
 539 02b8 04       		.byte	0x4
ARM GAS  C:\Users\Abude\AppData\Local\Temp\ccuAl2GY.s 			page 13


 540 02b9 2801     		.2byte	0x128
 541 02bb 97000000 		.4byte	0x97
 542 02bf 14       		.byte	0x14
 543 02c0 07       		.uleb128 0x7
 544 02c1 67030000 		.4byte	.LASF57
 545 02c5 04       		.byte	0x4
 546 02c6 2901     		.2byte	0x129
 547 02c8 97000000 		.4byte	0x97
 548 02cc 16       		.byte	0x16
 549 02cd 00       		.byte	0
 550 02ce 03       		.uleb128 0x3
 551 02cf 10050000 		.4byte	.LASF58
 552 02d3 04       		.byte	0x4
 553 02d4 D6       		.byte	0xd6
 554 02d5 D9020000 		.4byte	0x2d9
 555 02d9 0A       		.uleb128 0xa
 556 02da 04       		.byte	0x4
 557 02db DF020000 		.4byte	0x2df
 558 02df 0B       		.uleb128 0xb
 559 02e0 8C000000 		.4byte	0x8c
 560 02e4 FD020000 		.4byte	0x2fd
 561 02e8 0C       		.uleb128 0xc
 562 02e9 FD020000 		.4byte	0x2fd
 563 02ed 0C       		.uleb128 0xc
 564 02ee 8C000000 		.4byte	0x8c
 565 02f2 0C       		.uleb128 0xc
 566 02f3 8C000000 		.4byte	0x8c
 567 02f7 0C       		.uleb128 0xc
 568 02f8 AD000000 		.4byte	0xad
 569 02fc 00       		.byte	0
 570 02fd 0A       		.uleb128 0xa
 571 02fe 04       		.byte	0x4
 572 02ff B6000000 		.4byte	0xb6
 573 0303 03       		.uleb128 0x3
 574 0304 0A030000 		.4byte	.LASF59
 575 0308 04       		.byte	0x4
 576 0309 D7       		.byte	0xd7
 577 030a 0E030000 		.4byte	0x30e
 578 030e 0A       		.uleb128 0xa
 579 030f 04       		.byte	0x4
 580 0310 14030000 		.4byte	0x314
 581 0314 0B       		.uleb128 0xb
 582 0315 97000000 		.4byte	0x97
 583 0319 28030000 		.4byte	0x328
 584 031d 0C       		.uleb128 0xc
 585 031e FD020000 		.4byte	0x2fd
 586 0322 0C       		.uleb128 0xc
 587 0323 8C000000 		.4byte	0x8c
 588 0327 00       		.byte	0
 589 0328 0A       		.uleb128 0xa
 590 0329 04       		.byte	0x4
 591 032a 2E030000 		.4byte	0x32e
 592 032e 0D       		.uleb128 0xd
 593 032f C6010000 		.4byte	0x1c6
 594 0333 0A       		.uleb128 0xa
 595 0334 04       		.byte	0x4
 596 0335 39030000 		.4byte	0x339
ARM GAS  C:\Users\Abude\AppData\Local\Temp\ccuAl2GY.s 			page 14


 597 0339 0D       		.uleb128 0xd
 598 033a 8C000000 		.4byte	0x8c
 599 033e 0E       		.uleb128 0xe
 600 033f 59030000 		.4byte	.LASF63
 601 0343 01       		.byte	0x1
 602 0344 28       		.byte	0x28
 603 0345 8C000000 		.4byte	0x8c
 604 0349 00000000 		.4byte	.LFB0
 605 034d 04000000 		.4byte	.LFE0-.LFB0
 606 0351 01       		.uleb128 0x1
 607 0352 9C       		.byte	0x9c
 608 0353 8E030000 		.4byte	0x38e
 609 0357 0F       		.uleb128 0xf
 610 0358 0E010000 		.4byte	.LASF60
 611 035c 01       		.byte	0x1
 612 035d 28       		.byte	0x28
 613 035e FD020000 		.4byte	0x2fd
 614 0362 00000000 		.4byte	.LLST0
 615 0366 10       		.uleb128 0x10
 616 0367 6D736700 		.ascii	"msg\000"
 617 036b 01       		.byte	0x1
 618 036c 28       		.byte	0x28
 619 036d 8C000000 		.4byte	0x8c
 620 0371 01       		.uleb128 0x1
 621 0372 51       		.byte	0x51
 622 0373 11       		.uleb128 0x11
 623 0374 26010000 		.4byte	.LASF61
 624 0378 01       		.byte	0x1
 625 0379 28       		.byte	0x28
 626 037a 8C000000 		.4byte	0x8c
 627 037e 01       		.uleb128 0x1
 628 037f 52       		.byte	0x52
 629 0380 11       		.uleb128 0x11
 630 0381 38000000 		.4byte	.LASF62
 631 0385 01       		.byte	0x1
 632 0386 28       		.byte	0x28
 633 0387 AD000000 		.4byte	0xad
 634 038b 01       		.uleb128 0x1
 635 038c 53       		.byte	0x53
 636 038d 00       		.byte	0
 637 038e 0E       		.uleb128 0xe
 638 038f 4A030000 		.4byte	.LASF64
 639 0393 01       		.byte	0x1
 640 0394 49       		.byte	0x49
 641 0395 8C000000 		.4byte	0x8c
 642 0399 00000000 		.4byte	.LFB1
 643 039d 20000000 		.4byte	.LFE1-.LFB1
 644 03a1 01       		.uleb128 0x1
 645 03a2 9C       		.byte	0x9c
 646 03a3 04040000 		.4byte	0x404
 647 03a7 0F       		.uleb128 0xf
 648 03a8 0E010000 		.4byte	.LASF60
 649 03ac 01       		.byte	0x1
 650 03ad 49       		.byte	0x49
 651 03ae FD020000 		.4byte	0x2fd
 652 03b2 21000000 		.4byte	.LLST1
 653 03b6 12       		.uleb128 0x12
ARM GAS  C:\Users\Abude\AppData\Local\Temp\ccuAl2GY.s 			page 15


 654 03b7 6D736700 		.ascii	"msg\000"
 655 03bb 01       		.byte	0x1
 656 03bc 49       		.byte	0x49
 657 03bd 8C000000 		.4byte	0x8c
 658 03c1 5B000000 		.4byte	.LLST2
 659 03c5 0F       		.uleb128 0xf
 660 03c6 26010000 		.4byte	.LASF61
 661 03ca 01       		.byte	0x1
 662 03cb 49       		.byte	0x49
 663 03cc 8C000000 		.4byte	0x8c
 664 03d0 95000000 		.4byte	.LLST3
 665 03d4 0F       		.uleb128 0xf
 666 03d5 38000000 		.4byte	.LASF62
 667 03d9 01       		.byte	0x1
 668 03da 49       		.byte	0x49
 669 03db AD000000 		.4byte	0xad
 670 03df CF000000 		.4byte	.LLST4
 671 03e3 13       		.uleb128 0x13
 672 03e4 12000000 		.4byte	.LVL4
 673 03e8 BC040000 		.4byte	0x4bc
 674 03ec FA030000 		.4byte	0x3fa
 675 03f0 14       		.uleb128 0x14
 676 03f1 01       		.uleb128 0x1
 677 03f2 51       		.byte	0x51
 678 03f3 05       		.uleb128 0x5
 679 03f4 03       		.byte	0x3
 680 03f5 00000000 		.4byte	.LANCHOR0
 681 03f9 00       		.byte	0
 682 03fa 15       		.uleb128 0x15
 683 03fb 18000000 		.4byte	.LVL6
 684 03ff C8040000 		.4byte	0x4c8
 685 0403 00       		.byte	0
 686 0404 16       		.uleb128 0x16
 687 0405 13010000 		.4byte	.LASF65
 688 0409 01       		.byte	0x1
 689 040a 5F       		.byte	0x5f
 690 040b 00000000 		.4byte	.LFB2
 691 040f 28000000 		.4byte	.LFE2-.LFB2
 692 0413 01       		.uleb128 0x1
 693 0414 9C       		.byte	0x9c
 694 0415 27040000 		.4byte	0x427
 695 0419 11       		.uleb128 0x11
 696 041a 0E010000 		.4byte	.LASF60
 697 041e 01       		.byte	0x1
 698 041f 5F       		.byte	0x5f
 699 0420 FD020000 		.4byte	0x2fd
 700 0424 01       		.uleb128 0x1
 701 0425 50       		.byte	0x50
 702 0426 00       		.byte	0
 703 0427 16       		.uleb128 0x16
 704 0428 B7000000 		.4byte	.LASF66
 705 042c 01       		.byte	0x1
 706 042d 85       		.byte	0x85
 707 042e 00000000 		.4byte	.LFB3
 708 0432 20000000 		.4byte	.LFE3-.LFB3
 709 0436 01       		.uleb128 0x1
 710 0437 9C       		.byte	0x9c
ARM GAS  C:\Users\Abude\AppData\Local\Temp\ccuAl2GY.s 			page 16


 711 0438 AB040000 		.4byte	0x4ab
 712 043c 0F       		.uleb128 0xf
 713 043d 0E010000 		.4byte	.LASF60
 714 0441 01       		.byte	0x1
 715 0442 85       		.byte	0x85
 716 0443 FD020000 		.4byte	0x2fd
 717 0447 09010000 		.4byte	.LLST5
 718 044b 0F       		.uleb128 0xf
 719 044c 1A020000 		.4byte	.LASF19
 720 0450 01       		.byte	0x1
 721 0451 85       		.byte	0x85
 722 0452 CE020000 		.4byte	0x2ce
 723 0456 27010000 		.4byte	.LLST6
 724 045a 0F       		.uleb128 0xf
 725 045b 60040000 		.4byte	.LASF20
 726 045f 01       		.byte	0x1
 727 0460 85       		.byte	0x85
 728 0461 CE020000 		.4byte	0x2ce
 729 0465 45010000 		.4byte	.LLST7
 730 0469 0F       		.uleb128 0xf
 731 046a EF030000 		.4byte	.LASF21
 732 046e 01       		.byte	0x1
 733 046f 85       		.byte	0x85
 734 0470 CE020000 		.4byte	0x2ce
 735 0474 63010000 		.4byte	.LLST8
 736 0478 11       		.uleb128 0x11
 737 0479 75000000 		.4byte	.LASF22
 738 047d 01       		.byte	0x1
 739 047e 85       		.byte	0x85
 740 047f CE020000 		.4byte	0x2ce
 741 0483 02       		.uleb128 0x2
 742 0484 91       		.byte	0x91
 743 0485 00       		.sleb128 0
 744 0486 13       		.uleb128 0x13
 745 0487 0E000000 		.4byte	.LVL9
 746 048b 04040000 		.4byte	0x404
 747 048f 9A040000 		.4byte	0x49a
 748 0493 14       		.uleb128 0x14
 749 0494 01       		.uleb128 0x1
 750 0495 50       		.byte	0x50
 751 0496 02       		.uleb128 0x2
 752 0497 74       		.byte	0x74
 753 0498 00       		.sleb128 0
 754 0499 00       		.byte	0
 755 049a 17       		.uleb128 0x17
 756 049b 1E000000 		.4byte	.LVL10
 757 049f D4040000 		.4byte	0x4d4
 758 04a3 14       		.uleb128 0x14
 759 04a4 01       		.uleb128 0x1
 760 04a5 50       		.byte	0x50
 761 04a6 02       		.uleb128 0x2
 762 04a7 74       		.byte	0x74
 763 04a8 00       		.sleb128 0
 764 04a9 00       		.byte	0
 765 04aa 00       		.byte	0
 766 04ab 18       		.uleb128 0x18
 767 04ac 26030000 		.4byte	.LASF73
ARM GAS  C:\Users\Abude\AppData\Local\Temp\ccuAl2GY.s 			page 17


 768 04b0 01       		.byte	0x1
 769 04b1 2F       		.byte	0x2f
 770 04b2 2E030000 		.4byte	0x32e
 771 04b6 05       		.uleb128 0x5
 772 04b7 03       		.byte	0x3
 773 04b8 00000000 		.4byte	u8x8_null_display_info
 774 04bc 19       		.uleb128 0x19
 775 04bd 3D040000 		.4byte	.LASF67
 776 04c1 3D040000 		.4byte	.LASF67
 777 04c5 04       		.byte	0x4
 778 04c6 C201     		.2byte	0x1c2
 779 04c8 19       		.uleb128 0x19
 780 04c9 EC010000 		.4byte	.LASF68
 781 04cd EC010000 		.4byte	.LASF68
 782 04d1 04       		.byte	0x4
 783 04d2 C301     		.2byte	0x1c3
 784 04d4 19       		.uleb128 0x19
 785 04d5 1E000000 		.4byte	.LASF69
 786 04d9 1E000000 		.4byte	.LASF69
 787 04dd 04       		.byte	0x4
 788 04de 3F02     		.2byte	0x23f
 789 04e0 00       		.byte	0
 790              		.section	.debug_abbrev,"",%progbits
 791              	.Ldebug_abbrev0:
 792 0000 01       		.uleb128 0x1
 793 0001 11       		.uleb128 0x11
 794 0002 01       		.byte	0x1
 795 0003 25       		.uleb128 0x25
 796 0004 0E       		.uleb128 0xe
 797 0005 13       		.uleb128 0x13
 798 0006 0B       		.uleb128 0xb
 799 0007 03       		.uleb128 0x3
 800 0008 0E       		.uleb128 0xe
 801 0009 1B       		.uleb128 0x1b
 802 000a 0E       		.uleb128 0xe
 803 000b 55       		.uleb128 0x55
 804 000c 17       		.uleb128 0x17
 805 000d 11       		.uleb128 0x11
 806 000e 01       		.uleb128 0x1
 807 000f 10       		.uleb128 0x10
 808 0010 17       		.uleb128 0x17
 809 0011 00       		.byte	0
 810 0012 00       		.byte	0
 811 0013 02       		.uleb128 0x2
 812 0014 24       		.uleb128 0x24
 813 0015 00       		.byte	0
 814 0016 0B       		.uleb128 0xb
 815 0017 0B       		.uleb128 0xb
 816 0018 3E       		.uleb128 0x3e
 817 0019 0B       		.uleb128 0xb
 818 001a 03       		.uleb128 0x3
 819 001b 0E       		.uleb128 0xe
 820 001c 00       		.byte	0
 821 001d 00       		.byte	0
 822 001e 03       		.uleb128 0x3
 823 001f 16       		.uleb128 0x16
 824 0020 00       		.byte	0
ARM GAS  C:\Users\Abude\AppData\Local\Temp\ccuAl2GY.s 			page 18


 825 0021 03       		.uleb128 0x3
 826 0022 0E       		.uleb128 0xe
 827 0023 3A       		.uleb128 0x3a
 828 0024 0B       		.uleb128 0xb
 829 0025 3B       		.uleb128 0x3b
 830 0026 0B       		.uleb128 0xb
 831 0027 49       		.uleb128 0x49
 832 0028 13       		.uleb128 0x13
 833 0029 00       		.byte	0
 834 002a 00       		.byte	0
 835 002b 04       		.uleb128 0x4
 836 002c 24       		.uleb128 0x24
 837 002d 00       		.byte	0
 838 002e 0B       		.uleb128 0xb
 839 002f 0B       		.uleb128 0xb
 840 0030 3E       		.uleb128 0x3e
 841 0031 0B       		.uleb128 0xb
 842 0032 03       		.uleb128 0x3
 843 0033 08       		.uleb128 0x8
 844 0034 00       		.byte	0
 845 0035 00       		.byte	0
 846 0036 05       		.uleb128 0x5
 847 0037 0F       		.uleb128 0xf
 848 0038 00       		.byte	0
 849 0039 0B       		.uleb128 0xb
 850 003a 0B       		.uleb128 0xb
 851 003b 00       		.byte	0
 852 003c 00       		.byte	0
 853 003d 06       		.uleb128 0x6
 854 003e 13       		.uleb128 0x13
 855 003f 01       		.byte	0x1
 856 0040 03       		.uleb128 0x3
 857 0041 0E       		.uleb128 0xe
 858 0042 0B       		.uleb128 0xb
 859 0043 0B       		.uleb128 0xb
 860 0044 3A       		.uleb128 0x3a
 861 0045 0B       		.uleb128 0xb
 862 0046 3B       		.uleb128 0x3b
 863 0047 05       		.uleb128 0x5
 864 0048 01       		.uleb128 0x1
 865 0049 13       		.uleb128 0x13
 866 004a 00       		.byte	0
 867 004b 00       		.byte	0
 868 004c 07       		.uleb128 0x7
 869 004d 0D       		.uleb128 0xd
 870 004e 00       		.byte	0
 871 004f 03       		.uleb128 0x3
 872 0050 0E       		.uleb128 0xe
 873 0051 3A       		.uleb128 0x3a
 874 0052 0B       		.uleb128 0xb
 875 0053 3B       		.uleb128 0x3b
 876 0054 05       		.uleb128 0x5
 877 0055 49       		.uleb128 0x49
 878 0056 13       		.uleb128 0x13
 879 0057 38       		.uleb128 0x38
 880 0058 0B       		.uleb128 0xb
 881 0059 00       		.byte	0
ARM GAS  C:\Users\Abude\AppData\Local\Temp\ccuAl2GY.s 			page 19


 882 005a 00       		.byte	0
 883 005b 08       		.uleb128 0x8
 884 005c 13       		.uleb128 0x13
 885 005d 01       		.byte	0x1
 886 005e 03       		.uleb128 0x3
 887 005f 0E       		.uleb128 0xe
 888 0060 0B       		.uleb128 0xb
 889 0061 0B       		.uleb128 0xb
 890 0062 3A       		.uleb128 0x3a
 891 0063 0B       		.uleb128 0xb
 892 0064 3B       		.uleb128 0x3b
 893 0065 0B       		.uleb128 0xb
 894 0066 01       		.uleb128 0x1
 895 0067 13       		.uleb128 0x13
 896 0068 00       		.byte	0
 897 0069 00       		.byte	0
 898 006a 09       		.uleb128 0x9
 899 006b 0D       		.uleb128 0xd
 900 006c 00       		.byte	0
 901 006d 03       		.uleb128 0x3
 902 006e 0E       		.uleb128 0xe
 903 006f 3A       		.uleb128 0x3a
 904 0070 0B       		.uleb128 0xb
 905 0071 3B       		.uleb128 0x3b
 906 0072 0B       		.uleb128 0xb
 907 0073 49       		.uleb128 0x49
 908 0074 13       		.uleb128 0x13
 909 0075 38       		.uleb128 0x38
 910 0076 0B       		.uleb128 0xb
 911 0077 00       		.byte	0
 912 0078 00       		.byte	0
 913 0079 0A       		.uleb128 0xa
 914 007a 0F       		.uleb128 0xf
 915 007b 00       		.byte	0
 916 007c 0B       		.uleb128 0xb
 917 007d 0B       		.uleb128 0xb
 918 007e 49       		.uleb128 0x49
 919 007f 13       		.uleb128 0x13
 920 0080 00       		.byte	0
 921 0081 00       		.byte	0
 922 0082 0B       		.uleb128 0xb
 923 0083 15       		.uleb128 0x15
 924 0084 01       		.byte	0x1
 925 0085 27       		.uleb128 0x27
 926 0086 19       		.uleb128 0x19
 927 0087 49       		.uleb128 0x49
 928 0088 13       		.uleb128 0x13
 929 0089 01       		.uleb128 0x1
 930 008a 13       		.uleb128 0x13
 931 008b 00       		.byte	0
 932 008c 00       		.byte	0
 933 008d 0C       		.uleb128 0xc
 934 008e 05       		.uleb128 0x5
 935 008f 00       		.byte	0
 936 0090 49       		.uleb128 0x49
 937 0091 13       		.uleb128 0x13
 938 0092 00       		.byte	0
ARM GAS  C:\Users\Abude\AppData\Local\Temp\ccuAl2GY.s 			page 20


 939 0093 00       		.byte	0
 940 0094 0D       		.uleb128 0xd
 941 0095 26       		.uleb128 0x26
 942 0096 00       		.byte	0
 943 0097 49       		.uleb128 0x49
 944 0098 13       		.uleb128 0x13
 945 0099 00       		.byte	0
 946 009a 00       		.byte	0
 947 009b 0E       		.uleb128 0xe
 948 009c 2E       		.uleb128 0x2e
 949 009d 01       		.byte	0x1
 950 009e 3F       		.uleb128 0x3f
 951 009f 19       		.uleb128 0x19
 952 00a0 03       		.uleb128 0x3
 953 00a1 0E       		.uleb128 0xe
 954 00a2 3A       		.uleb128 0x3a
 955 00a3 0B       		.uleb128 0xb
 956 00a4 3B       		.uleb128 0x3b
 957 00a5 0B       		.uleb128 0xb
 958 00a6 27       		.uleb128 0x27
 959 00a7 19       		.uleb128 0x19
 960 00a8 49       		.uleb128 0x49
 961 00a9 13       		.uleb128 0x13
 962 00aa 11       		.uleb128 0x11
 963 00ab 01       		.uleb128 0x1
 964 00ac 12       		.uleb128 0x12
 965 00ad 06       		.uleb128 0x6
 966 00ae 40       		.uleb128 0x40
 967 00af 18       		.uleb128 0x18
 968 00b0 9742     		.uleb128 0x2117
 969 00b2 19       		.uleb128 0x19
 970 00b3 01       		.uleb128 0x1
 971 00b4 13       		.uleb128 0x13
 972 00b5 00       		.byte	0
 973 00b6 00       		.byte	0
 974 00b7 0F       		.uleb128 0xf
 975 00b8 05       		.uleb128 0x5
 976 00b9 00       		.byte	0
 977 00ba 03       		.uleb128 0x3
 978 00bb 0E       		.uleb128 0xe
 979 00bc 3A       		.uleb128 0x3a
 980 00bd 0B       		.uleb128 0xb
 981 00be 3B       		.uleb128 0x3b
 982 00bf 0B       		.uleb128 0xb
 983 00c0 49       		.uleb128 0x49
 984 00c1 13       		.uleb128 0x13
 985 00c2 02       		.uleb128 0x2
 986 00c3 17       		.uleb128 0x17
 987 00c4 00       		.byte	0
 988 00c5 00       		.byte	0
 989 00c6 10       		.uleb128 0x10
 990 00c7 05       		.uleb128 0x5
 991 00c8 00       		.byte	0
 992 00c9 03       		.uleb128 0x3
 993 00ca 08       		.uleb128 0x8
 994 00cb 3A       		.uleb128 0x3a
 995 00cc 0B       		.uleb128 0xb
ARM GAS  C:\Users\Abude\AppData\Local\Temp\ccuAl2GY.s 			page 21


 996 00cd 3B       		.uleb128 0x3b
 997 00ce 0B       		.uleb128 0xb
 998 00cf 49       		.uleb128 0x49
 999 00d0 13       		.uleb128 0x13
 1000 00d1 02       		.uleb128 0x2
 1001 00d2 18       		.uleb128 0x18
 1002 00d3 00       		.byte	0
 1003 00d4 00       		.byte	0
 1004 00d5 11       		.uleb128 0x11
 1005 00d6 05       		.uleb128 0x5
 1006 00d7 00       		.byte	0
 1007 00d8 03       		.uleb128 0x3
 1008 00d9 0E       		.uleb128 0xe
 1009 00da 3A       		.uleb128 0x3a
 1010 00db 0B       		.uleb128 0xb
 1011 00dc 3B       		.uleb128 0x3b
 1012 00dd 0B       		.uleb128 0xb
 1013 00de 49       		.uleb128 0x49
 1014 00df 13       		.uleb128 0x13
 1015 00e0 02       		.uleb128 0x2
 1016 00e1 18       		.uleb128 0x18
 1017 00e2 00       		.byte	0
 1018 00e3 00       		.byte	0
 1019 00e4 12       		.uleb128 0x12
 1020 00e5 05       		.uleb128 0x5
 1021 00e6 00       		.byte	0
 1022 00e7 03       		.uleb128 0x3
 1023 00e8 08       		.uleb128 0x8
 1024 00e9 3A       		.uleb128 0x3a
 1025 00ea 0B       		.uleb128 0xb
 1026 00eb 3B       		.uleb128 0x3b
 1027 00ec 0B       		.uleb128 0xb
 1028 00ed 49       		.uleb128 0x49
 1029 00ee 13       		.uleb128 0x13
 1030 00ef 02       		.uleb128 0x2
 1031 00f0 17       		.uleb128 0x17
 1032 00f1 00       		.byte	0
 1033 00f2 00       		.byte	0
 1034 00f3 13       		.uleb128 0x13
 1035 00f4 898201   		.uleb128 0x4109
 1036 00f7 01       		.byte	0x1
 1037 00f8 11       		.uleb128 0x11
 1038 00f9 01       		.uleb128 0x1
 1039 00fa 31       		.uleb128 0x31
 1040 00fb 13       		.uleb128 0x13
 1041 00fc 01       		.uleb128 0x1
 1042 00fd 13       		.uleb128 0x13
 1043 00fe 00       		.byte	0
 1044 00ff 00       		.byte	0
 1045 0100 14       		.uleb128 0x14
 1046 0101 8A8201   		.uleb128 0x410a
 1047 0104 00       		.byte	0
 1048 0105 02       		.uleb128 0x2
 1049 0106 18       		.uleb128 0x18
 1050 0107 9142     		.uleb128 0x2111
 1051 0109 18       		.uleb128 0x18
 1052 010a 00       		.byte	0
ARM GAS  C:\Users\Abude\AppData\Local\Temp\ccuAl2GY.s 			page 22


 1053 010b 00       		.byte	0
 1054 010c 15       		.uleb128 0x15
 1055 010d 898201   		.uleb128 0x4109
 1056 0110 00       		.byte	0
 1057 0111 11       		.uleb128 0x11
 1058 0112 01       		.uleb128 0x1
 1059 0113 31       		.uleb128 0x31
 1060 0114 13       		.uleb128 0x13
 1061 0115 00       		.byte	0
 1062 0116 00       		.byte	0
 1063 0117 16       		.uleb128 0x16
 1064 0118 2E       		.uleb128 0x2e
 1065 0119 01       		.byte	0x1
 1066 011a 3F       		.uleb128 0x3f
 1067 011b 19       		.uleb128 0x19
 1068 011c 03       		.uleb128 0x3
 1069 011d 0E       		.uleb128 0xe
 1070 011e 3A       		.uleb128 0x3a
 1071 011f 0B       		.uleb128 0xb
 1072 0120 3B       		.uleb128 0x3b
 1073 0121 0B       		.uleb128 0xb
 1074 0122 27       		.uleb128 0x27
 1075 0123 19       		.uleb128 0x19
 1076 0124 11       		.uleb128 0x11
 1077 0125 01       		.uleb128 0x1
 1078 0126 12       		.uleb128 0x12
 1079 0127 06       		.uleb128 0x6
 1080 0128 40       		.uleb128 0x40
 1081 0129 18       		.uleb128 0x18
 1082 012a 9742     		.uleb128 0x2117
 1083 012c 19       		.uleb128 0x19
 1084 012d 01       		.uleb128 0x1
 1085 012e 13       		.uleb128 0x13
 1086 012f 00       		.byte	0
 1087 0130 00       		.byte	0
 1088 0131 17       		.uleb128 0x17
 1089 0132 898201   		.uleb128 0x4109
 1090 0135 01       		.byte	0x1
 1091 0136 11       		.uleb128 0x11
 1092 0137 01       		.uleb128 0x1
 1093 0138 31       		.uleb128 0x31
 1094 0139 13       		.uleb128 0x13
 1095 013a 00       		.byte	0
 1096 013b 00       		.byte	0
 1097 013c 18       		.uleb128 0x18
 1098 013d 34       		.uleb128 0x34
 1099 013e 00       		.byte	0
 1100 013f 03       		.uleb128 0x3
 1101 0140 0E       		.uleb128 0xe
 1102 0141 3A       		.uleb128 0x3a
 1103 0142 0B       		.uleb128 0xb
 1104 0143 3B       		.uleb128 0x3b
 1105 0144 0B       		.uleb128 0xb
 1106 0145 49       		.uleb128 0x49
 1107 0146 13       		.uleb128 0x13
 1108 0147 02       		.uleb128 0x2
 1109 0148 18       		.uleb128 0x18
ARM GAS  C:\Users\Abude\AppData\Local\Temp\ccuAl2GY.s 			page 23


 1110 0149 00       		.byte	0
 1111 014a 00       		.byte	0
 1112 014b 19       		.uleb128 0x19
 1113 014c 2E       		.uleb128 0x2e
 1114 014d 00       		.byte	0
 1115 014e 3F       		.uleb128 0x3f
 1116 014f 19       		.uleb128 0x19
 1117 0150 3C       		.uleb128 0x3c
 1118 0151 19       		.uleb128 0x19
 1119 0152 6E       		.uleb128 0x6e
 1120 0153 0E       		.uleb128 0xe
 1121 0154 03       		.uleb128 0x3
 1122 0155 0E       		.uleb128 0xe
 1123 0156 3A       		.uleb128 0x3a
 1124 0157 0B       		.uleb128 0xb
 1125 0158 3B       		.uleb128 0x3b
 1126 0159 05       		.uleb128 0x5
 1127 015a 00       		.byte	0
 1128 015b 00       		.byte	0
 1129 015c 00       		.byte	0
 1130              		.section	.debug_loc,"",%progbits
 1131              	.Ldebug_loc0:
 1132              	.LLST0:
 1133 0000 00000000 		.4byte	.LVL0
 1134 0004 02000000 		.4byte	.LVL1
 1135 0008 0100     		.2byte	0x1
 1136 000a 50       		.byte	0x50
 1137 000b 02000000 		.4byte	.LVL1
 1138 000f 04000000 		.4byte	.LFE0
 1139 0013 0400     		.2byte	0x4
 1140 0015 F3       		.byte	0xf3
 1141 0016 01       		.uleb128 0x1
 1142 0017 50       		.byte	0x50
 1143 0018 9F       		.byte	0x9f
 1144 0019 00000000 		.4byte	0
 1145 001d 00000000 		.4byte	0
 1146              	.LLST1:
 1147 0021 00000000 		.4byte	.LVL2
 1148 0025 11000000 		.4byte	.LVL4-1
 1149 0029 0100     		.2byte	0x1
 1150 002b 50       		.byte	0x50
 1151 002c 11000000 		.4byte	.LVL4-1
 1152 0030 14000000 		.4byte	.LVL5
 1153 0034 0400     		.2byte	0x4
 1154 0036 F3       		.byte	0xf3
 1155 0037 01       		.uleb128 0x1
 1156 0038 50       		.byte	0x50
 1157 0039 9F       		.byte	0x9f
 1158 003a 14000000 		.4byte	.LVL5
 1159 003e 17000000 		.4byte	.LVL6-1
 1160 0042 0100     		.2byte	0x1
 1161 0044 50       		.byte	0x50
 1162 0045 17000000 		.4byte	.LVL6-1
 1163 0049 20000000 		.4byte	.LFE1
 1164 004d 0400     		.2byte	0x4
 1165 004f F3       		.byte	0xf3
 1166 0050 01       		.uleb128 0x1
ARM GAS  C:\Users\Abude\AppData\Local\Temp\ccuAl2GY.s 			page 24


 1167 0051 50       		.byte	0x50
 1168 0052 9F       		.byte	0x9f
 1169 0053 00000000 		.4byte	0
 1170 0057 00000000 		.4byte	0
 1171              	.LLST2:
 1172 005b 00000000 		.4byte	.LVL2
 1173 005f 0E000000 		.4byte	.LVL3
 1174 0063 0100     		.2byte	0x1
 1175 0065 51       		.byte	0x51
 1176 0066 0E000000 		.4byte	.LVL3
 1177 006a 14000000 		.4byte	.LVL5
 1178 006e 0400     		.2byte	0x4
 1179 0070 F3       		.byte	0xf3
 1180 0071 01       		.uleb128 0x1
 1181 0072 51       		.byte	0x51
 1182 0073 9F       		.byte	0x9f
 1183 0074 14000000 		.4byte	.LVL5
 1184 0078 17000000 		.4byte	.LVL6-1
 1185 007c 0100     		.2byte	0x1
 1186 007e 51       		.byte	0x51
 1187 007f 17000000 		.4byte	.LVL6-1
 1188 0083 20000000 		.4byte	.LFE1
 1189 0087 0400     		.2byte	0x4
 1190 0089 F3       		.byte	0xf3
 1191 008a 01       		.uleb128 0x1
 1192 008b 51       		.byte	0x51
 1193 008c 9F       		.byte	0x9f
 1194 008d 00000000 		.4byte	0
 1195 0091 00000000 		.4byte	0
 1196              	.LLST3:
 1197 0095 00000000 		.4byte	.LVL2
 1198 0099 11000000 		.4byte	.LVL4-1
 1199 009d 0100     		.2byte	0x1
 1200 009f 52       		.byte	0x52
 1201 00a0 11000000 		.4byte	.LVL4-1
 1202 00a4 14000000 		.4byte	.LVL5
 1203 00a8 0400     		.2byte	0x4
 1204 00aa F3       		.byte	0xf3
 1205 00ab 01       		.uleb128 0x1
 1206 00ac 52       		.byte	0x52
 1207 00ad 9F       		.byte	0x9f
 1208 00ae 14000000 		.4byte	.LVL5
 1209 00b2 17000000 		.4byte	.LVL6-1
 1210 00b6 0100     		.2byte	0x1
 1211 00b8 52       		.byte	0x52
 1212 00b9 17000000 		.4byte	.LVL6-1
 1213 00bd 20000000 		.4byte	.LFE1
 1214 00c1 0400     		.2byte	0x4
 1215 00c3 F3       		.byte	0xf3
 1216 00c4 01       		.uleb128 0x1
 1217 00c5 52       		.byte	0x52
 1218 00c6 9F       		.byte	0x9f
 1219 00c7 00000000 		.4byte	0
 1220 00cb 00000000 		.4byte	0
 1221              	.LLST4:
 1222 00cf 00000000 		.4byte	.LVL2
 1223 00d3 11000000 		.4byte	.LVL4-1
ARM GAS  C:\Users\Abude\AppData\Local\Temp\ccuAl2GY.s 			page 25


 1224 00d7 0100     		.2byte	0x1
 1225 00d9 53       		.byte	0x53
 1226 00da 11000000 		.4byte	.LVL4-1
 1227 00de 14000000 		.4byte	.LVL5
 1228 00e2 0400     		.2byte	0x4
 1229 00e4 F3       		.byte	0xf3
 1230 00e5 01       		.uleb128 0x1
 1231 00e6 53       		.byte	0x53
 1232 00e7 9F       		.byte	0x9f
 1233 00e8 14000000 		.4byte	.LVL5
 1234 00ec 17000000 		.4byte	.LVL6-1
 1235 00f0 0100     		.2byte	0x1
 1236 00f2 53       		.byte	0x53
 1237 00f3 17000000 		.4byte	.LVL6-1
 1238 00f7 20000000 		.4byte	.LFE1
 1239 00fb 0400     		.2byte	0x4
 1240 00fd F3       		.byte	0xf3
 1241 00fe 01       		.uleb128 0x1
 1242 00ff 53       		.byte	0x53
 1243 0100 9F       		.byte	0x9f
 1244 0101 00000000 		.4byte	0
 1245 0105 00000000 		.4byte	0
 1246              	.LLST5:
 1247 0109 00000000 		.4byte	.LVL8
 1248 010d 0D000000 		.4byte	.LVL9-1
 1249 0111 0100     		.2byte	0x1
 1250 0113 50       		.byte	0x50
 1251 0114 0D000000 		.4byte	.LVL9-1
 1252 0118 20000000 		.4byte	.LFE3
 1253 011c 0100     		.2byte	0x1
 1254 011e 54       		.byte	0x54
 1255 011f 00000000 		.4byte	0
 1256 0123 00000000 		.4byte	0
 1257              	.LLST6:
 1258 0127 00000000 		.4byte	.LVL8
 1259 012b 0D000000 		.4byte	.LVL9-1
 1260 012f 0100     		.2byte	0x1
 1261 0131 51       		.byte	0x51
 1262 0132 0D000000 		.4byte	.LVL9-1
 1263 0136 20000000 		.4byte	.LFE3
 1264 013a 0100     		.2byte	0x1
 1265 013c 57       		.byte	0x57
 1266 013d 00000000 		.4byte	0
 1267 0141 00000000 		.4byte	0
 1268              	.LLST7:
 1269 0145 00000000 		.4byte	.LVL8
 1270 0149 0D000000 		.4byte	.LVL9-1
 1271 014d 0100     		.2byte	0x1
 1272 014f 52       		.byte	0x52
 1273 0150 0D000000 		.4byte	.LVL9-1
 1274 0154 20000000 		.4byte	.LFE3
 1275 0158 0100     		.2byte	0x1
 1276 015a 56       		.byte	0x56
 1277 015b 00000000 		.4byte	0
 1278 015f 00000000 		.4byte	0
 1279              	.LLST8:
 1280 0163 00000000 		.4byte	.LVL8
ARM GAS  C:\Users\Abude\AppData\Local\Temp\ccuAl2GY.s 			page 26


 1281 0167 0D000000 		.4byte	.LVL9-1
 1282 016b 0100     		.2byte	0x1
 1283 016d 53       		.byte	0x53
 1284 016e 0D000000 		.4byte	.LVL9-1
 1285 0172 20000000 		.4byte	.LFE3
 1286 0176 0100     		.2byte	0x1
 1287 0178 55       		.byte	0x55
 1288 0179 00000000 		.4byte	0
 1289 017d 00000000 		.4byte	0
 1290              		.section	.debug_aranges,"",%progbits
 1291 0000 34000000 		.4byte	0x34
 1292 0004 0200     		.2byte	0x2
 1293 0006 00000000 		.4byte	.Ldebug_info0
 1294 000a 04       		.byte	0x4
 1295 000b 00       		.byte	0
 1296 000c 0000     		.2byte	0
 1297 000e 0000     		.2byte	0
 1298 0010 00000000 		.4byte	.LFB0
 1299 0014 04000000 		.4byte	.LFE0-.LFB0
 1300 0018 00000000 		.4byte	.LFB1
 1301 001c 20000000 		.4byte	.LFE1-.LFB1
 1302 0020 00000000 		.4byte	.LFB2
 1303 0024 28000000 		.4byte	.LFE2-.LFB2
 1304 0028 00000000 		.4byte	.LFB3
 1305 002c 20000000 		.4byte	.LFE3-.LFB3
 1306 0030 00000000 		.4byte	0
 1307 0034 00000000 		.4byte	0
 1308              		.section	.debug_ranges,"",%progbits
 1309              	.Ldebug_ranges0:
 1310 0000 00000000 		.4byte	.LFB0
 1311 0004 04000000 		.4byte	.LFE0
 1312 0008 00000000 		.4byte	.LFB1
 1313 000c 20000000 		.4byte	.LFE1
 1314 0010 00000000 		.4byte	.LFB2
 1315 0014 28000000 		.4byte	.LFE2
 1316 0018 00000000 		.4byte	.LFB3
 1317 001c 20000000 		.4byte	.LFE3
 1318 0020 00000000 		.4byte	0
 1319 0024 00000000 		.4byte	0
 1320              		.section	.debug_line,"",%progbits
 1321              	.Ldebug_line0:
 1322 0000 F0010000 		.section	.debug_str,"MS",%progbits,1
 1322      02009501 
 1322      00000201 
 1322      FB0E0D00 
 1322      01010101 
 1323              	.LASF26:
 1324 0000 785F6F66 		.ascii	"x_offset\000"
 1324      66736574 
 1324      00
 1325              	.LASF27:
 1326 0009 69735F66 		.ascii	"is_font_inverse_mode\000"
 1326      6F6E745F 
 1326      696E7665 
 1326      7273655F 
 1326      6D6F6465 
 1327              	.LASF69:
ARM GAS  C:\Users\Abude\AppData\Local\Temp\ccuAl2GY.s 			page 27


 1328 001e 75387838 		.ascii	"u8x8_SetupMemory\000"
 1328      5F536574 
 1328      75704D65 
 1328      6D6F7279 
 1328      00
 1329              	.LASF48:
 1330 002f 7370695F 		.ascii	"spi_mode\000"
 1330      6D6F6465 
 1330      00
 1331              	.LASF62:
 1332 0038 6172675F 		.ascii	"arg_ptr\000"
 1332      70747200 
 1333              	.LASF39:
 1334 0040 63686970 		.ascii	"chip_enable_level\000"
 1334      5F656E61 
 1334      626C655F 
 1334      6C657665 
 1334      6C00
 1335              	.LASF24:
 1336 0052 666F6E74 		.ascii	"font\000"
 1336      00
 1337              	.LASF35:
 1338 0057 6465626F 		.ascii	"debounce_result_msg\000"
 1338      756E6365 
 1338      5F726573 
 1338      756C745F 
 1338      6D736700 
 1339              	.LASF2:
 1340 006b 73686F72 		.ascii	"short int\000"
 1340      7420696E 
 1340      7400
 1341              	.LASF22:
 1342 0075 6770696F 		.ascii	"gpio_and_delay_cb\000"
 1342      5F616E64 
 1342      5F64656C 
 1342      61795F63 
 1342      6200
 1343              	.LASF52:
 1344 0087 74696C65 		.ascii	"tile_width\000"
 1344      5F776964 
 1344      746800
 1345              	.LASF45:
 1346 0092 7364615F 		.ascii	"sda_setup_time_ns\000"
 1346      73657475 
 1346      705F7469 
 1346      6D655F6E 
 1346      7300
 1347              	.LASF44:
 1348 00a4 706F7374 		.ascii	"post_reset_wait_ms\000"
 1348      5F726573 
 1348      65745F77 
 1348      6169745F 
 1348      6D7300
 1349              	.LASF66:
 1350 00b7 75387838 		.ascii	"u8x8_Setup\000"
 1350      5F536574 
 1350      757000
ARM GAS  C:\Users\Abude\AppData\Local\Temp\ccuAl2GY.s 			page 28


 1351              	.LASF7:
 1352 00c2 5F5F7569 		.ascii	"__uint32_t\000"
 1352      6E743332 
 1352      5F7400
 1353              	.LASF4:
 1354 00cd 5F5F7569 		.ascii	"__uint16_t\000"
 1354      6E743136 
 1354      5F7400
 1355              	.LASF51:
 1356 00d8 77726974 		.ascii	"write_pulse_width_ns\000"
 1356      655F7075 
 1356      6C73655F 
 1356      77696474 
 1356      685F6E73 
 1357              	.LASF12:
 1358 00ed 75696E74 		.ascii	"uint8_t\000"
 1358      385F7400 
 1359              	.LASF41:
 1360 00f5 706F7374 		.ascii	"post_chip_enable_wait_ns\000"
 1360      5F636869 
 1360      705F656E 
 1360      61626C65 
 1360      5F776169 
 1361              	.LASF60:
 1362 010e 75387838 		.ascii	"u8x8\000"
 1362      00
 1363              	.LASF65:
 1364 0113 75387838 		.ascii	"u8x8_SetupDefaults\000"
 1364      5F536574 
 1364      75704465 
 1364      6661756C 
 1364      747300
 1365              	.LASF61:
 1366 0126 6172675F 		.ascii	"arg_int\000"
 1366      696E7400 
 1367              	.LASF71:
 1368 012e 2E2E5C2E 		.ascii	"..\\..\\..\\..\\..\\..\\Dev\\Library embedded l2c d"
 1368      2E5C2E2E 
 1368      5C2E2E5C 
 1368      2E2E5C2E 
 1368      2E5C4465 
 1369 015a 6973706C 		.ascii	"isplay\\u8g2\\csrc\\u8x8_setup.c\000"
 1369      61795C75 
 1369      3867325C 
 1369      63737263 
 1369      5C753878 
 1370              	.LASF23:
 1371 0178 6275735F 		.ascii	"bus_clock\000"
 1371      636C6F63 
 1371      6B00
 1372              	.LASF54:
 1373 0182 64656661 		.ascii	"default_x_offset\000"
 1373      756C745F 
 1373      785F6F66 
 1373      66736574 
 1373      00
 1374              	.LASF36:
ARM GAS  C:\Users\Abude\AppData\Local\Temp\ccuAl2GY.s 			page 29


 1375 0193 75387838 		.ascii	"u8x8_display_info_t\000"
 1375      5F646973 
 1375      706C6179 
 1375      5F696E66 
 1375      6F5F7400 
 1376              	.LASF33:
 1377 01a7 6465626F 		.ascii	"debounce_last_pin_state\000"
 1377      756E6365 
 1377      5F6C6173 
 1377      745F7069 
 1377      6E5F7374 
 1378              	.LASF9:
 1379 01bf 6C6F6E67 		.ascii	"long long int\000"
 1379      206C6F6E 
 1379      6720696E 
 1379      7400
 1380              	.LASF31:
 1381 01cd 6770696F 		.ascii	"gpio_result\000"
 1381      5F726573 
 1381      756C7400 
 1382              	.LASF46:
 1383 01d9 73636B5F 		.ascii	"sck_pulse_width_ns\000"
 1383      70756C73 
 1383      655F7769 
 1383      6474685F 
 1383      6E7300
 1384              	.LASF68:
 1385 01ec 75387838 		.ascii	"u8x8_d_helper_display_init\000"
 1385      5F645F68 
 1385      656C7065 
 1385      725F6469 
 1385      73706C61 
 1386              	.LASF6:
 1387 0207 6C6F6E67 		.ascii	"long int\000"
 1387      20696E74 
 1387      00
 1388              	.LASF3:
 1389 0210 5F5F7569 		.ascii	"__uint8_t\000"
 1389      6E74385F 
 1389      7400
 1390              	.LASF19:
 1391 021a 64697370 		.ascii	"display_cb\000"
 1391      6C61795F 
 1391      636200
 1392              	.LASF50:
 1393 0225 64617461 		.ascii	"data_setup_time_ns\000"
 1393      5F736574 
 1393      75705F74 
 1393      696D655F 
 1393      6E7300
 1394              	.LASF15:
 1395 0238 6C6F6E67 		.ascii	"long double\000"
 1395      20646F75 
 1395      626C6500 
 1396              	.LASF53:
 1397 0244 74696C65 		.ascii	"tile_height\000"
 1397      5F686569 
ARM GAS  C:\Users\Abude\AppData\Local\Temp\ccuAl2GY.s 			page 30


 1397      67687400 
 1398              	.LASF1:
 1399 0250 756E7369 		.ascii	"unsigned char\000"
 1399      676E6564 
 1399      20636861 
 1399      7200
 1400              	.LASF0:
 1401 025e 7369676E 		.ascii	"signed char\000"
 1401      65642063 
 1401      68617200 
 1402              	.LASF10:
 1403 026a 6C6F6E67 		.ascii	"long long unsigned int\000"
 1403      206C6F6E 
 1403      6720756E 
 1403      7369676E 
 1403      65642069 
 1404              	.LASF14:
 1405 0281 75696E74 		.ascii	"uint32_t\000"
 1405      33325F74 
 1405      00
 1406              	.LASF11:
 1407 028a 756E7369 		.ascii	"unsigned int\000"
 1407      676E6564 
 1407      20696E74 
 1407      00
 1408              	.LASF13:
 1409 0297 75696E74 		.ascii	"uint16_t\000"
 1409      31365F74 
 1409      00
 1410              	.LASF38:
 1411 02a0 75387838 		.ascii	"u8x8_display_info_struct\000"
 1411      5F646973 
 1411      706C6179 
 1411      5F696E66 
 1411      6F5F7374 
 1412              	.LASF43:
 1413 02b9 72657365 		.ascii	"reset_pulse_width_ms\000"
 1413      745F7075 
 1413      6C73655F 
 1413      77696474 
 1413      685F6D73 
 1414              	.LASF16:
 1415 02ce 75387838 		.ascii	"u8x8_t\000"
 1415      5F7400
 1416              	.LASF49:
 1417 02d5 6932635F 		.ascii	"i2c_bus_clock_100kHz\000"
 1417      6275735F 
 1417      636C6F63 
 1417      6B5F3130 
 1417      306B487A 
 1418              	.LASF47:
 1419 02ea 73636B5F 		.ascii	"sck_clock_hz\000"
 1419      636C6F63 
 1419      6B5F687A 
 1419      00
 1420              	.LASF5:
 1421 02f7 73686F72 		.ascii	"short unsigned int\000"
ARM GAS  C:\Users\Abude\AppData\Local\Temp\ccuAl2GY.s 			page 31


 1421      7420756E 
 1421      7369676E 
 1421      65642069 
 1421      6E7400
 1422              	.LASF59:
 1423 030a 75387838 		.ascii	"u8x8_char_cb\000"
 1423      5F636861 
 1423      725F6362 
 1423      00
 1424              	.LASF34:
 1425 0317 6465626F 		.ascii	"debounce_state\000"
 1425      756E6365 
 1425      5F737461 
 1425      746500
 1426              	.LASF73:
 1427 0326 75387838 		.ascii	"u8x8_null_display_info\000"
 1427      5F6E756C 
 1427      6C5F6469 
 1427      73706C61 
 1427      795F696E 
 1428              	.LASF17:
 1429 033d 64697370 		.ascii	"display_info\000"
 1429      6C61795F 
 1429      696E666F 
 1429      00
 1430              	.LASF64:
 1431 034a 75387838 		.ascii	"u8x8_d_null_cb\000"
 1431      5F645F6E 
 1431      756C6C5F 
 1431      636200
 1432              	.LASF63:
 1433 0359 75387838 		.ascii	"u8x8_dummy_cb\000"
 1433      5F64756D 
 1433      6D795F63 
 1433      6200
 1434              	.LASF57:
 1435 0367 70697865 		.ascii	"pixel_height\000"
 1435      6C5F6865 
 1435      69676874 
 1435      00
 1436              	.LASF56:
 1437 0374 70697865 		.ascii	"pixel_width\000"
 1437      6C5F7769 
 1437      64746800 
 1438              	.LASF30:
 1439 0380 75746638 		.ascii	"utf8_state\000"
 1439      5F737461 
 1439      746500
 1440              	.LASF37:
 1441 038b 75387838 		.ascii	"u8x8_struct\000"
 1441      5F737472 
 1441      75637400 
 1442              	.LASF8:
 1443 0397 6C6F6E67 		.ascii	"long unsigned int\000"
 1443      20756E73 
 1443      69676E65 
 1443      6420696E 
ARM GAS  C:\Users\Abude\AppData\Local\Temp\ccuAl2GY.s 			page 32


 1443      7400
 1444              	.LASF72:
 1445 03a9 433A5C55 		.ascii	"C:\\Users\\Abude\\Documents\\PSoC Creator\\Embedded"
 1445      73657273 
 1445      5C416275 
 1445      64655C44 
 1445      6F63756D 
 1446 03d7 53797374 		.ascii	"SystemsLab5\\Lab 5.cydsn\000"
 1446      656D734C 
 1446      6162355C 
 1446      4C616220 
 1446      352E6379 
 1447              	.LASF21:
 1448 03ef 62797465 		.ascii	"byte_cb\000"
 1448      5F636200 
 1449              	.LASF40:
 1450 03f7 63686970 		.ascii	"chip_disable_level\000"
 1450      5F646973 
 1450      61626C65 
 1450      5F6C6576 
 1450      656C00
 1451              	.LASF28:
 1452 040a 6932635F 		.ascii	"i2c_address\000"
 1452      61646472 
 1452      65737300 
 1453              	.LASF55:
 1454 0416 666C6970 		.ascii	"flipmode_x_offset\000"
 1454      6D6F6465 
 1454      5F785F6F 
 1454      66667365 
 1454      7400
 1455              	.LASF25:
 1456 0428 656E636F 		.ascii	"encoding\000"
 1456      64696E67 
 1456      00
 1457              	.LASF29:
 1458 0431 6932635F 		.ascii	"i2c_started\000"
 1458      73746172 
 1458      74656400 
 1459              	.LASF67:
 1460 043d 75387838 		.ascii	"u8x8_d_helper_display_setup_memory\000"
 1460      5F645F68 
 1460      656C7065 
 1460      725F6469 
 1460      73706C61 
 1461              	.LASF20:
 1462 0460 6361645F 		.ascii	"cad_cb\000"
 1462      636200
 1463              	.LASF70:
 1464 0467 474E5520 		.ascii	"GNU C11 5.4.1 20160609 (release) [ARM/embedded-5-br"
 1464      43313120 
 1464      352E342E 
 1464      31203230 
 1464      31363036 
 1465 049a 616E6368 		.ascii	"anch revision 237715] -mcpu=cortex-m3 -mthumb -g -O"
 1465      20726576 
 1465      6973696F 
ARM GAS  C:\Users\Abude\AppData\Local\Temp\ccuAl2GY.s 			page 33


 1465      6E203233 
 1465      37373135 
 1466 04cd 67202D66 		.ascii	"g -ffunction-sections -ffat-lto-objects\000"
 1466      66756E63 
 1466      74696F6E 
 1466      2D736563 
 1466      74696F6E 
 1467              	.LASF32:
 1468 04f5 6465626F 		.ascii	"debounce_default_pin_state\000"
 1468      756E6365 
 1468      5F646566 
 1468      61756C74 
 1468      5F70696E 
 1469              	.LASF58:
 1470 0510 75387838 		.ascii	"u8x8_msg_cb\000"
 1470      5F6D7367 
 1470      5F636200 
 1471              	.LASF18:
 1472 051c 6E657874 		.ascii	"next_cb\000"
 1472      5F636200 
 1473              	.LASF42:
 1474 0524 7072655F 		.ascii	"pre_chip_disable_wait_ns\000"
 1474      63686970 
 1474      5F646973 
 1474      61626C65 
 1474      5F776169 
 1475              		.ident	"GCC: (GNU Tools for ARM Embedded Processors) 5.4.1 20160609 (release) [ARM/embedded-5-bran
