ARM GAS  C:\Users\Abude\AppData\Local\Temp\ccgtPNGj.s 			page 1


   1              		.syntax unified
   2              		.cpu cortex-m3
   3              		.fpu softvfp
   4              		.eabi_attribute 20, 1
   5              		.eabi_attribute 21, 1
   6              		.eabi_attribute 23, 3
   7              		.eabi_attribute 24, 1
   8              		.eabi_attribute 25, 1
   9              		.eabi_attribute 26, 1
  10              		.eabi_attribute 30, 1
  11              		.eabi_attribute 34, 1
  12              		.eabi_attribute 18, 4
  13              		.thumb
  14              		.syntax unified
  15              		.file	"u8x8_gpio.c"
  16              		.text
  17              	.Ltext0:
  18              		.cfi_sections	.debug_frame
  19              		.section	.text.u8x8_gpio_call,"ax",%progbits
  20              		.align	2
  21              		.global	u8x8_gpio_call
  22              		.thumb
  23              		.thumb_func
  24              		.type	u8x8_gpio_call, %function
  25              	u8x8_gpio_call:
  26              	.LFB0:
  27              		.file 1 "..\\..\\..\\..\\..\\..\\Dev\\Library embedded l2c display\\u8g2\\csrc\\u8x8_gpio.c"
   1:..\..\..\..\..\..\Dev\Library embedded l2c display\u8g2\csrc/u8x8_gpio.c **** /*
   2:..\..\..\..\..\..\Dev\Library embedded l2c display\u8g2\csrc/u8x8_gpio.c **** 
   3:..\..\..\..\..\..\Dev\Library embedded l2c display\u8g2\csrc/u8x8_gpio.c ****   u8x8_gpio.c
   4:..\..\..\..\..\..\Dev\Library embedded l2c display\u8g2\csrc/u8x8_gpio.c ****   
   5:..\..\..\..\..\..\Dev\Library embedded l2c display\u8g2\csrc/u8x8_gpio.c ****   Universal 8bit Graphics Library (https://github.com/olikraus/u8g2/)
   6:..\..\..\..\..\..\Dev\Library embedded l2c display\u8g2\csrc/u8x8_gpio.c **** 
   7:..\..\..\..\..\..\Dev\Library embedded l2c display\u8g2\csrc/u8x8_gpio.c ****   Copyright (c) 2016, olikraus@gmail.com
   8:..\..\..\..\..\..\Dev\Library embedded l2c display\u8g2\csrc/u8x8_gpio.c ****   All rights reserved.
   9:..\..\..\..\..\..\Dev\Library embedded l2c display\u8g2\csrc/u8x8_gpio.c **** 
  10:..\..\..\..\..\..\Dev\Library embedded l2c display\u8g2\csrc/u8x8_gpio.c ****   Redistribution and use in source and binary forms, with or without modification, 
  11:..\..\..\..\..\..\Dev\Library embedded l2c display\u8g2\csrc/u8x8_gpio.c ****   are permitted provided that the following conditions are met:
  12:..\..\..\..\..\..\Dev\Library embedded l2c display\u8g2\csrc/u8x8_gpio.c **** 
  13:..\..\..\..\..\..\Dev\Library embedded l2c display\u8g2\csrc/u8x8_gpio.c ****   * Redistributions of source code must retain the above copyright notice, this list 
  14:..\..\..\..\..\..\Dev\Library embedded l2c display\u8g2\csrc/u8x8_gpio.c ****     of conditions and the following disclaimer.
  15:..\..\..\..\..\..\Dev\Library embedded l2c display\u8g2\csrc/u8x8_gpio.c ****     
  16:..\..\..\..\..\..\Dev\Library embedded l2c display\u8g2\csrc/u8x8_gpio.c ****   * Redistributions in binary form must reproduce the above copyright notice, this 
  17:..\..\..\..\..\..\Dev\Library embedded l2c display\u8g2\csrc/u8x8_gpio.c ****     list of conditions and the following disclaimer in the documentation and/or other 
  18:..\..\..\..\..\..\Dev\Library embedded l2c display\u8g2\csrc/u8x8_gpio.c ****     materials provided with the distribution.
  19:..\..\..\..\..\..\Dev\Library embedded l2c display\u8g2\csrc/u8x8_gpio.c **** 
  20:..\..\..\..\..\..\Dev\Library embedded l2c display\u8g2\csrc/u8x8_gpio.c ****   THIS SOFTWARE IS PROVIDED BY THE COPYRIGHT HOLDERS AND 
  21:..\..\..\..\..\..\Dev\Library embedded l2c display\u8g2\csrc/u8x8_gpio.c ****   CONTRIBUTORS "AS IS" AND ANY EXPRESS OR IMPLIED WARRANTIES, 
  22:..\..\..\..\..\..\Dev\Library embedded l2c display\u8g2\csrc/u8x8_gpio.c ****   INCLUDING, BUT NOT LIMITED TO, THE IMPLIED WARRANTIES OF 
  23:..\..\..\..\..\..\Dev\Library embedded l2c display\u8g2\csrc/u8x8_gpio.c ****   MERCHANTABILITY AND FITNESS FOR A PARTICULAR PURPOSE ARE 
  24:..\..\..\..\..\..\Dev\Library embedded l2c display\u8g2\csrc/u8x8_gpio.c ****   DISCLAIMED. IN NO EVENT SHALL THE COPYRIGHT HOLDER OR 
  25:..\..\..\..\..\..\Dev\Library embedded l2c display\u8g2\csrc/u8x8_gpio.c ****   CONTRIBUTORS BE LIABLE FOR ANY DIRECT, INDIRECT, INCIDENTAL, 
  26:..\..\..\..\..\..\Dev\Library embedded l2c display\u8g2\csrc/u8x8_gpio.c ****   SPECIAL, EXEMPLARY, OR CONSEQUENTIAL DAMAGES (INCLUDING, BUT 
  27:..\..\..\..\..\..\Dev\Library embedded l2c display\u8g2\csrc/u8x8_gpio.c ****   NOT LIMITED TO, PROCUREMENT OF SUBSTITUTE GOODS OR SERVICES; 
  28:..\..\..\..\..\..\Dev\Library embedded l2c display\u8g2\csrc/u8x8_gpio.c ****   LOSS OF USE, DATA, OR PROFITS; OR BUSINESS INTERRUPTION) HOWEVER 
  29:..\..\..\..\..\..\Dev\Library embedded l2c display\u8g2\csrc/u8x8_gpio.c ****   CAUSED AND ON ANY THEORY OF LIABILITY, WHETHER IN CONTRACT, 
  30:..\..\..\..\..\..\Dev\Library embedded l2c display\u8g2\csrc/u8x8_gpio.c ****   STRICT LIABILITY, OR TORT (INCLUDING NEGLIGENCE OR OTHERWISE) 
ARM GAS  C:\Users\Abude\AppData\Local\Temp\ccgtPNGj.s 			page 2


  31:..\..\..\..\..\..\Dev\Library embedded l2c display\u8g2\csrc/u8x8_gpio.c ****   ARISING IN ANY WAY OUT OF THE USE OF THIS SOFTWARE, EVEN IF 
  32:..\..\..\..\..\..\Dev\Library embedded l2c display\u8g2\csrc/u8x8_gpio.c ****   ADVISED OF THE POSSIBILITY OF SUCH DAMAGE.  
  33:..\..\..\..\..\..\Dev\Library embedded l2c display\u8g2\csrc/u8x8_gpio.c **** 
  34:..\..\..\..\..\..\Dev\Library embedded l2c display\u8g2\csrc/u8x8_gpio.c **** */
  35:..\..\..\..\..\..\Dev\Library embedded l2c display\u8g2\csrc/u8x8_gpio.c **** 
  36:..\..\..\..\..\..\Dev\Library embedded l2c display\u8g2\csrc/u8x8_gpio.c **** 
  37:..\..\..\..\..\..\Dev\Library embedded l2c display\u8g2\csrc/u8x8_gpio.c **** #include "u8x8.h"
  38:..\..\..\..\..\..\Dev\Library embedded l2c display\u8g2\csrc/u8x8_gpio.c **** 
  39:..\..\..\..\..\..\Dev\Library embedded l2c display\u8g2\csrc/u8x8_gpio.c **** 
  40:..\..\..\..\..\..\Dev\Library embedded l2c display\u8g2\csrc/u8x8_gpio.c **** void u8x8_gpio_call(u8x8_t *u8x8, uint8_t msg, uint8_t arg)
  41:..\..\..\..\..\..\Dev\Library embedded l2c display\u8g2\csrc/u8x8_gpio.c **** {
  28              		.loc 1 41 0
  29              		.cfi_startproc
  30              		@ args = 0, pretend = 0, frame = 0
  31              		@ frame_needed = 0, uses_anonymous_args = 0
  32              	.LVL0:
  33 0000 10B5     		push	{r4, lr}
  34              		.cfi_def_cfa_offset 8
  35              		.cfi_offset 4, -8
  36              		.cfi_offset 14, -4
  42:..\..\..\..\..\..\Dev\Library embedded l2c display\u8g2\csrc/u8x8_gpio.c ****   u8x8->gpio_and_delay_cb(u8x8, msg, arg, NULL);
  37              		.loc 1 42 0
  38 0002 4469     		ldr	r4, [r0, #20]
  39 0004 0023     		movs	r3, #0
  40 0006 A047     		blx	r4
  41              	.LVL1:
  42 0008 10BD     		pop	{r4, pc}
  43              		.cfi_endproc
  44              	.LFE0:
  45              		.size	u8x8_gpio_call, .-u8x8_gpio_call
  46 000a 00BF     		.text
  47              	.Letext0:
  48              		.file 2 "c:\\program files (x86)\\cypress\\psoc creator\\4.4\\psoc creator\\import\\gnu\\arm\\5.4.
  49              		.file 3 "c:\\program files (x86)\\cypress\\psoc creator\\4.4\\psoc creator\\import\\gnu\\arm\\5.4.
  50              		.file 4 "c:\\dev\\library embedded l2c display\\u8g2\\csrc\\u8x8.h"
  51              		.section	.debug_info,"",%progbits
  52              	.Ldebug_info0:
  53 0000 8F030000 		.4byte	0x38f
  54 0004 0400     		.2byte	0x4
  55 0006 00000000 		.4byte	.Ldebug_abbrev0
  56 000a 04       		.byte	0x4
  57 000b 01       		.uleb128 0x1
  58 000c C4030000 		.4byte	.LASF61
  59 0010 0C       		.byte	0xc
  60 0011 C9010000 		.4byte	.LASF62
  61 0015 29030000 		.4byte	.LASF63
  62 0019 00000000 		.4byte	.Ldebug_ranges0+0
  63 001d 00000000 		.4byte	0
  64 0021 00000000 		.4byte	.Ldebug_line0
  65 0025 02       		.uleb128 0x2
  66 0026 01       		.byte	0x1
  67 0027 06       		.byte	0x6
  68 0028 12020000 		.4byte	.LASF0
  69 002c 03       		.uleb128 0x3
  70 002d 7B010000 		.4byte	.LASF3
  71 0031 02       		.byte	0x2
  72 0032 1D       		.byte	0x1d
ARM GAS  C:\Users\Abude\AppData\Local\Temp\ccgtPNGj.s 			page 3


  73 0033 37000000 		.4byte	0x37
  74 0037 02       		.uleb128 0x2
  75 0038 01       		.byte	0x1
  76 0039 08       		.byte	0x8
  77 003a BB010000 		.4byte	.LASF1
  78 003e 02       		.uleb128 0x2
  79 003f 02       		.byte	0x2
  80 0040 05       		.byte	0x5
  81 0041 52000000 		.4byte	.LASF2
  82 0045 03       		.uleb128 0x3
  83 0046 A9000000 		.4byte	.LASF4
  84 004a 02       		.byte	0x2
  85 004b 2B       		.byte	0x2b
  86 004c 50000000 		.4byte	0x50
  87 0050 02       		.uleb128 0x2
  88 0051 02       		.byte	0x2
  89 0052 07       		.byte	0x7
  90 0053 AB020000 		.4byte	.LASF5
  91 0057 02       		.uleb128 0x2
  92 0058 04       		.byte	0x4
  93 0059 05       		.byte	0x5
  94 005a 72010000 		.4byte	.LASF6
  95 005e 03       		.uleb128 0x3
  96 005f 9E000000 		.4byte	.LASF7
  97 0063 02       		.byte	0x2
  98 0064 41       		.byte	0x41
  99 0065 69000000 		.4byte	0x69
 100 0069 02       		.uleb128 0x2
 101 006a 04       		.byte	0x4
 102 006b 07       		.byte	0x7
 103 006c 17030000 		.4byte	.LASF8
 104 0070 02       		.uleb128 0x2
 105 0071 08       		.byte	0x8
 106 0072 05       		.byte	0x5
 107 0073 45010000 		.4byte	.LASF9
 108 0077 02       		.uleb128 0x2
 109 0078 08       		.byte	0x8
 110 0079 07       		.byte	0x7
 111 007a 1E020000 		.4byte	.LASF10
 112 007e 04       		.uleb128 0x4
 113 007f 04       		.byte	0x4
 114 0080 05       		.byte	0x5
 115 0081 696E7400 		.ascii	"int\000"
 116 0085 02       		.uleb128 0x2
 117 0086 04       		.byte	0x4
 118 0087 07       		.byte	0x7
 119 0088 3E020000 		.4byte	.LASF11
 120 008c 03       		.uleb128 0x3
 121 008d C9000000 		.4byte	.LASF12
 122 0091 03       		.byte	0x3
 123 0092 18       		.byte	0x18
 124 0093 2C000000 		.4byte	0x2c
 125 0097 03       		.uleb128 0x3
 126 0098 4B020000 		.4byte	.LASF13
 127 009c 03       		.byte	0x3
 128 009d 24       		.byte	0x24
 129 009e 45000000 		.4byte	0x45
ARM GAS  C:\Users\Abude\AppData\Local\Temp\ccgtPNGj.s 			page 4


 130 00a2 03       		.uleb128 0x3
 131 00a3 35020000 		.4byte	.LASF14
 132 00a7 03       		.byte	0x3
 133 00a8 30       		.byte	0x30
 134 00a9 5E000000 		.4byte	0x5e
 135 00ad 05       		.uleb128 0x5
 136 00ae 04       		.byte	0x4
 137 00af 02       		.uleb128 0x2
 138 00b0 08       		.byte	0x8
 139 00b1 04       		.byte	0x4
 140 00b2 A3010000 		.4byte	.LASF15
 141 00b6 03       		.uleb128 0x3
 142 00b7 82020000 		.4byte	.LASF16
 143 00bb 04       		.byte	0x4
 144 00bc D2       		.byte	0xd2
 145 00bd C1000000 		.4byte	0xc1
 146 00c1 06       		.uleb128 0x6
 147 00c2 0B030000 		.4byte	.LASF37
 148 00c6 2C       		.byte	0x2c
 149 00c7 04       		.byte	0x4
 150 00c8 5501     		.2byte	0x155
 151 00ca C6010000 		.4byte	0x1c6
 152 00ce 07       		.uleb128 0x7
 153 00cf DA020000 		.4byte	.LASF17
 154 00d3 04       		.byte	0x4
 155 00d4 5701     		.2byte	0x157
 156 00d6 28030000 		.4byte	0x328
 157 00da 00       		.byte	0
 158 00db 07       		.uleb128 0x7
 159 00dc 79040000 		.4byte	.LASF18
 160 00e0 04       		.byte	0x4
 161 00e1 5801     		.2byte	0x158
 162 00e3 03030000 		.4byte	0x303
 163 00e7 04       		.byte	0x4
 164 00e8 07       		.uleb128 0x7
 165 00e9 85010000 		.4byte	.LASF19
 166 00ed 04       		.byte	0x4
 167 00ee 5901     		.2byte	0x159
 168 00f0 CE020000 		.4byte	0x2ce
 169 00f4 08       		.byte	0x8
 170 00f5 07       		.uleb128 0x7
 171 00f6 BD030000 		.4byte	.LASF20
 172 00fa 04       		.byte	0x4
 173 00fb 5A01     		.2byte	0x15a
 174 00fd CE020000 		.4byte	0x2ce
 175 0101 0C       		.byte	0xc
 176 0102 07       		.uleb128 0x7
 177 0103 6F030000 		.4byte	.LASF21
 178 0107 04       		.byte	0x4
 179 0108 5B01     		.2byte	0x15b
 180 010a CE020000 		.4byte	0x2ce
 181 010e 10       		.byte	0x10
 182 010f 07       		.uleb128 0x7
 183 0110 5C000000 		.4byte	.LASF22
 184 0114 04       		.byte	0x4
 185 0115 5C01     		.2byte	0x15c
 186 0117 CE020000 		.4byte	0x2ce
ARM GAS  C:\Users\Abude\AppData\Local\Temp\ccgtPNGj.s 			page 5


 187 011b 14       		.byte	0x14
 188 011c 07       		.uleb128 0x7
 189 011d FE000000 		.4byte	.LASF23
 190 0121 04       		.byte	0x4
 191 0122 5D01     		.2byte	0x15d
 192 0124 A2000000 		.4byte	0xa2
 193 0128 18       		.byte	0x18
 194 0129 07       		.uleb128 0x7
 195 012a 39000000 		.4byte	.LASF24
 196 012e 04       		.byte	0x4
 197 012f 5E01     		.2byte	0x15e
 198 0131 33030000 		.4byte	0x333
 199 0135 1C       		.byte	0x1c
 200 0136 07       		.uleb128 0x7
 201 0137 A8030000 		.4byte	.LASF25
 202 013b 04       		.byte	0x4
 203 013c 5F01     		.2byte	0x15f
 204 013e 97000000 		.4byte	0x97
 205 0142 20       		.byte	0x20
 206 0143 07       		.uleb128 0x7
 207 0144 00000000 		.4byte	.LASF26
 208 0148 04       		.byte	0x4
 209 0149 6001     		.2byte	0x160
 210 014b 8C000000 		.4byte	0x8c
 211 014f 22       		.byte	0x22
 212 0150 07       		.uleb128 0x7
 213 0151 09000000 		.4byte	.LASF27
 214 0155 04       		.byte	0x4
 215 0156 6101     		.2byte	0x161
 216 0158 8C000000 		.4byte	0x8c
 217 015c 23       		.byte	0x23
 218 015d 07       		.uleb128 0x7
 219 015e 8A030000 		.4byte	.LASF28
 220 0162 04       		.byte	0x4
 221 0163 6801     		.2byte	0x168
 222 0165 8C000000 		.4byte	0x8c
 223 0169 24       		.byte	0x24
 224 016a 07       		.uleb128 0x7
 225 016b B1030000 		.4byte	.LASF29
 226 016f 04       		.byte	0x4
 227 0170 6B01     		.2byte	0x16b
 228 0172 8C000000 		.4byte	0x8c
 229 0176 25       		.byte	0x25
 230 0177 07       		.uleb128 0x7
 231 0178 00030000 		.4byte	.LASF30
 232 017c 04       		.byte	0x4
 233 017d 6D01     		.2byte	0x16d
 234 017f 8C000000 		.4byte	0x8c
 235 0183 26       		.byte	0x26
 236 0184 07       		.uleb128 0x7
 237 0185 53010000 		.4byte	.LASF31
 238 0189 04       		.byte	0x4
 239 018a 6E01     		.2byte	0x16e
 240 018c 8C000000 		.4byte	0x8c
 241 0190 27       		.byte	0x27
 242 0191 07       		.uleb128 0x7
 243 0192 52040000 		.4byte	.LASF32
ARM GAS  C:\Users\Abude\AppData\Local\Temp\ccgtPNGj.s 			page 6


 244 0196 04       		.byte	0x4
 245 0197 6F01     		.2byte	0x16f
 246 0199 8C000000 		.4byte	0x8c
 247 019d 28       		.byte	0x28
 248 019e 07       		.uleb128 0x7
 249 019f 2D010000 		.4byte	.LASF33
 250 01a3 04       		.byte	0x4
 251 01a4 7001     		.2byte	0x170
 252 01a6 8C000000 		.4byte	0x8c
 253 01aa 29       		.byte	0x29
 254 01ab 07       		.uleb128 0x7
 255 01ac CB020000 		.4byte	.LASF34
 256 01b0 04       		.byte	0x4
 257 01b1 7101     		.2byte	0x171
 258 01b3 8C000000 		.4byte	0x8c
 259 01b7 2A       		.byte	0x2a
 260 01b8 07       		.uleb128 0x7
 261 01b9 3E000000 		.4byte	.LASF35
 262 01bd 04       		.byte	0x4
 263 01be 7201     		.2byte	0x172
 264 01c0 8C000000 		.4byte	0x8c
 265 01c4 2B       		.byte	0x2b
 266 01c5 00       		.byte	0
 267 01c6 03       		.uleb128 0x3
 268 01c7 19010000 		.4byte	.LASF36
 269 01cb 04       		.byte	0x4
 270 01cc D3       		.byte	0xd3
 271 01cd D1010000 		.4byte	0x1d1
 272 01d1 08       		.uleb128 0x8
 273 01d2 54020000 		.4byte	.LASF38
 274 01d6 18       		.byte	0x18
 275 01d7 04       		.byte	0x4
 276 01d8 EC       		.byte	0xec
 277 01d9 CE020000 		.4byte	0x2ce
 278 01dd 09       		.uleb128 0x9
 279 01de 27000000 		.4byte	.LASF39
 280 01e2 04       		.byte	0x4
 281 01e3 F0       		.byte	0xf0
 282 01e4 8C000000 		.4byte	0x8c
 283 01e8 00       		.byte	0
 284 01e9 09       		.uleb128 0x9
 285 01ea 77030000 		.4byte	.LASF40
 286 01ee 04       		.byte	0x4
 287 01ef F1       		.byte	0xf1
 288 01f0 8C000000 		.4byte	0x8c
 289 01f4 01       		.byte	0x1
 290 01f5 09       		.uleb128 0x9
 291 01f6 D1000000 		.4byte	.LASF41
 292 01fa 04       		.byte	0x4
 293 01fb F3       		.byte	0xf3
 294 01fc 8C000000 		.4byte	0x8c
 295 0200 02       		.byte	0x2
 296 0201 09       		.uleb128 0x9
 297 0202 81040000 		.4byte	.LASF42
 298 0206 04       		.byte	0x4
 299 0207 F4       		.byte	0xf4
 300 0208 8C000000 		.4byte	0x8c
ARM GAS  C:\Users\Abude\AppData\Local\Temp\ccgtPNGj.s 			page 7


 301 020c 03       		.byte	0x3
 302 020d 09       		.uleb128 0x9
 303 020e 6D020000 		.4byte	.LASF43
 304 0212 04       		.byte	0x4
 305 0213 F5       		.byte	0xf5
 306 0214 8C000000 		.4byte	0x8c
 307 0218 04       		.byte	0x4
 308 0219 09       		.uleb128 0x9
 309 021a 8B000000 		.4byte	.LASF44
 310 021e 04       		.byte	0x4
 311 021f F6       		.byte	0xf6
 312 0220 8C000000 		.4byte	0x8c
 313 0224 05       		.byte	0x5
 314 0225 09       		.uleb128 0x9
 315 0226 79000000 		.4byte	.LASF45
 316 022a 04       		.byte	0x4
 317 022b FD       		.byte	0xfd
 318 022c 8C000000 		.4byte	0x8c
 319 0230 06       		.byte	0x6
 320 0231 07       		.uleb128 0x7
 321 0232 5F010000 		.4byte	.LASF46
 322 0236 04       		.byte	0x4
 323 0237 0101     		.2byte	0x101
 324 0239 8C000000 		.4byte	0x8c
 325 023d 07       		.byte	0x7
 326 023e 07       		.uleb128 0x7
 327 023f 9E020000 		.4byte	.LASF47
 328 0243 04       		.byte	0x4
 329 0244 0401     		.2byte	0x104
 330 0246 A2000000 		.4byte	0xa2
 331 024a 08       		.byte	0x8
 332 024b 07       		.uleb128 0x7
 333 024c 1E000000 		.4byte	.LASF48
 334 0250 04       		.byte	0x4
 335 0251 0E01     		.2byte	0x10e
 336 0253 8C000000 		.4byte	0x8c
 337 0257 0C       		.byte	0xc
 338 0258 07       		.uleb128 0x7
 339 0259 89020000 		.4byte	.LASF49
 340 025d 04       		.byte	0x4
 341 025e 1101     		.2byte	0x111
 342 0260 8C000000 		.4byte	0x8c
 343 0264 0D       		.byte	0xd
 344 0265 07       		.uleb128 0x7
 345 0266 90010000 		.4byte	.LASF50
 346 026a 04       		.byte	0x4
 347 026b 1701     		.2byte	0x117
 348 026d 8C000000 		.4byte	0x8c
 349 0271 0E       		.byte	0xe
 350 0272 07       		.uleb128 0x7
 351 0273 B4000000 		.4byte	.LASF51
 352 0277 04       		.byte	0x4
 353 0278 1901     		.2byte	0x119
 354 027a 8C000000 		.4byte	0x8c
 355 027e 0F       		.byte	0xf
 356 027f 07       		.uleb128 0x7
 357 0280 6E000000 		.4byte	.LASF52
ARM GAS  C:\Users\Abude\AppData\Local\Temp\ccgtPNGj.s 			page 8


 358 0284 04       		.byte	0x4
 359 0285 1C01     		.2byte	0x11c
 360 0287 8C000000 		.4byte	0x8c
 361 028b 10       		.byte	0x10
 362 028c 07       		.uleb128 0x7
 363 028d AF010000 		.4byte	.LASF53
 364 0291 04       		.byte	0x4
 365 0292 1D01     		.2byte	0x11d
 366 0294 8C000000 		.4byte	0x8c
 367 0298 11       		.byte	0x11
 368 0299 07       		.uleb128 0x7
 369 029a 08010000 		.4byte	.LASF54
 370 029e 04       		.byte	0x4
 371 029f 1F01     		.2byte	0x11f
 372 02a1 8C000000 		.4byte	0x8c
 373 02a5 12       		.byte	0x12
 374 02a6 07       		.uleb128 0x7
 375 02a7 96030000 		.4byte	.LASF55
 376 02ab 04       		.byte	0x4
 377 02ac 2001     		.2byte	0x120
 378 02ae 8C000000 		.4byte	0x8c
 379 02b2 13       		.byte	0x13
 380 02b3 07       		.uleb128 0x7
 381 02b4 F4020000 		.4byte	.LASF56
 382 02b8 04       		.byte	0x4
 383 02b9 2801     		.2byte	0x128
 384 02bb 97000000 		.4byte	0x97
 385 02bf 14       		.byte	0x14
 386 02c0 07       		.uleb128 0x7
 387 02c1 E7020000 		.4byte	.LASF57
 388 02c5 04       		.byte	0x4
 389 02c6 2901     		.2byte	0x129
 390 02c8 97000000 		.4byte	0x97
 391 02cc 16       		.byte	0x16
 392 02cd 00       		.byte	0
 393 02ce 03       		.uleb128 0x3
 394 02cf 6D040000 		.4byte	.LASF58
 395 02d3 04       		.byte	0x4
 396 02d4 D6       		.byte	0xd6
 397 02d5 D9020000 		.4byte	0x2d9
 398 02d9 0A       		.uleb128 0xa
 399 02da 04       		.byte	0x4
 400 02db DF020000 		.4byte	0x2df
 401 02df 0B       		.uleb128 0xb
 402 02e0 8C000000 		.4byte	0x8c
 403 02e4 FD020000 		.4byte	0x2fd
 404 02e8 0C       		.uleb128 0xc
 405 02e9 FD020000 		.4byte	0x2fd
 406 02ed 0C       		.uleb128 0xc
 407 02ee 8C000000 		.4byte	0x8c
 408 02f2 0C       		.uleb128 0xc
 409 02f3 8C000000 		.4byte	0x8c
 410 02f7 0C       		.uleb128 0xc
 411 02f8 AD000000 		.4byte	0xad
 412 02fc 00       		.byte	0
 413 02fd 0A       		.uleb128 0xa
 414 02fe 04       		.byte	0x4
ARM GAS  C:\Users\Abude\AppData\Local\Temp\ccgtPNGj.s 			page 9


 415 02ff B6000000 		.4byte	0xb6
 416 0303 03       		.uleb128 0x3
 417 0304 BE020000 		.4byte	.LASF59
 418 0308 04       		.byte	0x4
 419 0309 D7       		.byte	0xd7
 420 030a 0E030000 		.4byte	0x30e
 421 030e 0A       		.uleb128 0xa
 422 030f 04       		.byte	0x4
 423 0310 14030000 		.4byte	0x314
 424 0314 0B       		.uleb128 0xb
 425 0315 97000000 		.4byte	0x97
 426 0319 28030000 		.4byte	0x328
 427 031d 0C       		.uleb128 0xc
 428 031e FD020000 		.4byte	0x2fd
 429 0322 0C       		.uleb128 0xc
 430 0323 8C000000 		.4byte	0x8c
 431 0327 00       		.byte	0
 432 0328 0A       		.uleb128 0xa
 433 0329 04       		.byte	0x4
 434 032a 2E030000 		.4byte	0x32e
 435 032e 0D       		.uleb128 0xd
 436 032f C6010000 		.4byte	0x1c6
 437 0333 0A       		.uleb128 0xa
 438 0334 04       		.byte	0x4
 439 0335 39030000 		.4byte	0x339
 440 0339 0D       		.uleb128 0xd
 441 033a 8C000000 		.4byte	0x8c
 442 033e 0E       		.uleb128 0xe
 443 033f EF000000 		.4byte	.LASF64
 444 0343 01       		.byte	0x1
 445 0344 28       		.byte	0x28
 446 0345 00000000 		.4byte	.LFB0
 447 0349 0A000000 		.4byte	.LFE0-.LFB0
 448 034d 01       		.uleb128 0x1
 449 034e 9C       		.byte	0x9c
 450 034f 0F       		.uleb128 0xf
 451 0350 EA000000 		.4byte	.LASF60
 452 0354 01       		.byte	0x1
 453 0355 28       		.byte	0x28
 454 0356 FD020000 		.4byte	0x2fd
 455 035a 00000000 		.4byte	.LLST0
 456 035e 10       		.uleb128 0x10
 457 035f 6D736700 		.ascii	"msg\000"
 458 0363 01       		.byte	0x1
 459 0364 28       		.byte	0x28
 460 0365 8C000000 		.4byte	0x8c
 461 0369 21000000 		.4byte	.LLST1
 462 036d 10       		.uleb128 0x10
 463 036e 61726700 		.ascii	"arg\000"
 464 0372 01       		.byte	0x1
 465 0373 28       		.byte	0x28
 466 0374 8C000000 		.4byte	0x8c
 467 0378 42000000 		.4byte	.LLST2
 468 037c 11       		.uleb128 0x11
 469 037d 08000000 		.4byte	.LVL1
 470 0381 02       		.uleb128 0x2
 471 0382 74       		.byte	0x74
ARM GAS  C:\Users\Abude\AppData\Local\Temp\ccgtPNGj.s 			page 10


 472 0383 00       		.sleb128 0
 473 0384 12       		.uleb128 0x12
 474 0385 01       		.uleb128 0x1
 475 0386 50       		.byte	0x50
 476 0387 03       		.uleb128 0x3
 477 0388 F3       		.byte	0xf3
 478 0389 01       		.uleb128 0x1
 479 038a 50       		.byte	0x50
 480 038b 12       		.uleb128 0x12
 481 038c 01       		.uleb128 0x1
 482 038d 53       		.byte	0x53
 483 038e 01       		.uleb128 0x1
 484 038f 30       		.byte	0x30
 485 0390 00       		.byte	0
 486 0391 00       		.byte	0
 487 0392 00       		.byte	0
 488              		.section	.debug_abbrev,"",%progbits
 489              	.Ldebug_abbrev0:
 490 0000 01       		.uleb128 0x1
 491 0001 11       		.uleb128 0x11
 492 0002 01       		.byte	0x1
 493 0003 25       		.uleb128 0x25
 494 0004 0E       		.uleb128 0xe
 495 0005 13       		.uleb128 0x13
 496 0006 0B       		.uleb128 0xb
 497 0007 03       		.uleb128 0x3
 498 0008 0E       		.uleb128 0xe
 499 0009 1B       		.uleb128 0x1b
 500 000a 0E       		.uleb128 0xe
 501 000b 55       		.uleb128 0x55
 502 000c 17       		.uleb128 0x17
 503 000d 11       		.uleb128 0x11
 504 000e 01       		.uleb128 0x1
 505 000f 10       		.uleb128 0x10
 506 0010 17       		.uleb128 0x17
 507 0011 00       		.byte	0
 508 0012 00       		.byte	0
 509 0013 02       		.uleb128 0x2
 510 0014 24       		.uleb128 0x24
 511 0015 00       		.byte	0
 512 0016 0B       		.uleb128 0xb
 513 0017 0B       		.uleb128 0xb
 514 0018 3E       		.uleb128 0x3e
 515 0019 0B       		.uleb128 0xb
 516 001a 03       		.uleb128 0x3
 517 001b 0E       		.uleb128 0xe
 518 001c 00       		.byte	0
 519 001d 00       		.byte	0
 520 001e 03       		.uleb128 0x3
 521 001f 16       		.uleb128 0x16
 522 0020 00       		.byte	0
 523 0021 03       		.uleb128 0x3
 524 0022 0E       		.uleb128 0xe
 525 0023 3A       		.uleb128 0x3a
 526 0024 0B       		.uleb128 0xb
 527 0025 3B       		.uleb128 0x3b
 528 0026 0B       		.uleb128 0xb
ARM GAS  C:\Users\Abude\AppData\Local\Temp\ccgtPNGj.s 			page 11


 529 0027 49       		.uleb128 0x49
 530 0028 13       		.uleb128 0x13
 531 0029 00       		.byte	0
 532 002a 00       		.byte	0
 533 002b 04       		.uleb128 0x4
 534 002c 24       		.uleb128 0x24
 535 002d 00       		.byte	0
 536 002e 0B       		.uleb128 0xb
 537 002f 0B       		.uleb128 0xb
 538 0030 3E       		.uleb128 0x3e
 539 0031 0B       		.uleb128 0xb
 540 0032 03       		.uleb128 0x3
 541 0033 08       		.uleb128 0x8
 542 0034 00       		.byte	0
 543 0035 00       		.byte	0
 544 0036 05       		.uleb128 0x5
 545 0037 0F       		.uleb128 0xf
 546 0038 00       		.byte	0
 547 0039 0B       		.uleb128 0xb
 548 003a 0B       		.uleb128 0xb
 549 003b 00       		.byte	0
 550 003c 00       		.byte	0
 551 003d 06       		.uleb128 0x6
 552 003e 13       		.uleb128 0x13
 553 003f 01       		.byte	0x1
 554 0040 03       		.uleb128 0x3
 555 0041 0E       		.uleb128 0xe
 556 0042 0B       		.uleb128 0xb
 557 0043 0B       		.uleb128 0xb
 558 0044 3A       		.uleb128 0x3a
 559 0045 0B       		.uleb128 0xb
 560 0046 3B       		.uleb128 0x3b
 561 0047 05       		.uleb128 0x5
 562 0048 01       		.uleb128 0x1
 563 0049 13       		.uleb128 0x13
 564 004a 00       		.byte	0
 565 004b 00       		.byte	0
 566 004c 07       		.uleb128 0x7
 567 004d 0D       		.uleb128 0xd
 568 004e 00       		.byte	0
 569 004f 03       		.uleb128 0x3
 570 0050 0E       		.uleb128 0xe
 571 0051 3A       		.uleb128 0x3a
 572 0052 0B       		.uleb128 0xb
 573 0053 3B       		.uleb128 0x3b
 574 0054 05       		.uleb128 0x5
 575 0055 49       		.uleb128 0x49
 576 0056 13       		.uleb128 0x13
 577 0057 38       		.uleb128 0x38
 578 0058 0B       		.uleb128 0xb
 579 0059 00       		.byte	0
 580 005a 00       		.byte	0
 581 005b 08       		.uleb128 0x8
 582 005c 13       		.uleb128 0x13
 583 005d 01       		.byte	0x1
 584 005e 03       		.uleb128 0x3
 585 005f 0E       		.uleb128 0xe
ARM GAS  C:\Users\Abude\AppData\Local\Temp\ccgtPNGj.s 			page 12


 586 0060 0B       		.uleb128 0xb
 587 0061 0B       		.uleb128 0xb
 588 0062 3A       		.uleb128 0x3a
 589 0063 0B       		.uleb128 0xb
 590 0064 3B       		.uleb128 0x3b
 591 0065 0B       		.uleb128 0xb
 592 0066 01       		.uleb128 0x1
 593 0067 13       		.uleb128 0x13
 594 0068 00       		.byte	0
 595 0069 00       		.byte	0
 596 006a 09       		.uleb128 0x9
 597 006b 0D       		.uleb128 0xd
 598 006c 00       		.byte	0
 599 006d 03       		.uleb128 0x3
 600 006e 0E       		.uleb128 0xe
 601 006f 3A       		.uleb128 0x3a
 602 0070 0B       		.uleb128 0xb
 603 0071 3B       		.uleb128 0x3b
 604 0072 0B       		.uleb128 0xb
 605 0073 49       		.uleb128 0x49
 606 0074 13       		.uleb128 0x13
 607 0075 38       		.uleb128 0x38
 608 0076 0B       		.uleb128 0xb
 609 0077 00       		.byte	0
 610 0078 00       		.byte	0
 611 0079 0A       		.uleb128 0xa
 612 007a 0F       		.uleb128 0xf
 613 007b 00       		.byte	0
 614 007c 0B       		.uleb128 0xb
 615 007d 0B       		.uleb128 0xb
 616 007e 49       		.uleb128 0x49
 617 007f 13       		.uleb128 0x13
 618 0080 00       		.byte	0
 619 0081 00       		.byte	0
 620 0082 0B       		.uleb128 0xb
 621 0083 15       		.uleb128 0x15
 622 0084 01       		.byte	0x1
 623 0085 27       		.uleb128 0x27
 624 0086 19       		.uleb128 0x19
 625 0087 49       		.uleb128 0x49
 626 0088 13       		.uleb128 0x13
 627 0089 01       		.uleb128 0x1
 628 008a 13       		.uleb128 0x13
 629 008b 00       		.byte	0
 630 008c 00       		.byte	0
 631 008d 0C       		.uleb128 0xc
 632 008e 05       		.uleb128 0x5
 633 008f 00       		.byte	0
 634 0090 49       		.uleb128 0x49
 635 0091 13       		.uleb128 0x13
 636 0092 00       		.byte	0
 637 0093 00       		.byte	0
 638 0094 0D       		.uleb128 0xd
 639 0095 26       		.uleb128 0x26
 640 0096 00       		.byte	0
 641 0097 49       		.uleb128 0x49
 642 0098 13       		.uleb128 0x13
ARM GAS  C:\Users\Abude\AppData\Local\Temp\ccgtPNGj.s 			page 13


 643 0099 00       		.byte	0
 644 009a 00       		.byte	0
 645 009b 0E       		.uleb128 0xe
 646 009c 2E       		.uleb128 0x2e
 647 009d 01       		.byte	0x1
 648 009e 3F       		.uleb128 0x3f
 649 009f 19       		.uleb128 0x19
 650 00a0 03       		.uleb128 0x3
 651 00a1 0E       		.uleb128 0xe
 652 00a2 3A       		.uleb128 0x3a
 653 00a3 0B       		.uleb128 0xb
 654 00a4 3B       		.uleb128 0x3b
 655 00a5 0B       		.uleb128 0xb
 656 00a6 27       		.uleb128 0x27
 657 00a7 19       		.uleb128 0x19
 658 00a8 11       		.uleb128 0x11
 659 00a9 01       		.uleb128 0x1
 660 00aa 12       		.uleb128 0x12
 661 00ab 06       		.uleb128 0x6
 662 00ac 40       		.uleb128 0x40
 663 00ad 18       		.uleb128 0x18
 664 00ae 9742     		.uleb128 0x2117
 665 00b0 19       		.uleb128 0x19
 666 00b1 00       		.byte	0
 667 00b2 00       		.byte	0
 668 00b3 0F       		.uleb128 0xf
 669 00b4 05       		.uleb128 0x5
 670 00b5 00       		.byte	0
 671 00b6 03       		.uleb128 0x3
 672 00b7 0E       		.uleb128 0xe
 673 00b8 3A       		.uleb128 0x3a
 674 00b9 0B       		.uleb128 0xb
 675 00ba 3B       		.uleb128 0x3b
 676 00bb 0B       		.uleb128 0xb
 677 00bc 49       		.uleb128 0x49
 678 00bd 13       		.uleb128 0x13
 679 00be 02       		.uleb128 0x2
 680 00bf 17       		.uleb128 0x17
 681 00c0 00       		.byte	0
 682 00c1 00       		.byte	0
 683 00c2 10       		.uleb128 0x10
 684 00c3 05       		.uleb128 0x5
 685 00c4 00       		.byte	0
 686 00c5 03       		.uleb128 0x3
 687 00c6 08       		.uleb128 0x8
 688 00c7 3A       		.uleb128 0x3a
 689 00c8 0B       		.uleb128 0xb
 690 00c9 3B       		.uleb128 0x3b
 691 00ca 0B       		.uleb128 0xb
 692 00cb 49       		.uleb128 0x49
 693 00cc 13       		.uleb128 0x13
 694 00cd 02       		.uleb128 0x2
 695 00ce 17       		.uleb128 0x17
 696 00cf 00       		.byte	0
 697 00d0 00       		.byte	0
 698 00d1 11       		.uleb128 0x11
 699 00d2 898201   		.uleb128 0x4109
ARM GAS  C:\Users\Abude\AppData\Local\Temp\ccgtPNGj.s 			page 14


 700 00d5 01       		.byte	0x1
 701 00d6 11       		.uleb128 0x11
 702 00d7 01       		.uleb128 0x1
 703 00d8 9342     		.uleb128 0x2113
 704 00da 18       		.uleb128 0x18
 705 00db 00       		.byte	0
 706 00dc 00       		.byte	0
 707 00dd 12       		.uleb128 0x12
 708 00de 8A8201   		.uleb128 0x410a
 709 00e1 00       		.byte	0
 710 00e2 02       		.uleb128 0x2
 711 00e3 18       		.uleb128 0x18
 712 00e4 9142     		.uleb128 0x2111
 713 00e6 18       		.uleb128 0x18
 714 00e7 00       		.byte	0
 715 00e8 00       		.byte	0
 716 00e9 00       		.byte	0
 717              		.section	.debug_loc,"",%progbits
 718              	.Ldebug_loc0:
 719              	.LLST0:
 720 0000 00000000 		.4byte	.LVL0
 721 0004 07000000 		.4byte	.LVL1-1
 722 0008 0100     		.2byte	0x1
 723 000a 50       		.byte	0x50
 724 000b 07000000 		.4byte	.LVL1-1
 725 000f 0A000000 		.4byte	.LFE0
 726 0013 0400     		.2byte	0x4
 727 0015 F3       		.byte	0xf3
 728 0016 01       		.uleb128 0x1
 729 0017 50       		.byte	0x50
 730 0018 9F       		.byte	0x9f
 731 0019 00000000 		.4byte	0
 732 001d 00000000 		.4byte	0
 733              	.LLST1:
 734 0021 00000000 		.4byte	.LVL0
 735 0025 07000000 		.4byte	.LVL1-1
 736 0029 0100     		.2byte	0x1
 737 002b 51       		.byte	0x51
 738 002c 07000000 		.4byte	.LVL1-1
 739 0030 0A000000 		.4byte	.LFE0
 740 0034 0400     		.2byte	0x4
 741 0036 F3       		.byte	0xf3
 742 0037 01       		.uleb128 0x1
 743 0038 51       		.byte	0x51
 744 0039 9F       		.byte	0x9f
 745 003a 00000000 		.4byte	0
 746 003e 00000000 		.4byte	0
 747              	.LLST2:
 748 0042 00000000 		.4byte	.LVL0
 749 0046 07000000 		.4byte	.LVL1-1
 750 004a 0100     		.2byte	0x1
 751 004c 52       		.byte	0x52
 752 004d 07000000 		.4byte	.LVL1-1
 753 0051 0A000000 		.4byte	.LFE0
 754 0055 0400     		.2byte	0x4
 755 0057 F3       		.byte	0xf3
 756 0058 01       		.uleb128 0x1
ARM GAS  C:\Users\Abude\AppData\Local\Temp\ccgtPNGj.s 			page 15


 757 0059 52       		.byte	0x52
 758 005a 9F       		.byte	0x9f
 759 005b 00000000 		.4byte	0
 760 005f 00000000 		.4byte	0
 761              		.section	.debug_aranges,"",%progbits
 762 0000 1C000000 		.4byte	0x1c
 763 0004 0200     		.2byte	0x2
 764 0006 00000000 		.4byte	.Ldebug_info0
 765 000a 04       		.byte	0x4
 766 000b 00       		.byte	0
 767 000c 0000     		.2byte	0
 768 000e 0000     		.2byte	0
 769 0010 00000000 		.4byte	.LFB0
 770 0014 0A000000 		.4byte	.LFE0-.LFB0
 771 0018 00000000 		.4byte	0
 772 001c 00000000 		.4byte	0
 773              		.section	.debug_ranges,"",%progbits
 774              	.Ldebug_ranges0:
 775 0000 00000000 		.4byte	.LFB0
 776 0004 0A000000 		.4byte	.LFE0
 777 0008 00000000 		.4byte	0
 778 000c 00000000 		.4byte	0
 779              		.section	.debug_line,"",%progbits
 780              	.Ldebug_line0:
 781 0000 AA010000 		.section	.debug_str,"MS",%progbits,1
 781      02009401 
 781      00000201 
 781      FB0E0D00 
 781      01010101 
 782              	.LASF26:
 783 0000 785F6F66 		.ascii	"x_offset\000"
 783      66736574 
 783      00
 784              	.LASF27:
 785 0009 69735F66 		.ascii	"is_font_inverse_mode\000"
 785      6F6E745F 
 785      696E7665 
 785      7273655F 
 785      6D6F6465 
 786              	.LASF48:
 787 001e 7370695F 		.ascii	"spi_mode\000"
 787      6D6F6465 
 787      00
 788              	.LASF39:
 789 0027 63686970 		.ascii	"chip_enable_level\000"
 789      5F656E61 
 789      626C655F 
 789      6C657665 
 789      6C00
 790              	.LASF24:
 791 0039 666F6E74 		.ascii	"font\000"
 791      00
 792              	.LASF35:
 793 003e 6465626F 		.ascii	"debounce_result_msg\000"
 793      756E6365 
 793      5F726573 
 793      756C745F 
ARM GAS  C:\Users\Abude\AppData\Local\Temp\ccgtPNGj.s 			page 16


 793      6D736700 
 794              	.LASF2:
 795 0052 73686F72 		.ascii	"short int\000"
 795      7420696E 
 795      7400
 796              	.LASF22:
 797 005c 6770696F 		.ascii	"gpio_and_delay_cb\000"
 797      5F616E64 
 797      5F64656C 
 797      61795F63 
 797      6200
 798              	.LASF52:
 799 006e 74696C65 		.ascii	"tile_width\000"
 799      5F776964 
 799      746800
 800              	.LASF45:
 801 0079 7364615F 		.ascii	"sda_setup_time_ns\000"
 801      73657475 
 801      705F7469 
 801      6D655F6E 
 801      7300
 802              	.LASF44:
 803 008b 706F7374 		.ascii	"post_reset_wait_ms\000"
 803      5F726573 
 803      65745F77 
 803      6169745F 
 803      6D7300
 804              	.LASF7:
 805 009e 5F5F7569 		.ascii	"__uint32_t\000"
 805      6E743332 
 805      5F7400
 806              	.LASF4:
 807 00a9 5F5F7569 		.ascii	"__uint16_t\000"
 807      6E743136 
 807      5F7400
 808              	.LASF51:
 809 00b4 77726974 		.ascii	"write_pulse_width_ns\000"
 809      655F7075 
 809      6C73655F 
 809      77696474 
 809      685F6E73 
 810              	.LASF12:
 811 00c9 75696E74 		.ascii	"uint8_t\000"
 811      385F7400 
 812              	.LASF41:
 813 00d1 706F7374 		.ascii	"post_chip_enable_wait_ns\000"
 813      5F636869 
 813      705F656E 
 813      61626C65 
 813      5F776169 
 814              	.LASF60:
 815 00ea 75387838 		.ascii	"u8x8\000"
 815      00
 816              	.LASF64:
 817 00ef 75387838 		.ascii	"u8x8_gpio_call\000"
 817      5F677069 
 817      6F5F6361 
ARM GAS  C:\Users\Abude\AppData\Local\Temp\ccgtPNGj.s 			page 17


 817      6C6C00
 818              	.LASF23:
 819 00fe 6275735F 		.ascii	"bus_clock\000"
 819      636C6F63 
 819      6B00
 820              	.LASF54:
 821 0108 64656661 		.ascii	"default_x_offset\000"
 821      756C745F 
 821      785F6F66 
 821      66736574 
 821      00
 822              	.LASF36:
 823 0119 75387838 		.ascii	"u8x8_display_info_t\000"
 823      5F646973 
 823      706C6179 
 823      5F696E66 
 823      6F5F7400 
 824              	.LASF33:
 825 012d 6465626F 		.ascii	"debounce_last_pin_state\000"
 825      756E6365 
 825      5F6C6173 
 825      745F7069 
 825      6E5F7374 
 826              	.LASF9:
 827 0145 6C6F6E67 		.ascii	"long long int\000"
 827      206C6F6E 
 827      6720696E 
 827      7400
 828              	.LASF31:
 829 0153 6770696F 		.ascii	"gpio_result\000"
 829      5F726573 
 829      756C7400 
 830              	.LASF46:
 831 015f 73636B5F 		.ascii	"sck_pulse_width_ns\000"
 831      70756C73 
 831      655F7769 
 831      6474685F 
 831      6E7300
 832              	.LASF6:
 833 0172 6C6F6E67 		.ascii	"long int\000"
 833      20696E74 
 833      00
 834              	.LASF3:
 835 017b 5F5F7569 		.ascii	"__uint8_t\000"
 835      6E74385F 
 835      7400
 836              	.LASF19:
 837 0185 64697370 		.ascii	"display_cb\000"
 837      6C61795F 
 837      636200
 838              	.LASF50:
 839 0190 64617461 		.ascii	"data_setup_time_ns\000"
 839      5F736574 
 839      75705F74 
 839      696D655F 
 839      6E7300
 840              	.LASF15:
ARM GAS  C:\Users\Abude\AppData\Local\Temp\ccgtPNGj.s 			page 18


 841 01a3 6C6F6E67 		.ascii	"long double\000"
 841      20646F75 
 841      626C6500 
 842              	.LASF53:
 843 01af 74696C65 		.ascii	"tile_height\000"
 843      5F686569 
 843      67687400 
 844              	.LASF1:
 845 01bb 756E7369 		.ascii	"unsigned char\000"
 845      676E6564 
 845      20636861 
 845      7200
 846              	.LASF62:
 847 01c9 2E2E5C2E 		.ascii	"..\\..\\..\\..\\..\\..\\Dev\\Library embedded l2c d"
 847      2E5C2E2E 
 847      5C2E2E5C 
 847      2E2E5C2E 
 847      2E5C4465 
 848 01f5 6973706C 		.ascii	"isplay\\u8g2\\csrc\\u8x8_gpio.c\000"
 848      61795C75 
 848      3867325C 
 848      63737263 
 848      5C753878 
 849              	.LASF0:
 850 0212 7369676E 		.ascii	"signed char\000"
 850      65642063 
 850      68617200 
 851              	.LASF10:
 852 021e 6C6F6E67 		.ascii	"long long unsigned int\000"
 852      206C6F6E 
 852      6720756E 
 852      7369676E 
 852      65642069 
 853              	.LASF14:
 854 0235 75696E74 		.ascii	"uint32_t\000"
 854      33325F74 
 854      00
 855              	.LASF11:
 856 023e 756E7369 		.ascii	"unsigned int\000"
 856      676E6564 
 856      20696E74 
 856      00
 857              	.LASF13:
 858 024b 75696E74 		.ascii	"uint16_t\000"
 858      31365F74 
 858      00
 859              	.LASF38:
 860 0254 75387838 		.ascii	"u8x8_display_info_struct\000"
 860      5F646973 
 860      706C6179 
 860      5F696E66 
 860      6F5F7374 
 861              	.LASF43:
 862 026d 72657365 		.ascii	"reset_pulse_width_ms\000"
 862      745F7075 
 862      6C73655F 
 862      77696474 
ARM GAS  C:\Users\Abude\AppData\Local\Temp\ccgtPNGj.s 			page 19


 862      685F6D73 
 863              	.LASF16:
 864 0282 75387838 		.ascii	"u8x8_t\000"
 864      5F7400
 865              	.LASF49:
 866 0289 6932635F 		.ascii	"i2c_bus_clock_100kHz\000"
 866      6275735F 
 866      636C6F63 
 866      6B5F3130 
 866      306B487A 
 867              	.LASF47:
 868 029e 73636B5F 		.ascii	"sck_clock_hz\000"
 868      636C6F63 
 868      6B5F687A 
 868      00
 869              	.LASF5:
 870 02ab 73686F72 		.ascii	"short unsigned int\000"
 870      7420756E 
 870      7369676E 
 870      65642069 
 870      6E7400
 871              	.LASF59:
 872 02be 75387838 		.ascii	"u8x8_char_cb\000"
 872      5F636861 
 872      725F6362 
 872      00
 873              	.LASF34:
 874 02cb 6465626F 		.ascii	"debounce_state\000"
 874      756E6365 
 874      5F737461 
 874      746500
 875              	.LASF17:
 876 02da 64697370 		.ascii	"display_info\000"
 876      6C61795F 
 876      696E666F 
 876      00
 877              	.LASF57:
 878 02e7 70697865 		.ascii	"pixel_height\000"
 878      6C5F6865 
 878      69676874 
 878      00
 879              	.LASF56:
 880 02f4 70697865 		.ascii	"pixel_width\000"
 880      6C5F7769 
 880      64746800 
 881              	.LASF30:
 882 0300 75746638 		.ascii	"utf8_state\000"
 882      5F737461 
 882      746500
 883              	.LASF37:
 884 030b 75387838 		.ascii	"u8x8_struct\000"
 884      5F737472 
 884      75637400 
 885              	.LASF8:
 886 0317 6C6F6E67 		.ascii	"long unsigned int\000"
 886      20756E73 
 886      69676E65 
ARM GAS  C:\Users\Abude\AppData\Local\Temp\ccgtPNGj.s 			page 20


 886      6420696E 
 886      7400
 887              	.LASF63:
 888 0329 433A5C55 		.ascii	"C:\\Users\\Abude\\Documents\\PSoC Creator\\Embedded"
 888      73657273 
 888      5C416275 
 888      64655C44 
 888      6F63756D 
 889 0357 53797374 		.ascii	"SystemsLab5\\Lab 5.cydsn\000"
 889      656D734C 
 889      6162355C 
 889      4C616220 
 889      352E6379 
 890              	.LASF21:
 891 036f 62797465 		.ascii	"byte_cb\000"
 891      5F636200 
 892              	.LASF40:
 893 0377 63686970 		.ascii	"chip_disable_level\000"
 893      5F646973 
 893      61626C65 
 893      5F6C6576 
 893      656C00
 894              	.LASF28:
 895 038a 6932635F 		.ascii	"i2c_address\000"
 895      61646472 
 895      65737300 
 896              	.LASF55:
 897 0396 666C6970 		.ascii	"flipmode_x_offset\000"
 897      6D6F6465 
 897      5F785F6F 
 897      66667365 
 897      7400
 898              	.LASF25:
 899 03a8 656E636F 		.ascii	"encoding\000"
 899      64696E67 
 899      00
 900              	.LASF29:
 901 03b1 6932635F 		.ascii	"i2c_started\000"
 901      73746172 
 901      74656400 
 902              	.LASF20:
 903 03bd 6361645F 		.ascii	"cad_cb\000"
 903      636200
 904              	.LASF61:
 905 03c4 474E5520 		.ascii	"GNU C11 5.4.1 20160609 (release) [ARM/embedded-5-br"
 905      43313120 
 905      352E342E 
 905      31203230 
 905      31363036 
 906 03f7 616E6368 		.ascii	"anch revision 237715] -mcpu=cortex-m3 -mthumb -g -O"
 906      20726576 
 906      6973696F 
 906      6E203233 
 906      37373135 
 907 042a 67202D66 		.ascii	"g -ffunction-sections -ffat-lto-objects\000"
 907      66756E63 
 907      74696F6E 
ARM GAS  C:\Users\Abude\AppData\Local\Temp\ccgtPNGj.s 			page 21


 907      2D736563 
 907      74696F6E 
 908              	.LASF32:
 909 0452 6465626F 		.ascii	"debounce_default_pin_state\000"
 909      756E6365 
 909      5F646566 
 909      61756C74 
 909      5F70696E 
 910              	.LASF58:
 911 046d 75387838 		.ascii	"u8x8_msg_cb\000"
 911      5F6D7367 
 911      5F636200 
 912              	.LASF18:
 913 0479 6E657874 		.ascii	"next_cb\000"
 913      5F636200 
 914              	.LASF42:
 915 0481 7072655F 		.ascii	"pre_chip_disable_wait_ns\000"
 915      63686970 
 915      5F646973 
 915      61626C65 
 915      5F776169 
 916              		.ident	"GCC: (GNU Tools for ARM Embedded Processors) 5.4.1 20160609 (release) [ARM/embedded-5-bran
