ARM GAS  C:\Users\Abude\AppData\Local\Temp\ccK0oeLf.s 			page 1


   1              		.syntax unified
   2              		.cpu cortex-m3
   3              		.fpu softvfp
   4              		.eabi_attribute 20, 1
   5              		.eabi_attribute 21, 1
   6              		.eabi_attribute 23, 3
   7              		.eabi_attribute 24, 1
   8              		.eabi_attribute 25, 1
   9              		.eabi_attribute 26, 1
  10              		.eabi_attribute 30, 1
  11              		.eabi_attribute 34, 1
  12              		.eabi_attribute 18, 4
  13              		.thumb
  14              		.syntax unified
  15              		.file	"u8x8_input_value.c"
  16              		.text
  17              	.Ltext0:
  18              		.cfi_sections	.debug_frame
  19              		.section	.text.u8x8_UserInterfaceInputValue,"ax",%progbits
  20              		.align	2
  21              		.global	u8x8_UserInterfaceInputValue
  22              		.thumb
  23              		.thumb_func
  24              		.type	u8x8_UserInterfaceInputValue, %function
  25              	u8x8_UserInterfaceInputValue:
  26              	.LFB0:
  27              		.file 1 "..\\..\\..\\..\\..\\..\\Dev\\Library embedded l2c display\\u8g2\\csrc\\u8x8_input_value.c
   1:..\..\..\..\..\..\Dev\Library embedded l2c display\u8g2\csrc/u8x8_input_value.c **** /*
   2:..\..\..\..\..\..\Dev\Library embedded l2c display\u8g2\csrc/u8x8_input_value.c **** 
   3:..\..\..\..\..\..\Dev\Library embedded l2c display\u8g2\csrc/u8x8_input_value.c ****   u8x8_input_value.c
   4:..\..\..\..\..\..\Dev\Library embedded l2c display\u8g2\csrc/u8x8_input_value.c ****   
   5:..\..\..\..\..\..\Dev\Library embedded l2c display\u8g2\csrc/u8x8_input_value.c ****   Universal 8bit Graphics Library (https://github.com/olikraus/u8g2/)
   6:..\..\..\..\..\..\Dev\Library embedded l2c display\u8g2\csrc/u8x8_input_value.c **** 
   7:..\..\..\..\..\..\Dev\Library embedded l2c display\u8g2\csrc/u8x8_input_value.c ****   Copyright (c) 2016, olikraus@gmail.com
   8:..\..\..\..\..\..\Dev\Library embedded l2c display\u8g2\csrc/u8x8_input_value.c ****   All rights reserved.
   9:..\..\..\..\..\..\Dev\Library embedded l2c display\u8g2\csrc/u8x8_input_value.c **** 
  10:..\..\..\..\..\..\Dev\Library embedded l2c display\u8g2\csrc/u8x8_input_value.c ****   Redistribution and use in source and binary forms, with or without modification, 
  11:..\..\..\..\..\..\Dev\Library embedded l2c display\u8g2\csrc/u8x8_input_value.c ****   are permitted provided that the following conditions are met:
  12:..\..\..\..\..\..\Dev\Library embedded l2c display\u8g2\csrc/u8x8_input_value.c **** 
  13:..\..\..\..\..\..\Dev\Library embedded l2c display\u8g2\csrc/u8x8_input_value.c ****   * Redistributions of source code must retain the above copyright notice, this list 
  14:..\..\..\..\..\..\Dev\Library embedded l2c display\u8g2\csrc/u8x8_input_value.c ****     of conditions and the following disclaimer.
  15:..\..\..\..\..\..\Dev\Library embedded l2c display\u8g2\csrc/u8x8_input_value.c ****     
  16:..\..\..\..\..\..\Dev\Library embedded l2c display\u8g2\csrc/u8x8_input_value.c ****   * Redistributions in binary form must reproduce the above copyright notice, this 
  17:..\..\..\..\..\..\Dev\Library embedded l2c display\u8g2\csrc/u8x8_input_value.c ****     list of conditions and the following disclaimer in the documentation and/or other 
  18:..\..\..\..\..\..\Dev\Library embedded l2c display\u8g2\csrc/u8x8_input_value.c ****     materials provided with the distribution.
  19:..\..\..\..\..\..\Dev\Library embedded l2c display\u8g2\csrc/u8x8_input_value.c **** 
  20:..\..\..\..\..\..\Dev\Library embedded l2c display\u8g2\csrc/u8x8_input_value.c ****   THIS SOFTWARE IS PROVIDED BY THE COPYRIGHT HOLDERS AND 
  21:..\..\..\..\..\..\Dev\Library embedded l2c display\u8g2\csrc/u8x8_input_value.c ****   CONTRIBUTORS "AS IS" AND ANY EXPRESS OR IMPLIED WARRANTIES, 
  22:..\..\..\..\..\..\Dev\Library embedded l2c display\u8g2\csrc/u8x8_input_value.c ****   INCLUDING, BUT NOT LIMITED TO, THE IMPLIED WARRANTIES OF 
  23:..\..\..\..\..\..\Dev\Library embedded l2c display\u8g2\csrc/u8x8_input_value.c ****   MERCHANTABILITY AND FITNESS FOR A PARTICULAR PURPOSE ARE 
  24:..\..\..\..\..\..\Dev\Library embedded l2c display\u8g2\csrc/u8x8_input_value.c ****   DISCLAIMED. IN NO EVENT SHALL THE COPYRIGHT HOLDER OR 
  25:..\..\..\..\..\..\Dev\Library embedded l2c display\u8g2\csrc/u8x8_input_value.c ****   CONTRIBUTORS BE LIABLE FOR ANY DIRECT, INDIRECT, INCIDENTAL, 
  26:..\..\..\..\..\..\Dev\Library embedded l2c display\u8g2\csrc/u8x8_input_value.c ****   SPECIAL, EXEMPLARY, OR CONSEQUENTIAL DAMAGES (INCLUDING, BUT 
  27:..\..\..\..\..\..\Dev\Library embedded l2c display\u8g2\csrc/u8x8_input_value.c ****   NOT LIMITED TO, PROCUREMENT OF SUBSTITUTE GOODS OR SERVICES; 
  28:..\..\..\..\..\..\Dev\Library embedded l2c display\u8g2\csrc/u8x8_input_value.c ****   LOSS OF USE, DATA, OR PROFITS; OR BUSINESS INTERRUPTION) HOWEVER 
  29:..\..\..\..\..\..\Dev\Library embedded l2c display\u8g2\csrc/u8x8_input_value.c ****   CAUSED AND ON ANY THEORY OF LIABILITY, WHETHER IN CONTRACT, 
  30:..\..\..\..\..\..\Dev\Library embedded l2c display\u8g2\csrc/u8x8_input_value.c ****   STRICT LIABILITY, OR TORT (INCLUDING NEGLIGENCE OR OTHERWISE) 
ARM GAS  C:\Users\Abude\AppData\Local\Temp\ccK0oeLf.s 			page 2


  31:..\..\..\..\..\..\Dev\Library embedded l2c display\u8g2\csrc/u8x8_input_value.c ****   ARISING IN ANY WAY OUT OF THE USE OF THIS SOFTWARE, EVEN IF 
  32:..\..\..\..\..\..\Dev\Library embedded l2c display\u8g2\csrc/u8x8_input_value.c ****   ADVISED OF THE POSSIBILITY OF SUCH DAMAGE.  
  33:..\..\..\..\..\..\Dev\Library embedded l2c display\u8g2\csrc/u8x8_input_value.c ****   
  34:..\..\..\..\..\..\Dev\Library embedded l2c display\u8g2\csrc/u8x8_input_value.c **** */
  35:..\..\..\..\..\..\Dev\Library embedded l2c display\u8g2\csrc/u8x8_input_value.c **** 
  36:..\..\..\..\..\..\Dev\Library embedded l2c display\u8g2\csrc/u8x8_input_value.c **** #include "u8x8.h"
  37:..\..\..\..\..\..\Dev\Library embedded l2c display\u8g2\csrc/u8x8_input_value.c **** 
  38:..\..\..\..\..\..\Dev\Library embedded l2c display\u8g2\csrc/u8x8_input_value.c **** /*
  39:..\..\..\..\..\..\Dev\Library embedded l2c display\u8g2\csrc/u8x8_input_value.c ****   return:
  40:..\..\..\..\..\..\Dev\Library embedded l2c display\u8g2\csrc/u8x8_input_value.c ****     0: value is not changed (HOME/Break Button pressed)
  41:..\..\..\..\..\..\Dev\Library embedded l2c display\u8g2\csrc/u8x8_input_value.c ****     1: value has been updated
  42:..\..\..\..\..\..\Dev\Library embedded l2c display\u8g2\csrc/u8x8_input_value.c **** */
  43:..\..\..\..\..\..\Dev\Library embedded l2c display\u8g2\csrc/u8x8_input_value.c **** 
  44:..\..\..\..\..\..\Dev\Library embedded l2c display\u8g2\csrc/u8x8_input_value.c **** uint8_t u8x8_UserInterfaceInputValue(u8x8_t *u8x8, const char *title, const char *pre, uint8_t *val
  45:..\..\..\..\..\..\Dev\Library embedded l2c display\u8g2\csrc/u8x8_input_value.c **** {
  28              		.loc 1 45 0
  29              		.cfi_startproc
  30              		@ args = 16, pretend = 0, frame = 8
  31              		@ frame_needed = 0, uses_anonymous_args = 0
  32              	.LVL0:
  33 0000 2DE9F04F 		push	{r4, r5, r6, r7, r8, r9, r10, fp, lr}
  34              		.cfi_def_cfa_offset 36
  35              		.cfi_offset 4, -36
  36              		.cfi_offset 5, -32
  37              		.cfi_offset 6, -28
  38              		.cfi_offset 7, -24
  39              		.cfi_offset 8, -20
  40              		.cfi_offset 9, -16
  41              		.cfi_offset 10, -12
  42              		.cfi_offset 11, -8
  43              		.cfi_offset 14, -4
  44 0004 85B0     		sub	sp, sp, #20
  45              		.cfi_def_cfa_offset 56
  46 0006 0546     		mov	r5, r0
  47 0008 0391     		str	r1, [sp, #12]
  48 000a 0292     		str	r2, [sp, #8]
  49 000c 9B46     		mov	fp, r3
  50 000e 9DF83890 		ldrb	r9, [sp, #56]	@ zero_extendqisi2
  51 0012 9DF83C80 		ldrb	r8, [sp, #60]	@ zero_extendqisi2
  52 0016 9DF84060 		ldrb	r6, [sp, #64]	@ zero_extendqisi2
  46:..\..\..\..\..\..\Dev\Library embedded l2c display\u8g2\csrc/u8x8_input_value.c ****   uint8_t height;
  47:..\..\..\..\..\..\Dev\Library embedded l2c display\u8g2\csrc/u8x8_input_value.c ****   uint8_t y;
  48:..\..\..\..\..\..\Dev\Library embedded l2c display\u8g2\csrc/u8x8_input_value.c ****   uint8_t width;
  49:..\..\..\..\..\..\Dev\Library embedded l2c display\u8g2\csrc/u8x8_input_value.c ****   uint8_t x;
  50:..\..\..\..\..\..\Dev\Library embedded l2c display\u8g2\csrc/u8x8_input_value.c ****   uint8_t local_value = *value;
  53              		.loc 1 50 0
  54 001a 1C78     		ldrb	r4, [r3]	@ zero_extendqisi2
  55              	.LVL1:
  51:..\..\..\..\..\..\Dev\Library embedded l2c display\u8g2\csrc/u8x8_input_value.c ****   uint8_t r;
  52:..\..\..\..\..\..\Dev\Library embedded l2c display\u8g2\csrc/u8x8_input_value.c ****   uint8_t event;
  53:..\..\..\..\..\..\Dev\Library embedded l2c display\u8g2\csrc/u8x8_input_value.c **** 
  54:..\..\..\..\..\..\Dev\Library embedded l2c display\u8g2\csrc/u8x8_input_value.c ****   /* calculate overall height of the input value box */
  55:..\..\..\..\..\..\Dev\Library embedded l2c display\u8g2\csrc/u8x8_input_value.c ****   height = 1;	/* button line */
  56:..\..\..\..\..\..\Dev\Library embedded l2c display\u8g2\csrc/u8x8_input_value.c ****   height += u8x8_GetStringLineCnt(title);
  56              		.loc 1 56 0
  57 001c 0846     		mov	r0, r1
  58              	.LVL2:
ARM GAS  C:\Users\Abude\AppData\Local\Temp\ccK0oeLf.s 			page 3


  59 001e FFF7FEFF 		bl	u8x8_GetStringLineCnt
  60              	.LVL3:
  61 0022 0130     		adds	r0, r0, #1
  62 0024 C0B2     		uxtb	r0, r0
  63              	.LVL4:
  57:..\..\..\..\..\..\Dev\Library embedded l2c display\u8g2\csrc/u8x8_input_value.c ****   
  58:..\..\..\..\..\..\Dev\Library embedded l2c display\u8g2\csrc/u8x8_input_value.c ****   /* calculate offset from top */
  59:..\..\..\..\..\..\Dev\Library embedded l2c display\u8g2\csrc/u8x8_input_value.c ****   y = 0;
  60:..\..\..\..\..\..\Dev\Library embedded l2c display\u8g2\csrc/u8x8_input_value.c ****   if ( height < u8x8_GetRows(u8x8)  )
  64              		.loc 1 60 0
  65 0026 2B68     		ldr	r3, [r5]
  66 0028 5B7C     		ldrb	r3, [r3, #17]	@ zero_extendqisi2
  67 002a 9842     		cmp	r0, r3
  68 002c 03D2     		bcs	.L13
  69              	.LVL5:
  61:..\..\..\..\..\..\Dev\Library embedded l2c display\u8g2\csrc/u8x8_input_value.c ****   {
  62:..\..\..\..\..\..\Dev\Library embedded l2c display\u8g2\csrc/u8x8_input_value.c ****     y = u8x8_GetRows(u8x8);
  63:..\..\..\..\..\..\Dev\Library embedded l2c display\u8g2\csrc/u8x8_input_value.c ****     y -= height;
  70              		.loc 1 63 0
  71 002e 181A     		subs	r0, r3, r0
  72              	.LVL6:
  64:..\..\..\..\..\..\Dev\Library embedded l2c display\u8g2\csrc/u8x8_input_value.c ****     y /= 2;
  73              		.loc 1 64 0
  74 0030 C0F3460A 		ubfx	r10, r0, #1, #7
  75              	.LVL7:
  76 0034 01E0     		b	.L2
  77              	.LVL8:
  78              	.L13:
  59:..\..\..\..\..\..\Dev\Library embedded l2c display\u8g2\csrc/u8x8_input_value.c ****   if ( height < u8x8_GetRows(u8x8)  )
  79              		.loc 1 59 0
  80 0036 4FF0000A 		mov	r10, #0
  81              	.LVL9:
  82              	.L2:
  65:..\..\..\..\..\..\Dev\Library embedded l2c display\u8g2\csrc/u8x8_input_value.c ****   }
  66:..\..\..\..\..\..\Dev\Library embedded l2c display\u8g2\csrc/u8x8_input_value.c ****   
  67:..\..\..\..\..\..\Dev\Library embedded l2c display\u8g2\csrc/u8x8_input_value.c ****   /* calculate offset from left for the label */
  68:..\..\..\..\..\..\Dev\Library embedded l2c display\u8g2\csrc/u8x8_input_value.c ****   x = 0;
  69:..\..\..\..\..\..\Dev\Library embedded l2c display\u8g2\csrc/u8x8_input_value.c ****   width = u8x8_GetUTF8Len(u8x8, pre);
  83              		.loc 1 69 0
  84 003a 0299     		ldr	r1, [sp, #8]
  85 003c 2846     		mov	r0, r5
  86 003e FFF7FEFF 		bl	u8x8_GetUTF8Len
  87              	.LVL10:
  70:..\..\..\..\..\..\Dev\Library embedded l2c display\u8g2\csrc/u8x8_input_value.c ****   width += digits;
  88              		.loc 1 70 0
  89 0042 3044     		add	r0, r0, r6
  90              	.LVL11:
  91 0044 C7B2     		uxtb	r7, r0
  92              	.LVL12:
  71:..\..\..\..\..\..\Dev\Library embedded l2c display\u8g2\csrc/u8x8_input_value.c ****   width += u8x8_GetUTF8Len(u8x8, post);
  93              		.loc 1 71 0
  94 0046 1199     		ldr	r1, [sp, #68]
  95 0048 2846     		mov	r0, r5
  96 004a FFF7FEFF 		bl	u8x8_GetUTF8Len
  97              	.LVL13:
  98 004e 3844     		add	r0, r0, r7
  99 0050 C0B2     		uxtb	r0, r0
ARM GAS  C:\Users\Abude\AppData\Local\Temp\ccK0oeLf.s 			page 4


 100              	.LVL14:
  72:..\..\..\..\..\..\Dev\Library embedded l2c display\u8g2\csrc/u8x8_input_value.c ****   if ( width < u8x8_GetCols(u8x8) )
 101              		.loc 1 72 0
 102 0052 2B68     		ldr	r3, [r5]
 103 0054 1F7C     		ldrb	r7, [r3, #16]	@ zero_extendqisi2
 104 0056 B842     		cmp	r0, r7
 105 0058 03D2     		bcs	.L14
 106              	.LVL15:
  73:..\..\..\..\..\..\Dev\Library embedded l2c display\u8g2\csrc/u8x8_input_value.c ****   {
  74:..\..\..\..\..\..\Dev\Library embedded l2c display\u8g2\csrc/u8x8_input_value.c ****     x = u8x8_GetCols(u8x8);
  75:..\..\..\..\..\..\Dev\Library embedded l2c display\u8g2\csrc/u8x8_input_value.c ****     x -= width;
 107              		.loc 1 75 0
 108 005a 3F1A     		subs	r7, r7, r0
 109              	.LVL16:
  76:..\..\..\..\..\..\Dev\Library embedded l2c display\u8g2\csrc/u8x8_input_value.c ****     x /= 2;
 110              		.loc 1 76 0
 111 005c C7F34607 		ubfx	r7, r7, #1, #7
 112              	.LVL17:
 113 0060 00E0     		b	.L3
 114              	.LVL18:
 115              	.L14:
  68:..\..\..\..\..\..\Dev\Library embedded l2c display\u8g2\csrc/u8x8_input_value.c ****   width = u8x8_GetUTF8Len(u8x8, pre);
 116              		.loc 1 68 0
 117 0062 0027     		movs	r7, #0
 118              	.LVL19:
 119              	.L3:
  77:..\..\..\..\..\..\Dev\Library embedded l2c display\u8g2\csrc/u8x8_input_value.c ****   }
  78:..\..\..\..\..\..\Dev\Library embedded l2c display\u8g2\csrc/u8x8_input_value.c ****   
  79:..\..\..\..\..\..\Dev\Library embedded l2c display\u8g2\csrc/u8x8_input_value.c ****   /* render */
  80:..\..\..\..\..\..\Dev\Library embedded l2c display\u8g2\csrc/u8x8_input_value.c ****   u8x8_ClearDisplay(u8x8);   /* required, because not everything is filled */
 120              		.loc 1 80 0
 121 0064 2846     		mov	r0, r5
 122              	.LVL20:
 123 0066 FFF7FEFF 		bl	u8x8_ClearDisplay
 124              	.LVL21:
  81:..\..\..\..\..\..\Dev\Library embedded l2c display\u8g2\csrc/u8x8_input_value.c ****   u8x8_SetInverseFont(u8x8, 0);  
 125              		.loc 1 81 0
 126 006a 0021     		movs	r1, #0
 127 006c 85F82310 		strb	r1, [r5, #35]
  82:..\..\..\..\..\..\Dev\Library embedded l2c display\u8g2\csrc/u8x8_input_value.c ****   y += u8x8_DrawUTF8Lines(u8x8, 0, y, u8x8_GetCols(u8x8), title);
 128              		.loc 1 82 0
 129 0070 2B68     		ldr	r3, [r5]
 130 0072 1B7C     		ldrb	r3, [r3, #16]	@ zero_extendqisi2
 131 0074 039A     		ldr	r2, [sp, #12]
 132 0076 0092     		str	r2, [sp]
 133 0078 5246     		mov	r2, r10
 134 007a 2846     		mov	r0, r5
 135 007c FFF7FEFF 		bl	u8x8_DrawUTF8Lines
 136              	.LVL22:
 137 0080 5044     		add	r0, r0, r10
 138 0082 5FFA80FA 		uxtb	r10, r0
 139              	.LVL23:
  83:..\..\..\..\..\..\Dev\Library embedded l2c display\u8g2\csrc/u8x8_input_value.c ****   x += u8x8_DrawUTF8(u8x8, x, y, pre);
 140              		.loc 1 83 0
 141 0086 029B     		ldr	r3, [sp, #8]
 142 0088 5246     		mov	r2, r10
 143 008a 3946     		mov	r1, r7
ARM GAS  C:\Users\Abude\AppData\Local\Temp\ccK0oeLf.s 			page 5


 144 008c 2846     		mov	r0, r5
 145 008e FFF7FEFF 		bl	u8x8_DrawUTF8
 146              	.LVL24:
 147 0092 3844     		add	r0, r0, r7
 148 0094 C7B2     		uxtb	r7, r0
 149              	.LVL25:
  84:..\..\..\..\..\..\Dev\Library embedded l2c display\u8g2\csrc/u8x8_input_value.c ****   u8x8_DrawUTF8(u8x8, x+digits, y, post);
 150              		.loc 1 84 0
 151 0096 F119     		adds	r1, r6, r7
 152 0098 119B     		ldr	r3, [sp, #68]
 153 009a 5246     		mov	r2, r10
 154 009c C9B2     		uxtb	r1, r1
 155 009e 2846     		mov	r0, r5
 156 00a0 FFF7FEFF 		bl	u8x8_DrawUTF8
 157              	.LVL26:
  85:..\..\..\..\..\..\Dev\Library embedded l2c display\u8g2\csrc/u8x8_input_value.c ****   u8x8_SetInverseFont(u8x8, 1);
 158              		.loc 1 85 0
 159 00a4 0123     		movs	r3, #1
 160 00a6 85F82330 		strb	r3, [r5, #35]
  86:..\..\..\..\..\..\Dev\Library embedded l2c display\u8g2\csrc/u8x8_input_value.c ****   
  87:..\..\..\..\..\..\Dev\Library embedded l2c display\u8g2\csrc/u8x8_input_value.c ****   /* event loop */
  88:..\..\..\..\..\..\Dev\Library embedded l2c display\u8g2\csrc/u8x8_input_value.c ****   u8x8_DrawUTF8(u8x8, x, y, u8x8_u8toa(local_value, digits));
 161              		.loc 1 88 0
 162 00aa 3146     		mov	r1, r6
 163 00ac 2046     		mov	r0, r4
 164 00ae FFF7FEFF 		bl	u8x8_u8toa
 165              	.LVL27:
 166 00b2 0346     		mov	r3, r0
 167 00b4 5246     		mov	r2, r10
 168 00b6 3946     		mov	r1, r7
 169 00b8 2846     		mov	r0, r5
 170 00ba FFF7FEFF 		bl	u8x8_DrawUTF8
 171              	.LVL28:
 172              	.L4:
  89:..\..\..\..\..\..\Dev\Library embedded l2c display\u8g2\csrc/u8x8_input_value.c ****   for(;;)
  90:..\..\..\..\..\..\Dev\Library embedded l2c display\u8g2\csrc/u8x8_input_value.c ****   {
  91:..\..\..\..\..\..\Dev\Library embedded l2c display\u8g2\csrc/u8x8_input_value.c ****     event = u8x8_GetMenuEvent(u8x8);
 173              		.loc 1 91 0
 174 00be 2846     		mov	r0, r5
 175 00c0 FFF7FEFF 		bl	u8x8_GetMenuEvent
 176              	.LVL29:
  92:..\..\..\..\..\..\Dev\Library embedded l2c display\u8g2\csrc/u8x8_input_value.c ****     if ( event == U8X8_MSG_GPIO_MENU_SELECT )
 177              		.loc 1 92 0
 178 00c4 5028     		cmp	r0, #80
 179 00c6 03D1     		bne	.L5
  93:..\..\..\..\..\..\Dev\Library embedded l2c display\u8g2\csrc/u8x8_input_value.c ****     {
  94:..\..\..\..\..\..\Dev\Library embedded l2c display\u8g2\csrc/u8x8_input_value.c ****       *value = local_value;
 180              		.loc 1 94 0
 181 00c8 8BF80040 		strb	r4, [fp]
 182              	.LVL30:
  95:..\..\..\..\..\..\Dev\Library embedded l2c display\u8g2\csrc/u8x8_input_value.c ****       r = 1;
 183              		.loc 1 95 0
 184 00cc 0120     		movs	r0, #1
 185              	.LVL31:
  96:..\..\..\..\..\..\Dev\Library embedded l2c display\u8g2\csrc/u8x8_input_value.c ****       break;
 186              		.loc 1 96 0
 187 00ce 2CE0     		b	.L6
ARM GAS  C:\Users\Abude\AppData\Local\Temp\ccK0oeLf.s 			page 6


 188              	.LVL32:
 189              	.L5:
  97:..\..\..\..\..\..\Dev\Library embedded l2c display\u8g2\csrc/u8x8_input_value.c ****     }
  98:..\..\..\..\..\..\Dev\Library embedded l2c display\u8g2\csrc/u8x8_input_value.c ****     else if ( event == U8X8_MSG_GPIO_MENU_HOME )
 190              		.loc 1 98 0
 191 00d0 5328     		cmp	r0, #83
 192 00d2 29D0     		beq	.L15
  99:..\..\..\..\..\..\Dev\Library embedded l2c display\u8g2\csrc/u8x8_input_value.c ****     {
 100:..\..\..\..\..\..\Dev\Library embedded l2c display\u8g2\csrc/u8x8_input_value.c ****       r = 0;
 101:..\..\..\..\..\..\Dev\Library embedded l2c display\u8g2\csrc/u8x8_input_value.c ****       break;
 102:..\..\..\..\..\..\Dev\Library embedded l2c display\u8g2\csrc/u8x8_input_value.c ****     }
 103:..\..\..\..\..\..\Dev\Library embedded l2c display\u8g2\csrc/u8x8_input_value.c ****     else if ( event == U8X8_MSG_GPIO_MENU_NEXT || event == U8X8_MSG_GPIO_MENU_UP )
 193              		.loc 1 103 0
 194 00d4 5128     		cmp	r0, #81
 195 00d6 01D0     		beq	.L7
 196              		.loc 1 103 0 is_stmt 0 discriminator 1
 197 00d8 5428     		cmp	r0, #84
 198 00da 10D1     		bne	.L8
 199              	.L7:
 104:..\..\..\..\..\..\Dev\Library embedded l2c display\u8g2\csrc/u8x8_input_value.c ****     {
 105:..\..\..\..\..\..\Dev\Library embedded l2c display\u8g2\csrc/u8x8_input_value.c ****       if ( local_value >= hi )
 200              		.loc 1 105 0 is_stmt 1
 201 00dc 4445     		cmp	r4, r8
 202 00de 02D2     		bcs	.L16
 106:..\..\..\..\..\..\Dev\Library embedded l2c display\u8g2\csrc/u8x8_input_value.c **** 	local_value = lo;
 107:..\..\..\..\..\..\Dev\Library embedded l2c display\u8g2\csrc/u8x8_input_value.c ****       else
 108:..\..\..\..\..\..\Dev\Library embedded l2c display\u8g2\csrc/u8x8_input_value.c **** 	local_value++;
 203              		.loc 1 108 0
 204 00e0 0134     		adds	r4, r4, #1
 205              	.LVL33:
 206 00e2 E4B2     		uxtb	r4, r4
 207              	.LVL34:
 208 00e4 00E0     		b	.L9
 209              	.L16:
 106:..\..\..\..\..\..\Dev\Library embedded l2c display\u8g2\csrc/u8x8_input_value.c **** 	local_value = lo;
 210              		.loc 1 106 0
 211 00e6 4C46     		mov	r4, r9
 212              	.LVL35:
 213              	.L9:
 109:..\..\..\..\..\..\Dev\Library embedded l2c display\u8g2\csrc/u8x8_input_value.c ****       u8x8_DrawUTF8(u8x8, x, y, u8x8_u8toa(local_value, digits));
 214              		.loc 1 109 0
 215 00e8 3146     		mov	r1, r6
 216 00ea 2046     		mov	r0, r4
 217              	.LVL36:
 218 00ec FFF7FEFF 		bl	u8x8_u8toa
 219              	.LVL37:
 220 00f0 0346     		mov	r3, r0
 221 00f2 5246     		mov	r2, r10
 222 00f4 3946     		mov	r1, r7
 223 00f6 2846     		mov	r0, r5
 224 00f8 FFF7FEFF 		bl	u8x8_DrawUTF8
 225              	.LVL38:
 226 00fc DFE7     		b	.L4
 227              	.LVL39:
 228              	.L8:
 110:..\..\..\..\..\..\Dev\Library embedded l2c display\u8g2\csrc/u8x8_input_value.c ****     }
 111:..\..\..\..\..\..\Dev\Library embedded l2c display\u8g2\csrc/u8x8_input_value.c ****     else if ( event == U8X8_MSG_GPIO_MENU_PREV || event == U8X8_MSG_GPIO_MENU_DOWN )
ARM GAS  C:\Users\Abude\AppData\Local\Temp\ccK0oeLf.s 			page 7


 229              		.loc 1 111 0
 230 00fe 5228     		cmp	r0, #82
 231 0100 01D0     		beq	.L11
 232              		.loc 1 111 0 is_stmt 0 discriminator 1
 233 0102 5528     		cmp	r0, #85
 234 0104 DBD1     		bne	.L4
 235              	.L11:
 112:..\..\..\..\..\..\Dev\Library embedded l2c display\u8g2\csrc/u8x8_input_value.c ****     {
 113:..\..\..\..\..\..\Dev\Library embedded l2c display\u8g2\csrc/u8x8_input_value.c ****       if ( local_value <= lo )
 236              		.loc 1 113 0 is_stmt 1
 237 0106 4C45     		cmp	r4, r9
 238 0108 02D9     		bls	.L17
 114:..\..\..\..\..\..\Dev\Library embedded l2c display\u8g2\csrc/u8x8_input_value.c **** 	local_value = hi;
 115:..\..\..\..\..\..\Dev\Library embedded l2c display\u8g2\csrc/u8x8_input_value.c ****       else
 116:..\..\..\..\..\..\Dev\Library embedded l2c display\u8g2\csrc/u8x8_input_value.c **** 	local_value--;
 239              		.loc 1 116 0
 240 010a 013C     		subs	r4, r4, #1
 241              	.LVL40:
 242 010c E4B2     		uxtb	r4, r4
 243              	.LVL41:
 244 010e 00E0     		b	.L12
 245              	.L17:
 114:..\..\..\..\..\..\Dev\Library embedded l2c display\u8g2\csrc/u8x8_input_value.c **** 	local_value = hi;
 246              		.loc 1 114 0
 247 0110 4446     		mov	r4, r8
 248              	.LVL42:
 249              	.L12:
 117:..\..\..\..\..\..\Dev\Library embedded l2c display\u8g2\csrc/u8x8_input_value.c ****       u8x8_DrawUTF8(u8x8, x, y, u8x8_u8toa(local_value, digits));
 250              		.loc 1 117 0
 251 0112 3146     		mov	r1, r6
 252 0114 2046     		mov	r0, r4
 253              	.LVL43:
 254 0116 FFF7FEFF 		bl	u8x8_u8toa
 255              	.LVL44:
 256 011a 0346     		mov	r3, r0
 257 011c 5246     		mov	r2, r10
 258 011e 3946     		mov	r1, r7
 259 0120 2846     		mov	r0, r5
 260 0122 FFF7FEFF 		bl	u8x8_DrawUTF8
 261              	.LVL45:
 262 0126 CAE7     		b	.L4
 263              	.LVL46:
 264              	.L15:
 100:..\..\..\..\..\..\Dev\Library embedded l2c display\u8g2\csrc/u8x8_input_value.c ****       break;
 265              		.loc 1 100 0
 266 0128 0020     		movs	r0, #0
 267              	.LVL47:
 268              	.L6:
 118:..\..\..\..\..\..\Dev\Library embedded l2c display\u8g2\csrc/u8x8_input_value.c ****     }        
 119:..\..\..\..\..\..\Dev\Library embedded l2c display\u8g2\csrc/u8x8_input_value.c ****   }
 120:..\..\..\..\..\..\Dev\Library embedded l2c display\u8g2\csrc/u8x8_input_value.c ****   
 121:..\..\..\..\..\..\Dev\Library embedded l2c display\u8g2\csrc/u8x8_input_value.c ****   u8x8_SetInverseFont(u8x8, 0);
 269              		.loc 1 121 0
 270 012a 0023     		movs	r3, #0
 271 012c 85F82330 		strb	r3, [r5, #35]
 122:..\..\..\..\..\..\Dev\Library embedded l2c display\u8g2\csrc/u8x8_input_value.c ****   return r;  
 123:..\..\..\..\..\..\Dev\Library embedded l2c display\u8g2\csrc/u8x8_input_value.c **** }
ARM GAS  C:\Users\Abude\AppData\Local\Temp\ccK0oeLf.s 			page 8


 272              		.loc 1 123 0
 273 0130 05B0     		add	sp, sp, #20
 274              		.cfi_def_cfa_offset 36
 275              		@ sp needed
 276 0132 BDE8F08F 		pop	{r4, r5, r6, r7, r8, r9, r10, fp, pc}
 277              		.cfi_endproc
 278              	.LFE0:
 279              		.size	u8x8_UserInterfaceInputValue, .-u8x8_UserInterfaceInputValue
 280 0136 00BF     		.text
 281              	.Letext0:
 282              		.file 2 "c:\\program files (x86)\\cypress\\psoc creator\\4.4\\psoc creator\\import\\gnu\\arm\\5.4.
 283              		.file 3 "c:\\program files (x86)\\cypress\\psoc creator\\4.4\\psoc creator\\import\\gnu\\arm\\5.4.
 284              		.file 4 "c:\\dev\\library embedded l2c display\\u8g2\\csrc\\u8x8.h"
 285              		.section	.debug_info,"",%progbits
 286              	.Ldebug_info0:
 287 0000 2B060000 		.4byte	0x62b
 288 0004 0400     		.2byte	0x4
 289 0006 00000000 		.4byte	.Ldebug_abbrev0
 290 000a 04       		.byte	0x4
 291 000b 01       		.uleb128 0x1
 292 000c 7D040000 		.4byte	.LASF77
 293 0010 0C       		.byte	0xc
 294 0011 F3030000 		.4byte	.LASF78
 295 0015 92030000 		.4byte	.LASF79
 296 0019 00000000 		.4byte	.Ldebug_ranges0+0
 297 001d 00000000 		.4byte	0
 298 0021 00000000 		.4byte	.Ldebug_line0
 299 0025 02       		.uleb128 0x2
 300 0026 01       		.byte	0x1
 301 0027 06       		.byte	0x6
 302 0028 4A020000 		.4byte	.LASF0
 303 002c 03       		.uleb128 0x3
 304 002d E5010000 		.4byte	.LASF3
 305 0031 02       		.byte	0x2
 306 0032 1D       		.byte	0x1d
 307 0033 37000000 		.4byte	0x37
 308 0037 02       		.uleb128 0x2
 309 0038 01       		.byte	0x1
 310 0039 08       		.byte	0x8
 311 003a 3C020000 		.4byte	.LASF1
 312 003e 02       		.uleb128 0x2
 313 003f 02       		.byte	0x2
 314 0040 05       		.byte	0x5
 315 0041 62000000 		.4byte	.LASF2
 316 0045 03       		.uleb128 0x3
 317 0046 EE000000 		.4byte	.LASF4
 318 004a 02       		.byte	0x2
 319 004b 2B       		.byte	0x2b
 320 004c 50000000 		.4byte	0x50
 321 0050 02       		.uleb128 0x2
 322 0051 02       		.byte	0x2
 323 0052 07       		.byte	0x7
 324 0053 EA020000 		.4byte	.LASF5
 325 0057 02       		.uleb128 0x2
 326 0058 04       		.byte	0x4
 327 0059 05       		.byte	0x5
 328 005a DC010000 		.4byte	.LASF6
ARM GAS  C:\Users\Abude\AppData\Local\Temp\ccK0oeLf.s 			page 9


 329 005e 03       		.uleb128 0x3
 330 005f DD000000 		.4byte	.LASF7
 331 0063 02       		.byte	0x2
 332 0064 41       		.byte	0x41
 333 0065 69000000 		.4byte	0x69
 334 0069 02       		.uleb128 0x2
 335 006a 04       		.byte	0x4
 336 006b 07       		.byte	0x7
 337 006c 80030000 		.4byte	.LASF8
 338 0070 02       		.uleb128 0x2
 339 0071 08       		.byte	0x8
 340 0072 05       		.byte	0x5
 341 0073 AF010000 		.4byte	.LASF9
 342 0077 02       		.uleb128 0x2
 343 0078 08       		.byte	0x8
 344 0079 07       		.byte	0x7
 345 007a 56020000 		.4byte	.LASF10
 346 007e 04       		.uleb128 0x4
 347 007f 04       		.byte	0x4
 348 0080 05       		.byte	0x5
 349 0081 696E7400 		.ascii	"int\000"
 350 0085 02       		.uleb128 0x2
 351 0086 04       		.byte	0x4
 352 0087 07       		.byte	0x7
 353 0088 7D020000 		.4byte	.LASF11
 354 008c 03       		.uleb128 0x3
 355 008d 14010000 		.4byte	.LASF12
 356 0091 03       		.byte	0x3
 357 0092 18       		.byte	0x18
 358 0093 2C000000 		.4byte	0x2c
 359 0097 03       		.uleb128 0x3
 360 0098 8A020000 		.4byte	.LASF13
 361 009c 03       		.byte	0x3
 362 009d 24       		.byte	0x24
 363 009e 45000000 		.4byte	0x45
 364 00a2 03       		.uleb128 0x3
 365 00a3 6D020000 		.4byte	.LASF14
 366 00a7 03       		.byte	0x3
 367 00a8 30       		.byte	0x30
 368 00a9 5E000000 		.4byte	0x5e
 369 00ad 05       		.uleb128 0x5
 370 00ae 04       		.byte	0x4
 371 00af 02       		.uleb128 0x2
 372 00b0 08       		.byte	0x8
 373 00b1 04       		.byte	0x4
 374 00b2 24020000 		.4byte	.LASF15
 375 00b6 03       		.uleb128 0x3
 376 00b7 C1020000 		.4byte	.LASF16
 377 00bb 04       		.byte	0x4
 378 00bc D2       		.byte	0xd2
 379 00bd C1000000 		.4byte	0xc1
 380 00c1 06       		.uleb128 0x6
 381 00c2 74030000 		.4byte	.LASF37
 382 00c6 2C       		.byte	0x2c
 383 00c7 04       		.byte	0x4
 384 00c8 5501     		.2byte	0x155
 385 00ca C6010000 		.4byte	0x1c6
ARM GAS  C:\Users\Abude\AppData\Local\Temp\ccK0oeLf.s 			page 10


 386 00ce 07       		.uleb128 0x7
 387 00cf 1E030000 		.4byte	.LASF17
 388 00d3 04       		.byte	0x4
 389 00d4 5701     		.2byte	0x157
 390 00d6 2E030000 		.4byte	0x32e
 391 00da 00       		.byte	0
 392 00db 07       		.uleb128 0x7
 393 00dc 32050000 		.4byte	.LASF18
 394 00e0 04       		.byte	0x4
 395 00e1 5801     		.2byte	0x158
 396 00e3 03030000 		.4byte	0x303
 397 00e7 04       		.byte	0x4
 398 00e8 07       		.uleb128 0x7
 399 00e9 EF010000 		.4byte	.LASF19
 400 00ed 04       		.byte	0x4
 401 00ee 5901     		.2byte	0x159
 402 00f0 CE020000 		.4byte	0x2ce
 403 00f4 08       		.byte	0x8
 404 00f5 07       		.uleb128 0x7
 405 00f6 76040000 		.4byte	.LASF20
 406 00fa 04       		.byte	0x4
 407 00fb 5A01     		.2byte	0x15a
 408 00fd CE020000 		.4byte	0x2ce
 409 0101 0C       		.byte	0xc
 410 0102 07       		.uleb128 0x7
 411 0103 D8030000 		.4byte	.LASF21
 412 0107 04       		.byte	0x4
 413 0108 5B01     		.2byte	0x15b
 414 010a CE020000 		.4byte	0x2ce
 415 010e 10       		.byte	0x10
 416 010f 07       		.uleb128 0x7
 417 0110 6C000000 		.4byte	.LASF22
 418 0114 04       		.byte	0x4
 419 0115 5C01     		.2byte	0x15c
 420 0117 CE020000 		.4byte	0x2ce
 421 011b 14       		.byte	0x14
 422 011c 07       		.uleb128 0x7
 423 011d 68010000 		.4byte	.LASF23
 424 0121 04       		.byte	0x4
 425 0122 5D01     		.2byte	0x15d
 426 0124 A2000000 		.4byte	0xa2
 427 0128 18       		.byte	0x18
 428 0129 07       		.uleb128 0x7
 429 012a 49000000 		.4byte	.LASF24
 430 012e 04       		.byte	0x4
 431 012f 5E01     		.2byte	0x15e
 432 0131 39030000 		.4byte	0x339
 433 0135 1C       		.byte	0x1c
 434 0136 07       		.uleb128 0x7
 435 0137 61040000 		.4byte	.LASF25
 436 013b 04       		.byte	0x4
 437 013c 5F01     		.2byte	0x15f
 438 013e 97000000 		.4byte	0x97
 439 0142 20       		.byte	0x20
 440 0143 07       		.uleb128 0x7
 441 0144 10000000 		.4byte	.LASF26
 442 0148 04       		.byte	0x4
ARM GAS  C:\Users\Abude\AppData\Local\Temp\ccK0oeLf.s 			page 11


 443 0149 6001     		.2byte	0x160
 444 014b 8C000000 		.4byte	0x8c
 445 014f 22       		.byte	0x22
 446 0150 07       		.uleb128 0x7
 447 0151 19000000 		.4byte	.LASF27
 448 0155 04       		.byte	0x4
 449 0156 6101     		.2byte	0x161
 450 0158 8C000000 		.4byte	0x8c
 451 015c 23       		.byte	0x23
 452 015d 07       		.uleb128 0x7
 453 015e 43040000 		.4byte	.LASF28
 454 0162 04       		.byte	0x4
 455 0163 6801     		.2byte	0x168
 456 0165 8C000000 		.4byte	0x8c
 457 0169 24       		.byte	0x24
 458 016a 07       		.uleb128 0x7
 459 016b 6A040000 		.4byte	.LASF29
 460 016f 04       		.byte	0x4
 461 0170 6B01     		.2byte	0x16b
 462 0172 8C000000 		.4byte	0x8c
 463 0176 25       		.byte	0x25
 464 0177 07       		.uleb128 0x7
 465 0178 69030000 		.4byte	.LASF30
 466 017c 04       		.byte	0x4
 467 017d 6D01     		.2byte	0x16d
 468 017f 8C000000 		.4byte	0x8c
 469 0183 26       		.byte	0x26
 470 0184 07       		.uleb128 0x7
 471 0185 BD010000 		.4byte	.LASF31
 472 0189 04       		.byte	0x4
 473 018a 6E01     		.2byte	0x16e
 474 018c 8C000000 		.4byte	0x8c
 475 0190 27       		.byte	0x27
 476 0191 07       		.uleb128 0x7
 477 0192 0B050000 		.4byte	.LASF32
 478 0196 04       		.byte	0x4
 479 0197 6F01     		.2byte	0x16f
 480 0199 8C000000 		.4byte	0x8c
 481 019d 28       		.byte	0x28
 482 019e 07       		.uleb128 0x7
 483 019f 97010000 		.4byte	.LASF33
 484 01a3 04       		.byte	0x4
 485 01a4 7001     		.2byte	0x170
 486 01a6 8C000000 		.4byte	0x8c
 487 01aa 29       		.byte	0x29
 488 01ab 07       		.uleb128 0x7
 489 01ac 0F030000 		.4byte	.LASF34
 490 01b0 04       		.byte	0x4
 491 01b1 7101     		.2byte	0x171
 492 01b3 8C000000 		.4byte	0x8c
 493 01b7 2A       		.byte	0x2a
 494 01b8 07       		.uleb128 0x7
 495 01b9 4E000000 		.4byte	.LASF35
 496 01bd 04       		.byte	0x4
 497 01be 7201     		.2byte	0x172
 498 01c0 8C000000 		.4byte	0x8c
 499 01c4 2B       		.byte	0x2b
ARM GAS  C:\Users\Abude\AppData\Local\Temp\ccK0oeLf.s 			page 12


 500 01c5 00       		.byte	0
 501 01c6 03       		.uleb128 0x3
 502 01c7 83010000 		.4byte	.LASF36
 503 01cb 04       		.byte	0x4
 504 01cc D3       		.byte	0xd3
 505 01cd D1010000 		.4byte	0x1d1
 506 01d1 08       		.uleb128 0x8
 507 01d2 93020000 		.4byte	.LASF38
 508 01d6 18       		.byte	0x18
 509 01d7 04       		.byte	0x4
 510 01d8 EC       		.byte	0xec
 511 01d9 CE020000 		.4byte	0x2ce
 512 01dd 09       		.uleb128 0x9
 513 01de 37000000 		.4byte	.LASF39
 514 01e2 04       		.byte	0x4
 515 01e3 F0       		.byte	0xf0
 516 01e4 8C000000 		.4byte	0x8c
 517 01e8 00       		.byte	0
 518 01e9 09       		.uleb128 0x9
 519 01ea E0030000 		.4byte	.LASF40
 520 01ee 04       		.byte	0x4
 521 01ef F1       		.byte	0xf1
 522 01f0 8C000000 		.4byte	0x8c
 523 01f4 01       		.byte	0x1
 524 01f5 09       		.uleb128 0x9
 525 01f6 1C010000 		.4byte	.LASF41
 526 01fa 04       		.byte	0x4
 527 01fb F3       		.byte	0xf3
 528 01fc 8C000000 		.4byte	0x8c
 529 0200 02       		.byte	0x2
 530 0201 09       		.uleb128 0x9
 531 0202 48050000 		.4byte	.LASF42
 532 0206 04       		.byte	0x4
 533 0207 F4       		.byte	0xf4
 534 0208 8C000000 		.4byte	0x8c
 535 020c 03       		.byte	0x3
 536 020d 09       		.uleb128 0x9
 537 020e AC020000 		.4byte	.LASF43
 538 0212 04       		.byte	0x4
 539 0213 F5       		.byte	0xf5
 540 0214 8C000000 		.4byte	0x8c
 541 0218 04       		.byte	0x4
 542 0219 09       		.uleb128 0x9
 543 021a CA000000 		.4byte	.LASF44
 544 021e 04       		.byte	0x4
 545 021f F6       		.byte	0xf6
 546 0220 8C000000 		.4byte	0x8c
 547 0224 05       		.byte	0x5
 548 0225 09       		.uleb128 0x9
 549 0226 B8000000 		.4byte	.LASF45
 550 022a 04       		.byte	0x4
 551 022b FD       		.byte	0xfd
 552 022c 8C000000 		.4byte	0x8c
 553 0230 06       		.byte	0x6
 554 0231 07       		.uleb128 0x7
 555 0232 C9010000 		.4byte	.LASF46
 556 0236 04       		.byte	0x4
ARM GAS  C:\Users\Abude\AppData\Local\Temp\ccK0oeLf.s 			page 13


 557 0237 0101     		.2byte	0x101
 558 0239 8C000000 		.4byte	0x8c
 559 023d 07       		.byte	0x7
 560 023e 07       		.uleb128 0x7
 561 023f DD020000 		.4byte	.LASF47
 562 0243 04       		.byte	0x4
 563 0244 0401     		.2byte	0x104
 564 0246 A2000000 		.4byte	0xa2
 565 024a 08       		.byte	0x8
 566 024b 07       		.uleb128 0x7
 567 024c 2E000000 		.4byte	.LASF48
 568 0250 04       		.byte	0x4
 569 0251 0E01     		.2byte	0x10e
 570 0253 8C000000 		.4byte	0x8c
 571 0257 0C       		.byte	0xc
 572 0258 07       		.uleb128 0x7
 573 0259 C8020000 		.4byte	.LASF49
 574 025d 04       		.byte	0x4
 575 025e 1101     		.2byte	0x111
 576 0260 8C000000 		.4byte	0x8c
 577 0264 0D       		.byte	0xd
 578 0265 07       		.uleb128 0x7
 579 0266 01020000 		.4byte	.LASF50
 580 026a 04       		.byte	0x4
 581 026b 1701     		.2byte	0x117
 582 026d 8C000000 		.4byte	0x8c
 583 0271 0E       		.byte	0xe
 584 0272 07       		.uleb128 0x7
 585 0273 FF000000 		.4byte	.LASF51
 586 0277 04       		.byte	0x4
 587 0278 1901     		.2byte	0x119
 588 027a 8C000000 		.4byte	0x8c
 589 027e 0F       		.byte	0xf
 590 027f 07       		.uleb128 0x7
 591 0280 7E000000 		.4byte	.LASF52
 592 0284 04       		.byte	0x4
 593 0285 1C01     		.2byte	0x11c
 594 0287 8C000000 		.4byte	0x8c
 595 028b 10       		.byte	0x10
 596 028c 07       		.uleb128 0x7
 597 028d 30020000 		.4byte	.LASF53
 598 0291 04       		.byte	0x4
 599 0292 1D01     		.2byte	0x11d
 600 0294 8C000000 		.4byte	0x8c
 601 0298 11       		.byte	0x11
 602 0299 07       		.uleb128 0x7
 603 029a 72010000 		.4byte	.LASF54
 604 029e 04       		.byte	0x4
 605 029f 1F01     		.2byte	0x11f
 606 02a1 8C000000 		.4byte	0x8c
 607 02a5 12       		.byte	0x12
 608 02a6 07       		.uleb128 0x7
 609 02a7 4F040000 		.4byte	.LASF55
 610 02ab 04       		.byte	0x4
 611 02ac 2001     		.2byte	0x120
 612 02ae 8C000000 		.4byte	0x8c
 613 02b2 13       		.byte	0x13
ARM GAS  C:\Users\Abude\AppData\Local\Temp\ccK0oeLf.s 			page 14


 614 02b3 07       		.uleb128 0x7
 615 02b4 5D030000 		.4byte	.LASF56
 616 02b8 04       		.byte	0x4
 617 02b9 2801     		.2byte	0x128
 618 02bb 97000000 		.4byte	0x97
 619 02bf 14       		.byte	0x14
 620 02c0 07       		.uleb128 0x7
 621 02c1 2B030000 		.4byte	.LASF57
 622 02c5 04       		.byte	0x4
 623 02c6 2901     		.2byte	0x129
 624 02c8 97000000 		.4byte	0x97
 625 02cc 16       		.byte	0x16
 626 02cd 00       		.byte	0
 627 02ce 03       		.uleb128 0x3
 628 02cf 26050000 		.4byte	.LASF58
 629 02d3 04       		.byte	0x4
 630 02d4 D6       		.byte	0xd6
 631 02d5 D9020000 		.4byte	0x2d9
 632 02d9 0A       		.uleb128 0xa
 633 02da 04       		.byte	0x4
 634 02db DF020000 		.4byte	0x2df
 635 02df 0B       		.uleb128 0xb
 636 02e0 8C000000 		.4byte	0x8c
 637 02e4 FD020000 		.4byte	0x2fd
 638 02e8 0C       		.uleb128 0xc
 639 02e9 FD020000 		.4byte	0x2fd
 640 02ed 0C       		.uleb128 0xc
 641 02ee 8C000000 		.4byte	0x8c
 642 02f2 0C       		.uleb128 0xc
 643 02f3 8C000000 		.4byte	0x8c
 644 02f7 0C       		.uleb128 0xc
 645 02f8 AD000000 		.4byte	0xad
 646 02fc 00       		.byte	0
 647 02fd 0A       		.uleb128 0xa
 648 02fe 04       		.byte	0x4
 649 02ff B6000000 		.4byte	0xb6
 650 0303 03       		.uleb128 0x3
 651 0304 FD020000 		.4byte	.LASF59
 652 0308 04       		.byte	0x4
 653 0309 D7       		.byte	0xd7
 654 030a 0E030000 		.4byte	0x30e
 655 030e 0A       		.uleb128 0xa
 656 030f 04       		.byte	0x4
 657 0310 14030000 		.4byte	0x314
 658 0314 0B       		.uleb128 0xb
 659 0315 97000000 		.4byte	0x97
 660 0319 28030000 		.4byte	0x328
 661 031d 0C       		.uleb128 0xc
 662 031e FD020000 		.4byte	0x2fd
 663 0322 0C       		.uleb128 0xc
 664 0323 8C000000 		.4byte	0x8c
 665 0327 00       		.byte	0
 666 0328 0A       		.uleb128 0xa
 667 0329 04       		.byte	0x4
 668 032a 8C000000 		.4byte	0x8c
 669 032e 0A       		.uleb128 0xa
 670 032f 04       		.byte	0x4
ARM GAS  C:\Users\Abude\AppData\Local\Temp\ccK0oeLf.s 			page 15


 671 0330 34030000 		.4byte	0x334
 672 0334 0D       		.uleb128 0xd
 673 0335 C6010000 		.4byte	0x1c6
 674 0339 0A       		.uleb128 0xa
 675 033a 04       		.byte	0x4
 676 033b 3F030000 		.4byte	0x33f
 677 033f 0D       		.uleb128 0xd
 678 0340 8C000000 		.4byte	0x8c
 679 0344 0E       		.uleb128 0xe
 680 0345 89000000 		.4byte	.LASF80
 681 0349 01       		.byte	0x1
 682 034a 2C       		.byte	0x2c
 683 034b 8C000000 		.4byte	0x8c
 684 034f 00000000 		.4byte	.LFB0
 685 0353 36010000 		.4byte	.LFE0-.LFB0
 686 0357 01       		.uleb128 0x1
 687 0358 9C       		.byte	0x9c
 688 0359 C8050000 		.4byte	0x5c8
 689 035d 0F       		.uleb128 0xf
 690 035e 3B010000 		.4byte	.LASF60
 691 0362 01       		.byte	0x1
 692 0363 2C       		.byte	0x2c
 693 0364 FD020000 		.4byte	0x2fd
 694 0368 00000000 		.4byte	.LLST0
 695 036c 0F       		.uleb128 0xf
 696 036d 35010000 		.4byte	.LASF61
 697 0371 01       		.byte	0x1
 698 0372 2C       		.byte	0x2c
 699 0373 C8050000 		.4byte	0x5c8
 700 0377 1E000000 		.4byte	.LLST1
 701 037b 10       		.uleb128 0x10
 702 037c 70726500 		.ascii	"pre\000"
 703 0380 01       		.byte	0x1
 704 0381 2C       		.byte	0x2c
 705 0382 C8050000 		.4byte	0x5c8
 706 0386 3D000000 		.4byte	.LLST2
 707 038a 0F       		.uleb128 0xf
 708 038b F9000000 		.4byte	.LASF62
 709 038f 01       		.byte	0x1
 710 0390 2C       		.byte	0x2c
 711 0391 28030000 		.4byte	0x328
 712 0395 5C000000 		.4byte	.LLST3
 713 0399 11       		.uleb128 0x11
 714 039a 6C6F00   		.ascii	"lo\000"
 715 039d 01       		.byte	0x1
 716 039e 2C       		.byte	0x2c
 717 039f 8C000000 		.4byte	0x8c
 718 03a3 02       		.uleb128 0x2
 719 03a4 91       		.byte	0x91
 720 03a5 00       		.sleb128 0
 721 03a6 11       		.uleb128 0x11
 722 03a7 686900   		.ascii	"hi\000"
 723 03aa 01       		.byte	0x1
 724 03ab 2C       		.byte	0x2c
 725 03ac 8C000000 		.4byte	0x8c
 726 03b0 02       		.uleb128 0x2
 727 03b1 91       		.byte	0x91
ARM GAS  C:\Users\Abude\AppData\Local\Temp\ccK0oeLf.s 			page 16


 728 03b2 04       		.sleb128 4
 729 03b3 12       		.uleb128 0x12
 730 03b4 FA010000 		.4byte	.LASF63
 731 03b8 01       		.byte	0x1
 732 03b9 2C       		.byte	0x2c
 733 03ba 8C000000 		.4byte	0x8c
 734 03be 02       		.uleb128 0x2
 735 03bf 91       		.byte	0x91
 736 03c0 08       		.sleb128 8
 737 03c1 12       		.uleb128 0x12
 738 03c2 00000000 		.4byte	.LASF64
 739 03c6 01       		.byte	0x1
 740 03c7 2C       		.byte	0x2c
 741 03c8 C8050000 		.4byte	0x5c8
 742 03cc 02       		.uleb128 0x2
 743 03cd 91       		.byte	0x91
 744 03ce 0C       		.sleb128 12
 745 03cf 13       		.uleb128 0x13
 746 03d0 76020000 		.4byte	.LASF65
 747 03d4 01       		.byte	0x1
 748 03d5 2E       		.byte	0x2e
 749 03d6 8C000000 		.4byte	0x8c
 750 03da 7A000000 		.4byte	.LLST4
 751 03de 14       		.uleb128 0x14
 752 03df 7900     		.ascii	"y\000"
 753 03e1 01       		.byte	0x1
 754 03e2 2F       		.byte	0x2f
 755 03e3 8C000000 		.4byte	0x8c
 756 03e7 A4000000 		.4byte	.LLST5
 757 03eb 13       		.uleb128 0x13
 758 03ec 62010000 		.4byte	.LASF66
 759 03f0 01       		.byte	0x1
 760 03f1 30       		.byte	0x30
 761 03f2 8C000000 		.4byte	0x8c
 762 03f6 F0000000 		.4byte	.LLST6
 763 03fa 14       		.uleb128 0x14
 764 03fb 7800     		.ascii	"x\000"
 765 03fd 01       		.byte	0x1
 766 03fe 31       		.byte	0x31
 767 03ff 8C000000 		.4byte	0x8c
 768 0403 19010000 		.4byte	.LLST7
 769 0407 13       		.uleb128 0x13
 770 0408 40010000 		.4byte	.LASF67
 771 040c 01       		.byte	0x1
 772 040d 32       		.byte	0x32
 773 040e 8C000000 		.4byte	0x8c
 774 0412 4F010000 		.4byte	.LLST8
 775 0416 14       		.uleb128 0x14
 776 0417 7200     		.ascii	"r\000"
 777 0419 01       		.byte	0x1
 778 041a 33       		.byte	0x33
 779 041b 8C000000 		.4byte	0x8c
 780 041f 78010000 		.4byte	.LLST9
 781 0423 13       		.uleb128 0x13
 782 0424 E8000000 		.4byte	.LASF68
 783 0428 01       		.byte	0x1
 784 0429 34       		.byte	0x34
ARM GAS  C:\Users\Abude\AppData\Local\Temp\ccK0oeLf.s 			page 17


 785 042a 8C000000 		.4byte	0x8c
 786 042e 97010000 		.4byte	.LLST10
 787 0432 15       		.uleb128 0x15
 788 0433 22000000 		.4byte	.LVL3
 789 0437 DA050000 		.4byte	0x5da
 790 043b 47040000 		.4byte	0x447
 791 043f 16       		.uleb128 0x16
 792 0440 01       		.uleb128 0x1
 793 0441 50       		.byte	0x50
 794 0442 03       		.uleb128 0x3
 795 0443 91       		.byte	0x91
 796 0444 54       		.sleb128 -44
 797 0445 06       		.byte	0x6
 798 0446 00       		.byte	0
 799 0447 15       		.uleb128 0x15
 800 0448 42000000 		.4byte	.LVL10
 801 044c E6050000 		.4byte	0x5e6
 802 0450 62040000 		.4byte	0x462
 803 0454 16       		.uleb128 0x16
 804 0455 01       		.uleb128 0x1
 805 0456 50       		.byte	0x50
 806 0457 02       		.uleb128 0x2
 807 0458 75       		.byte	0x75
 808 0459 00       		.sleb128 0
 809 045a 16       		.uleb128 0x16
 810 045b 01       		.uleb128 0x1
 811 045c 51       		.byte	0x51
 812 045d 03       		.uleb128 0x3
 813 045e 91       		.byte	0x91
 814 045f 50       		.sleb128 -48
 815 0460 06       		.byte	0x6
 816 0461 00       		.byte	0
 817 0462 15       		.uleb128 0x15
 818 0463 4E000000 		.4byte	.LVL13
 819 0467 E6050000 		.4byte	0x5e6
 820 046b 7D040000 		.4byte	0x47d
 821 046f 16       		.uleb128 0x16
 822 0470 01       		.uleb128 0x1
 823 0471 50       		.byte	0x50
 824 0472 02       		.uleb128 0x2
 825 0473 75       		.byte	0x75
 826 0474 00       		.sleb128 0
 827 0475 16       		.uleb128 0x16
 828 0476 01       		.uleb128 0x1
 829 0477 51       		.byte	0x51
 830 0478 03       		.uleb128 0x3
 831 0479 91       		.byte	0x91
 832 047a 0C       		.sleb128 12
 833 047b 06       		.byte	0x6
 834 047c 00       		.byte	0
 835 047d 15       		.uleb128 0x15
 836 047e 6A000000 		.4byte	.LVL21
 837 0482 F2050000 		.4byte	0x5f2
 838 0486 91040000 		.4byte	0x491
 839 048a 16       		.uleb128 0x16
 840 048b 01       		.uleb128 0x1
 841 048c 50       		.byte	0x50
ARM GAS  C:\Users\Abude\AppData\Local\Temp\ccK0oeLf.s 			page 18


 842 048d 02       		.uleb128 0x2
 843 048e 75       		.byte	0x75
 844 048f 00       		.sleb128 0
 845 0490 00       		.byte	0
 846 0491 15       		.uleb128 0x15
 847 0492 80000000 		.4byte	.LVL22
 848 0496 FE050000 		.4byte	0x5fe
 849 049a B8040000 		.4byte	0x4b8
 850 049e 16       		.uleb128 0x16
 851 049f 01       		.uleb128 0x1
 852 04a0 50       		.byte	0x50
 853 04a1 02       		.uleb128 0x2
 854 04a2 75       		.byte	0x75
 855 04a3 00       		.sleb128 0
 856 04a4 16       		.uleb128 0x16
 857 04a5 01       		.uleb128 0x1
 858 04a6 51       		.byte	0x51
 859 04a7 01       		.uleb128 0x1
 860 04a8 30       		.byte	0x30
 861 04a9 16       		.uleb128 0x16
 862 04aa 01       		.uleb128 0x1
 863 04ab 52       		.byte	0x52
 864 04ac 02       		.uleb128 0x2
 865 04ad 7A       		.byte	0x7a
 866 04ae 00       		.sleb128 0
 867 04af 16       		.uleb128 0x16
 868 04b0 02       		.uleb128 0x2
 869 04b1 7D       		.byte	0x7d
 870 04b2 00       		.sleb128 0
 871 04b3 03       		.uleb128 0x3
 872 04b4 91       		.byte	0x91
 873 04b5 54       		.sleb128 -44
 874 04b6 06       		.byte	0x6
 875 04b7 00       		.byte	0
 876 04b8 15       		.uleb128 0x15
 877 04b9 92000000 		.4byte	.LVL24
 878 04bd 0A060000 		.4byte	0x60a
 879 04c1 DF040000 		.4byte	0x4df
 880 04c5 16       		.uleb128 0x16
 881 04c6 01       		.uleb128 0x1
 882 04c7 50       		.byte	0x50
 883 04c8 02       		.uleb128 0x2
 884 04c9 75       		.byte	0x75
 885 04ca 00       		.sleb128 0
 886 04cb 16       		.uleb128 0x16
 887 04cc 01       		.uleb128 0x1
 888 04cd 51       		.byte	0x51
 889 04ce 02       		.uleb128 0x2
 890 04cf 77       		.byte	0x77
 891 04d0 00       		.sleb128 0
 892 04d1 16       		.uleb128 0x16
 893 04d2 01       		.uleb128 0x1
 894 04d3 52       		.byte	0x52
 895 04d4 02       		.uleb128 0x2
 896 04d5 7A       		.byte	0x7a
 897 04d6 00       		.sleb128 0
 898 04d7 16       		.uleb128 0x16
ARM GAS  C:\Users\Abude\AppData\Local\Temp\ccK0oeLf.s 			page 19


 899 04d8 01       		.uleb128 0x1
 900 04d9 53       		.byte	0x53
 901 04da 03       		.uleb128 0x3
 902 04db 91       		.byte	0x91
 903 04dc 50       		.sleb128 -48
 904 04dd 06       		.byte	0x6
 905 04de 00       		.byte	0
 906 04df 15       		.uleb128 0x15
 907 04e0 A4000000 		.4byte	.LVL26
 908 04e4 0A060000 		.4byte	0x60a
 909 04e8 09050000 		.4byte	0x509
 910 04ec 16       		.uleb128 0x16
 911 04ed 01       		.uleb128 0x1
 912 04ee 50       		.byte	0x50
 913 04ef 02       		.uleb128 0x2
 914 04f0 75       		.byte	0x75
 915 04f1 00       		.sleb128 0
 916 04f2 16       		.uleb128 0x16
 917 04f3 01       		.uleb128 0x1
 918 04f4 51       		.byte	0x51
 919 04f5 05       		.uleb128 0x5
 920 04f6 76       		.byte	0x76
 921 04f7 00       		.sleb128 0
 922 04f8 77       		.byte	0x77
 923 04f9 00       		.sleb128 0
 924 04fa 22       		.byte	0x22
 925 04fb 16       		.uleb128 0x16
 926 04fc 01       		.uleb128 0x1
 927 04fd 52       		.byte	0x52
 928 04fe 02       		.uleb128 0x2
 929 04ff 7A       		.byte	0x7a
 930 0500 00       		.sleb128 0
 931 0501 16       		.uleb128 0x16
 932 0502 01       		.uleb128 0x1
 933 0503 53       		.byte	0x53
 934 0504 03       		.uleb128 0x3
 935 0505 91       		.byte	0x91
 936 0506 0C       		.sleb128 12
 937 0507 06       		.byte	0x6
 938 0508 00       		.byte	0
 939 0509 15       		.uleb128 0x15
 940 050a B2000000 		.4byte	.LVL27
 941 050e 16060000 		.4byte	0x616
 942 0512 23050000 		.4byte	0x523
 943 0516 16       		.uleb128 0x16
 944 0517 01       		.uleb128 0x1
 945 0518 50       		.byte	0x50
 946 0519 02       		.uleb128 0x2
 947 051a 74       		.byte	0x74
 948 051b 00       		.sleb128 0
 949 051c 16       		.uleb128 0x16
 950 051d 01       		.uleb128 0x1
 951 051e 51       		.byte	0x51
 952 051f 02       		.uleb128 0x2
 953 0520 76       		.byte	0x76
 954 0521 00       		.sleb128 0
 955 0522 00       		.byte	0
ARM GAS  C:\Users\Abude\AppData\Local\Temp\ccK0oeLf.s 			page 20


 956 0523 15       		.uleb128 0x15
 957 0524 BE000000 		.4byte	.LVL28
 958 0528 0A060000 		.4byte	0x60a
 959 052c 43050000 		.4byte	0x543
 960 0530 16       		.uleb128 0x16
 961 0531 01       		.uleb128 0x1
 962 0532 50       		.byte	0x50
 963 0533 02       		.uleb128 0x2
 964 0534 75       		.byte	0x75
 965 0535 00       		.sleb128 0
 966 0536 16       		.uleb128 0x16
 967 0537 01       		.uleb128 0x1
 968 0538 51       		.byte	0x51
 969 0539 02       		.uleb128 0x2
 970 053a 77       		.byte	0x77
 971 053b 00       		.sleb128 0
 972 053c 16       		.uleb128 0x16
 973 053d 01       		.uleb128 0x1
 974 053e 52       		.byte	0x52
 975 053f 02       		.uleb128 0x2
 976 0540 7A       		.byte	0x7a
 977 0541 00       		.sleb128 0
 978 0542 00       		.byte	0
 979 0543 15       		.uleb128 0x15
 980 0544 C4000000 		.4byte	.LVL29
 981 0548 22060000 		.4byte	0x622
 982 054c 57050000 		.4byte	0x557
 983 0550 16       		.uleb128 0x16
 984 0551 01       		.uleb128 0x1
 985 0552 50       		.byte	0x50
 986 0553 02       		.uleb128 0x2
 987 0554 75       		.byte	0x75
 988 0555 00       		.sleb128 0
 989 0556 00       		.byte	0
 990 0557 15       		.uleb128 0x15
 991 0558 F0000000 		.4byte	.LVL37
 992 055c 16060000 		.4byte	0x616
 993 0560 71050000 		.4byte	0x571
 994 0564 16       		.uleb128 0x16
 995 0565 01       		.uleb128 0x1
 996 0566 50       		.byte	0x50
 997 0567 02       		.uleb128 0x2
 998 0568 74       		.byte	0x74
 999 0569 00       		.sleb128 0
 1000 056a 16       		.uleb128 0x16
 1001 056b 01       		.uleb128 0x1
 1002 056c 51       		.byte	0x51
 1003 056d 02       		.uleb128 0x2
 1004 056e 76       		.byte	0x76
 1005 056f 00       		.sleb128 0
 1006 0570 00       		.byte	0
 1007 0571 15       		.uleb128 0x15
 1008 0572 FC000000 		.4byte	.LVL38
 1009 0576 0A060000 		.4byte	0x60a
 1010 057a 91050000 		.4byte	0x591
 1011 057e 16       		.uleb128 0x16
 1012 057f 01       		.uleb128 0x1
ARM GAS  C:\Users\Abude\AppData\Local\Temp\ccK0oeLf.s 			page 21


 1013 0580 50       		.byte	0x50
 1014 0581 02       		.uleb128 0x2
 1015 0582 75       		.byte	0x75
 1016 0583 00       		.sleb128 0
 1017 0584 16       		.uleb128 0x16
 1018 0585 01       		.uleb128 0x1
 1019 0586 51       		.byte	0x51
 1020 0587 02       		.uleb128 0x2
 1021 0588 77       		.byte	0x77
 1022 0589 00       		.sleb128 0
 1023 058a 16       		.uleb128 0x16
 1024 058b 01       		.uleb128 0x1
 1025 058c 52       		.byte	0x52
 1026 058d 02       		.uleb128 0x2
 1027 058e 7A       		.byte	0x7a
 1028 058f 00       		.sleb128 0
 1029 0590 00       		.byte	0
 1030 0591 15       		.uleb128 0x15
 1031 0592 1A010000 		.4byte	.LVL44
 1032 0596 16060000 		.4byte	0x616
 1033 059a AB050000 		.4byte	0x5ab
 1034 059e 16       		.uleb128 0x16
 1035 059f 01       		.uleb128 0x1
 1036 05a0 50       		.byte	0x50
 1037 05a1 02       		.uleb128 0x2
 1038 05a2 74       		.byte	0x74
 1039 05a3 00       		.sleb128 0
 1040 05a4 16       		.uleb128 0x16
 1041 05a5 01       		.uleb128 0x1
 1042 05a6 51       		.byte	0x51
 1043 05a7 02       		.uleb128 0x2
 1044 05a8 76       		.byte	0x76
 1045 05a9 00       		.sleb128 0
 1046 05aa 00       		.byte	0
 1047 05ab 17       		.uleb128 0x17
 1048 05ac 26010000 		.4byte	.LVL45
 1049 05b0 0A060000 		.4byte	0x60a
 1050 05b4 16       		.uleb128 0x16
 1051 05b5 01       		.uleb128 0x1
 1052 05b6 50       		.byte	0x50
 1053 05b7 02       		.uleb128 0x2
 1054 05b8 75       		.byte	0x75
 1055 05b9 00       		.sleb128 0
 1056 05ba 16       		.uleb128 0x16
 1057 05bb 01       		.uleb128 0x1
 1058 05bc 51       		.byte	0x51
 1059 05bd 02       		.uleb128 0x2
 1060 05be 77       		.byte	0x77
 1061 05bf 00       		.sleb128 0
 1062 05c0 16       		.uleb128 0x16
 1063 05c1 01       		.uleb128 0x1
 1064 05c2 52       		.byte	0x52
 1065 05c3 02       		.uleb128 0x2
 1066 05c4 7A       		.byte	0x7a
 1067 05c5 00       		.sleb128 0
 1068 05c6 00       		.byte	0
 1069 05c7 00       		.byte	0
ARM GAS  C:\Users\Abude\AppData\Local\Temp\ccK0oeLf.s 			page 22


 1070 05c8 0A       		.uleb128 0xa
 1071 05c9 04       		.byte	0x4
 1072 05ca D5050000 		.4byte	0x5d5
 1073 05ce 02       		.uleb128 0x2
 1074 05cf 01       		.byte	0x1
 1075 05d0 08       		.byte	0x8
 1076 05d1 0A030000 		.4byte	.LASF69
 1077 05d5 0D       		.uleb128 0xd
 1078 05d6 CE050000 		.4byte	0x5ce
 1079 05da 18       		.uleb128 0x18
 1080 05db 4C010000 		.4byte	.LASF70
 1081 05df 4C010000 		.4byte	.LASF70
 1082 05e3 04       		.byte	0x4
 1083 05e4 1204     		.2byte	0x412
 1084 05e6 18       		.uleb128 0x18
 1085 05e7 14020000 		.4byte	.LASF71
 1086 05eb 14020000 		.4byte	.LASF71
 1087 05ef 04       		.byte	0x4
 1088 05f0 0504     		.2byte	0x405
 1089 05f2 18       		.uleb128 0x18
 1090 05f3 A6000000 		.4byte	.LASF72
 1091 05f7 A6000000 		.4byte	.LASF72
 1092 05fb 04       		.byte	0x4
 1093 05fc 5502     		.2byte	0x255
 1094 05fe 18       		.uleb128 0x18
 1095 05ff 38030000 		.4byte	.LASF73
 1096 0603 38030000 		.4byte	.LASF73
 1097 0607 04       		.byte	0x4
 1098 0608 1804     		.2byte	0x418
 1099 060a 18       		.uleb128 0x18
 1100 060b 3A050000 		.4byte	.LASF74
 1101 060f 3A050000 		.4byte	.LASF74
 1102 0613 04       		.byte	0x4
 1103 0614 0004     		.2byte	0x400
 1104 0616 18       		.uleb128 0x18
 1105 0617 05000000 		.4byte	.LASF75
 1106 061b 05000000 		.4byte	.LASF75
 1107 061f 04       		.byte	0x4
 1108 0620 0A04     		.2byte	0x40a
 1109 0622 18       		.uleb128 0x18
 1110 0623 4B030000 		.4byte	.LASF76
 1111 0627 4B030000 		.4byte	.LASF76
 1112 062b 04       		.byte	0x4
 1113 062c 2603     		.2byte	0x326
 1114 062e 00       		.byte	0
 1115              		.section	.debug_abbrev,"",%progbits
 1116              	.Ldebug_abbrev0:
 1117 0000 01       		.uleb128 0x1
 1118 0001 11       		.uleb128 0x11
 1119 0002 01       		.byte	0x1
 1120 0003 25       		.uleb128 0x25
 1121 0004 0E       		.uleb128 0xe
 1122 0005 13       		.uleb128 0x13
 1123 0006 0B       		.uleb128 0xb
 1124 0007 03       		.uleb128 0x3
 1125 0008 0E       		.uleb128 0xe
 1126 0009 1B       		.uleb128 0x1b
ARM GAS  C:\Users\Abude\AppData\Local\Temp\ccK0oeLf.s 			page 23


 1127 000a 0E       		.uleb128 0xe
 1128 000b 55       		.uleb128 0x55
 1129 000c 17       		.uleb128 0x17
 1130 000d 11       		.uleb128 0x11
 1131 000e 01       		.uleb128 0x1
 1132 000f 10       		.uleb128 0x10
 1133 0010 17       		.uleb128 0x17
 1134 0011 00       		.byte	0
 1135 0012 00       		.byte	0
 1136 0013 02       		.uleb128 0x2
 1137 0014 24       		.uleb128 0x24
 1138 0015 00       		.byte	0
 1139 0016 0B       		.uleb128 0xb
 1140 0017 0B       		.uleb128 0xb
 1141 0018 3E       		.uleb128 0x3e
 1142 0019 0B       		.uleb128 0xb
 1143 001a 03       		.uleb128 0x3
 1144 001b 0E       		.uleb128 0xe
 1145 001c 00       		.byte	0
 1146 001d 00       		.byte	0
 1147 001e 03       		.uleb128 0x3
 1148 001f 16       		.uleb128 0x16
 1149 0020 00       		.byte	0
 1150 0021 03       		.uleb128 0x3
 1151 0022 0E       		.uleb128 0xe
 1152 0023 3A       		.uleb128 0x3a
 1153 0024 0B       		.uleb128 0xb
 1154 0025 3B       		.uleb128 0x3b
 1155 0026 0B       		.uleb128 0xb
 1156 0027 49       		.uleb128 0x49
 1157 0028 13       		.uleb128 0x13
 1158 0029 00       		.byte	0
 1159 002a 00       		.byte	0
 1160 002b 04       		.uleb128 0x4
 1161 002c 24       		.uleb128 0x24
 1162 002d 00       		.byte	0
 1163 002e 0B       		.uleb128 0xb
 1164 002f 0B       		.uleb128 0xb
 1165 0030 3E       		.uleb128 0x3e
 1166 0031 0B       		.uleb128 0xb
 1167 0032 03       		.uleb128 0x3
 1168 0033 08       		.uleb128 0x8
 1169 0034 00       		.byte	0
 1170 0035 00       		.byte	0
 1171 0036 05       		.uleb128 0x5
 1172 0037 0F       		.uleb128 0xf
 1173 0038 00       		.byte	0
 1174 0039 0B       		.uleb128 0xb
 1175 003a 0B       		.uleb128 0xb
 1176 003b 00       		.byte	0
 1177 003c 00       		.byte	0
 1178 003d 06       		.uleb128 0x6
 1179 003e 13       		.uleb128 0x13
 1180 003f 01       		.byte	0x1
 1181 0040 03       		.uleb128 0x3
 1182 0041 0E       		.uleb128 0xe
 1183 0042 0B       		.uleb128 0xb
ARM GAS  C:\Users\Abude\AppData\Local\Temp\ccK0oeLf.s 			page 24


 1184 0043 0B       		.uleb128 0xb
 1185 0044 3A       		.uleb128 0x3a
 1186 0045 0B       		.uleb128 0xb
 1187 0046 3B       		.uleb128 0x3b
 1188 0047 05       		.uleb128 0x5
 1189 0048 01       		.uleb128 0x1
 1190 0049 13       		.uleb128 0x13
 1191 004a 00       		.byte	0
 1192 004b 00       		.byte	0
 1193 004c 07       		.uleb128 0x7
 1194 004d 0D       		.uleb128 0xd
 1195 004e 00       		.byte	0
 1196 004f 03       		.uleb128 0x3
 1197 0050 0E       		.uleb128 0xe
 1198 0051 3A       		.uleb128 0x3a
 1199 0052 0B       		.uleb128 0xb
 1200 0053 3B       		.uleb128 0x3b
 1201 0054 05       		.uleb128 0x5
 1202 0055 49       		.uleb128 0x49
 1203 0056 13       		.uleb128 0x13
 1204 0057 38       		.uleb128 0x38
 1205 0058 0B       		.uleb128 0xb
 1206 0059 00       		.byte	0
 1207 005a 00       		.byte	0
 1208 005b 08       		.uleb128 0x8
 1209 005c 13       		.uleb128 0x13
 1210 005d 01       		.byte	0x1
 1211 005e 03       		.uleb128 0x3
 1212 005f 0E       		.uleb128 0xe
 1213 0060 0B       		.uleb128 0xb
 1214 0061 0B       		.uleb128 0xb
 1215 0062 3A       		.uleb128 0x3a
 1216 0063 0B       		.uleb128 0xb
 1217 0064 3B       		.uleb128 0x3b
 1218 0065 0B       		.uleb128 0xb
 1219 0066 01       		.uleb128 0x1
 1220 0067 13       		.uleb128 0x13
 1221 0068 00       		.byte	0
 1222 0069 00       		.byte	0
 1223 006a 09       		.uleb128 0x9
 1224 006b 0D       		.uleb128 0xd
 1225 006c 00       		.byte	0
 1226 006d 03       		.uleb128 0x3
 1227 006e 0E       		.uleb128 0xe
 1228 006f 3A       		.uleb128 0x3a
 1229 0070 0B       		.uleb128 0xb
 1230 0071 3B       		.uleb128 0x3b
 1231 0072 0B       		.uleb128 0xb
 1232 0073 49       		.uleb128 0x49
 1233 0074 13       		.uleb128 0x13
 1234 0075 38       		.uleb128 0x38
 1235 0076 0B       		.uleb128 0xb
 1236 0077 00       		.byte	0
 1237 0078 00       		.byte	0
 1238 0079 0A       		.uleb128 0xa
 1239 007a 0F       		.uleb128 0xf
 1240 007b 00       		.byte	0
ARM GAS  C:\Users\Abude\AppData\Local\Temp\ccK0oeLf.s 			page 25


 1241 007c 0B       		.uleb128 0xb
 1242 007d 0B       		.uleb128 0xb
 1243 007e 49       		.uleb128 0x49
 1244 007f 13       		.uleb128 0x13
 1245 0080 00       		.byte	0
 1246 0081 00       		.byte	0
 1247 0082 0B       		.uleb128 0xb
 1248 0083 15       		.uleb128 0x15
 1249 0084 01       		.byte	0x1
 1250 0085 27       		.uleb128 0x27
 1251 0086 19       		.uleb128 0x19
 1252 0087 49       		.uleb128 0x49
 1253 0088 13       		.uleb128 0x13
 1254 0089 01       		.uleb128 0x1
 1255 008a 13       		.uleb128 0x13
 1256 008b 00       		.byte	0
 1257 008c 00       		.byte	0
 1258 008d 0C       		.uleb128 0xc
 1259 008e 05       		.uleb128 0x5
 1260 008f 00       		.byte	0
 1261 0090 49       		.uleb128 0x49
 1262 0091 13       		.uleb128 0x13
 1263 0092 00       		.byte	0
 1264 0093 00       		.byte	0
 1265 0094 0D       		.uleb128 0xd
 1266 0095 26       		.uleb128 0x26
 1267 0096 00       		.byte	0
 1268 0097 49       		.uleb128 0x49
 1269 0098 13       		.uleb128 0x13
 1270 0099 00       		.byte	0
 1271 009a 00       		.byte	0
 1272 009b 0E       		.uleb128 0xe
 1273 009c 2E       		.uleb128 0x2e
 1274 009d 01       		.byte	0x1
 1275 009e 3F       		.uleb128 0x3f
 1276 009f 19       		.uleb128 0x19
 1277 00a0 03       		.uleb128 0x3
 1278 00a1 0E       		.uleb128 0xe
 1279 00a2 3A       		.uleb128 0x3a
 1280 00a3 0B       		.uleb128 0xb
 1281 00a4 3B       		.uleb128 0x3b
 1282 00a5 0B       		.uleb128 0xb
 1283 00a6 27       		.uleb128 0x27
 1284 00a7 19       		.uleb128 0x19
 1285 00a8 49       		.uleb128 0x49
 1286 00a9 13       		.uleb128 0x13
 1287 00aa 11       		.uleb128 0x11
 1288 00ab 01       		.uleb128 0x1
 1289 00ac 12       		.uleb128 0x12
 1290 00ad 06       		.uleb128 0x6
 1291 00ae 40       		.uleb128 0x40
 1292 00af 18       		.uleb128 0x18
 1293 00b0 9742     		.uleb128 0x2117
 1294 00b2 19       		.uleb128 0x19
 1295 00b3 01       		.uleb128 0x1
 1296 00b4 13       		.uleb128 0x13
 1297 00b5 00       		.byte	0
ARM GAS  C:\Users\Abude\AppData\Local\Temp\ccK0oeLf.s 			page 26


 1298 00b6 00       		.byte	0
 1299 00b7 0F       		.uleb128 0xf
 1300 00b8 05       		.uleb128 0x5
 1301 00b9 00       		.byte	0
 1302 00ba 03       		.uleb128 0x3
 1303 00bb 0E       		.uleb128 0xe
 1304 00bc 3A       		.uleb128 0x3a
 1305 00bd 0B       		.uleb128 0xb
 1306 00be 3B       		.uleb128 0x3b
 1307 00bf 0B       		.uleb128 0xb
 1308 00c0 49       		.uleb128 0x49
 1309 00c1 13       		.uleb128 0x13
 1310 00c2 02       		.uleb128 0x2
 1311 00c3 17       		.uleb128 0x17
 1312 00c4 00       		.byte	0
 1313 00c5 00       		.byte	0
 1314 00c6 10       		.uleb128 0x10
 1315 00c7 05       		.uleb128 0x5
 1316 00c8 00       		.byte	0
 1317 00c9 03       		.uleb128 0x3
 1318 00ca 08       		.uleb128 0x8
 1319 00cb 3A       		.uleb128 0x3a
 1320 00cc 0B       		.uleb128 0xb
 1321 00cd 3B       		.uleb128 0x3b
 1322 00ce 0B       		.uleb128 0xb
 1323 00cf 49       		.uleb128 0x49
 1324 00d0 13       		.uleb128 0x13
 1325 00d1 02       		.uleb128 0x2
 1326 00d2 17       		.uleb128 0x17
 1327 00d3 00       		.byte	0
 1328 00d4 00       		.byte	0
 1329 00d5 11       		.uleb128 0x11
 1330 00d6 05       		.uleb128 0x5
 1331 00d7 00       		.byte	0
 1332 00d8 03       		.uleb128 0x3
 1333 00d9 08       		.uleb128 0x8
 1334 00da 3A       		.uleb128 0x3a
 1335 00db 0B       		.uleb128 0xb
 1336 00dc 3B       		.uleb128 0x3b
 1337 00dd 0B       		.uleb128 0xb
 1338 00de 49       		.uleb128 0x49
 1339 00df 13       		.uleb128 0x13
 1340 00e0 02       		.uleb128 0x2
 1341 00e1 18       		.uleb128 0x18
 1342 00e2 00       		.byte	0
 1343 00e3 00       		.byte	0
 1344 00e4 12       		.uleb128 0x12
 1345 00e5 05       		.uleb128 0x5
 1346 00e6 00       		.byte	0
 1347 00e7 03       		.uleb128 0x3
 1348 00e8 0E       		.uleb128 0xe
 1349 00e9 3A       		.uleb128 0x3a
 1350 00ea 0B       		.uleb128 0xb
 1351 00eb 3B       		.uleb128 0x3b
 1352 00ec 0B       		.uleb128 0xb
 1353 00ed 49       		.uleb128 0x49
 1354 00ee 13       		.uleb128 0x13
ARM GAS  C:\Users\Abude\AppData\Local\Temp\ccK0oeLf.s 			page 27


 1355 00ef 02       		.uleb128 0x2
 1356 00f0 18       		.uleb128 0x18
 1357 00f1 00       		.byte	0
 1358 00f2 00       		.byte	0
 1359 00f3 13       		.uleb128 0x13
 1360 00f4 34       		.uleb128 0x34
 1361 00f5 00       		.byte	0
 1362 00f6 03       		.uleb128 0x3
 1363 00f7 0E       		.uleb128 0xe
 1364 00f8 3A       		.uleb128 0x3a
 1365 00f9 0B       		.uleb128 0xb
 1366 00fa 3B       		.uleb128 0x3b
 1367 00fb 0B       		.uleb128 0xb
 1368 00fc 49       		.uleb128 0x49
 1369 00fd 13       		.uleb128 0x13
 1370 00fe 02       		.uleb128 0x2
 1371 00ff 17       		.uleb128 0x17
 1372 0100 00       		.byte	0
 1373 0101 00       		.byte	0
 1374 0102 14       		.uleb128 0x14
 1375 0103 34       		.uleb128 0x34
 1376 0104 00       		.byte	0
 1377 0105 03       		.uleb128 0x3
 1378 0106 08       		.uleb128 0x8
 1379 0107 3A       		.uleb128 0x3a
 1380 0108 0B       		.uleb128 0xb
 1381 0109 3B       		.uleb128 0x3b
 1382 010a 0B       		.uleb128 0xb
 1383 010b 49       		.uleb128 0x49
 1384 010c 13       		.uleb128 0x13
 1385 010d 02       		.uleb128 0x2
 1386 010e 17       		.uleb128 0x17
 1387 010f 00       		.byte	0
 1388 0110 00       		.byte	0
 1389 0111 15       		.uleb128 0x15
 1390 0112 898201   		.uleb128 0x4109
 1391 0115 01       		.byte	0x1
 1392 0116 11       		.uleb128 0x11
 1393 0117 01       		.uleb128 0x1
 1394 0118 31       		.uleb128 0x31
 1395 0119 13       		.uleb128 0x13
 1396 011a 01       		.uleb128 0x1
 1397 011b 13       		.uleb128 0x13
 1398 011c 00       		.byte	0
 1399 011d 00       		.byte	0
 1400 011e 16       		.uleb128 0x16
 1401 011f 8A8201   		.uleb128 0x410a
 1402 0122 00       		.byte	0
 1403 0123 02       		.uleb128 0x2
 1404 0124 18       		.uleb128 0x18
 1405 0125 9142     		.uleb128 0x2111
 1406 0127 18       		.uleb128 0x18
 1407 0128 00       		.byte	0
 1408 0129 00       		.byte	0
 1409 012a 17       		.uleb128 0x17
 1410 012b 898201   		.uleb128 0x4109
 1411 012e 01       		.byte	0x1
ARM GAS  C:\Users\Abude\AppData\Local\Temp\ccK0oeLf.s 			page 28


 1412 012f 11       		.uleb128 0x11
 1413 0130 01       		.uleb128 0x1
 1414 0131 31       		.uleb128 0x31
 1415 0132 13       		.uleb128 0x13
 1416 0133 00       		.byte	0
 1417 0134 00       		.byte	0
 1418 0135 18       		.uleb128 0x18
 1419 0136 2E       		.uleb128 0x2e
 1420 0137 00       		.byte	0
 1421 0138 3F       		.uleb128 0x3f
 1422 0139 19       		.uleb128 0x19
 1423 013a 3C       		.uleb128 0x3c
 1424 013b 19       		.uleb128 0x19
 1425 013c 6E       		.uleb128 0x6e
 1426 013d 0E       		.uleb128 0xe
 1427 013e 03       		.uleb128 0x3
 1428 013f 0E       		.uleb128 0xe
 1429 0140 3A       		.uleb128 0x3a
 1430 0141 0B       		.uleb128 0xb
 1431 0142 3B       		.uleb128 0x3b
 1432 0143 05       		.uleb128 0x5
 1433 0144 00       		.byte	0
 1434 0145 00       		.byte	0
 1435 0146 00       		.byte	0
 1436              		.section	.debug_loc,"",%progbits
 1437              	.Ldebug_loc0:
 1438              	.LLST0:
 1439 0000 00000000 		.4byte	.LVL0
 1440 0004 1E000000 		.4byte	.LVL2
 1441 0008 0100     		.2byte	0x1
 1442 000a 50       		.byte	0x50
 1443 000b 1E000000 		.4byte	.LVL2
 1444 000f 36010000 		.4byte	.LFE0
 1445 0013 0100     		.2byte	0x1
 1446 0015 55       		.byte	0x55
 1447 0016 00000000 		.4byte	0
 1448 001a 00000000 		.4byte	0
 1449              	.LLST1:
 1450 001e 00000000 		.4byte	.LVL0
 1451 0022 21000000 		.4byte	.LVL3-1
 1452 0026 0100     		.2byte	0x1
 1453 0028 51       		.byte	0x51
 1454 0029 21000000 		.4byte	.LVL3-1
 1455 002d 36010000 		.4byte	.LFE0
 1456 0031 0200     		.2byte	0x2
 1457 0033 91       		.byte	0x91
 1458 0034 54       		.sleb128 -44
 1459 0035 00000000 		.4byte	0
 1460 0039 00000000 		.4byte	0
 1461              	.LLST2:
 1462 003d 00000000 		.4byte	.LVL0
 1463 0041 21000000 		.4byte	.LVL3-1
 1464 0045 0100     		.2byte	0x1
 1465 0047 52       		.byte	0x52
 1466 0048 21000000 		.4byte	.LVL3-1
 1467 004c 36010000 		.4byte	.LFE0
 1468 0050 0200     		.2byte	0x2
ARM GAS  C:\Users\Abude\AppData\Local\Temp\ccK0oeLf.s 			page 29


 1469 0052 91       		.byte	0x91
 1470 0053 50       		.sleb128 -48
 1471 0054 00000000 		.4byte	0
 1472 0058 00000000 		.4byte	0
 1473              	.LLST3:
 1474 005c 00000000 		.4byte	.LVL0
 1475 0060 21000000 		.4byte	.LVL3-1
 1476 0064 0100     		.2byte	0x1
 1477 0066 53       		.byte	0x53
 1478 0067 21000000 		.4byte	.LVL3-1
 1479 006b 36010000 		.4byte	.LFE0
 1480 006f 0100     		.2byte	0x1
 1481 0071 5B       		.byte	0x5b
 1482 0072 00000000 		.4byte	0
 1483 0076 00000000 		.4byte	0
 1484              	.LLST4:
 1485 007a 1C000000 		.4byte	.LVL1
 1486 007e 26000000 		.4byte	.LVL4
 1487 0082 0200     		.2byte	0x2
 1488 0084 31       		.byte	0x31
 1489 0085 9F       		.byte	0x9f
 1490 0086 26000000 		.4byte	.LVL4
 1491 008a 30000000 		.4byte	.LVL6
 1492 008e 0100     		.2byte	0x1
 1493 0090 50       		.byte	0x50
 1494 0091 36000000 		.4byte	.LVL8
 1495 0095 3A000000 		.4byte	.LVL9
 1496 0099 0100     		.2byte	0x1
 1497 009b 50       		.byte	0x50
 1498 009c 00000000 		.4byte	0
 1499 00a0 00000000 		.4byte	0
 1500              	.LLST5:
 1501 00a4 26000000 		.4byte	.LVL4
 1502 00a8 2E000000 		.4byte	.LVL5
 1503 00ac 0200     		.2byte	0x2
 1504 00ae 30       		.byte	0x30
 1505 00af 9F       		.byte	0x9f
 1506 00b0 2E000000 		.4byte	.LVL5
 1507 00b4 30000000 		.4byte	.LVL6
 1508 00b8 0100     		.2byte	0x1
 1509 00ba 53       		.byte	0x53
 1510 00bb 30000000 		.4byte	.LVL6
 1511 00bf 34000000 		.4byte	.LVL7
 1512 00c3 0100     		.2byte	0x1
 1513 00c5 50       		.byte	0x50
 1514 00c6 34000000 		.4byte	.LVL7
 1515 00ca 36000000 		.4byte	.LVL8
 1516 00ce 0100     		.2byte	0x1
 1517 00d0 5A       		.byte	0x5a
 1518 00d1 36000000 		.4byte	.LVL8
 1519 00d5 3A000000 		.4byte	.LVL9
 1520 00d9 0200     		.2byte	0x2
 1521 00db 30       		.byte	0x30
 1522 00dc 9F       		.byte	0x9f
 1523 00dd 3A000000 		.4byte	.LVL9
 1524 00e1 36010000 		.4byte	.LFE0
 1525 00e5 0100     		.2byte	0x1
ARM GAS  C:\Users\Abude\AppData\Local\Temp\ccK0oeLf.s 			page 30


 1526 00e7 5A       		.byte	0x5a
 1527 00e8 00000000 		.4byte	0
 1528 00ec 00000000 		.4byte	0
 1529              	.LLST6:
 1530 00f0 42000000 		.4byte	.LVL10
 1531 00f4 44000000 		.4byte	.LVL11
 1532 00f8 0100     		.2byte	0x1
 1533 00fa 50       		.byte	0x50
 1534 00fb 46000000 		.4byte	.LVL12
 1535 00ff 52000000 		.4byte	.LVL14
 1536 0103 0100     		.2byte	0x1
 1537 0105 57       		.byte	0x57
 1538 0106 52000000 		.4byte	.LVL14
 1539 010a 66000000 		.4byte	.LVL20
 1540 010e 0100     		.2byte	0x1
 1541 0110 50       		.byte	0x50
 1542 0111 00000000 		.4byte	0
 1543 0115 00000000 		.4byte	0
 1544              	.LLST7:
 1545 0119 3A000000 		.4byte	.LVL9
 1546 011d 5A000000 		.4byte	.LVL15
 1547 0121 0200     		.2byte	0x2
 1548 0123 30       		.byte	0x30
 1549 0124 9F       		.byte	0x9f
 1550 0125 5A000000 		.4byte	.LVL15
 1551 0129 62000000 		.4byte	.LVL18
 1552 012d 0100     		.2byte	0x1
 1553 012f 57       		.byte	0x57
 1554 0130 62000000 		.4byte	.LVL18
 1555 0134 64000000 		.4byte	.LVL19
 1556 0138 0200     		.2byte	0x2
 1557 013a 30       		.byte	0x30
 1558 013b 9F       		.byte	0x9f
 1559 013c 64000000 		.4byte	.LVL19
 1560 0140 36010000 		.4byte	.LFE0
 1561 0144 0100     		.2byte	0x1
 1562 0146 57       		.byte	0x57
 1563 0147 00000000 		.4byte	0
 1564 014b 00000000 		.4byte	0
 1565              	.LLST8:
 1566 014f 1C000000 		.4byte	.LVL1
 1567 0153 E2000000 		.4byte	.LVL33
 1568 0157 0100     		.2byte	0x1
 1569 0159 54       		.byte	0x54
 1570 015a E4000000 		.4byte	.LVL34
 1571 015e 0C010000 		.4byte	.LVL40
 1572 0162 0100     		.2byte	0x1
 1573 0164 54       		.byte	0x54
 1574 0165 0E010000 		.4byte	.LVL41
 1575 0169 36010000 		.4byte	.LFE0
 1576 016d 0100     		.2byte	0x1
 1577 016f 54       		.byte	0x54
 1578 0170 00000000 		.4byte	0
 1579 0174 00000000 		.4byte	0
 1580              	.LLST9:
 1581 0178 CC000000 		.4byte	.LVL30
 1582 017c D0000000 		.4byte	.LVL32
ARM GAS  C:\Users\Abude\AppData\Local\Temp\ccK0oeLf.s 			page 31


 1583 0180 0200     		.2byte	0x2
 1584 0182 31       		.byte	0x31
 1585 0183 9F       		.byte	0x9f
 1586 0184 2A010000 		.4byte	.LVL47
 1587 0188 36010000 		.4byte	.LFE0
 1588 018c 0100     		.2byte	0x1
 1589 018e 50       		.byte	0x50
 1590 018f 00000000 		.4byte	0
 1591 0193 00000000 		.4byte	0
 1592              	.LLST10:
 1593 0197 C4000000 		.4byte	.LVL29
 1594 019b CE000000 		.4byte	.LVL31
 1595 019f 0100     		.2byte	0x1
 1596 01a1 50       		.byte	0x50
 1597 01a2 D0000000 		.4byte	.LVL32
 1598 01a6 EC000000 		.4byte	.LVL36
 1599 01aa 0100     		.2byte	0x1
 1600 01ac 50       		.byte	0x50
 1601 01ad FE000000 		.4byte	.LVL39
 1602 01b1 16010000 		.4byte	.LVL43
 1603 01b5 0100     		.2byte	0x1
 1604 01b7 50       		.byte	0x50
 1605 01b8 28010000 		.4byte	.LVL46
 1606 01bc 2A010000 		.4byte	.LVL47
 1607 01c0 0100     		.2byte	0x1
 1608 01c2 50       		.byte	0x50
 1609 01c3 00000000 		.4byte	0
 1610 01c7 00000000 		.4byte	0
 1611              		.section	.debug_aranges,"",%progbits
 1612 0000 1C000000 		.4byte	0x1c
 1613 0004 0200     		.2byte	0x2
 1614 0006 00000000 		.4byte	.Ldebug_info0
 1615 000a 04       		.byte	0x4
 1616 000b 00       		.byte	0
 1617 000c 0000     		.2byte	0
 1618 000e 0000     		.2byte	0
 1619 0010 00000000 		.4byte	.LFB0
 1620 0014 36010000 		.4byte	.LFE0-.LFB0
 1621 0018 00000000 		.4byte	0
 1622 001c 00000000 		.4byte	0
 1623              		.section	.debug_ranges,"",%progbits
 1624              	.Ldebug_ranges0:
 1625 0000 00000000 		.4byte	.LFB0
 1626 0004 36010000 		.4byte	.LFE0
 1627 0008 00000000 		.4byte	0
 1628 000c 00000000 		.4byte	0
 1629              		.section	.debug_line,"",%progbits
 1630              	.Ldebug_line0:
 1631 0000 EF010000 		.section	.debug_str,"MS",%progbits,1
 1631      02009B01 
 1631      00000201 
 1631      FB0E0D00 
 1631      01010101 
 1632              	.LASF64:
 1633 0000 706F7374 		.ascii	"post\000"
 1633      00
 1634              	.LASF75:
ARM GAS  C:\Users\Abude\AppData\Local\Temp\ccK0oeLf.s 			page 32


 1635 0005 75387838 		.ascii	"u8x8_u8toa\000"
 1635      5F753874 
 1635      6F6100
 1636              	.LASF26:
 1637 0010 785F6F66 		.ascii	"x_offset\000"
 1637      66736574 
 1637      00
 1638              	.LASF27:
 1639 0019 69735F66 		.ascii	"is_font_inverse_mode\000"
 1639      6F6E745F 
 1639      696E7665 
 1639      7273655F 
 1639      6D6F6465 
 1640              	.LASF48:
 1641 002e 7370695F 		.ascii	"spi_mode\000"
 1641      6D6F6465 
 1641      00
 1642              	.LASF39:
 1643 0037 63686970 		.ascii	"chip_enable_level\000"
 1643      5F656E61 
 1643      626C655F 
 1643      6C657665 
 1643      6C00
 1644              	.LASF24:
 1645 0049 666F6E74 		.ascii	"font\000"
 1645      00
 1646              	.LASF35:
 1647 004e 6465626F 		.ascii	"debounce_result_msg\000"
 1647      756E6365 
 1647      5F726573 
 1647      756C745F 
 1647      6D736700 
 1648              	.LASF2:
 1649 0062 73686F72 		.ascii	"short int\000"
 1649      7420696E 
 1649      7400
 1650              	.LASF22:
 1651 006c 6770696F 		.ascii	"gpio_and_delay_cb\000"
 1651      5F616E64 
 1651      5F64656C 
 1651      61795F63 
 1651      6200
 1652              	.LASF52:
 1653 007e 74696C65 		.ascii	"tile_width\000"
 1653      5F776964 
 1653      746800
 1654              	.LASF80:
 1655 0089 75387838 		.ascii	"u8x8_UserInterfaceInputValue\000"
 1655      5F557365 
 1655      72496E74 
 1655      65726661 
 1655      6365496E 
 1656              	.LASF72:
 1657 00a6 75387838 		.ascii	"u8x8_ClearDisplay\000"
 1657      5F436C65 
 1657      61724469 
 1657      73706C61 
ARM GAS  C:\Users\Abude\AppData\Local\Temp\ccK0oeLf.s 			page 33


 1657      7900
 1658              	.LASF45:
 1659 00b8 7364615F 		.ascii	"sda_setup_time_ns\000"
 1659      73657475 
 1659      705F7469 
 1659      6D655F6E 
 1659      7300
 1660              	.LASF44:
 1661 00ca 706F7374 		.ascii	"post_reset_wait_ms\000"
 1661      5F726573 
 1661      65745F77 
 1661      6169745F 
 1661      6D7300
 1662              	.LASF7:
 1663 00dd 5F5F7569 		.ascii	"__uint32_t\000"
 1663      6E743332 
 1663      5F7400
 1664              	.LASF68:
 1665 00e8 6576656E 		.ascii	"event\000"
 1665      7400
 1666              	.LASF4:
 1667 00ee 5F5F7569 		.ascii	"__uint16_t\000"
 1667      6E743136 
 1667      5F7400
 1668              	.LASF62:
 1669 00f9 76616C75 		.ascii	"value\000"
 1669      6500
 1670              	.LASF51:
 1671 00ff 77726974 		.ascii	"write_pulse_width_ns\000"
 1671      655F7075 
 1671      6C73655F 
 1671      77696474 
 1671      685F6E73 
 1672              	.LASF12:
 1673 0114 75696E74 		.ascii	"uint8_t\000"
 1673      385F7400 
 1674              	.LASF41:
 1675 011c 706F7374 		.ascii	"post_chip_enable_wait_ns\000"
 1675      5F636869 
 1675      705F656E 
 1675      61626C65 
 1675      5F776169 
 1676              	.LASF61:
 1677 0135 7469746C 		.ascii	"title\000"
 1677      6500
 1678              	.LASF60:
 1679 013b 75387838 		.ascii	"u8x8\000"
 1679      00
 1680              	.LASF67:
 1681 0140 6C6F6361 		.ascii	"local_value\000"
 1681      6C5F7661 
 1681      6C756500 
 1682              	.LASF70:
 1683 014c 75387838 		.ascii	"u8x8_GetStringLineCnt\000"
 1683      5F476574 
 1683      53747269 
 1683      6E674C69 
ARM GAS  C:\Users\Abude\AppData\Local\Temp\ccK0oeLf.s 			page 34


 1683      6E65436E 
 1684              	.LASF66:
 1685 0162 77696474 		.ascii	"width\000"
 1685      6800
 1686              	.LASF23:
 1687 0168 6275735F 		.ascii	"bus_clock\000"
 1687      636C6F63 
 1687      6B00
 1688              	.LASF54:
 1689 0172 64656661 		.ascii	"default_x_offset\000"
 1689      756C745F 
 1689      785F6F66 
 1689      66736574 
 1689      00
 1690              	.LASF36:
 1691 0183 75387838 		.ascii	"u8x8_display_info_t\000"
 1691      5F646973 
 1691      706C6179 
 1691      5F696E66 
 1691      6F5F7400 
 1692              	.LASF33:
 1693 0197 6465626F 		.ascii	"debounce_last_pin_state\000"
 1693      756E6365 
 1693      5F6C6173 
 1693      745F7069 
 1693      6E5F7374 
 1694              	.LASF9:
 1695 01af 6C6F6E67 		.ascii	"long long int\000"
 1695      206C6F6E 
 1695      6720696E 
 1695      7400
 1696              	.LASF31:
 1697 01bd 6770696F 		.ascii	"gpio_result\000"
 1697      5F726573 
 1697      756C7400 
 1698              	.LASF46:
 1699 01c9 73636B5F 		.ascii	"sck_pulse_width_ns\000"
 1699      70756C73 
 1699      655F7769 
 1699      6474685F 
 1699      6E7300
 1700              	.LASF6:
 1701 01dc 6C6F6E67 		.ascii	"long int\000"
 1701      20696E74 
 1701      00
 1702              	.LASF3:
 1703 01e5 5F5F7569 		.ascii	"__uint8_t\000"
 1703      6E74385F 
 1703      7400
 1704              	.LASF19:
 1705 01ef 64697370 		.ascii	"display_cb\000"
 1705      6C61795F 
 1705      636200
 1706              	.LASF63:
 1707 01fa 64696769 		.ascii	"digits\000"
 1707      747300
 1708              	.LASF50:
ARM GAS  C:\Users\Abude\AppData\Local\Temp\ccK0oeLf.s 			page 35


 1709 0201 64617461 		.ascii	"data_setup_time_ns\000"
 1709      5F736574 
 1709      75705F74 
 1709      696D655F 
 1709      6E7300
 1710              	.LASF71:
 1711 0214 75387838 		.ascii	"u8x8_GetUTF8Len\000"
 1711      5F476574 
 1711      55544638 
 1711      4C656E00 
 1712              	.LASF15:
 1713 0224 6C6F6E67 		.ascii	"long double\000"
 1713      20646F75 
 1713      626C6500 
 1714              	.LASF53:
 1715 0230 74696C65 		.ascii	"tile_height\000"
 1715      5F686569 
 1715      67687400 
 1716              	.LASF1:
 1717 023c 756E7369 		.ascii	"unsigned char\000"
 1717      676E6564 
 1717      20636861 
 1717      7200
 1718              	.LASF0:
 1719 024a 7369676E 		.ascii	"signed char\000"
 1719      65642063 
 1719      68617200 
 1720              	.LASF10:
 1721 0256 6C6F6E67 		.ascii	"long long unsigned int\000"
 1721      206C6F6E 
 1721      6720756E 
 1721      7369676E 
 1721      65642069 
 1722              	.LASF14:
 1723 026d 75696E74 		.ascii	"uint32_t\000"
 1723      33325F74 
 1723      00
 1724              	.LASF65:
 1725 0276 68656967 		.ascii	"height\000"
 1725      687400
 1726              	.LASF11:
 1727 027d 756E7369 		.ascii	"unsigned int\000"
 1727      676E6564 
 1727      20696E74 
 1727      00
 1728              	.LASF13:
 1729 028a 75696E74 		.ascii	"uint16_t\000"
 1729      31365F74 
 1729      00
 1730              	.LASF38:
 1731 0293 75387838 		.ascii	"u8x8_display_info_struct\000"
 1731      5F646973 
 1731      706C6179 
 1731      5F696E66 
 1731      6F5F7374 
 1732              	.LASF43:
 1733 02ac 72657365 		.ascii	"reset_pulse_width_ms\000"
ARM GAS  C:\Users\Abude\AppData\Local\Temp\ccK0oeLf.s 			page 36


 1733      745F7075 
 1733      6C73655F 
 1733      77696474 
 1733      685F6D73 
 1734              	.LASF16:
 1735 02c1 75387838 		.ascii	"u8x8_t\000"
 1735      5F7400
 1736              	.LASF49:
 1737 02c8 6932635F 		.ascii	"i2c_bus_clock_100kHz\000"
 1737      6275735F 
 1737      636C6F63 
 1737      6B5F3130 
 1737      306B487A 
 1738              	.LASF47:
 1739 02dd 73636B5F 		.ascii	"sck_clock_hz\000"
 1739      636C6F63 
 1739      6B5F687A 
 1739      00
 1740              	.LASF5:
 1741 02ea 73686F72 		.ascii	"short unsigned int\000"
 1741      7420756E 
 1741      7369676E 
 1741      65642069 
 1741      6E7400
 1742              	.LASF59:
 1743 02fd 75387838 		.ascii	"u8x8_char_cb\000"
 1743      5F636861 
 1743      725F6362 
 1743      00
 1744              	.LASF69:
 1745 030a 63686172 		.ascii	"char\000"
 1745      00
 1746              	.LASF34:
 1747 030f 6465626F 		.ascii	"debounce_state\000"
 1747      756E6365 
 1747      5F737461 
 1747      746500
 1748              	.LASF17:
 1749 031e 64697370 		.ascii	"display_info\000"
 1749      6C61795F 
 1749      696E666F 
 1749      00
 1750              	.LASF57:
 1751 032b 70697865 		.ascii	"pixel_height\000"
 1751      6C5F6865 
 1751      69676874 
 1751      00
 1752              	.LASF73:
 1753 0338 75387838 		.ascii	"u8x8_DrawUTF8Lines\000"
 1753      5F447261 
 1753      77555446 
 1753      384C696E 
 1753      657300
 1754              	.LASF76:
 1755 034b 75387838 		.ascii	"u8x8_GetMenuEvent\000"
 1755      5F476574 
 1755      4D656E75 
ARM GAS  C:\Users\Abude\AppData\Local\Temp\ccK0oeLf.s 			page 37


 1755      4576656E 
 1755      7400
 1756              	.LASF56:
 1757 035d 70697865 		.ascii	"pixel_width\000"
 1757      6C5F7769 
 1757      64746800 
 1758              	.LASF30:
 1759 0369 75746638 		.ascii	"utf8_state\000"
 1759      5F737461 
 1759      746500
 1760              	.LASF37:
 1761 0374 75387838 		.ascii	"u8x8_struct\000"
 1761      5F737472 
 1761      75637400 
 1762              	.LASF8:
 1763 0380 6C6F6E67 		.ascii	"long unsigned int\000"
 1763      20756E73 
 1763      69676E65 
 1763      6420696E 
 1763      7400
 1764              	.LASF79:
 1765 0392 433A5C55 		.ascii	"C:\\Users\\Abude\\Documents\\PSoC Creator\\Embedded"
 1765      73657273 
 1765      5C416275 
 1765      64655C44 
 1765      6F63756D 
 1766 03c0 53797374 		.ascii	"SystemsLab5\\Lab 5.cydsn\000"
 1766      656D734C 
 1766      6162355C 
 1766      4C616220 
 1766      352E6379 
 1767              	.LASF21:
 1768 03d8 62797465 		.ascii	"byte_cb\000"
 1768      5F636200 
 1769              	.LASF40:
 1770 03e0 63686970 		.ascii	"chip_disable_level\000"
 1770      5F646973 
 1770      61626C65 
 1770      5F6C6576 
 1770      656C00
 1771              	.LASF78:
 1772 03f3 2E2E5C2E 		.ascii	"..\\..\\..\\..\\..\\..\\Dev\\Library embedded l2c d"
 1772      2E5C2E2E 
 1772      5C2E2E5C 
 1772      2E2E5C2E 
 1772      2E5C4465 
 1773 041f 6973706C 		.ascii	"isplay\\u8g2\\csrc\\u8x8_input_value.c\000"
 1773      61795C75 
 1773      3867325C 
 1773      63737263 
 1773      5C753878 
 1774              	.LASF28:
 1775 0443 6932635F 		.ascii	"i2c_address\000"
 1775      61646472 
 1775      65737300 
 1776              	.LASF55:
 1777 044f 666C6970 		.ascii	"flipmode_x_offset\000"
ARM GAS  C:\Users\Abude\AppData\Local\Temp\ccK0oeLf.s 			page 38


 1777      6D6F6465 
 1777      5F785F6F 
 1777      66667365 
 1777      7400
 1778              	.LASF25:
 1779 0461 656E636F 		.ascii	"encoding\000"
 1779      64696E67 
 1779      00
 1780              	.LASF29:
 1781 046a 6932635F 		.ascii	"i2c_started\000"
 1781      73746172 
 1781      74656400 
 1782              	.LASF20:
 1783 0476 6361645F 		.ascii	"cad_cb\000"
 1783      636200
 1784              	.LASF77:
 1785 047d 474E5520 		.ascii	"GNU C11 5.4.1 20160609 (release) [ARM/embedded-5-br"
 1785      43313120 
 1785      352E342E 
 1785      31203230 
 1785      31363036 
 1786 04b0 616E6368 		.ascii	"anch revision 237715] -mcpu=cortex-m3 -mthumb -g -O"
 1786      20726576 
 1786      6973696F 
 1786      6E203233 
 1786      37373135 
 1787 04e3 67202D66 		.ascii	"g -ffunction-sections -ffat-lto-objects\000"
 1787      66756E63 
 1787      74696F6E 
 1787      2D736563 
 1787      74696F6E 
 1788              	.LASF32:
 1789 050b 6465626F 		.ascii	"debounce_default_pin_state\000"
 1789      756E6365 
 1789      5F646566 
 1789      61756C74 
 1789      5F70696E 
 1790              	.LASF58:
 1791 0526 75387838 		.ascii	"u8x8_msg_cb\000"
 1791      5F6D7367 
 1791      5F636200 
 1792              	.LASF18:
 1793 0532 6E657874 		.ascii	"next_cb\000"
 1793      5F636200 
 1794              	.LASF74:
 1795 053a 75387838 		.ascii	"u8x8_DrawUTF8\000"
 1795      5F447261 
 1795      77555446 
 1795      3800
 1796              	.LASF42:
 1797 0548 7072655F 		.ascii	"pre_chip_disable_wait_ns\000"
 1797      63686970 
 1797      5F646973 
 1797      61626C65 
 1797      5F776169 
 1798              		.ident	"GCC: (GNU Tools for ARM Embedded Processors) 5.4.1 20160609 (release) [ARM/embedded-5-bran
